<?xml version="1.0" encoding="UTF-8"?>
<testsuite xmlns:xsi="http://www.w3.org/2001/XMLSchema-instance" xsi:noNamespaceSchemaLocation="https://maven.apache.org/surefire/maven-surefire-plugin/xsd/surefire-test-report-3.0.xsd" version="3.0" name="Tests.TestRunner" time="7.364" tests="11" errors="0" skipped="0" failures="0">
  <properties>
    <property name="java.specification.version" value="21"/>
    <property name="sun.cpu.isalist" value="amd64"/>
    <property name="sun.jnu.encoding" value="Cp1252"/>
    <property name="java.class.path" value="C:\Users\User\eclipse-workspace\karate_API\target\test-classes;C:\Users\User\eclipse-workspace\karate_API\target\classes;C:\Users\User\.m2\repository\com\intuit\karate\karate-core\1.4.1\karate-core-1.4.1.jar;C:\Users\User\.m2\repository\org\graalvm\js\js-scriptengine\22.3.3\js-scriptengine-22.3.3.jar;C:\Users\User\.m2\repository\org\graalvm\sdk\graal-sdk\22.3.3\graal-sdk-22.3.3.jar;C:\Users\User\.m2\repository\org\graalvm\js\js\22.3.3\js-22.3.3.jar;C:\Users\User\.m2\repository\org\graalvm\regex\regex\22.3.3\regex-22.3.3.jar;C:\Users\User\.m2\repository\org\graalvm\truffle\truffle-api\22.3.3\truffle-api-22.3.3.jar;C:\Users\User\.m2\repository\com\ibm\icu\icu4j\71.1\icu4j-71.1.jar;C:\Users\User\.m2\repository\org\thymeleaf\thymeleaf\3.1.2.RELEASE\thymeleaf-3.1.2.RELEASE.jar;C:\Users\User\.m2\repository\ognl\ognl\3.3.4\ognl-3.3.4.jar;C:\Users\User\.m2\repository\org\javassist\javassist\3.29.0-GA\javassist-3.29.0-GA.jar;C:\Users\User\.m2\repository\org\attoparser\attoparser\2.0.7.RELEASE\attoparser-2.0.7.RELEASE.jar;C:\Users\User\.m2\repository\org\unbescape\unbescape\1.1.6.RELEASE\unbescape-1.1.6.RELEASE.jar;C:\Users\User\.m2\repository\org\slf4j\slf4j-api\2.0.7\slf4j-api-2.0.7.jar;C:\Users\User\.m2\repository\com\linecorp\armeria\armeria\1.25.2\armeria-1.25.2.jar;C:\Users\User\.m2\repository\com\fasterxml\jackson\core\jackson-core\2.15.2\jackson-core-2.15.2.jar;C:\Users\User\.m2\repository\com\fasterxml\jackson\core\jackson-annotations\2.15.2\jackson-annotations-2.15.2.jar;C:\Users\User\.m2\repository\com\fasterxml\jackson\core\jackson-databind\2.15.2\jackson-databind-2.15.2.jar;C:\Users\User\.m2\repository\com\fasterxml\jackson\datatype\jackson-datatype-jdk8\2.15.2\jackson-datatype-jdk8-2.15.2.jar;C:\Users\User\.m2\repository\com\fasterxml\jackson\datatype\jackson-datatype-jsr310\2.15.2\jackson-datatype-jsr310-2.15.2.jar;C:\Users\User\.m2\repository\io\micrometer\micrometer-core\1.11.3\micrometer-core-1.11.3.jar;C:\Users\User\.m2\repository\io\micrometer\micrometer-commons\1.11.3\micrometer-commons-1.11.3.jar;C:\Users\User\.m2\repository\io\micrometer\micrometer-observation\1.11.3\micrometer-observation-1.11.3.jar;C:\Users\User\.m2\repository\org\hdrhistogram\HdrHistogram\2.1.12\HdrHistogram-2.1.12.jar;C:\Users\User\.m2\repository\org\latencyutils\LatencyUtils\2.0.3\LatencyUtils-2.0.3.jar;C:\Users\User\.m2\repository\io\netty\netty-transport\4.1.96.Final\netty-transport-4.1.96.Final.jar;C:\Users\User\.m2\repository\io\netty\netty-common\4.1.96.Final\netty-common-4.1.96.Final.jar;C:\Users\User\.m2\repository\io\netty\netty-buffer\4.1.96.Final\netty-buffer-4.1.96.Final.jar;C:\Users\User\.m2\repository\io\netty\netty-resolver\4.1.96.Final\netty-resolver-4.1.96.Final.jar;C:\Users\User\.m2\repository\io\netty\netty-codec-haproxy\4.1.96.Final\netty-codec-haproxy-4.1.96.Final.jar;C:\Users\User\.m2\repository\io\netty\netty-codec\4.1.96.Final\netty-codec-4.1.96.Final.jar;C:\Users\User\.m2\repository\io\netty\netty-codec-http2\4.1.96.Final\netty-codec-http2-4.1.96.Final.jar;C:\Users\User\.m2\repository\io\netty\netty-handler\4.1.96.Final\netty-handler-4.1.96.Final.jar;C:\Users\User\.m2\repository\io\netty\netty-codec-http\4.1.96.Final\netty-codec-http-4.1.96.Final.jar;C:\Users\User\.m2\repository\io\netty\netty-resolver-dns\4.1.96.Final\netty-resolver-dns-4.1.96.Final.jar;C:\Users\User\.m2\repository\io\netty\netty-codec-dns\4.1.96.Final\netty-codec-dns-4.1.96.Final.jar;C:\Users\User\.m2\repository\org\reactivestreams\reactive-streams\1.0.4\reactive-streams-1.0.4.jar;C:\Users\User\.m2\repository\com\google\code\findbugs\jsr305\3.0.2\jsr305-3.0.2.jar;C:\Users\User\.m2\repository\io\netty\netty-handler-proxy\4.1.96.Final\netty-handler-proxy-4.1.96.Final.jar;C:\Users\User\.m2\repository\io\netty\netty-codec-socks\4.1.96.Final\netty-codec-socks-4.1.96.Final.jar;C:\Users\User\.m2\repository\io\netty\netty-transport-native-unix-common\4.1.96.Final\netty-transport-native-unix-common-4.1.96.Final-linux-x86_64.jar;C:\Users\User\.m2\repository\io\netty\netty-transport-native-epoll\4.1.96.Final\netty-transport-native-epoll-4.1.96.Final-linux-x86_64.jar;C:\Users\User\.m2\repository\io\netty\netty-transport-native-unix-common\4.1.96.Final\netty-transport-native-unix-common-4.1.96.Final.jar;C:\Users\User\.m2\repository\io\netty\netty-transport-classes-epoll\4.1.96.Final\netty-transport-classes-epoll-4.1.96.Final.jar;C:\Users\User\.m2\repository\io\netty\netty-transport-native-unix-common\4.1.96.Final\netty-transport-native-unix-common-4.1.96.Final-linux-aarch_64.jar;C:\Users\User\.m2\repository\io\netty\netty-transport-native-epoll\4.1.96.Final\netty-transport-native-epoll-4.1.96.Final-linux-aarch_64.jar;C:\Users\User\.m2\repository\io\netty\netty-transport-native-unix-common\4.1.96.Final\netty-transport-native-unix-common-4.1.96.Final-osx-x86_64.jar;C:\Users\User\.m2\repository\io\netty\netty-transport-native-kqueue\4.1.96.Final\netty-transport-native-kqueue-4.1.96.Final-osx-x86_64.jar;C:\Users\User\.m2\repository\io\netty\netty-transport-classes-kqueue\4.1.96.Final\netty-transport-classes-kqueue-4.1.96.Final.jar;C:\Users\User\.m2\repository\io\netty\netty-resolver-dns-native-macos\4.1.96.Final\netty-resolver-dns-native-macos-4.1.96.Final-osx-x86_64.jar;C:\Users\User\.m2\repository\io\netty\netty-resolver-dns-classes-macos\4.1.96.Final\netty-resolver-dns-classes-macos-4.1.96.Final.jar;C:\Users\User\.m2\repository\io\netty\netty-transport-native-unix-common\4.1.96.Final\netty-transport-native-unix-common-4.1.96.Final-osx-aarch_64.jar;C:\Users\User\.m2\repository\io\netty\netty-transport-native-kqueue\4.1.96.Final\netty-transport-native-kqueue-4.1.96.Final-osx-aarch_64.jar;C:\Users\User\.m2\repository\io\netty\netty-resolver-dns-native-macos\4.1.96.Final\netty-resolver-dns-native-macos-4.1.96.Final-osx-aarch_64.jar;C:\Users\User\.m2\repository\io\netty\netty-tcnative-boringssl-static\2.0.61.Final\netty-tcnative-boringssl-static-2.0.61.Final-linux-x86_64.jar;C:\Users\User\.m2\repository\io\netty\netty-tcnative-classes\2.0.61.Final\netty-tcnative-classes-2.0.61.Final.jar;C:\Users\User\.m2\repository\io\netty\netty-tcnative-boringssl-static\2.0.61.Final\netty-tcnative-boringssl-static-2.0.61.Final-linux-aarch_64.jar;C:\Users\User\.m2\repository\io\netty\netty-tcnative-boringssl-static\2.0.61.Final\netty-tcnative-boringssl-static-2.0.61.Final-osx-x86_64.jar;C:\Users\User\.m2\repository\io\netty\netty-tcnative-boringssl-static\2.0.61.Final\netty-tcnative-boringssl-static-2.0.61.Final-osx-aarch_64.jar;C:\Users\User\.m2\repository\io\netty\netty-tcnative-boringssl-static\2.0.61.Final\netty-tcnative-boringssl-static-2.0.61.Final-windows-x86_64.jar;C:\Users\User\.m2\repository\com\aayushatharva\brotli4j\brotli4j\1.12.0\brotli4j-1.12.0.jar;C:\Users\User\.m2\repository\com\aayushatharva\brotli4j\service\1.12.0\service-1.12.0.jar;C:\Users\User\.m2\repository\com\aayushatharva\brotli4j\native-windows-x86_64\1.12.0\native-windows-x86_64-1.12.0.jar;C:\Users\User\.m2\repository\org\apache\httpcomponents\httpclient\4.5.14\httpclient-4.5.14.jar;C:\Users\User\.m2\repository\org\apache\httpcomponents\httpcore\4.4.16\httpcore-4.4.16.jar;C:\Users\User\.m2\repository\commons-codec\commons-codec\1.16.0\commons-codec-1.16.0.jar;C:\Users\User\.m2\repository\ch\qos\logback\logback-classic\1.4.11\logback-classic-1.4.11.jar;C:\Users\User\.m2\repository\ch\qos\logback\logback-core\1.4.11\logback-core-1.4.11.jar;C:\Users\User\.m2\repository\org\slf4j\jcl-over-slf4j\2.0.9\jcl-over-slf4j-2.0.9.jar;C:\Users\User\.m2\repository\org\antlr\antlr4-runtime\4.11.1\antlr4-runtime-4.11.1.jar;C:\Users\User\.m2\repository\com\jayway\jsonpath\json-path\2.8.0\json-path-2.8.0.jar;C:\Users\User\.m2\repository\net\minidev\json-smart\2.4.10\json-smart-2.4.10.jar;C:\Users\User\.m2\repository\net\minidev\accessors-smart\2.4.9\accessors-smart-2.4.9.jar;C:\Users\User\.m2\repository\org\ow2\asm\asm\9.3\asm-9.3.jar;C:\Users\User\.m2\repository\org\yaml\snakeyaml\2.0\snakeyaml-2.0.jar;C:\Users\User\.m2\repository\de\siegmar\fastcsv\2.2.1\fastcsv-2.2.1.jar;C:\Users\User\.m2\repository\info\picocli\picocli\4.7.1\picocli-4.7.1.jar;C:\Users\User\.m2\repository\io\github\classgraph\classgraph\4.8.160\classgraph-4.8.160.jar;C:\Users\User\.m2\repository\io\github\t12y\resemble\1.0.2\resemble-1.0.2.jar;C:\Users\User\.m2\repository\io\github\t12y\ssim\1.0.0\ssim-1.0.0.jar;C:\Users\User\.m2\repository\com\intuit\karate\karate-apache\0.9.6\karate-apache-0.9.6.jar;C:\Users\User\.m2\repository\org\apache\httpcomponents\httpmime\4.5.12\httpmime-4.5.12.jar;C:\Users\User\.m2\repository\com\intuit\karate\karate-junit4\1.4.0.RC3\karate-junit4-1.4.0.RC3.jar;C:\Users\User\.m2\repository\junit\junit\4.13.1\junit-4.13.1.jar;C:\Users\User\.m2\repository\org\hamcrest\hamcrest-core\1.3\hamcrest-core-1.3.jar;C:\Users\User\.m2\repository\io\cucumber\cucumber-java\5.7.0\cucumber-java-5.7.0.jar;C:\Users\User\.m2\repository\io\cucumber\cucumber-core\5.7.0\cucumber-core-5.7.0.jar;C:\Users\User\.m2\repository\io\cucumber\cucumber-gherkin\5.7.0\cucumber-gherkin-5.7.0.jar;C:\Users\User\.m2\repository\io\cucumber\cucumber-gherkin-vintage\5.7.0\cucumber-gherkin-vintage-5.7.0.jar;C:\Users\User\.m2\repository\io\cucumber\tag-expressions\2.0.4\tag-expressions-2.0.4.jar;C:\Users\User\.m2\repository\io\cucumber\cucumber-expressions\8.3.1\cucumber-expressions-8.3.1.jar;C:\Users\User\.m2\repository\io\cucumber\datatable\3.3.1\datatable-3.3.1.jar;C:\Users\User\.m2\repository\io\cucumber\cucumber-plugin\5.7.0\cucumber-plugin-5.7.0.jar;C:\Users\User\.m2\repository\io\cucumber\docstring\5.7.0\docstring-5.7.0.jar;C:\Users\User\.m2\repository\org\apiguardian\apiguardian-api\1.1.0\apiguardian-api-1.1.0.jar;"/>
    <property name="java.vm.vendor" value="Oracle Corporation"/>
    <property name="sun.arch.data.model" value="64"/>
    <property name="user.variant" value=""/>
    <property name="java.vendor.url" value="https://java.oracle.com/"/>
    <property name="user.timezone" value="America/Denver"/>
    <property name="os.name" value="Windows 11"/>
    <property name="java.vm.specification.version" value="21"/>
    <property name="sun.java.launcher" value="SUN_STANDARD"/>
    <property name="user.country" value="US"/>
    <property name="sun.boot.library.path" value="C:\Program Files\Java\jdk-21\bin"/>
    <property name="sun.java.command" value="C:\Users\User\AppData\Local\Temp\surefire3480834878758955464\surefirebooter-20240216153743279_3.jar C:\Users\User\AppData\Local\Temp\surefire3480834878758955464 2024-02-16T15-37-43_143-jvmRun1 surefire-20240216153743279_1tmp surefire_0-20240216153743279_2tmp"/>
    <property name="jdk.debug" value="release"/>
    <property name="surefire.test.class.path" value="C:\Users\User\eclipse-workspace\karate_API\target\test-classes;C:\Users\User\eclipse-workspace\karate_API\target\classes;C:\Users\User\.m2\repository\com\intuit\karate\karate-core\1.4.1\karate-core-1.4.1.jar;C:\Users\User\.m2\repository\org\graalvm\js\js-scriptengine\22.3.3\js-scriptengine-22.3.3.jar;C:\Users\User\.m2\repository\org\graalvm\sdk\graal-sdk\22.3.3\graal-sdk-22.3.3.jar;C:\Users\User\.m2\repository\org\graalvm\js\js\22.3.3\js-22.3.3.jar;C:\Users\User\.m2\repository\org\graalvm\regex\regex\22.3.3\regex-22.3.3.jar;C:\Users\User\.m2\repository\org\graalvm\truffle\truffle-api\22.3.3\truffle-api-22.3.3.jar;C:\Users\User\.m2\repository\com\ibm\icu\icu4j\71.1\icu4j-71.1.jar;C:\Users\User\.m2\repository\org\thymeleaf\thymeleaf\3.1.2.RELEASE\thymeleaf-3.1.2.RELEASE.jar;C:\Users\User\.m2\repository\ognl\ognl\3.3.4\ognl-3.3.4.jar;C:\Users\User\.m2\repository\org\javassist\javassist\3.29.0-GA\javassist-3.29.0-GA.jar;C:\Users\User\.m2\repository\org\attoparser\attoparser\2.0.7.RELEASE\attoparser-2.0.7.RELEASE.jar;C:\Users\User\.m2\repository\org\unbescape\unbescape\1.1.6.RELEASE\unbescape-1.1.6.RELEASE.jar;C:\Users\User\.m2\repository\org\slf4j\slf4j-api\2.0.7\slf4j-api-2.0.7.jar;C:\Users\User\.m2\repository\com\linecorp\armeria\armeria\1.25.2\armeria-1.25.2.jar;C:\Users\User\.m2\repository\com\fasterxml\jackson\core\jackson-core\2.15.2\jackson-core-2.15.2.jar;C:\Users\User\.m2\repository\com\fasterxml\jackson\core\jackson-annotations\2.15.2\jackson-annotations-2.15.2.jar;C:\Users\User\.m2\repository\com\fasterxml\jackson\core\jackson-databind\2.15.2\jackson-databind-2.15.2.jar;C:\Users\User\.m2\repository\com\fasterxml\jackson\datatype\jackson-datatype-jdk8\2.15.2\jackson-datatype-jdk8-2.15.2.jar;C:\Users\User\.m2\repository\com\fasterxml\jackson\datatype\jackson-datatype-jsr310\2.15.2\jackson-datatype-jsr310-2.15.2.jar;C:\Users\User\.m2\repository\io\micrometer\micrometer-core\1.11.3\micrometer-core-1.11.3.jar;C:\Users\User\.m2\repository\io\micrometer\micrometer-commons\1.11.3\micrometer-commons-1.11.3.jar;C:\Users\User\.m2\repository\io\micrometer\micrometer-observation\1.11.3\micrometer-observation-1.11.3.jar;C:\Users\User\.m2\repository\org\hdrhistogram\HdrHistogram\2.1.12\HdrHistogram-2.1.12.jar;C:\Users\User\.m2\repository\org\latencyutils\LatencyUtils\2.0.3\LatencyUtils-2.0.3.jar;C:\Users\User\.m2\repository\io\netty\netty-transport\4.1.96.Final\netty-transport-4.1.96.Final.jar;C:\Users\User\.m2\repository\io\netty\netty-common\4.1.96.Final\netty-common-4.1.96.Final.jar;C:\Users\User\.m2\repository\io\netty\netty-buffer\4.1.96.Final\netty-buffer-4.1.96.Final.jar;C:\Users\User\.m2\repository\io\netty\netty-resolver\4.1.96.Final\netty-resolver-4.1.96.Final.jar;C:\Users\User\.m2\repository\io\netty\netty-codec-haproxy\4.1.96.Final\netty-codec-haproxy-4.1.96.Final.jar;C:\Users\User\.m2\repository\io\netty\netty-codec\4.1.96.Final\netty-codec-4.1.96.Final.jar;C:\Users\User\.m2\repository\io\netty\netty-codec-http2\4.1.96.Final\netty-codec-http2-4.1.96.Final.jar;C:\Users\User\.m2\repository\io\netty\netty-handler\4.1.96.Final\netty-handler-4.1.96.Final.jar;C:\Users\User\.m2\repository\io\netty\netty-codec-http\4.1.96.Final\netty-codec-http-4.1.96.Final.jar;C:\Users\User\.m2\repository\io\netty\netty-resolver-dns\4.1.96.Final\netty-resolver-dns-4.1.96.Final.jar;C:\Users\User\.m2\repository\io\netty\netty-codec-dns\4.1.96.Final\netty-codec-dns-4.1.96.Final.jar;C:\Users\User\.m2\repository\org\reactivestreams\reactive-streams\1.0.4\reactive-streams-1.0.4.jar;C:\Users\User\.m2\repository\com\google\code\findbugs\jsr305\3.0.2\jsr305-3.0.2.jar;C:\Users\User\.m2\repository\io\netty\netty-handler-proxy\4.1.96.Final\netty-handler-proxy-4.1.96.Final.jar;C:\Users\User\.m2\repository\io\netty\netty-codec-socks\4.1.96.Final\netty-codec-socks-4.1.96.Final.jar;C:\Users\User\.m2\repository\io\netty\netty-transport-native-unix-common\4.1.96.Final\netty-transport-native-unix-common-4.1.96.Final-linux-x86_64.jar;C:\Users\User\.m2\repository\io\netty\netty-transport-native-epoll\4.1.96.Final\netty-transport-native-epoll-4.1.96.Final-linux-x86_64.jar;C:\Users\User\.m2\repository\io\netty\netty-transport-native-unix-common\4.1.96.Final\netty-transport-native-unix-common-4.1.96.Final.jar;C:\Users\User\.m2\repository\io\netty\netty-transport-classes-epoll\4.1.96.Final\netty-transport-classes-epoll-4.1.96.Final.jar;C:\Users\User\.m2\repository\io\netty\netty-transport-native-unix-common\4.1.96.Final\netty-transport-native-unix-common-4.1.96.Final-linux-aarch_64.jar;C:\Users\User\.m2\repository\io\netty\netty-transport-native-epoll\4.1.96.Final\netty-transport-native-epoll-4.1.96.Final-linux-aarch_64.jar;C:\Users\User\.m2\repository\io\netty\netty-transport-native-unix-common\4.1.96.Final\netty-transport-native-unix-common-4.1.96.Final-osx-x86_64.jar;C:\Users\User\.m2\repository\io\netty\netty-transport-native-kqueue\4.1.96.Final\netty-transport-native-kqueue-4.1.96.Final-osx-x86_64.jar;C:\Users\User\.m2\repository\io\netty\netty-transport-classes-kqueue\4.1.96.Final\netty-transport-classes-kqueue-4.1.96.Final.jar;C:\Users\User\.m2\repository\io\netty\netty-resolver-dns-native-macos\4.1.96.Final\netty-resolver-dns-native-macos-4.1.96.Final-osx-x86_64.jar;C:\Users\User\.m2\repository\io\netty\netty-resolver-dns-classes-macos\4.1.96.Final\netty-resolver-dns-classes-macos-4.1.96.Final.jar;C:\Users\User\.m2\repository\io\netty\netty-transport-native-unix-common\4.1.96.Final\netty-transport-native-unix-common-4.1.96.Final-osx-aarch_64.jar;C:\Users\User\.m2\repository\io\netty\netty-transport-native-kqueue\4.1.96.Final\netty-transport-native-kqueue-4.1.96.Final-osx-aarch_64.jar;C:\Users\User\.m2\repository\io\netty\netty-resolver-dns-native-macos\4.1.96.Final\netty-resolver-dns-native-macos-4.1.96.Final-osx-aarch_64.jar;C:\Users\User\.m2\repository\io\netty\netty-tcnative-boringssl-static\2.0.61.Final\netty-tcnative-boringssl-static-2.0.61.Final-linux-x86_64.jar;C:\Users\User\.m2\repository\io\netty\netty-tcnative-classes\2.0.61.Final\netty-tcnative-classes-2.0.61.Final.jar;C:\Users\User\.m2\repository\io\netty\netty-tcnative-boringssl-static\2.0.61.Final\netty-tcnative-boringssl-static-2.0.61.Final-linux-aarch_64.jar;C:\Users\User\.m2\repository\io\netty\netty-tcnative-boringssl-static\2.0.61.Final\netty-tcnative-boringssl-static-2.0.61.Final-osx-x86_64.jar;C:\Users\User\.m2\repository\io\netty\netty-tcnative-boringssl-static\2.0.61.Final\netty-tcnative-boringssl-static-2.0.61.Final-osx-aarch_64.jar;C:\Users\User\.m2\repository\io\netty\netty-tcnative-boringssl-static\2.0.61.Final\netty-tcnative-boringssl-static-2.0.61.Final-windows-x86_64.jar;C:\Users\User\.m2\repository\com\aayushatharva\brotli4j\brotli4j\1.12.0\brotli4j-1.12.0.jar;C:\Users\User\.m2\repository\com\aayushatharva\brotli4j\service\1.12.0\service-1.12.0.jar;C:\Users\User\.m2\repository\com\aayushatharva\brotli4j\native-windows-x86_64\1.12.0\native-windows-x86_64-1.12.0.jar;C:\Users\User\.m2\repository\org\apache\httpcomponents\httpclient\4.5.14\httpclient-4.5.14.jar;C:\Users\User\.m2\repository\org\apache\httpcomponents\httpcore\4.4.16\httpcore-4.4.16.jar;C:\Users\User\.m2\repository\commons-codec\commons-codec\1.16.0\commons-codec-1.16.0.jar;C:\Users\User\.m2\repository\ch\qos\logback\logback-classic\1.4.11\logback-classic-1.4.11.jar;C:\Users\User\.m2\repository\ch\qos\logback\logback-core\1.4.11\logback-core-1.4.11.jar;C:\Users\User\.m2\repository\org\slf4j\jcl-over-slf4j\2.0.9\jcl-over-slf4j-2.0.9.jar;C:\Users\User\.m2\repository\org\antlr\antlr4-runtime\4.11.1\antlr4-runtime-4.11.1.jar;C:\Users\User\.m2\repository\com\jayway\jsonpath\json-path\2.8.0\json-path-2.8.0.jar;C:\Users\User\.m2\repository\net\minidev\json-smart\2.4.10\json-smart-2.4.10.jar;C:\Users\User\.m2\repository\net\minidev\accessors-smart\2.4.9\accessors-smart-2.4.9.jar;C:\Users\User\.m2\repository\org\ow2\asm\asm\9.3\asm-9.3.jar;C:\Users\User\.m2\repository\org\yaml\snakeyaml\2.0\snakeyaml-2.0.jar;C:\Users\User\.m2\repository\de\siegmar\fastcsv\2.2.1\fastcsv-2.2.1.jar;C:\Users\User\.m2\repository\info\picocli\picocli\4.7.1\picocli-4.7.1.jar;C:\Users\User\.m2\repository\io\github\classgraph\classgraph\4.8.160\classgraph-4.8.160.jar;C:\Users\User\.m2\repository\io\github\t12y\resemble\1.0.2\resemble-1.0.2.jar;C:\Users\User\.m2\repository\io\github\t12y\ssim\1.0.0\ssim-1.0.0.jar;C:\Users\User\.m2\repository\com\intuit\karate\karate-apache\0.9.6\karate-apache-0.9.6.jar;C:\Users\User\.m2\repository\org\apache\httpcomponents\httpmime\4.5.12\httpmime-4.5.12.jar;C:\Users\User\.m2\repository\com\intuit\karate\karate-junit4\1.4.0.RC3\karate-junit4-1.4.0.RC3.jar;C:\Users\User\.m2\repository\junit\junit\4.13.1\junit-4.13.1.jar;C:\Users\User\.m2\repository\org\hamcrest\hamcrest-core\1.3\hamcrest-core-1.3.jar;C:\Users\User\.m2\repository\io\cucumber\cucumber-java\5.7.0\cucumber-java-5.7.0.jar;C:\Users\User\.m2\repository\io\cucumber\cucumber-core\5.7.0\cucumber-core-5.7.0.jar;C:\Users\User\.m2\repository\io\cucumber\cucumber-gherkin\5.7.0\cucumber-gherkin-5.7.0.jar;C:\Users\User\.m2\repository\io\cucumber\cucumber-gherkin-vintage\5.7.0\cucumber-gherkin-vintage-5.7.0.jar;C:\Users\User\.m2\repository\io\cucumber\tag-expressions\2.0.4\tag-expressions-2.0.4.jar;C:\Users\User\.m2\repository\io\cucumber\cucumber-expressions\8.3.1\cucumber-expressions-8.3.1.jar;C:\Users\User\.m2\repository\io\cucumber\datatable\3.3.1\datatable-3.3.1.jar;C:\Users\User\.m2\repository\io\cucumber\cucumber-plugin\5.7.0\cucumber-plugin-5.7.0.jar;C:\Users\User\.m2\repository\io\cucumber\docstring\5.7.0\docstring-5.7.0.jar;C:\Users\User\.m2\repository\org\apiguardian\apiguardian-api\1.1.0\apiguardian-api-1.1.0.jar;"/>
    <property name="sun.cpu.endian" value="little"/>
    <property name="user.home" value="C:\Users\User"/>
    <property name="user.language" value="en"/>
    <property name="java.specification.vendor" value="Oracle Corporation"/>
    <property name="java.version.date" value="2023-10-17"/>
    <property name="java.home" value="C:\Program Files\Java\jdk-21"/>
    <property name="file.separator" value="\"/>
    <property name="basedir" value="C:\Users\User\eclipse-workspace\karate_API"/>
    <property name="java.vm.compressedOopsMode" value="32-bit"/>
    <property name="line.separator" value="&#10;"/>
    <property name="java.vm.specification.vendor" value="Oracle Corporation"/>
    <property name="java.specification.name" value="Java Platform API Specification"/>
    <property name="surefire.real.class.path" value="C:\Users\User\AppData\Local\Temp\surefire3480834878758955464\surefirebooter-20240216153743279_3.jar"/>
    <property name="user.script" value=""/>
    <property name="sun.management.compiler" value="HotSpot 64-Bit Tiered Compilers"/>
    <property name="java.runtime.version" value="21.0.1+12-LTS-29"/>
    <property name="user.name" value="User"/>
    <property name="stdout.encoding" value="Cp1252"/>
    <property name="path.separator" value=";"/>
    <property name="os.version" value="10.0"/>
    <property name="java.runtime.name" value="Java(TM) SE Runtime Environment"/>
    <property name="file.encoding" value="UTF-8"/>
    <property name="java.vm.name" value="Java HotSpot(TM) 64-Bit Server VM"/>
    <property name="localRepository" value="C:\Users\User\.m2\repository"/>
    <property name="java.vendor.url.bug" value="https://bugreport.java.com/bugreport/"/>
    <property name="java.io.tmpdir" value="C:\Users\User\AppData\Local\Temp\"/>
    <property name="java.version" value="21.0.1"/>
    <property name="user.dir" value="C:\Users\User\eclipse-workspace\karate_API"/>
    <property name="os.arch" value="amd64"/>
    <property name="java.vm.specification.name" value="Java Virtual Machine Specification"/>
    <property name="sun.os.patch.level" value=""/>
    <property name="native.encoding" value="Cp1252"/>
    <property name="java.library.path" value="C:\Program Files\Java\jdk-21\bin;C:\WINDOWS\Sun\Java\bin;C:\WINDOWS\system32;C:\WINDOWS;C:\Program Files\Common Files\Oracle\Java\javapath;C:\WINDOWS\system32;C:\WINDOWS;C:\WINDOWS\System32\Wbem;C:\WINDOWS\System32\WindowsPowerShell\v1.0\;C:\WINDOWS\System32\OpenSSH\;C:\Program Files\nodejs\;C:\Users\User\Downloads\apache-maven-3.9.6-bin\apache-maven-3.9.6\bin;C:\Users\User\AppData\Local\Microsoft\WindowsApps;C:\Users\User\AppData\Roaming\npm;."/>
    <property name="java.vm.info" value="mixed mode, sharing"/>
    <property name="stderr.encoding" value="Cp1252"/>
    <property name="java.vendor" value="Oracle Corporation"/>
    <property name="java.vm.version" value="21.0.1+12-LTS-29"/>
    <property name="sun.io.unicode.encoding" value="UnicodeLittle"/>
    <property name="java.class.version" value="65.0"/>
  </properties>
  <testcase name="[1:7] Delete API Test one" classname="[Tests/delete] Delete API Tests" time="1.018">
    <system-out><![CDATA[15:37:46.086 [main] DEBUG org.apache.http.client.protocol.RequestAddCookies -- CookieSpec selected: karate
15:37:46.095 [main] DEBUG org.apache.http.client.protocol.RequestAuthCache -- Auth cache not set in the context
15:37:46.098 [main] DEBUG com.intuit.karate -- request:
1 > DELETE https://reqres.in/api/users/2
1 > Accept: application/json
1 > Host: reqres.in
1 > Connection: Keep-Alive
1 > User-Agent: Apache-HttpClient/4.5.14 (Java/21.0.1)
1 > Accept-Encoding: gzip,deflate


15:37:46.100 [main] DEBUG org.apache.http.impl.conn.PoolingHttpClientConnectionManager -- Connection request: [route: {s}->https://reqres.in:443][total available: 0; route allocated: 0 of 5; total allocated: 0 of 10]
15:37:46.109 [main] DEBUG org.apache.http.impl.conn.PoolingHttpClientConnectionManager -- Connection leased: [id: 0][route: {s}->https://reqres.in:443][total available: 0; route allocated: 1 of 5; total allocated: 1 of 10]
15:37:46.110 [main] DEBUG org.apache.http.impl.execchain.MainClientExec -- Opening connection {s}->https://reqres.in:443
15:37:46.125 [main] DEBUG org.apache.http.impl.conn.DefaultHttpClientConnectionOperator -- Connecting to reqres.in/172.67.73.173:443
15:37:46.125 [main] DEBUG org.apache.http.conn.ssl.SSLConnectionSocketFactory -- Connecting socket to reqres.in/172.67.73.173:443 with timeout 30000
15:37:46.193 [main] DEBUG org.apache.http.conn.ssl.SSLConnectionSocketFactory -- Enabled protocols: [TLSv1.3, TLSv1.2]
15:37:46.193 [main] DEBUG org.apache.http.conn.ssl.SSLConnectionSocketFactory -- Enabled cipher suites:[TLS_AES_256_GCM_SHA384, TLS_AES_128_GCM_SHA256, TLS_CHACHA20_POLY1305_SHA256, TLS_ECDHE_ECDSA_WITH_AES_256_GCM_SHA384, TLS_ECDHE_ECDSA_WITH_AES_128_GCM_SHA256, TLS_ECDHE_ECDSA_WITH_CHACHA20_POLY1305_SHA256, TLS_ECDHE_RSA_WITH_AES_256_GCM_SHA384, TLS_ECDHE_RSA_WITH_CHACHA20_POLY1305_SHA256, TLS_ECDHE_RSA_WITH_AES_128_GCM_SHA256, TLS_DHE_RSA_WITH_AES_256_GCM_SHA384, TLS_DHE_RSA_WITH_CHACHA20_POLY1305_SHA256, TLS_DHE_DSS_WITH_AES_256_GCM_SHA384, TLS_DHE_RSA_WITH_AES_128_GCM_SHA256, TLS_DHE_DSS_WITH_AES_128_GCM_SHA256, TLS_ECDHE_ECDSA_WITH_AES_256_CBC_SHA384, TLS_ECDHE_RSA_WITH_AES_256_CBC_SHA384, TLS_ECDHE_ECDSA_WITH_AES_128_CBC_SHA256, TLS_ECDHE_RSA_WITH_AES_128_CBC_SHA256, TLS_DHE_RSA_WITH_AES_256_CBC_SHA256, TLS_DHE_DSS_WITH_AES_256_CBC_SHA256, TLS_DHE_RSA_WITH_AES_128_CBC_SHA256, TLS_DHE_DSS_WITH_AES_128_CBC_SHA256, TLS_ECDHE_ECDSA_WITH_AES_256_CBC_SHA, TLS_ECDHE_RSA_WITH_AES_256_CBC_SHA, TLS_ECDHE_ECDSA_WITH_AES_128_CBC_SHA, TLS_ECDHE_RSA_WITH_AES_128_CBC_SHA, TLS_DHE_RSA_WITH_AES_256_CBC_SHA, TLS_DHE_DSS_WITH_AES_256_CBC_SHA, TLS_DHE_RSA_WITH_AES_128_CBC_SHA, TLS_DHE_DSS_WITH_AES_128_CBC_SHA, TLS_RSA_WITH_AES_256_GCM_SHA384, TLS_RSA_WITH_AES_128_GCM_SHA256, TLS_RSA_WITH_AES_256_CBC_SHA256, TLS_RSA_WITH_AES_128_CBC_SHA256, TLS_RSA_WITH_AES_256_CBC_SHA, TLS_RSA_WITH_AES_128_CBC_SHA, TLS_EMPTY_RENEGOTIATION_INFO_SCSV]
15:37:46.193 [main] DEBUG org.apache.http.conn.ssl.SSLConnectionSocketFactory -- Starting handshake
15:37:46.376 [main] DEBUG org.apache.http.conn.ssl.SSLConnectionSocketFactory -- Secure session established
15:37:46.377 [main] DEBUG org.apache.http.conn.ssl.SSLConnectionSocketFactory --  negotiated protocol: TLSv1.3
15:37:46.377 [main] DEBUG org.apache.http.conn.ssl.SSLConnectionSocketFactory --  negotiated cipher suite: TLS_AES_256_GCM_SHA384
15:37:46.377 [main] DEBUG org.apache.http.conn.ssl.SSLConnectionSocketFactory --  peer principal: CN=sni.cloudflaressl.com, O="Cloudflare, Inc.", L=San Francisco, ST=California, C=US
15:37:46.377 [main] DEBUG org.apache.http.conn.ssl.SSLConnectionSocketFactory --  peer alternative names: [reqres.in, *.reqres.in, sni.cloudflaressl.com]
15:37:46.377 [main] DEBUG org.apache.http.conn.ssl.SSLConnectionSocketFactory --  issuer principal: CN=Cloudflare Inc ECC CA-3, O="Cloudflare, Inc.", C=US
15:37:46.380 [main] DEBUG org.apache.http.impl.conn.DefaultHttpClientConnectionOperator -- Connection established 192.168.68.104:55149<->172.67.73.173:443
15:37:46.380 [main] DEBUG org.apache.http.impl.conn.DefaultManagedHttpClientConnection -- http-outgoing-0: set socket timeout to 30000
15:37:46.380 [main] DEBUG org.apache.http.impl.execchain.MainClientExec -- Executing request DELETE /api/users/2 HTTP/1.1
15:37:46.380 [main] DEBUG org.apache.http.impl.execchain.MainClientExec -- Target auth state: UNCHALLENGED
15:37:46.381 [main] DEBUG org.apache.http.impl.execchain.MainClientExec -- Proxy auth state: UNCHALLENGED
15:37:46.382 [main] DEBUG org.apache.http.headers -- http-outgoing-0 >> DELETE /api/users/2 HTTP/1.1
15:37:46.382 [main] DEBUG org.apache.http.headers -- http-outgoing-0 >> Accept: application/json
15:37:46.382 [main] DEBUG org.apache.http.headers -- http-outgoing-0 >> Host: reqres.in
15:37:46.382 [main] DEBUG org.apache.http.headers -- http-outgoing-0 >> Connection: Keep-Alive
15:37:46.382 [main] DEBUG org.apache.http.headers -- http-outgoing-0 >> User-Agent: Apache-HttpClient/4.5.14 (Java/21.0.1)
15:37:46.382 [main] DEBUG org.apache.http.headers -- http-outgoing-0 >> Accept-Encoding: gzip,deflate
15:37:46.383 [main] DEBUG org.apache.http.wire -- http-outgoing-0 >> "DELETE /api/users/2 HTTP/1.1[\r][\n]"
15:37:46.383 [main] DEBUG org.apache.http.wire -- http-outgoing-0 >> "Accept: application/json[\r][\n]"
15:37:46.383 [main] DEBUG org.apache.http.wire -- http-outgoing-0 >> "Host: reqres.in[\r][\n]"
15:37:46.383 [main] DEBUG org.apache.http.wire -- http-outgoing-0 >> "Connection: Keep-Alive[\r][\n]"
15:37:46.383 [main] DEBUG org.apache.http.wire -- http-outgoing-0 >> "User-Agent: Apache-HttpClient/4.5.14 (Java/21.0.1)[\r][\n]"
15:37:46.383 [main] DEBUG org.apache.http.wire -- http-outgoing-0 >> "Accept-Encoding: gzip,deflate[\r][\n]"
15:37:46.383 [main] DEBUG org.apache.http.wire -- http-outgoing-0 >> "[\r][\n]"
15:37:46.683 [main] DEBUG org.apache.http.wire -- http-outgoing-0 << "HTTP/1.1 204 No Content[\r][\n]"
15:37:46.683 [main] DEBUG org.apache.http.wire -- http-outgoing-0 << "Date: Fri, 16 Feb 2024 22:37:46 GMT[\r][\n]"
15:37:46.683 [main] DEBUG org.apache.http.wire -- http-outgoing-0 << "Content-Length: 0[\r][\n]"
15:37:46.683 [main] DEBUG org.apache.http.wire -- http-outgoing-0 << "Connection: keep-alive[\r][\n]"
15:37:46.683 [main] DEBUG org.apache.http.wire -- http-outgoing-0 << "Report-To: {"group":"heroku-nel","max_age":3600,"endpoints":[{"url":"https://nel.heroku.com/reports?ts=1708123066&sid=c4c9725f-1ab0-44d8-820f-430df2718e11&s=xczuO3y63R6x2HicJIn0Hu5UIovzajW3qXb74Tern4A%3D"}]}[\r][\n]"
15:37:46.684 [main] DEBUG org.apache.http.wire -- http-outgoing-0 << "Reporting-Endpoints: heroku-nel=https://nel.heroku.com/reports?ts=1708123066&sid=c4c9725f-1ab0-44d8-820f-430df2718e11&s=xczuO3y63R6x2HicJIn0Hu5UIovzajW3qXb74Tern4A%3D[\r][\n]"
15:37:46.684 [main] DEBUG org.apache.http.wire -- http-outgoing-0 << "Nel: {"report_to":"heroku-nel","max_age":3600,"success_fraction":0.005,"failure_fraction":0.05,"response_headers":["Via"]}[\r][\n]"
15:37:46.684 [main] DEBUG org.apache.http.wire -- http-outgoing-0 << "X-Powered-By: Express[\r][\n]"
15:37:46.684 [main] DEBUG org.apache.http.wire -- http-outgoing-0 << "Access-Control-Allow-Origin: *[\r][\n]"
15:37:46.684 [main] DEBUG org.apache.http.wire -- http-outgoing-0 << "Etag: W/"2-vyGp6PvFo4RvsFtPoIWeCReyIC8"[\r][\n]"
15:37:46.684 [main] DEBUG org.apache.http.wire -- http-outgoing-0 << "Via: 1.1 vegur[\r][\n]"
15:37:46.684 [main] DEBUG org.apache.http.wire -- http-outgoing-0 << "CF-Cache-Status: DYNAMIC[\r][\n]"
15:37:46.684 [main] DEBUG org.apache.http.wire -- http-outgoing-0 << "Server: cloudflare[\r][\n]"
15:37:46.685 [main] DEBUG org.apache.http.wire -- http-outgoing-0 << "CF-RAY: 856946ebeb317c1f-DEN[\r][\n]"
15:37:46.685 [main] DEBUG org.apache.http.wire -- http-outgoing-0 << "[\r][\n]"
15:37:46.689 [main] DEBUG org.apache.http.headers -- http-outgoing-0 << HTTP/1.1 204 No Content
15:37:46.690 [main] DEBUG org.apache.http.headers -- http-outgoing-0 << Date: Fri, 16 Feb 2024 22:37:46 GMT
15:37:46.690 [main] DEBUG org.apache.http.headers -- http-outgoing-0 << Content-Length: 0
15:37:46.690 [main] DEBUG org.apache.http.headers -- http-outgoing-0 << Connection: keep-alive
15:37:46.690 [main] DEBUG org.apache.http.headers -- http-outgoing-0 << Report-To: {"group":"heroku-nel","max_age":3600,"endpoints":[{"url":"https://nel.heroku.com/reports?ts=1708123066&sid=c4c9725f-1ab0-44d8-820f-430df2718e11&s=xczuO3y63R6x2HicJIn0Hu5UIovzajW3qXb74Tern4A%3D"}]}
15:37:46.690 [main] DEBUG org.apache.http.headers -- http-outgoing-0 << Reporting-Endpoints: heroku-nel=https://nel.heroku.com/reports?ts=1708123066&sid=c4c9725f-1ab0-44d8-820f-430df2718e11&s=xczuO3y63R6x2HicJIn0Hu5UIovzajW3qXb74Tern4A%3D
15:37:46.690 [main] DEBUG org.apache.http.headers -- http-outgoing-0 << Nel: {"report_to":"heroku-nel","max_age":3600,"success_fraction":0.005,"failure_fraction":0.05,"response_headers":["Via"]}
15:37:46.691 [main] DEBUG org.apache.http.headers -- http-outgoing-0 << X-Powered-By: Express
15:37:46.691 [main] DEBUG org.apache.http.headers -- http-outgoing-0 << Access-Control-Allow-Origin: *
15:37:46.691 [main] DEBUG org.apache.http.headers -- http-outgoing-0 << Etag: W/"2-vyGp6PvFo4RvsFtPoIWeCReyIC8"
15:37:46.691 [main] DEBUG org.apache.http.headers -- http-outgoing-0 << Via: 1.1 vegur
15:37:46.691 [main] DEBUG org.apache.http.headers -- http-outgoing-0 << CF-Cache-Status: DYNAMIC
15:37:46.691 [main] DEBUG org.apache.http.headers -- http-outgoing-0 << Server: cloudflare
15:37:46.691 [main] DEBUG org.apache.http.headers -- http-outgoing-0 << CF-RAY: 856946ebeb317c1f-DEN
15:37:46.720 [main] DEBUG org.apache.http.impl.execchain.MainClientExec -- Connection can be kept alive indefinitely
15:37:46.720 [main] DEBUG org.apache.http.impl.conn.PoolingHttpClientConnectionManager -- Connection [id: 0][route: {s}->https://reqres.in:443] can be kept alive indefinitely
15:37:46.720 [main] DEBUG org.apache.http.impl.conn.DefaultManagedHttpClientConnection -- http-outgoing-0: set socket timeout to 0
15:37:46.720 [main] DEBUG org.apache.http.impl.conn.PoolingHttpClientConnectionManager -- Connection released: [id: 0][route: {s}->https://reqres.in:443][total available: 1; route allocated: 1 of 5; total allocated: 1 of 10]
15:37:46.723 [main] DEBUG org.apache.http.impl.conn.PoolingHttpClientConnectionManager -- Connection manager is shutting down
15:37:46.724 [main] DEBUG org.apache.http.impl.conn.DefaultManagedHttpClientConnection -- http-outgoing-0: Close connection
15:37:46.726 [main] DEBUG org.apache.http.impl.conn.PoolingHttpClientConnectionManager -- Connection manager shut down
15:37:46.728 [main] DEBUG com.intuit.karate -- response time in milliseconds: 623
1 < 204
1 < Date: Fri, 16 Feb 2024 22:37:46 GMT
1 < Content-Length: 0
1 < Connection: keep-alive
1 < Report-To: {"group":"heroku-nel","max_age":3600,"endpoints":[{"url":"https://nel.heroku.com/reports?ts=1708123066&sid=c4c9725f-1ab0-44d8-820f-430df2718e11&s=xczuO3y63R6x2HicJIn0Hu5UIovzajW3qXb74Tern4A%3D"}]}
1 < Reporting-Endpoints: heroku-nel=https://nel.heroku.com/reports?ts=1708123066&sid=c4c9725f-1ab0-44d8-820f-430df2718e11&s=xczuO3y63R6x2HicJIn0Hu5UIovzajW3qXb74Tern4A%3D
1 < Nel: {"report_to":"heroku-nel","max_age":3600,"success_fraction":0.005,"failure_fraction":0.05,"response_headers":["Via"]}
1 < X-Powered-By: Express
1 < Access-Control-Allow-Origin: *
1 < Etag: W/"2-vyGp6PvFo4RvsFtPoIWeCReyIC8"
1 < Via: 1.1 vegur
1 < CF-Cache-Status: DYNAMIC
1 < Server: cloudflare
1 < CF-RAY: 856946ebeb317c1f-DEN


15:37:46.824 [main] INFO com.intuit.karate -- [print]  
]]></system-out>
  </testcase>
  <testcase name="[1:7] Verify Get Request" classname="[Tests/get] Get request test" time="0.159">
    <system-out><![CDATA[15:37:46.863 [main] DEBUG org.thymeleaf.TemplateEngine -- [THYMELEAF] INITIALIZING TEMPLATE ENGINE
15:37:46.993 [main] DEBUG org.thymeleaf.TemplateEngine.CONFIG -- Initializing Thymeleaf Template engine configuration...
[THYMELEAF] TEMPLATE ENGINE CONFIGURATION:
[THYMELEAF] * Thymeleaf version: 3.1.2.RELEASE (built 2023-07-30T19:25:50+0000)
[THYMELEAF] * Cache Manager implementation: org.thymeleaf.cache.StandardCacheManager
[THYMELEAF] * Template resolvers:
[THYMELEAF]     * [1] com.intuit.karate.template.ResourceHtmlTemplateResolver
[THYMELEAF] * Message resolvers:
[THYMELEAF]     * org.thymeleaf.messageresolver.StandardMessageResolver
[THYMELEAF] * Link builders:
[THYMELEAF]     * org.thymeleaf.linkbuilder.StandardLinkBuilder
[THYMELEAF] * Dialect [1 of 2]: Standard (com.intuit.karate.template.KarateStandardDialect)
[THYMELEAF]     * Prefix: "th"
[THYMELEAF]     * Processors for Template Mode: HTML
[THYMELEAF]         * Element Tag Processors by [matching element and attribute name] [precedence]:
[THYMELEAF]             * [* {th:include,data-th-include}] [100]: org.thymeleaf.standard.processor.StandardIncludeTagProcessor
[THYMELEAF]             * [* {th:insert,data-th-insert}] [100]: org.thymeleaf.standard.processor.StandardInsertTagProcessor
[THYMELEAF]             * [* {th:replace,data-th-replace}] [100]: org.thymeleaf.standard.processor.StandardReplaceTagProcessor
[THYMELEAF]             * [* {th:each,data-th-each}] [200]: com.intuit.karate.template.KarateEachTagProcessor
[THYMELEAF]             * [* {th:switch,data-th-switch}] [250]: org.thymeleaf.standard.processor.StandardSwitchTagProcessor
[THYMELEAF]             * [* {th:case,data-th-case}] [275]: org.thymeleaf.standard.processor.StandardCaseTagProcessor
[THYMELEAF]             * [* {th:if,data-th-if}] [300]: org.thymeleaf.standard.processor.StandardIfTagProcessor
[THYMELEAF]             * [* {th:unless,data-th-unless}] [400]: org.thymeleaf.standard.processor.StandardUnlessTagProcessor
[THYMELEAF]             * [* {th:object,data-th-object}] [500]: org.thymeleaf.standard.processor.StandardObjectTagProcessor
[THYMELEAF]             * [* {th:with,data-th-with}] [600]: com.intuit.karate.template.KarateWithTagProcessor
[THYMELEAF]             * [* {th:attr,data-th-attr}] [700]: com.intuit.karate.template.KarateAttributeTagProcessor.KarateAttrTagProcessor
[THYMELEAF]             * [* {th:attrappend,data-th-attrappend}] [900]: com.intuit.karate.template.KarateAttributeTagProcessor.KarateAttrappendTagProcessor
[THYMELEAF]             * [* {th:attrprepend,data-th-attrprepend}] [900]: com.intuit.karate.template.KarateAttributeTagProcessor.KarateAttrprependTagProcessor
[THYMELEAF]             * [* {th:alt-title,data-th-alt-title}] [990]: org.thymeleaf.standard.processor.StandardAltTitleTagProcessor
[THYMELEAF]             * [* {th:lang-xmllang,data-th-lang-xmllang}] [990]: org.thymeleaf.standard.processor.StandardLangXmlLangTagProcessor
[THYMELEAF]             * [* {th:action,data-th-action}] [1000]: org.thymeleaf.standard.processor.StandardActionTagProcessor
[THYMELEAF]             * [* {th:required,data-th-required}] [1000]: org.thymeleaf.standard.processor.StandardConditionalFixedValueTagProcessor
[THYMELEAF]             * [* {th:formnovalidate,data-th-formnovalidate}] [1000]: org.thymeleaf.standard.processor.StandardConditionalFixedValueTagProcessor
[THYMELEAF]             * [* {th:selected,data-th-selected}] [1000]: org.thymeleaf.standard.processor.StandardConditionalFixedValueTagProcessor
[THYMELEAF]             * [* {th:defer,data-th-defer}] [1000]: org.thymeleaf.standard.processor.StandardConditionalFixedValueTagProcessor
[THYMELEAF]             * [* {th:multiple,data-th-multiple}] [1000]: org.thymeleaf.standard.processor.StandardConditionalFixedValueTagProcessor
[THYMELEAF]             * [* {th:default,data-th-default}] [1000]: org.thymeleaf.standard.processor.StandardConditionalFixedValueTagProcessor
[THYMELEAF]             * [* {th:scoped,data-th-scoped}] [1000]: org.thymeleaf.standard.processor.StandardConditionalFixedValueTagProcessor
[THYMELEAF]             * [* {th:seamless,data-th-seamless}] [1000]: org.thymeleaf.standard.processor.StandardConditionalFixedValueTagProcessor
[THYMELEAF]             * [* {th:checked,data-th-checked}] [1000]: org.thymeleaf.standard.processor.StandardConditionalFixedValueTagProcessor
[THYMELEAF]             * [* {th:declare,data-th-declare}] [1000]: org.thymeleaf.standard.processor.StandardConditionalFixedValueTagProcessor
[THYMELEAF]             * [* {th:reversed,data-th-reversed}] [1000]: org.thymeleaf.standard.processor.StandardConditionalFixedValueTagProcessor
[THYMELEAF]             * [* {th:open,data-th-open}] [1000]: org.thymeleaf.standard.processor.StandardConditionalFixedValueTagProcessor
[THYMELEAF]             * [* {th:hidden,data-th-hidden}] [1000]: org.thymeleaf.standard.processor.StandardConditionalFixedValueTagProcessor
[THYMELEAF]             * [* {th:readonly,data-th-readonly}] [1000]: org.thymeleaf.standard.processor.StandardConditionalFixedValueTagProcessor
[THYMELEAF]             * [* {th:autoplay,data-th-autoplay}] [1000]: org.thymeleaf.standard.processor.StandardConditionalFixedValueTagProcessor
[THYMELEAF]             * [* {th:ismap,data-th-ismap}] [1000]: org.thymeleaf.standard.processor.StandardConditionalFixedValueTagProcessor
[THYMELEAF]             * [* {th:autofocus,data-th-autofocus}] [1000]: org.thymeleaf.standard.processor.StandardConditionalFixedValueTagProcessor
[THYMELEAF]             * [* {th:loop,data-th-loop}] [1000]: org.thymeleaf.standard.processor.StandardConditionalFixedValueTagProcessor
[THYMELEAF]             * [* {th:novalidate,data-th-novalidate}] [1000]: org.thymeleaf.standard.processor.StandardConditionalFixedValueTagProcessor
[THYMELEAF]             * [* {th:async,data-th-async}] [1000]: org.thymeleaf.standard.processor.StandardConditionalFixedValueTagProcessor
[THYMELEAF]             * [* {th:controls,data-th-controls}] [1000]: org.thymeleaf.standard.processor.StandardConditionalFixedValueTagProcessor
[THYMELEAF]             * [* {th:disabled,data-th-disabled}] [1000]: org.thymeleaf.standard.processor.StandardConditionalFixedValueTagProcessor
[THYMELEAF]             * [* {th:pubdate,data-th-pubdate}] [1000]: org.thymeleaf.standard.processor.StandardConditionalFixedValueTagProcessor
[THYMELEAF]             * [* {th:nowrap,data-th-nowrap}] [1000]: org.thymeleaf.standard.processor.StandardConditionalFixedValueTagProcessor
[THYMELEAF]             * [* {th:onkeydown,data-th-onkeydown}] [1000]: org.thymeleaf.standard.processor.StandardDOMEventAttributeTagProcessor
[THYMELEAF]             * [* {th:onprogress,data-th-onprogress}] [1000]: org.thymeleaf.standard.processor.StandardDOMEventAttributeTagProcessor
[THYMELEAF]             * [* {th:onloadedmetadata,data-th-onloadedmetadata}] [1000]: org.thymeleaf.standard.processor.StandardDOMEventAttributeTagProcessor
[THYMELEAF]             * [* {th:onreadystatechange,data-th-onreadystatechange}] [1000]: org.thymeleaf.standard.processor.StandardDOMEventAttributeTagProcessor
[THYMELEAF]             * [* {th:onmouseout,data-th-onmouseout}] [1000]: org.thymeleaf.standard.processor.StandardDOMEventAttributeTagProcessor
[THYMELEAF]             * [* {th:onvolumechange,data-th-onvolumechange}] [1000]: org.thymeleaf.standard.processor.StandardDOMEventAttributeTagProcessor
[THYMELEAF]             * [* {th:onended,data-th-onended}] [1000]: org.thymeleaf.standard.processor.StandardDOMEventAttributeTagProcessor
[THYMELEAF]             * [* {th:onpopstate,data-th-onpopstate}] [1000]: org.thymeleaf.standard.processor.StandardDOMEventAttributeTagProcessor
[THYMELEAF]             * [* {th:onabort,data-th-onabort}] [1000]: org.thymeleaf.standard.processor.StandardDOMEventAttributeTagProcessor
[THYMELEAF]             * [* {th:ondragstart,data-th-ondragstart}] [1000]: org.thymeleaf.standard.processor.StandardDOMEventAttributeTagProcessor
[THYMELEAF]             * [* {th:onplaying,data-th-onplaying}] [1000]: org.thymeleaf.standard.processor.StandardDOMEventAttributeTagProcessor
[THYMELEAF]             * [* {th:onplay,data-th-onplay}] [1000]: org.thymeleaf.standard.processor.StandardDOMEventAttributeTagProcessor
[THYMELEAF]             * [* {th:onbeforeprint,data-th-onbeforeprint}] [1000]: org.thymeleaf.standard.processor.StandardDOMEventAttributeTagProcessor
[THYMELEAF]             * [* {th:onresize,data-th-onresize}] [1000]: org.thymeleaf.standard.processor.StandardDOMEventAttributeTagProcessor
[THYMELEAF]             * [* {th:ononline,data-th-ononline}] [1000]: org.thymeleaf.standard.processor.StandardDOMEventAttributeTagProcessor
[THYMELEAF]             * [* {th:ondurationchange,data-th-ondurationchange}] [1000]: org.thymeleaf.standard.processor.StandardDOMEventAttributeTagProcessor
[THYMELEAF]             * [* {th:onseeking,data-th-onseeking}] [1000]: org.thymeleaf.standard.processor.StandardDOMEventAttributeTagProcessor
[THYMELEAF]             * [* {th:onpause,data-th-onpause}] [1000]: org.thymeleaf.standard.processor.StandardDOMEventAttributeTagProcessor
[THYMELEAF]             * [* {th:onseeked,data-th-onseeked}] [1000]: org.thymeleaf.standard.processor.StandardDOMEventAttributeTagProcessor
[THYMELEAF]             * [* {th:ondrag,data-th-ondrag}] [1000]: org.thymeleaf.standard.processor.StandardDOMEventAttributeTagProcessor
[THYMELEAF]             * [* {th:onscroll,data-th-onscroll}] [1000]: org.thymeleaf.standard.processor.StandardDOMEventAttributeTagProcessor
[THYMELEAF]             * [* {th:onemptied,data-th-onemptied}] [1000]: org.thymeleaf.standard.processor.StandardDOMEventAttributeTagProcessor
[THYMELEAF]             * [* {th:onshow,data-th-onshow}] [1000]: org.thymeleaf.standard.processor.StandardDOMEventAttributeTagProcessor
[THYMELEAF]             * [* {th:onblur,data-th-onblur}] [1000]: org.thymeleaf.standard.processor.StandardDOMEventAttributeTagProcessor
[THYMELEAF]             * [* {th:oninvalid,data-th-oninvalid}] [1000]: org.thymeleaf.standard.processor.StandardDOMEventAttributeTagProcessor
[THYMELEAF]             * [* {th:onunload,data-th-onunload}] [1000]: org.thymeleaf.standard.processor.StandardDOMEventAttributeTagProcessor
[THYMELEAF]             * [* {th:onchange,data-th-onchange}] [1000]: org.thymeleaf.standard.processor.StandardDOMEventAttributeTagProcessor
[THYMELEAF]             * [* {th:onafterprint,data-th-onafterprint}] [1000]: org.thymeleaf.standard.processor.StandardDOMEventAttributeTagProcessor
[THYMELEAF]             * [* {th:onkeypress,data-th-onkeypress}] [1000]: org.thymeleaf.standard.processor.StandardDOMEventAttributeTagProcessor
[THYMELEAF]             * [* {th:oninput,data-th-oninput}] [1000]: org.thymeleaf.standard.processor.StandardDOMEventAttributeTagProcessor
[THYMELEAF]             * [* {th:oncanplay,data-th-oncanplay}] [1000]: org.thymeleaf.standard.processor.StandardDOMEventAttributeTagProcessor
[THYMELEAF]             * [* {th:oncanplaythrough,data-th-oncanplaythrough}] [1000]: org.thymeleaf.standard.processor.StandardDOMEventAttributeTagProcessor
[THYMELEAF]             * [* {th:onmouseover,data-th-onmouseover}] [1000]: org.thymeleaf.standard.processor.StandardDOMEventAttributeTagProcessor
[THYMELEAF]             * [* {th:ondrop,data-th-ondrop}] [1000]: org.thymeleaf.standard.processor.StandardDOMEventAttributeTagProcessor
[THYMELEAF]             * [* {th:onmouseup,data-th-onmouseup}] [1000]: org.thymeleaf.standard.processor.StandardDOMEventAttributeTagProcessor
[THYMELEAF]             * [* {th:onsubmit,data-th-onsubmit}] [1000]: org.thymeleaf.standard.processor.StandardDOMEventAttributeTagProcessor
[THYMELEAF]             * [* {th:onloadstart,data-th-onloadstart}] [1000]: org.thymeleaf.standard.processor.StandardDOMEventAttributeTagProcessor
[THYMELEAF]             * [* {th:onmousewheel,data-th-onmousewheel}] [1000]: org.thymeleaf.standard.processor.StandardDOMEventAttributeTagProcessor
[THYMELEAF]             * [* {th:onmessage,data-th-onmessage}] [1000]: org.thymeleaf.standard.processor.StandardDOMEventAttributeTagProcessor
[THYMELEAF]             * [* {th:onhashchange,data-th-onhashchange}] [1000]: org.thymeleaf.standard.processor.StandardDOMEventAttributeTagProcessor
[THYMELEAF]             * [* {th:onsuspend,data-th-onsuspend}] [1000]: org.thymeleaf.standard.processor.StandardDOMEventAttributeTagProcessor
[THYMELEAF]             * [* {th:onkeyup,data-th-onkeyup}] [1000]: org.thymeleaf.standard.processor.StandardDOMEventAttributeTagProcessor
[THYMELEAF]             * [* {th:onwaiting,data-th-onwaiting}] [1000]: org.thymeleaf.standard.processor.StandardDOMEventAttributeTagProcessor
[THYMELEAF]             * [* {th:onload,data-th-onload}] [1000]: org.thymeleaf.standard.processor.StandardDOMEventAttributeTagProcessor
[THYMELEAF]             * [* {th:onreset,data-th-onreset}] [1000]: org.thymeleaf.standard.processor.StandardDOMEventAttributeTagProcessor
[THYMELEAF]             * [* {th:onforminput,data-th-onforminput}] [1000]: org.thymeleaf.standard.processor.StandardDOMEventAttributeTagProcessor
[THYMELEAF]             * [* {th:onstorage,data-th-onstorage}] [1000]: org.thymeleaf.standard.processor.StandardDOMEventAttributeTagProcessor
[THYMELEAF]             * [* {th:ondragend,data-th-ondragend}] [1000]: org.thymeleaf.standard.processor.StandardDOMEventAttributeTagProcessor
[THYMELEAF]             * [* {th:onoffline,data-th-onoffline}] [1000]: org.thymeleaf.standard.processor.StandardDOMEventAttributeTagProcessor
[THYMELEAF]             * [* {th:onerror,data-th-onerror}] [1000]: org.thymeleaf.standard.processor.StandardDOMEventAttributeTagProcessor
[THYMELEAF]             * [* {th:onloadeddata,data-th-onloadeddata}] [1000]: org.thymeleaf.standard.processor.StandardDOMEventAttributeTagProcessor
[THYMELEAF]             * [* {th:oncontextmenu,data-th-oncontextmenu}] [1000]: org.thymeleaf.standard.processor.StandardDOMEventAttributeTagProcessor
[THYMELEAF]             * [* {th:onstalled,data-th-onstalled}] [1000]: org.thymeleaf.standard.processor.StandardDOMEventAttributeTagProcessor
[THYMELEAF]             * [* {th:onmousedown,data-th-onmousedown}] [1000]: org.thymeleaf.standard.processor.StandardDOMEventAttributeTagProcessor
[THYMELEAF]             * [* {th:onredo,data-th-onredo}] [1000]: org.thymeleaf.standard.processor.StandardDOMEventAttributeTagProcessor
[THYMELEAF]             * [* {th:ontimeupdate,data-th-ontimeupdate}] [1000]: org.thymeleaf.standard.processor.StandardDOMEventAttributeTagProcessor
[THYMELEAF]             * [* {th:ondblclick,data-th-ondblclick}] [1000]: org.thymeleaf.standard.processor.StandardDOMEventAttributeTagProcessor
[THYMELEAF]             * [* {th:onformchange,data-th-onformchange}] [1000]: org.thymeleaf.standard.processor.StandardDOMEventAttributeTagProcessor
[THYMELEAF]             * [* {th:onundo,data-th-onundo}] [1000]: org.thymeleaf.standard.processor.StandardDOMEventAttributeTagProcessor
[THYMELEAF]             * [* {th:onclick,data-th-onclick}] [1000]: org.thymeleaf.standard.processor.StandardDOMEventAttributeTagProcessor
[THYMELEAF]             * [* {th:onfocus,data-th-onfocus}] [1000]: org.thymeleaf.standard.processor.StandardDOMEventAttributeTagProcessor
[THYMELEAF]             * [* {th:onmousemove,data-th-onmousemove}] [1000]: org.thymeleaf.standard.processor.StandardDOMEventAttributeTagProcessor
[THYMELEAF]             * [* {th:ondragleave,data-th-ondragleave}] [1000]: org.thymeleaf.standard.processor.StandardDOMEventAttributeTagProcessor
[THYMELEAF]             * [* {th:onratechange,data-th-onratechange}] [1000]: org.thymeleaf.standard.processor.StandardDOMEventAttributeTagProcessor
[THYMELEAF]             * [* {th:onbeforeunload,data-th-onbeforeunload}] [1000]: org.thymeleaf.standard.processor.StandardDOMEventAttributeTagProcessor
[THYMELEAF]             * [* {th:onselect,data-th-onselect}] [1000]: org.thymeleaf.standard.processor.StandardDOMEventAttributeTagProcessor
[THYMELEAF]             * [* {th:ondragenter,data-th-ondragenter}] [1000]: org.thymeleaf.standard.processor.StandardDOMEventAttributeTagProcessor
[THYMELEAF]             * [* {th:ondragover,data-th-ondragover}] [1000]: org.thymeleaf.standard.processor.StandardDOMEventAttributeTagProcessor
[THYMELEAF]             * [* {th:href,data-th-href}] [1000]: org.thymeleaf.standard.processor.StandardHrefTagProcessor
[THYMELEAF]             * [* {th:inline,data-th-inline}] [1000]: org.thymeleaf.standard.processor.StandardInlineHTMLTagProcessor
[THYMELEAF]             * [* {th:method,data-th-method}] [1000]: org.thymeleaf.standard.processor.StandardMethodTagProcessor
[THYMELEAF]             * [* {th:name,data-th-name}] [1000]: org.thymeleaf.standard.processor.StandardNonRemovableAttributeTagProcessor
[THYMELEAF]             * [* {th:type,data-th-type}] [1000]: org.thymeleaf.standard.processor.StandardNonRemovableAttributeTagProcessor
[THYMELEAF]             * [* {th:frameborder,data-th-frameborder}] [1000]: org.thymeleaf.standard.processor.StandardRemovableAttributeTagProcessor
[THYMELEAF]             * [* {th:contextmenu,data-th-contextmenu}] [1000]: org.thymeleaf.standard.processor.StandardRemovableAttributeTagProcessor
[THYMELEAF]             * [* {th:marginheight,data-th-marginheight}] [1000]: org.thymeleaf.standard.processor.StandardRemovableAttributeTagProcessor
[THYMELEAF]             * [* {th:media,data-th-media}] [1000]: org.thymeleaf.standard.processor.StandardRemovableAttributeTagProcessor
[THYMELEAF]             * [* {th:scrolling,data-th-scrolling}] [1000]: org.thymeleaf.standard.processor.StandardRemovableAttributeTagProcessor
[THYMELEAF]             * [* {th:frame,data-th-frame}] [1000]: org.thymeleaf.standard.processor.StandardRemovableAttributeTagProcessor
[THYMELEAF]             * [* {th:enctype,data-th-enctype}] [1000]: org.thymeleaf.standard.processor.StandardRemovableAttributeTagProcessor
[THYMELEAF]             * [* {th:summary,data-th-summary}] [1000]: org.thymeleaf.standard.processor.StandardRemovableAttributeTagProcessor
[THYMELEAF]             * [* {th:axis,data-th-axis}] [1000]: org.thymeleaf.standard.processor.StandardRemovableAttributeTagProcessor
[THYMELEAF]             * [* {th:cellpadding,data-th-cellpadding}] [1000]: org.thymeleaf.standard.processor.StandardRemovableAttributeTagProcessor
[THYMELEAF]             * [* {th:formenctype,data-th-formenctype}] [1000]: org.thymeleaf.standard.processor.StandardRemovableAttributeTagProcessor
[THYMELEAF]             * [* {th:abbr,data-th-abbr}] [1000]: org.thymeleaf.standard.processor.StandardRemovableAttributeTagProcessor
[THYMELEAF]             * [* {th:optimum,data-th-optimum}] [1000]: org.thymeleaf.standard.processor.StandardRemovableAttributeTagProcessor
[THYMELEAF]             * [* {th:classid,data-th-classid}] [1000]: org.thymeleaf.standard.processor.StandardRemovableAttributeTagProcessor
[THYMELEAF]             * [* {th:scheme,data-th-scheme}] [1000]: org.thymeleaf.standard.processor.StandardRemovableAttributeTagProcessor
[THYMELEAF]             * [* {th:contenteditable,data-th-contenteditable}] [1000]: org.thymeleaf.standard.processor.StandardRemovableAttributeTagProcessor
[THYMELEAF]             * [* {th:max,data-th-max}] [1000]: org.thymeleaf.standard.processor.StandardRemovableAttributeTagProcessor
[THYMELEAF]             * [* {th:tabindex,data-th-tabindex}] [1000]: org.thymeleaf.standard.processor.StandardRemovableAttributeTagProcessor
[THYMELEAF]             * [* {th:start,data-th-start}] [1000]: org.thymeleaf.standard.processor.StandardRemovableAttributeTagProcessor
[THYMELEAF]             * [* {th:kind,data-th-kind}] [1000]: org.thymeleaf.standard.processor.StandardRemovableAttributeTagProcessor
[THYMELEAF]             * [* {th:low,data-th-low}] [1000]: org.thymeleaf.standard.processor.StandardRemovableAttributeTagProcessor
[THYMELEAF]             * [* {th:longdesc,data-th-longdesc}] [1000]: org.thymeleaf.standard.processor.StandardRemovableAttributeTagProcessor
[THYMELEAF]             * [* {th:accept,data-th-accept}] [1000]: org.thymeleaf.standard.processor.StandardRemovableAttributeTagProcessor
[THYMELEAF]             * [* {th:align,data-th-align}] [1000]: org.thymeleaf.standard.processor.StandardRemovableAttributeTagProcessor
[THYMELEAF]             * [* {th:background,data-th-background}] [1000]: org.thymeleaf.standard.processor.StandardRemovableAttributeTagProcessor
[THYMELEAF]             * [* {th:sandbox,data-th-sandbox}] [1000]: org.thymeleaf.standard.processor.StandardRemovableAttributeTagProcessor
[THYMELEAF]             * [* {th:codetype,data-th-codetype}] [1000]: org.thymeleaf.standard.processor.StandardRemovableAttributeTagProcessor
[THYMELEAF]             * [* {th:autocomplete,data-th-autocomplete}] [1000]: org.thymeleaf.standard.processor.StandardRemovableAttributeTagProcessor
[THYMELEAF]             * [* {th:style,data-th-style}] [1000]: org.thymeleaf.standard.processor.StandardRemovableAttributeTagProcessor
[THYMELEAF]             * [* {th:radiogroup,data-th-radiogroup}] [1000]: org.thymeleaf.standard.processor.StandardRemovableAttributeTagProcessor
[THYMELEAF]             * [* {th:placeholder,data-th-placeholder}] [1000]: org.thymeleaf.standard.processor.StandardRemovableAttributeTagProcessor
[THYMELEAF]             * [* {th:spellcheck,data-th-spellcheck}] [1000]: org.thymeleaf.standard.processor.StandardRemovableAttributeTagProcessor
[THYMELEAF]             * [* {th:width,data-th-width}] [1000]: org.thymeleaf.standard.processor.StandardRemovableAttributeTagProcessor
[THYMELEAF]             * [* {th:datetime,data-th-datetime}] [1000]: org.thymeleaf.standard.processor.StandardRemovableAttributeTagProcessor
[THYMELEAF]             * [* {th:hreflang,data-th-hreflang}] [1000]: org.thymeleaf.standard.processor.StandardRemovableAttributeTagProcessor
[THYMELEAF]             * [* {th:dir,data-th-dir}] [1000]: org.thymeleaf.standard.processor.StandardRemovableAttributeTagProcessor
[THYMELEAF]             * [* {th:cellspacing,data-th-cellspacing}] [1000]: org.thymeleaf.standard.processor.StandardRemovableAttributeTagProcessor
[THYMELEAF]             * [* {th:compact,data-th-compact}] [1000]: org.thymeleaf.standard.processor.StandardRemovableAttributeTagProcessor
[THYMELEAF]             * [* {th:min,data-th-min}] [1000]: org.thymeleaf.standard.processor.StandardRemovableAttributeTagProcessor
[THYMELEAF]             * [* {th:border,data-th-border}] [1000]: org.thymeleaf.standard.processor.StandardRemovableAttributeTagProcessor
[THYMELEAF]             * [* {th:rel,data-th-rel}] [1000]: org.thymeleaf.standard.processor.StandardRemovableAttributeTagProcessor
[THYMELEAF]             * [* {th:manifest,data-th-manifest}] [1000]: org.thymeleaf.standard.processor.StandardRemovableAttributeTagProcessor
[THYMELEAF]             * [* {th:formtarget,data-th-formtarget}] [1000]: org.thymeleaf.standard.processor.StandardRemovableAttributeTagProcessor
[THYMELEAF]             * [* {th:cols,data-th-cols}] [1000]: org.thymeleaf.standard.processor.StandardRemovableAttributeTagProcessor
[THYMELEAF]             * [* {th:content,data-th-content}] [1000]: org.thymeleaf.standard.processor.StandardRemovableAttributeTagProcessor
[THYMELEAF]             * [* {th:bgcolor,data-th-bgcolor}] [1000]: org.thymeleaf.standard.processor.StandardRemovableAttributeTagProcessor
[THYMELEAF]             * [* {th:rules,data-th-rules}] [1000]: org.thymeleaf.standard.processor.StandardRemovableAttributeTagProcessor
[THYMELEAF]             * [* {th:cite,data-th-cite}] [1000]: org.thymeleaf.standard.processor.StandardRemovableAttributeTagProcessor
[THYMELEAF]             * [* {th:size,data-th-size}] [1000]: org.thymeleaf.standard.processor.StandardRemovableAttributeTagProcessor
[THYMELEAF]             * [* {th:poster,data-th-poster}] [1000]: org.thymeleaf.standard.processor.StandardRemovableAttributeTagProcessor
[THYMELEAF]             * [* {th:title,data-th-title}] [1000]: org.thymeleaf.standard.processor.StandardRemovableAttributeTagProcessor
[THYMELEAF]             * [* {th:label,data-th-label}] [1000]: org.thymeleaf.standard.processor.StandardRemovableAttributeTagProcessor
[THYMELEAF]             * [* {th:pattern,data-th-pattern}] [1000]: org.thymeleaf.standard.processor.StandardRemovableAttributeTagProcessor
[THYMELEAF]             * [* {th:sizes,data-th-sizes}] [1000]: org.thymeleaf.standard.processor.StandardRemovableAttributeTagProcessor
[THYMELEAF]             * [* {th:maxlength,data-th-maxlength}] [1000]: org.thymeleaf.standard.processor.StandardRemovableAttributeTagProcessor
[THYMELEAF]             * [* {th:lang,data-th-lang}] [1000]: org.thymeleaf.standard.processor.StandardRemovableAttributeTagProcessor
[THYMELEAF]             * [* {th:colspan,data-th-colspan}] [1000]: org.thymeleaf.standard.processor.StandardRemovableAttributeTagProcessor
[THYMELEAF]             * [* {th:charset,data-th-charset}] [1000]: org.thymeleaf.standard.processor.StandardRemovableAttributeTagProcessor
[THYMELEAF]             * [* {th:data,data-th-data}] [1000]: org.thymeleaf.standard.processor.StandardRemovableAttributeTagProcessor
[THYMELEAF]             * [* {th:height,data-th-height}] [1000]: org.thymeleaf.standard.processor.StandardRemovableAttributeTagProcessor
[THYMELEAF]             * [* {th:accesskey,data-th-accesskey}] [1000]: org.thymeleaf.standard.processor.StandardRemovableAttributeTagProcessor
[THYMELEAF]             * [* {th:rows,data-th-rows}] [1000]: org.thymeleaf.standard.processor.StandardRemovableAttributeTagProcessor
[THYMELEAF]             * [* {th:formaction,data-th-formaction}] [1000]: org.thymeleaf.standard.processor.StandardRemovableAttributeTagProcessor
[THYMELEAF]             * [* {th:codebase,data-th-codebase}] [1000]: org.thymeleaf.standard.processor.StandardRemovableAttributeTagProcessor
[THYMELEAF]             * [* {th:keytype,data-th-keytype}] [1000]: org.thymeleaf.standard.processor.StandardRemovableAttributeTagProcessor
[THYMELEAF]             * [* {th:for,data-th-for}] [1000]: org.thymeleaf.standard.processor.StandardRemovableAttributeTagProcessor
[THYMELEAF]             * [* {th:class,data-th-class}] [1000]: org.thymeleaf.standard.processor.StandardRemovableAttributeTagProcessor
[THYMELEAF]             * [* {th:scope,data-th-scope}] [1000]: org.thymeleaf.standard.processor.StandardRemovableAttributeTagProcessor
[THYMELEAF]             * [* {th:formmethod,data-th-formmethod}] [1000]: org.thymeleaf.standard.processor.StandardRemovableAttributeTagProcessor
[THYMELEAF]             * [* {th:srclang,data-th-srclang}] [1000]: org.thymeleaf.standard.processor.StandardRemovableAttributeTagProcessor
[THYMELEAF]             * [* {th:form,data-th-form}] [1000]: org.thymeleaf.standard.processor.StandardRemovableAttributeTagProcessor
[THYMELEAF]             * [* {th:valuetype,data-th-valuetype}] [1000]: org.thymeleaf.standard.processor.StandardRemovableAttributeTagProcessor
[THYMELEAF]             * [* {th:step,data-th-step}] [1000]: org.thymeleaf.standard.processor.StandardRemovableAttributeTagProcessor
[THYMELEAF]             * [* {th:http-equiv,data-th-http-equiv}] [1000]: org.thymeleaf.standard.processor.StandardRemovableAttributeTagProcessor
[THYMELEAF]             * [* {th:id,data-th-id}] [1000]: org.thymeleaf.standard.processor.StandardRemovableAttributeTagProcessor
[THYMELEAF]             * [* {th:headers,data-th-headers}] [1000]: org.thymeleaf.standard.processor.StandardRemovableAttributeTagProcessor
[THYMELEAF]             * [* {th:usemap,data-th-usemap}] [1000]: org.thymeleaf.standard.processor.StandardRemovableAttributeTagProcessor
[THYMELEAF]             * [* {th:hspace,data-th-hspace}] [1000]: org.thymeleaf.standard.processor.StandardRemovableAttributeTagProcessor
[THYMELEAF]             * [* {th:target,data-th-target}] [1000]: org.thymeleaf.standard.processor.StandardRemovableAttributeTagProcessor
[THYMELEAF]             * [* {th:span,data-th-span}] [1000]: org.thymeleaf.standard.processor.StandardRemovableAttributeTagProcessor
[THYMELEAF]             * [* {th:alt,data-th-alt}] [1000]: org.thymeleaf.standard.processor.StandardRemovableAttributeTagProcessor
[THYMELEAF]             * [* {th:list,data-th-list}] [1000]: org.thymeleaf.standard.processor.StandardRemovableAttributeTagProcessor
[THYMELEAF]             * [* {th:archive,data-th-archive}] [1000]: org.thymeleaf.standard.processor.StandardRemovableAttributeTagProcessor
[THYMELEAF]             * [* {th:wrap,data-th-wrap}] [1000]: org.thymeleaf.standard.processor.StandardRemovableAttributeTagProcessor
[THYMELEAF]             * [* {th:challenge,data-th-challenge}] [1000]: org.thymeleaf.standard.processor.StandardRemovableAttributeTagProcessor
[THYMELEAF]             * [* {th:rowspan,data-th-rowspan}] [1000]: org.thymeleaf.standard.processor.StandardRemovableAttributeTagProcessor
[THYMELEAF]             * [* {th:high,data-th-high}] [1000]: org.thymeleaf.standard.processor.StandardRemovableAttributeTagProcessor
[THYMELEAF]             * [* {th:accept-charset,data-th-accept-charset}] [1000]: org.thymeleaf.standard.processor.StandardRemovableAttributeTagProcessor
[THYMELEAF]             * [* {th:preload,data-th-preload}] [1000]: org.thymeleaf.standard.processor.StandardRemovableAttributeTagProcessor
[THYMELEAF]             * [* {th:dropzone,data-th-dropzone}] [1000]: org.thymeleaf.standard.processor.StandardRemovableAttributeTagProcessor
[THYMELEAF]             * [* {th:audio,data-th-audio}] [1000]: org.thymeleaf.standard.processor.StandardRemovableAttributeTagProcessor
[THYMELEAF]             * [* {th:draggable,data-th-draggable}] [1000]: org.thymeleaf.standard.processor.StandardRemovableAttributeTagProcessor
[THYMELEAF]             * [* {th:vspace,data-th-vspace}] [1000]: org.thymeleaf.standard.processor.StandardRemovableAttributeTagProcessor
[THYMELEAF]             * [* {th:standby,data-th-standby}] [1000]: org.thymeleaf.standard.processor.StandardRemovableAttributeTagProcessor
[THYMELEAF]             * [* {th:icon,data-th-icon}] [1000]: org.thymeleaf.standard.processor.StandardRemovableAttributeTagProcessor
[THYMELEAF]             * [* {th:rev,data-th-rev}] [1000]: org.thymeleaf.standard.processor.StandardRemovableAttributeTagProcessor
[THYMELEAF]             * [* {th:marginwidth,data-th-marginwidth}] [1000]: org.thymeleaf.standard.processor.StandardRemovableAttributeTagProcessor
[THYMELEAF]             * [* {th:src,data-th-src}] [1000]: org.thymeleaf.standard.processor.StandardSrcTagProcessor
[THYMELEAF]             * [* {th:value,data-th-value}] [1000]: org.thymeleaf.standard.processor.StandardValueTagProcessor
[THYMELEAF]             * [* {th:xmlbase,data-th-xmlbase}] [1000]: org.thymeleaf.standard.processor.StandardXmlBaseTagProcessor
[THYMELEAF]             * [* {th:xmllang,data-th-xmllang}] [1000]: org.thymeleaf.standard.processor.StandardXmlLangTagProcessor
[THYMELEAF]             * [* {xmlns:th}] [1000]: org.thymeleaf.standard.processor.StandardXmlNsTagProcessor
[THYMELEAF]             * [* {th:xmlspace,data-th-xmlspace}] [1000]: org.thymeleaf.standard.processor.StandardXmlSpaceTagProcessor
[THYMELEAF]             * [* {th:classappend,data-th-classappend}] [1100]: org.thymeleaf.standard.processor.StandardClassappendTagProcessor
[THYMELEAF]             * [* {th:styleappend,data-th-styleappend}] [1100]: org.thymeleaf.standard.processor.StandardStyleappendTagProcessor
[THYMELEAF]             * [* {th:text,data-th-text}] [1300]: org.thymeleaf.standard.processor.StandardTextTagProcessor
[THYMELEAF]             * [* {th:utext,data-th-utext}] [1400]: org.thymeleaf.standard.processor.StandardUtextTagProcessor
[THYMELEAF]             * [* {th:fragment,data-th-fragment}] [1500]: org.thymeleaf.standard.processor.StandardFragmentTagProcessor
[THYMELEAF]             * [* {th:assert,data-th-assert}] [1550]: org.thymeleaf.standard.processor.StandardAssertTagProcessor
[THYMELEAF]             * [* {th:remove,data-th-remove}] [1600]: org.thymeleaf.standard.processor.StandardRemoveTagProcessor
[THYMELEAF]             * [* {th:ref,data-th-ref}] [10000]: org.thymeleaf.standard.processor.StandardRefAttributeTagProcessor
[THYMELEAF]             * [{th:block,th-block} *] [100000]: org.thymeleaf.standard.processor.StandardBlockTagProcessor
[THYMELEAF]             * [* th:*] [2147483647]: org.thymeleaf.standard.processor.StandardDefaultAttributesTagProcessor
[THYMELEAF]         * Text Processors by [precedence]:
[THYMELEAF]             * [1000]: org.thymeleaf.standard.processor.StandardInliningTextProcessor
[THYMELEAF]         * DOCTYPE Processors by [precedence]:
[THYMELEAF]             * [1000]: org.thymeleaf.standard.processor.StandardTranslationDocTypeProcessor
[THYMELEAF]         * CDATA Section Processors by [precedence]:
[THYMELEAF]             * [1000]: org.thymeleaf.standard.processor.StandardInliningCDATASectionProcessor
[THYMELEAF]         * Comment Processors by [precedence]:
[THYMELEAF]             * [1000]: org.thymeleaf.standard.processor.StandardInliningCommentProcessor
[THYMELEAF]             * [1100]: org.thymeleaf.standard.processor.StandardConditionalCommentProcessor
[THYMELEAF]     * Processors for Template Mode: XML
[THYMELEAF]         * Element Tag Processors by [matching element and attribute name] [precedence]:
[THYMELEAF]             * [* {th:include}] [100]: org.thymeleaf.standard.processor.StandardIncludeTagProcessor
[THYMELEAF]             * [* {th:insert}] [100]: org.thymeleaf.standard.processor.StandardInsertTagProcessor
[THYMELEAF]             * [* {th:replace}] [100]: org.thymeleaf.standard.processor.StandardReplaceTagProcessor
[THYMELEAF]             * [* {th:each}] [200]: com.intuit.karate.template.KarateEachTagProcessor
[THYMELEAF]             * [* {th:switch}] [250]: org.thymeleaf.standard.processor.StandardSwitchTagProcessor
[THYMELEAF]             * [* {th:case}] [275]: org.thymeleaf.standard.processor.StandardCaseTagProcessor
[THYMELEAF]             * [* {th:if}] [300]: org.thymeleaf.standard.processor.StandardIfTagProcessor
[THYMELEAF]             * [* {th:unless}] [400]: org.thymeleaf.standard.processor.StandardUnlessTagProcessor
[THYMELEAF]             * [* {th:object}] [500]: org.thymeleaf.standard.processor.StandardObjectTagProcessor
[THYMELEAF]             * [* {th:with}] [600]: com.intuit.karate.template.KarateWithTagProcessor
[THYMELEAF]             * [* {th:attr}] [700]: com.intuit.karate.template.KarateAttributeTagProcessor.KarateAttrTagProcessor
[THYMELEAF]             * [* {th:attrappend}] [900]: com.intuit.karate.template.KarateAttributeTagProcessor.KarateAttrappendTagProcessor
[THYMELEAF]             * [* {th:attrprepend}] [900]: com.intuit.karate.template.KarateAttributeTagProcessor.KarateAttrprependTagProcessor
[THYMELEAF]             * [* {th:inline}] [1000]: org.thymeleaf.standard.processor.StandardInlineXMLTagProcessor
[THYMELEAF]             * [* {xmlns:th}] [1000]: org.thymeleaf.standard.processor.StandardXmlNsTagProcessor
[THYMELEAF]             * [* {th:text}] [1300]: org.thymeleaf.standard.processor.StandardTextTagProcessor
[THYMELEAF]             * [* {th:utext}] [1400]: org.thymeleaf.standard.processor.StandardUtextTagProcessor
[THYMELEAF]             * [* {th:fragment}] [1500]: org.thymeleaf.standard.processor.StandardFragmentTagProcessor
[THYMELEAF]             * [* {th:assert}] [1550]: org.thymeleaf.standard.processor.StandardAssertTagProcessor
[THYMELEAF]             * [* {th:remove}] [1600]: org.thymeleaf.standard.processor.StandardRemoveTagProcessor
[THYMELEAF]             * [* {th:ref}] [10000]: org.thymeleaf.standard.processor.StandardRefAttributeTagProcessor
[THYMELEAF]             * [{th:block} *] [100000]: org.thymeleaf.standard.processor.StandardBlockTagProcessor
[THYMELEAF]             * [* th:*] [2147483647]: org.thymeleaf.standard.processor.StandardDefaultAttributesTagProcessor
[THYMELEAF]         * Text Processors by [precedence]:
[THYMELEAF]             * [1000]: org.thymeleaf.standard.processor.StandardInliningTextProcessor
[THYMELEAF]         * CDATA Section Processors by [precedence]:
[THYMELEAF]             * [1000]: org.thymeleaf.standard.processor.StandardInliningCDATASectionProcessor
[THYMELEAF]         * Comment Processors by [precedence]:
[THYMELEAF]             * [1000]: org.thymeleaf.standard.processor.StandardInliningCommentProcessor
[THYMELEAF]     * Processors for Template Mode: TEXT
[THYMELEAF]         * Element Tag Processors by [matching element and attribute name] [precedence]:
[THYMELEAF]             * [* {th:insert}] [100]: org.thymeleaf.standard.processor.StandardInsertTagProcessor
[THYMELEAF]             * [* {th:replace}] [100]: org.thymeleaf.standard.processor.StandardReplaceTagProcessor
[THYMELEAF]             * [* {th:each}] [200]: com.intuit.karate.template.KarateEachTagProcessor
[THYMELEAF]             * [* {th:switch}] [250]: org.thymeleaf.standard.processor.StandardSwitchTagProcessor
[THYMELEAF]             * [* {th:case}] [275]: org.thymeleaf.standard.processor.StandardCaseTagProcessor
[THYMELEAF]             * [* {th:if}] [300]: org.thymeleaf.standard.processor.StandardIfTagProcessor
[THYMELEAF]             * [* {th:unless}] [400]: org.thymeleaf.standard.processor.StandardUnlessTagProcessor
[THYMELEAF]             * [* {th:object}] [500]: org.thymeleaf.standard.processor.StandardObjectTagProcessor
[THYMELEAF]             * [* {th:with}] [600]: com.intuit.karate.template.KarateWithTagProcessor
[THYMELEAF]             * [* {th:inline}] [1000]: org.thymeleaf.standard.processor.StandardInlineTextualTagProcessor
[THYMELEAF]             * [* {th:text}] [1300]: org.thymeleaf.standard.processor.StandardTextTagProcessor
[THYMELEAF]             * [* {th:utext}] [1400]: org.thymeleaf.standard.processor.StandardUtextTagProcessor
[THYMELEAF]             * [* {th:assert}] [1550]: org.thymeleaf.standard.processor.StandardAssertTagProcessor
[THYMELEAF]             * [* {th:remove}] [1600]: org.thymeleaf.standard.processor.StandardRemoveTagProcessor
[THYMELEAF]             * [{th:block} *] [100000]: org.thymeleaf.standard.processor.StandardBlockTagProcessor
[THYMELEAF]             * [* 100000] [org.thymeleaf.standard.processor.StandardBlockTagProcessor]: {}
[THYMELEAF]         * Text Processors by [precedence]:
[THYMELEAF]             * [1000]: org.thymeleaf.standard.processor.StandardInliningTextProcessor
[THYMELEAF]     * Processors for Template Mode: JAVASCRIPT
[THYMELEAF]         * Element Tag Processors by [matching element and attribute name] [precedence]:
[THYMELEAF]             * [* {th:insert}] [100]: org.thymeleaf.standard.processor.StandardInsertTagProcessor
[THYMELEAF]             * [* {th:replace}] [100]: org.thymeleaf.standard.processor.StandardReplaceTagProcessor
[THYMELEAF]             * [* {th:each}] [200]: com.intuit.karate.template.KarateEachTagProcessor
[THYMELEAF]             * [* {th:switch}] [250]: org.thymeleaf.standard.processor.StandardSwitchTagProcessor
[THYMELEAF]             * [* {th:case}] [275]: org.thymeleaf.standard.processor.StandardCaseTagProcessor
[THYMELEAF]             * [* {th:if}] [300]: org.thymeleaf.standard.processor.StandardIfTagProcessor
[THYMELEAF]             * [* {th:unless}] [400]: org.thymeleaf.standard.processor.StandardUnlessTagProcessor
[THYMELEAF]             * [* {th:object}] [500]: org.thymeleaf.standard.processor.StandardObjectTagProcessor
[THYMELEAF]             * [* {th:with}] [600]: com.intuit.karate.template.KarateWithTagProcessor
[THYMELEAF]             * [* {th:inline}] [1000]: org.thymeleaf.standard.processor.StandardInlineTextualTagProcessor
[THYMELEAF]             * [* {th:text}] [1300]: org.thymeleaf.standard.processor.StandardTextTagProcessor
[THYMELEAF]             * [* {th:utext}] [1400]: org.thymeleaf.standard.processor.StandardUtextTagProcessor
[THYMELEAF]             * [* {th:assert}] [1550]: org.thymeleaf.standard.processor.StandardAssertTagProcessor
[THYMELEAF]             * [* {th:remove}] [1600]: org.thymeleaf.standard.processor.StandardRemoveTagProcessor
[THYMELEAF]             * [* 100000] [org.thymeleaf.standard.processor.StandardBlockTagProcessor]: {}
[THYMELEAF]             * [{th:block} *] [100000]: org.thymeleaf.standard.processor.StandardBlockTagProcessor
[THYMELEAF]         * Text Processors by [precedence]:
[THYMELEAF]             * [1000]: org.thymeleaf.standard.processor.StandardInliningTextProcessor
[THYMELEAF]     * Processors for Template Mode: CSS
[THYMELEAF]         * Element Tag Processors by [matching element and attribute name] [precedence]:
[THYMELEAF]             * [* {th:insert}] [100]: org.thymeleaf.standard.processor.StandardInsertTagProcessor
[THYMELEAF]             * [* {th:replace}] [100]: org.thymeleaf.standard.processor.StandardReplaceTagProcessor
[THYMELEAF]             * [* {th:each}] [200]: com.intuit.karate.template.KarateEachTagProcessor
[THYMELEAF]             * [* {th:switch}] [250]: org.thymeleaf.standard.processor.StandardSwitchTagProcessor
[THYMELEAF]             * [* {th:case}] [275]: org.thymeleaf.standard.processor.StandardCaseTagProcessor
[THYMELEAF]             * [* {th:if}] [300]: org.thymeleaf.standard.processor.StandardIfTagProcessor
[THYMELEAF]             * [* {th:unless}] [400]: org.thymeleaf.standard.processor.StandardUnlessTagProcessor
[THYMELEAF]             * [* {th:object}] [500]: org.thymeleaf.standard.processor.StandardObjectTagProcessor
[THYMELEAF]             * [* {th:with}] [600]: com.intuit.karate.template.KarateWithTagProcessor
[THYMELEAF]             * [* {th:inline}] [1000]: org.thymeleaf.standard.processor.StandardInlineTextualTagProcessor
[THYMELEAF]             * [* {th:text}] [1300]: org.thymeleaf.standard.processor.StandardTextTagProcessor
[THYMELEAF]             * [* {th:utext}] [1400]: org.thymeleaf.standard.processor.StandardUtextTagProcessor
[THYMELEAF]             * [* {th:assert}] [1550]: org.thymeleaf.standard.processor.StandardAssertTagProcessor
[THYMELEAF]             * [* {th:remove}] [1600]: org.thymeleaf.standard.processor.StandardRemoveTagProcessor
[THYMELEAF]             * [{th:block} *] [100000]: org.thymeleaf.standard.processor.StandardBlockTagProcessor
[THYMELEAF]             * [* 100000] [org.thymeleaf.standard.processor.StandardBlockTagProcessor]: {}
[THYMELEAF]         * Text Processors by [precedence]:
[THYMELEAF]             * [1000]: org.thymeleaf.standard.processor.StandardInliningTextProcessor
[THYMELEAF]     * Expression Objects:
[THYMELEAF]         * #ctx
[THYMELEAF]         * #root
[THYMELEAF]         * #vars
[THYMELEAF]         * #object
[THYMELEAF]         * #locale
[THYMELEAF]         * #conversions
[THYMELEAF]         * #uris
[THYMELEAF]         * #temporals
[THYMELEAF]         * #calendars
[THYMELEAF]         * #dates
[THYMELEAF]         * #bools
[THYMELEAF]         * #numbers
[THYMELEAF]         * #objects
[THYMELEAF]         * #strings
[THYMELEAF]         * #arrays
[THYMELEAF]         * #lists
[THYMELEAF]         * #sets
[THYMELEAF]         * #maps
[THYMELEAF]         * #aggregates
[THYMELEAF]         * #messages
[THYMELEAF]         * #ids
[THYMELEAF]         * #execInfo
[THYMELEAF]         * #request
[THYMELEAF]         * #response
[THYMELEAF]         * #session
[THYMELEAF]         * #servletContext
[THYMELEAF]     * Execution Attributes:
[THYMELEAF]         * "StandardExpressionParser": com.intuit.karate.template.KarateStandardDialect@66a53104
[THYMELEAF]         * "StandardJavaScriptSerializer": org.thymeleaf.standard.serializer.StandardJavaScriptSerializer@59a2388e
[THYMELEAF]         * "StandardCSSSerializer": org.thymeleaf.standard.serializer.StandardCSSSerializer@186d8a71
[THYMELEAF]         * "StandardVariableExpressionEvaluator": com.intuit.karate.template.KarateStandardDialect@66a53104
[THYMELEAF]         * "StandardConversionService": org.thymeleaf.standard.expression.StandardConversionService@3dc40ab9
[THYMELEAF] * Dialect [2 of 2]: karate (com.intuit.karate.template.KarateScriptDialect)
[THYMELEAF]     * Prefix: "ka"
[THYMELEAF]     * Processors for Template Mode: HTML
[THYMELEAF]         * Element Tag Processors by [matching element and attribute name] [precedence]:
[THYMELEAF]             * [* {src}] [1000]: com.intuit.karate.template.KaScriptAttrProcessor
[THYMELEAF]         * Element Model Processors by [matching element and attribute name] [precedence]:
[THYMELEAF]             * [{script} {ka:scope,data-ka-scope}] [1000]: com.intuit.karate.template.KaScriptElemProcessor
[THYMELEAF]             * [* {ka:set,data-ka-set}] [1000]: com.intuit.karate.template.KaSetElemProcessor
[THYMELEAF] TEMPLATE ENGINE CONFIGURED OK
15:37:46.999 [main] DEBUG org.thymeleaf.TemplateEngine -- [THYMELEAF] TEMPLATE ENGINE INITIALIZED
---------------------------------------------------------
feature: classpath:Tests/delete.feature
scenarios:  1 | passed:  1 | failed:  0 | time: 1.0046
---------------------------------------------------------

15:37:47.415 [main] DEBUG org.apache.http.client.protocol.RequestAddCookies -- CookieSpec selected: karate
15:37:47.415 [main] DEBUG org.apache.http.client.protocol.RequestAuthCache -- Auth cache not set in the context
15:37:47.415 [main] DEBUG com.intuit.karate -- request:
1 > GET https://reqres.in/api/users?page=2
1 > Accept: application/json
1 > Host: reqres.in
1 > Connection: Keep-Alive
1 > User-Agent: Apache-HttpClient/4.5.14 (Java/21.0.1)
1 > Accept-Encoding: gzip,deflate


15:37:47.415 [main] DEBUG org.apache.http.impl.conn.PoolingHttpClientConnectionManager -- Connection request: [route: {s}->https://reqres.in:443][total available: 0; route allocated: 0 of 5; total allocated: 0 of 10]
15:37:47.415 [main] DEBUG org.apache.http.impl.conn.PoolingHttpClientConnectionManager -- Connection leased: [id: 1][route: {s}->https://reqres.in:443][total available: 0; route allocated: 1 of 5; total allocated: 1 of 10]
15:37:47.415 [main] DEBUG org.apache.http.impl.execchain.MainClientExec -- Opening connection {s}->https://reqres.in:443
15:37:47.416 [main] DEBUG org.apache.http.impl.conn.DefaultHttpClientConnectionOperator -- Connecting to reqres.in/172.67.73.173:443
15:37:47.416 [main] DEBUG org.apache.http.conn.ssl.SSLConnectionSocketFactory -- Connecting socket to reqres.in/172.67.73.173:443 with timeout 30000
15:37:47.439 [main] DEBUG org.apache.http.conn.ssl.SSLConnectionSocketFactory -- Enabled protocols: [TLSv1.3, TLSv1.2]
15:37:47.439 [main] DEBUG org.apache.http.conn.ssl.SSLConnectionSocketFactory -- Enabled cipher suites:[TLS_AES_256_GCM_SHA384, TLS_AES_128_GCM_SHA256, TLS_CHACHA20_POLY1305_SHA256, TLS_ECDHE_ECDSA_WITH_AES_256_GCM_SHA384, TLS_ECDHE_ECDSA_WITH_AES_128_GCM_SHA256, TLS_ECDHE_ECDSA_WITH_CHACHA20_POLY1305_SHA256, TLS_ECDHE_RSA_WITH_AES_256_GCM_SHA384, TLS_ECDHE_RSA_WITH_CHACHA20_POLY1305_SHA256, TLS_ECDHE_RSA_WITH_AES_128_GCM_SHA256, TLS_DHE_RSA_WITH_AES_256_GCM_SHA384, TLS_DHE_RSA_WITH_CHACHA20_POLY1305_SHA256, TLS_DHE_DSS_WITH_AES_256_GCM_SHA384, TLS_DHE_RSA_WITH_AES_128_GCM_SHA256, TLS_DHE_DSS_WITH_AES_128_GCM_SHA256, TLS_ECDHE_ECDSA_WITH_AES_256_CBC_SHA384, TLS_ECDHE_RSA_WITH_AES_256_CBC_SHA384, TLS_ECDHE_ECDSA_WITH_AES_128_CBC_SHA256, TLS_ECDHE_RSA_WITH_AES_128_CBC_SHA256, TLS_DHE_RSA_WITH_AES_256_CBC_SHA256, TLS_DHE_DSS_WITH_AES_256_CBC_SHA256, TLS_DHE_RSA_WITH_AES_128_CBC_SHA256, TLS_DHE_DSS_WITH_AES_128_CBC_SHA256, TLS_ECDHE_ECDSA_WITH_AES_256_CBC_SHA, TLS_ECDHE_RSA_WITH_AES_256_CBC_SHA, TLS_ECDHE_ECDSA_WITH_AES_128_CBC_SHA, TLS_ECDHE_RSA_WITH_AES_128_CBC_SHA, TLS_DHE_RSA_WITH_AES_256_CBC_SHA, TLS_DHE_DSS_WITH_AES_256_CBC_SHA, TLS_DHE_RSA_WITH_AES_128_CBC_SHA, TLS_DHE_DSS_WITH_AES_128_CBC_SHA, TLS_RSA_WITH_AES_256_GCM_SHA384, TLS_RSA_WITH_AES_128_GCM_SHA256, TLS_RSA_WITH_AES_256_CBC_SHA256, TLS_RSA_WITH_AES_128_CBC_SHA256, TLS_RSA_WITH_AES_256_CBC_SHA, TLS_RSA_WITH_AES_128_CBC_SHA, TLS_EMPTY_RENEGOTIATION_INFO_SCSV]
15:37:47.440 [main] DEBUG org.apache.http.conn.ssl.SSLConnectionSocketFactory -- Starting handshake
15:37:47.478 [main] DEBUG org.apache.http.conn.ssl.SSLConnectionSocketFactory -- Secure session established
15:37:47.478 [main] DEBUG org.apache.http.conn.ssl.SSLConnectionSocketFactory --  negotiated protocol: TLSv1.3
15:37:47.478 [main] DEBUG org.apache.http.conn.ssl.SSLConnectionSocketFactory --  negotiated cipher suite: TLS_AES_256_GCM_SHA384
15:37:47.479 [main] DEBUG org.apache.http.conn.ssl.SSLConnectionSocketFactory --  peer principal: CN=sni.cloudflaressl.com, O="Cloudflare, Inc.", L=San Francisco, ST=California, C=US
15:37:47.479 [main] DEBUG org.apache.http.conn.ssl.SSLConnectionSocketFactory --  peer alternative names: [reqres.in, *.reqres.in, sni.cloudflaressl.com]
15:37:47.479 [main] DEBUG org.apache.http.conn.ssl.SSLConnectionSocketFactory --  issuer principal: CN=Cloudflare Inc ECC CA-3, O="Cloudflare, Inc.", C=US
15:37:47.479 [main] DEBUG org.apache.http.impl.conn.DefaultHttpClientConnectionOperator -- Connection established 192.168.68.104:55150<->172.67.73.173:443
15:37:47.479 [main] DEBUG org.apache.http.impl.conn.DefaultManagedHttpClientConnection -- http-outgoing-1: set socket timeout to 30000
15:37:47.479 [main] DEBUG org.apache.http.impl.execchain.MainClientExec -- Executing request GET /api/users?page=2 HTTP/1.1
15:37:47.479 [main] DEBUG org.apache.http.impl.execchain.MainClientExec -- Target auth state: UNCHALLENGED
15:37:47.479 [main] DEBUG org.apache.http.impl.execchain.MainClientExec -- Proxy auth state: UNCHALLENGED
15:37:47.479 [main] DEBUG org.apache.http.headers -- http-outgoing-1 >> GET /api/users?page=2 HTTP/1.1
15:37:47.479 [main] DEBUG org.apache.http.headers -- http-outgoing-1 >> Accept: application/json
15:37:47.479 [main] DEBUG org.apache.http.headers -- http-outgoing-1 >> Host: reqres.in
15:37:47.479 [main] DEBUG org.apache.http.headers -- http-outgoing-1 >> Connection: Keep-Alive
15:37:47.479 [main] DEBUG org.apache.http.headers -- http-outgoing-1 >> User-Agent: Apache-HttpClient/4.5.14 (Java/21.0.1)
15:37:47.479 [main] DEBUG org.apache.http.headers -- http-outgoing-1 >> Accept-Encoding: gzip,deflate
15:37:47.479 [main] DEBUG org.apache.http.wire -- http-outgoing-1 >> "GET /api/users?page=2 HTTP/1.1[\r][\n]"
15:37:47.479 [main] DEBUG org.apache.http.wire -- http-outgoing-1 >> "Accept: application/json[\r][\n]"
15:37:47.479 [main] DEBUG org.apache.http.wire -- http-outgoing-1 >> "Host: reqres.in[\r][\n]"
15:37:47.479 [main] DEBUG org.apache.http.wire -- http-outgoing-1 >> "Connection: Keep-Alive[\r][\n]"
15:37:47.479 [main] DEBUG org.apache.http.wire -- http-outgoing-1 >> "User-Agent: Apache-HttpClient/4.5.14 (Java/21.0.1)[\r][\n]"
15:37:47.481 [main] DEBUG org.apache.http.wire -- http-outgoing-1 >> "Accept-Encoding: gzip,deflate[\r][\n]"
15:37:47.481 [main] DEBUG org.apache.http.wire -- http-outgoing-1 >> "[\r][\n]"
15:37:47.511 [main] DEBUG org.apache.http.wire -- http-outgoing-1 << "HTTP/1.1 200 OK[\r][\n]"
15:37:47.512 [main] DEBUG org.apache.http.wire -- http-outgoing-1 << "Date: Fri, 16 Feb 2024 22:37:47 GMT[\r][\n]"
15:37:47.512 [main] DEBUG org.apache.http.wire -- http-outgoing-1 << "Content-Type: application/json; charset=utf-8[\r][\n]"
15:37:47.512 [main] DEBUG org.apache.http.wire -- http-outgoing-1 << "Transfer-Encoding: chunked[\r][\n]"
15:37:47.512 [main] DEBUG org.apache.http.wire -- http-outgoing-1 << "Connection: keep-alive[\r][\n]"
15:37:47.512 [main] DEBUG org.apache.http.wire -- http-outgoing-1 << "Report-To: {"group":"heroku-nel","max_age":3600,"endpoints":[{"url":"https://nel.heroku.com/reports?ts=1708018926&sid=c4c9725f-1ab0-44d8-820f-430df2718e11&s=xPWFPEBcBKXZbiZk0rM4LZaRsVTdlqZcMeFs3F4duPA%3D"}]}[\r][\n]"
15:37:47.512 [main] DEBUG org.apache.http.wire -- http-outgoing-1 << "Reporting-Endpoints: heroku-nel=https://nel.heroku.com/reports?ts=1708018926&sid=c4c9725f-1ab0-44d8-820f-430df2718e11&s=xPWFPEBcBKXZbiZk0rM4LZaRsVTdlqZcMeFs3F4duPA%3D[\r][\n]"
15:37:47.512 [main] DEBUG org.apache.http.wire -- http-outgoing-1 << "Nel: {"report_to":"heroku-nel","max_age":3600,"success_fraction":0.005,"failure_fraction":0.05,"response_headers":["Via"]}[\r][\n]"
15:37:47.512 [main] DEBUG org.apache.http.wire -- http-outgoing-1 << "X-Powered-By: Express[\r][\n]"
15:37:47.512 [main] DEBUG org.apache.http.wire -- http-outgoing-1 << "Access-Control-Allow-Origin: *[\r][\n]"
15:37:47.513 [main] DEBUG org.apache.http.wire -- http-outgoing-1 << "Etag: W/"406-ut0vzoCuidvyMf8arZpMpJ6ZRDw"[\r][\n]"
15:37:47.513 [main] DEBUG org.apache.http.wire -- http-outgoing-1 << "Via: 1.1 vegur[\r][\n]"
15:37:47.513 [main] DEBUG org.apache.http.wire -- http-outgoing-1 << "Cache-Control: max-age=14400[\r][\n]"
15:37:47.513 [main] DEBUG org.apache.http.wire -- http-outgoing-1 << "CF-Cache-Status: HIT[\r][\n]"
15:37:47.513 [main] DEBUG org.apache.http.wire -- http-outgoing-1 << "Age: 582[\r][\n]"
15:37:47.513 [main] DEBUG org.apache.http.wire -- http-outgoing-1 << "Vary: Accept-Encoding[\r][\n]"
15:37:47.513 [main] DEBUG org.apache.http.wire -- http-outgoing-1 << "Server: cloudflare[\r][\n]"
15:37:47.513 [main] DEBUG org.apache.http.wire -- http-outgoing-1 << "CF-RAY: 856946f2bb2251e2-DEN[\r][\n]"
15:37:47.513 [main] DEBUG org.apache.http.wire -- http-outgoing-1 << "Content-Encoding: gzip[\r][\n]"
15:37:47.513 [main] DEBUG org.apache.http.wire -- http-outgoing-1 << "[\r][\n]"
15:37:47.513 [main] DEBUG org.apache.http.wire -- http-outgoing-1 << "17b[\r][\n]"
15:37:47.514 [main] DEBUG org.apache.http.wire -- http-outgoing-1 << "[0x1f][0x8b][0x8][0x0][0x0][0x0][0x0][0x0][0x0][0x3][0x8d][0xd2][0xcd]n[0xa3]0[0x14][0x86][0xe1][q[0xcf]l](Y[0xf4][0xc7][0xab][0xaa][0xd2][0xcc]t[0xd1]n[0xa2][0xd9]U[0xa3][0xea][0x4][0xe][0xe0][0xd6][0xd8][0xee][0xb1]i[0xa6][0x8a]r[0xef]UM4T[0x88]D[0xec][0x0][0xbf][0x1f]z[0x84][0xd8][0x81][0xc7][0x86]@[0xad]$x[0xe2][0xe7][0xe1][0xe6]RBt[0x11][\r][0xa8]bu[0xb8]L'!u[0x15]F[0x4][0xf5][0xb4][0x3]][0x81][0xba][0x92]@[0x1d]j[0x3][\n]"
15:37:47.514 [main] DEBUG org.apache.http.wire -- http-outgoing-1 << ":][0xb6]H&3[0xb8][\r][0xce][0xde]2[0xbd]1[0x85]L[[0x90]Pk[0xe][0xf1][0xd9]bG[0xa0][0xe0]q[0xe8]@[0x82][0xc1][0xf1][0xe9]CZ[0x81][0x4]|[0xc7][0x88][0xc][\n]"
15:37:47.514 [main] DEBUG org.apache.http.wire -- http-outgoing-1 << "[0xda][0x18]}Py[0xfe][0xff]E[0xb9][0xee][0x9a][0xbc][0xc6][0x92]B~u[0xae];l({[0xf1][\r][0xec][0xe5]@[0xb9][0x1e])F[0xdb]*[0xe0]GV[0x13]7[0xfd]I[0xcc][0xc3]PN0[0xbf][0xe][0xbb][0xa5][0x9c][0xeb][0x19][0xce][0xcd][0xc8][0x89]n[0xa3]1duo_[0xe9]8[0xe5]O[0xaa][0xa6][0x92][0xaf][0xcd]R[0xc6][0xcd][0xc][0xa3][0xb8][0x18][0x1d][0x9b][0xf]v6[0xab]5[0x99]*[0x1c]w[0xdc]}USF[0xda],u[0x14][0x17]s[0x90]b[0x84]4[0xe4][0xb8][0xa1][0x8c][0xaa]-[0xf2])[0xca][0xef][0xd4]M,?[0x87][0xd5]bL1[0x87]Y[0x8d][0x18][0xc6][0xb2]%[0x93][0xb5]nK[0xc6][0x1c][0xb7][0xac]S6[0xb1][0xdc][0xa7][0xd1]b[0xca][0xea];[0xe5][0xaf][0x84][0xd0]{[0xef]8[0x82][0xda]A[0xcf]fv[0xfd][0xe3][0xd0][0x9c][0xb7][0x84][0x95][0xb6][\r]H[0x88][0xf4]/[0xa6][0xff]E[0xbc][0x12]y[0xb1][0xa6][0xb7]5[0x5]Q3[0x91][0x14][0xa5][0xb3][0x91][0xf5][0xa6][0x8f][0xda][0xd9] [0xa2]K[0x9f]J[0x4][0xe2]wbQ[0xba][0x10][0x83]@&[0x81][0xde]3[0x95][0x1a]#Ug[0xb0][0xdf][0x2][0xf6][0x16][0x88]W[0x6][0x4][0x0][0x0][\r][\n]"
15:37:47.514 [main] DEBUG org.apache.http.headers -- http-outgoing-1 << HTTP/1.1 200 OK
15:37:47.514 [main] DEBUG org.apache.http.headers -- http-outgoing-1 << Date: Fri, 16 Feb 2024 22:37:47 GMT
15:37:47.515 [main] DEBUG org.apache.http.headers -- http-outgoing-1 << Content-Type: application/json; charset=utf-8
15:37:47.515 [main] DEBUG org.apache.http.headers -- http-outgoing-1 << Transfer-Encoding: chunked
15:37:47.515 [main] DEBUG org.apache.http.headers -- http-outgoing-1 << Connection: keep-alive
15:37:47.515 [main] DEBUG org.apache.http.headers -- http-outgoing-1 << Report-To: {"group":"heroku-nel","max_age":3600,"endpoints":[{"url":"https://nel.heroku.com/reports?ts=1708018926&sid=c4c9725f-1ab0-44d8-820f-430df2718e11&s=xPWFPEBcBKXZbiZk0rM4LZaRsVTdlqZcMeFs3F4duPA%3D"}]}
15:37:47.515 [main] DEBUG org.apache.http.headers -- http-outgoing-1 << Reporting-Endpoints: heroku-nel=https://nel.heroku.com/reports?ts=1708018926&sid=c4c9725f-1ab0-44d8-820f-430df2718e11&s=xPWFPEBcBKXZbiZk0rM4LZaRsVTdlqZcMeFs3F4duPA%3D
15:37:47.515 [main] DEBUG org.apache.http.headers -- http-outgoing-1 << Nel: {"report_to":"heroku-nel","max_age":3600,"success_fraction":0.005,"failure_fraction":0.05,"response_headers":["Via"]}
15:37:47.515 [main] DEBUG org.apache.http.headers -- http-outgoing-1 << X-Powered-By: Express
15:37:47.515 [main] DEBUG org.apache.http.headers -- http-outgoing-1 << Access-Control-Allow-Origin: *
15:37:47.515 [main] DEBUG org.apache.http.headers -- http-outgoing-1 << Etag: W/"406-ut0vzoCuidvyMf8arZpMpJ6ZRDw"
15:37:47.515 [main] DEBUG org.apache.http.headers -- http-outgoing-1 << Via: 1.1 vegur
15:37:47.515 [main] DEBUG org.apache.http.headers -- http-outgoing-1 << Cache-Control: max-age=14400
15:37:47.515 [main] DEBUG org.apache.http.headers -- http-outgoing-1 << CF-Cache-Status: HIT
15:37:47.515 [main] DEBUG org.apache.http.headers -- http-outgoing-1 << Age: 582
15:37:47.515 [main] DEBUG org.apache.http.headers -- http-outgoing-1 << Vary: Accept-Encoding
15:37:47.516 [main] DEBUG org.apache.http.headers -- http-outgoing-1 << Server: cloudflare
15:37:47.516 [main] DEBUG org.apache.http.headers -- http-outgoing-1 << CF-RAY: 856946f2bb2251e2-DEN
15:37:47.516 [main] DEBUG org.apache.http.headers -- http-outgoing-1 << Content-Encoding: gzip
15:37:47.519 [main] DEBUG org.apache.http.impl.execchain.MainClientExec -- Connection can be kept alive indefinitely
15:37:47.522 [main] DEBUG org.apache.http.impl.conn.DefaultManagedHttpClientConnection -- http-outgoing-1: Close connection
15:37:47.523 [main] DEBUG org.apache.http.impl.execchain.MainClientExec -- Connection discarded
15:37:47.523 [main] DEBUG org.apache.http.impl.conn.PoolingHttpClientConnectionManager -- Connection released: [id: 1][route: {s}->https://reqres.in:443][total available: 0; route allocated: 0 of 5; total allocated: 0 of 10]
15:37:47.523 [main] DEBUG org.apache.http.impl.conn.PoolingHttpClientConnectionManager -- Connection manager is shutting down
15:37:47.524 [main] DEBUG org.apache.http.impl.conn.PoolingHttpClientConnectionManager -- Connection manager shut down
15:37:47.525 [main] DEBUG com.intuit.karate -- response time in milliseconds: 107
1 < 200
1 < Date: Fri, 16 Feb 2024 22:37:47 GMT
1 < Content-Type: application/json; charset=utf-8
1 < Transfer-Encoding: chunked
1 < Connection: keep-alive
1 < Report-To: {"group":"heroku-nel","max_age":3600,"endpoints":[{"url":"https://nel.heroku.com/reports?ts=1708018926&sid=c4c9725f-1ab0-44d8-820f-430df2718e11&s=xPWFPEBcBKXZbiZk0rM4LZaRsVTdlqZcMeFs3F4duPA%3D"}]}
1 < Reporting-Endpoints: heroku-nel=https://nel.heroku.com/reports?ts=1708018926&sid=c4c9725f-1ab0-44d8-820f-430df2718e11&s=xPWFPEBcBKXZbiZk0rM4LZaRsVTdlqZcMeFs3F4duPA%3D
1 < Nel: {"report_to":"heroku-nel","max_age":3600,"success_fraction":0.005,"failure_fraction":0.05,"response_headers":["Via"]}
1 < X-Powered-By: Express
1 < Access-Control-Allow-Origin: *
1 < Etag: W/"406-ut0vzoCuidvyMf8arZpMpJ6ZRDw"
1 < Via: 1.1 vegur
1 < Cache-Control: max-age=14400
1 < CF-Cache-Status: HIT
1 < Age: 582
1 < Vary: Accept-Encoding
1 < Server: cloudflare
1 < CF-RAY: 856946f2bb2251e2-DEN
{"page":2,"per_page":6,"total":12,"total_pages":2,"data":[{"id":7,"email":"michael.lawson@reqres.in","first_name":"Michael","last_name":"Lawson","avatar":"https://reqres.in/img/faces/7-image.jpg"},{"id":8,"email":"lindsay.ferguson@reqres.in","first_name":"Lindsay","last_name":"Ferguson","avatar":"https://reqres.in/img/faces/8-image.jpg"},{"id":9,"email":"tobias.funke@reqres.in","first_name":"Tobias","last_name":"Funke","avatar":"https://reqres.in/img/faces/9-image.jpg"},{"id":10,"email":"byron.fields@reqres.in","first_name":"Byron","last_name":"Fields","avatar":"https://reqres.in/img/faces/10-image.jpg"},{"id":11,"email":"george.edwards@reqres.in","first_name":"George","last_name":"Edwards","avatar":"https://reqres.in/img/faces/11-image.jpg"},{"id":12,"email":"rachel.howell@reqres.in","first_name":"Rachel","last_name":"Howell","avatar":"https://reqres.in/img/faces/12-image.jpg"}],"support":{"url":"https://reqres.in/#support-heading","text":"To keep ReqRes free, contributions towards server costs are appreciated!"}}

15:37:47.534 [main] INFO com.intuit.karate -- [print] {
  "page": 2,
  "per_page": 6,
  "total": 12,
  "total_pages": 2,
  "data": [
    {
      "id": 7,
      "email": "michael.lawson@reqres.in",
      "first_name": "Michael",
      "last_name": "Lawson",
      "avatar": "https://reqres.in/img/faces/7-image.jpg"
    },
    {
      "id": 8,
      "email": "lindsay.ferguson@reqres.in",
      "first_name": "Lindsay",
      "last_name": "Ferguson",
      "avatar": "https://reqres.in/img/faces/8-image.jpg"
    },
    {
      "id": 9,
      "email": "tobias.funke@reqres.in",
      "first_name": "Tobias",
      "last_name": "Funke",
      "avatar": "https://reqres.in/img/faces/9-image.jpg"
    },
    {
      "id": 10,
      "email": "byron.fields@reqres.in",
      "first_name": "Byron",
      "last_name": "Fields",
      "avatar": "https://reqres.in/img/faces/10-image.jpg"
    },
    {
      "id": 11,
      "email": "george.edwards@reqres.in",
      "first_name": "George",
      "last_name": "Edwards",
      "avatar": "https://reqres.in/img/faces/11-image.jpg"
    },
    {
      "id": 12,
      "email": "rachel.howell@reqres.in",
      "first_name": "Rachel",
      "last_name": "Howell",
      "avatar": "https://reqres.in/img/faces/12-image.jpg"
    }
  ],
  "support": {
    "url": "https://reqres.in/#support-heading",
    "text": "To keep ReqRes free, contributions towards server costs are appreciated!"
  }
}
 
15:37:47.538 [main] INFO com.intuit.karate -- [print] 107 
15:37:47.540 [main] INFO com.intuit.karate -- [print] {
  "Date": [
    "Fri, 16 Feb 2024 22:37:47 GMT"
  ],
  "Content-Type": [
    "application/json; charset=utf-8"
  ],
  "Transfer-Encoding": [
    "chunked"
  ],
  "Connection": [
    "keep-alive"
  ],
  "Report-To": [
    "{\"group\":\"heroku-nel\",\"max_age\":3600,\"endpoints\":[{\"url\":\"https://nel.heroku.com/reports?ts=1708018926&sid=c4c9725f-1ab0-44d8-820f-430df2718e11&s=xPWFPEBcBKXZbiZk0rM4LZaRsVTdlqZcMeFs3F4duPA%3D\"}]}"
  ],
  "Reporting-Endpoints": [
    "heroku-nel=https://nel.heroku.com/reports?ts=1708018926&sid=c4c9725f-1ab0-44d8-820f-430df2718e11&s=xPWFPEBcBKXZbiZk0rM4LZaRsVTdlqZcMeFs3F4duPA%3D"
  ],
  "Nel": [
    "{\"report_to\":\"heroku-nel\",\"max_age\":3600,\"success_fraction\":0.005,\"failure_fraction\":0.05,\"response_headers\":[\"Via\"]}"
  ],
  "X-Powered-By": [
    "Express"
  ],
  "Access-Control-Allow-Origin": [
    "*"
  ],
  "Etag": [
    "W/\"406-ut0vzoCuidvyMf8arZpMpJ6ZRDw\""
  ],
  "Via": [
    "1.1 vegur"
  ],
  "Cache-Control": [
    "max-age=14400"
  ],
  "CF-Cache-Status": [
    "HIT"
  ],
  "Age": [
    "582"
  ],
  "Vary": [
    "Accept-Encoding"
  ],
  "Server": [
    "cloudflare"
  ],
  "CF-RAY": [
    "856946f2bb2251e2-DEN"
  ],
  "Set-Cookie": [
  ]
}
 
15:37:47.542 [main] INFO com.intuit.karate -- [print] {
}
 
]]></system-out>
  </testcase>
  <testcase name="[2:16] Verify second Get Request" classname="[Tests/get] Get request test" time="0.122">
    <system-out><![CDATA[15:37:47.563 [main] DEBUG org.apache.http.client.protocol.RequestAddCookies -- CookieSpec selected: karate
15:37:47.563 [main] DEBUG org.apache.http.client.protocol.RequestAuthCache -- Auth cache not set in the context
15:37:47.564 [main] DEBUG com.intuit.karate -- request:
1 > GET https://reqres.in/api/users%3Fpage=2
1 > Accept: application/json
1 > Host: reqres.in
1 > Connection: Keep-Alive
1 > User-Agent: Apache-HttpClient/4.5.14 (Java/21.0.1)
1 > Accept-Encoding: gzip,deflate


15:37:47.564 [main] DEBUG org.apache.http.impl.conn.PoolingHttpClientConnectionManager -- Connection request: [route: {s}->https://reqres.in:443][total available: 0; route allocated: 0 of 5; total allocated: 0 of 10]
15:37:47.564 [main] DEBUG org.apache.http.impl.conn.PoolingHttpClientConnectionManager -- Connection leased: [id: 2][route: {s}->https://reqres.in:443][total available: 0; route allocated: 1 of 5; total allocated: 1 of 10]
15:37:47.564 [main] DEBUG org.apache.http.impl.execchain.MainClientExec -- Opening connection {s}->https://reqres.in:443
15:37:47.565 [main] DEBUG org.apache.http.impl.conn.DefaultHttpClientConnectionOperator -- Connecting to reqres.in/172.67.73.173:443
15:37:47.565 [main] DEBUG org.apache.http.conn.ssl.SSLConnectionSocketFactory -- Connecting socket to reqres.in/172.67.73.173:443 with timeout 30000
15:37:47.587 [main] DEBUG org.apache.http.conn.ssl.SSLConnectionSocketFactory -- Enabled protocols: [TLSv1.3, TLSv1.2]
15:37:47.587 [main] DEBUG org.apache.http.conn.ssl.SSLConnectionSocketFactory -- Enabled cipher suites:[TLS_AES_256_GCM_SHA384, TLS_AES_128_GCM_SHA256, TLS_CHACHA20_POLY1305_SHA256, TLS_ECDHE_ECDSA_WITH_AES_256_GCM_SHA384, TLS_ECDHE_ECDSA_WITH_AES_128_GCM_SHA256, TLS_ECDHE_ECDSA_WITH_CHACHA20_POLY1305_SHA256, TLS_ECDHE_RSA_WITH_AES_256_GCM_SHA384, TLS_ECDHE_RSA_WITH_CHACHA20_POLY1305_SHA256, TLS_ECDHE_RSA_WITH_AES_128_GCM_SHA256, TLS_DHE_RSA_WITH_AES_256_GCM_SHA384, TLS_DHE_RSA_WITH_CHACHA20_POLY1305_SHA256, TLS_DHE_DSS_WITH_AES_256_GCM_SHA384, TLS_DHE_RSA_WITH_AES_128_GCM_SHA256, TLS_DHE_DSS_WITH_AES_128_GCM_SHA256, TLS_ECDHE_ECDSA_WITH_AES_256_CBC_SHA384, TLS_ECDHE_RSA_WITH_AES_256_CBC_SHA384, TLS_ECDHE_ECDSA_WITH_AES_128_CBC_SHA256, TLS_ECDHE_RSA_WITH_AES_128_CBC_SHA256, TLS_DHE_RSA_WITH_AES_256_CBC_SHA256, TLS_DHE_DSS_WITH_AES_256_CBC_SHA256, TLS_DHE_RSA_WITH_AES_128_CBC_SHA256, TLS_DHE_DSS_WITH_AES_128_CBC_SHA256, TLS_ECDHE_ECDSA_WITH_AES_256_CBC_SHA, TLS_ECDHE_RSA_WITH_AES_256_CBC_SHA, TLS_ECDHE_ECDSA_WITH_AES_128_CBC_SHA, TLS_ECDHE_RSA_WITH_AES_128_CBC_SHA, TLS_DHE_RSA_WITH_AES_256_CBC_SHA, TLS_DHE_DSS_WITH_AES_256_CBC_SHA, TLS_DHE_RSA_WITH_AES_128_CBC_SHA, TLS_DHE_DSS_WITH_AES_128_CBC_SHA, TLS_RSA_WITH_AES_256_GCM_SHA384, TLS_RSA_WITH_AES_128_GCM_SHA256, TLS_RSA_WITH_AES_256_CBC_SHA256, TLS_RSA_WITH_AES_128_CBC_SHA256, TLS_RSA_WITH_AES_256_CBC_SHA, TLS_RSA_WITH_AES_128_CBC_SHA, TLS_EMPTY_RENEGOTIATION_INFO_SCSV]
15:37:47.587 [main] DEBUG org.apache.http.conn.ssl.SSLConnectionSocketFactory -- Starting handshake
15:37:47.624 [main] DEBUG org.apache.http.conn.ssl.SSLConnectionSocketFactory -- Secure session established
15:37:47.624 [main] DEBUG org.apache.http.conn.ssl.SSLConnectionSocketFactory --  negotiated protocol: TLSv1.3
15:37:47.624 [main] DEBUG org.apache.http.conn.ssl.SSLConnectionSocketFactory --  negotiated cipher suite: TLS_AES_256_GCM_SHA384
15:37:47.625 [main] DEBUG org.apache.http.conn.ssl.SSLConnectionSocketFactory --  peer principal: CN=sni.cloudflaressl.com, O="Cloudflare, Inc.", L=San Francisco, ST=California, C=US
15:37:47.625 [main] DEBUG org.apache.http.conn.ssl.SSLConnectionSocketFactory --  peer alternative names: [reqres.in, *.reqres.in, sni.cloudflaressl.com]
15:37:47.625 [main] DEBUG org.apache.http.conn.ssl.SSLConnectionSocketFactory --  issuer principal: CN=Cloudflare Inc ECC CA-3, O="Cloudflare, Inc.", C=US
15:37:47.625 [main] DEBUG org.apache.http.impl.conn.DefaultHttpClientConnectionOperator -- Connection established 192.168.68.104:55151<->172.67.73.173:443
15:37:47.625 [main] DEBUG org.apache.http.impl.conn.DefaultManagedHttpClientConnection -- http-outgoing-2: set socket timeout to 30000
15:37:47.625 [main] DEBUG org.apache.http.impl.execchain.MainClientExec -- Executing request GET /api/users%3Fpage=2 HTTP/1.1
15:37:47.625 [main] DEBUG org.apache.http.impl.execchain.MainClientExec -- Target auth state: UNCHALLENGED
15:37:47.625 [main] DEBUG org.apache.http.impl.execchain.MainClientExec -- Proxy auth state: UNCHALLENGED
15:37:47.626 [main] DEBUG org.apache.http.headers -- http-outgoing-2 >> GET /api/users%3Fpage=2 HTTP/1.1
15:37:47.626 [main] DEBUG org.apache.http.headers -- http-outgoing-2 >> Accept: application/json
15:37:47.626 [main] DEBUG org.apache.http.headers -- http-outgoing-2 >> Host: reqres.in
15:37:47.626 [main] DEBUG org.apache.http.headers -- http-outgoing-2 >> Connection: Keep-Alive
15:37:47.626 [main] DEBUG org.apache.http.headers -- http-outgoing-2 >> User-Agent: Apache-HttpClient/4.5.14 (Java/21.0.1)
15:37:47.626 [main] DEBUG org.apache.http.headers -- http-outgoing-2 >> Accept-Encoding: gzip,deflate
15:37:47.626 [main] DEBUG org.apache.http.wire -- http-outgoing-2 >> "GET /api/users%3Fpage=2 HTTP/1.1[\r][\n]"
15:37:47.626 [main] DEBUG org.apache.http.wire -- http-outgoing-2 >> "Accept: application/json[\r][\n]"
15:37:47.626 [main] DEBUG org.apache.http.wire -- http-outgoing-2 >> "Host: reqres.in[\r][\n]"
15:37:47.626 [main] DEBUG org.apache.http.wire -- http-outgoing-2 >> "Connection: Keep-Alive[\r][\n]"
15:37:47.627 [main] DEBUG org.apache.http.wire -- http-outgoing-2 >> "User-Agent: Apache-HttpClient/4.5.14 (Java/21.0.1)[\r][\n]"
15:37:47.627 [main] DEBUG org.apache.http.wire -- http-outgoing-2 >> "Accept-Encoding: gzip,deflate[\r][\n]"
15:37:47.627 [main] DEBUG org.apache.http.wire -- http-outgoing-2 >> "[\r][\n]"
15:37:47.659 [main] DEBUG org.apache.http.wire -- http-outgoing-2 << "HTTP/1.1 200 OK[\r][\n]"
15:37:47.660 [main] DEBUG org.apache.http.wire -- http-outgoing-2 << "Date: Fri, 16 Feb 2024 22:37:47 GMT[\r][\n]"
15:37:47.660 [main] DEBUG org.apache.http.wire -- http-outgoing-2 << "Content-Type: application/json; charset=utf-8[\r][\n]"
15:37:47.660 [main] DEBUG org.apache.http.wire -- http-outgoing-2 << "Transfer-Encoding: chunked[\r][\n]"
15:37:47.660 [main] DEBUG org.apache.http.wire -- http-outgoing-2 << "Connection: keep-alive[\r][\n]"
15:37:47.660 [main] DEBUG org.apache.http.wire -- http-outgoing-2 << "Report-To: {"group":"heroku-nel","max_age":3600,"endpoints":[{"url":"https://nel.heroku.com/reports?ts=1708033594&sid=c4c9725f-1ab0-44d8-820f-430df2718e11&s=JbT5k2lmx8%2FIGjX0wENJFeLFIlMMMVy0askVx4nKd64%3D"}]}[\r][\n]"
15:37:47.660 [main] DEBUG org.apache.http.wire -- http-outgoing-2 << "Reporting-Endpoints: heroku-nel=https://nel.heroku.com/reports?ts=1708033594&sid=c4c9725f-1ab0-44d8-820f-430df2718e11&s=JbT5k2lmx8%2FIGjX0wENJFeLFIlMMMVy0askVx4nKd64%3D[\r][\n]"
15:37:47.660 [main] DEBUG org.apache.http.wire -- http-outgoing-2 << "Nel: {"report_to":"heroku-nel","max_age":3600,"success_fraction":0.005,"failure_fraction":0.05,"response_headers":["Via"]}[\r][\n]"
15:37:47.660 [main] DEBUG org.apache.http.wire -- http-outgoing-2 << "X-Powered-By: Express[\r][\n]"
15:37:47.661 [main] DEBUG org.apache.http.wire -- http-outgoing-2 << "Access-Control-Allow-Origin: *[\r][\n]"
15:37:47.661 [main] DEBUG org.apache.http.wire -- http-outgoing-2 << "Etag: W/"2c1-N6Rqerxquq2kgQhL51EiSg4x0R8"[\r][\n]"
15:37:47.661 [main] DEBUG org.apache.http.wire -- http-outgoing-2 << "Via: 1.1 vegur[\r][\n]"
15:37:47.661 [main] DEBUG org.apache.http.wire -- http-outgoing-2 << "Cache-Control: max-age=14400[\r][\n]"
15:37:47.661 [main] DEBUG org.apache.http.wire -- http-outgoing-2 << "CF-Cache-Status: HIT[\r][\n]"
15:37:47.661 [main] DEBUG org.apache.http.wire -- http-outgoing-2 << "Age: 581[\r][\n]"
15:37:47.661 [main] DEBUG org.apache.http.wire -- http-outgoing-2 << "Vary: Accept-Encoding[\r][\n]"
15:37:47.661 [main] DEBUG org.apache.http.wire -- http-outgoing-2 << "Server: cloudflare[\r][\n]"
15:37:47.661 [main] DEBUG org.apache.http.wire -- http-outgoing-2 << "CF-RAY: 856946f398487b36-DEN[\r][\n]"
15:37:47.662 [main] DEBUG org.apache.http.wire -- http-outgoing-2 << "Content-Encoding: gzip[\r][\n]"
15:37:47.662 [main] DEBUG org.apache.http.wire -- http-outgoing-2 << "[\r][\n]"
15:37:47.662 [main] DEBUG org.apache.http.wire -- http-outgoing-2 << "170[\r][\n]"
15:37:47.662 [main] DEBUG org.apache.http.wire -- http-outgoing-2 << "[0x1f][0x8b][0x8][0x0][0x0][0x0][0x0][0x0][0x0][0x3]m[0xd1][0xcd]n[0xdb]0[0xc][0x7][0xf0]W[0xd1][0xd8][0xab][0xbc]X[0xb2]l'[0xba]5Y[0xf6][0x0]Eo[0xc5]P[0xb0]6[0x9b][0x8][0xf5],[0x85][0x92][0xba][0x15]A[0xde][0xbd][0xe8][0x7]\[0x17][0xf0]M[0x82][0xf8][0xff][0x81][0x14][0xcf][0x10][0xf0]@`[0x95][0x84]@|[0xff]qi$$[0x9f]p[0x0][0xab][0xf4][0xe7][0xf1][0xfd]%[0x82][0xd5][0x12]zL[0x8][0xf6][0xee][0xc][0xae][0xcf][0x8d][0xf8][0x97][0xc0]BG[0x9c][0x7][0xc2][0x11]$[0xbc][0x10]2X][0x96][0xa5][0x84][0xce][0xf][0x9e][0xc1][0xc2][0xd5]f[0xbd][0xd5][0xbf][0x14]H[0x8]8&?[0xd2][0xfd]3[0xe][0xf9]-[0xa8][0xea][0xc2][0x94][0xba][0x84][0x8b][0xfc] [0xf5]D>[0xe6][0xee][0x18][0x1d][\n]"
15:37:47.662 [main] DEBUG org.apache.http.wire -- http-outgoing-2 << "[0xf6][0x91][0xe6][0xac][0x9a][0xb1][0xbb][0xd6]Tm[0xbd][0xc4][0xb6][0x85].+5[0xb1][0xd5][0xc4]&[0xce]$[0x98][0xfa]9[0xa9]g[0xe4][0xf6][0xb7][0xda]Tz[0x89][0xdc][0x14][0xaa]i[0xcc]D[0x9a][0x89][0xc4]SF[0x11][0x9f]^[0xe6]d5#[0xdb][0xed][0xce][0xec][0xcc][0x12]i[\n]"
15:37:47.662 [main] DEBUG org.apache.http.wire -- http-outgoing-2 << "[0xb3]V_][0xd6]_][0xba][0x3][0xf1][0xe0][0x86]o[0xa6][0x99][0x99]{][0xaf][0xab][0xfd][0xf2][0xe4][0xca][0xd4][0xcd]d6[0x93][0xf9]0d[0x12])[0xf3]){[0xf7][0xfd]K[0xeb][0x19]\W[0xdb][0xf2]z[0xbf][0xbc][0xa9]Z[0xab][0x16].$[0xc4][0x1c][0x82][0xe7][0x4][0xf6][0xc][0x99][0x7][0xb0]pL)D[0xbb]Z1[0x9d][0x98][0xe2]O7[0xae][0xae]>k[0x8a]#a[0xef][0xc6][0x3]HH[0xf4]?[0x81][0x85][/[0x9e][0x88][0x82][0xb8][0xa1][0xd3][\r]E[0xf1][0xc8]DRt~L[0xec][0x1e]rr~[0x8c]"[0xf9][0xc8]}[0x14][0x91][0xf8][0x99]Xt>[0xa6]([0x90]I`[0x8]L[0x9d][0xc3]D[0xfd][0xf][0xb8]\^[0x1]0[0x9f][0xa1]R[0xc1][0x2][0x0][0x0][\r][\n]"
15:37:47.663 [main] DEBUG org.apache.http.headers -- http-outgoing-2 << HTTP/1.1 200 OK
15:37:47.663 [main] DEBUG org.apache.http.headers -- http-outgoing-2 << Date: Fri, 16 Feb 2024 22:37:47 GMT
15:37:47.663 [main] DEBUG org.apache.http.headers -- http-outgoing-2 << Content-Type: application/json; charset=utf-8
15:37:47.663 [main] DEBUG org.apache.http.headers -- http-outgoing-2 << Transfer-Encoding: chunked
15:37:47.663 [main] DEBUG org.apache.http.headers -- http-outgoing-2 << Connection: keep-alive
15:37:47.663 [main] DEBUG org.apache.http.headers -- http-outgoing-2 << Report-To: {"group":"heroku-nel","max_age":3600,"endpoints":[{"url":"https://nel.heroku.com/reports?ts=1708033594&sid=c4c9725f-1ab0-44d8-820f-430df2718e11&s=JbT5k2lmx8%2FIGjX0wENJFeLFIlMMMVy0askVx4nKd64%3D"}]}
15:37:47.663 [main] DEBUG org.apache.http.headers -- http-outgoing-2 << Reporting-Endpoints: heroku-nel=https://nel.heroku.com/reports?ts=1708033594&sid=c4c9725f-1ab0-44d8-820f-430df2718e11&s=JbT5k2lmx8%2FIGjX0wENJFeLFIlMMMVy0askVx4nKd64%3D
15:37:47.663 [main] DEBUG org.apache.http.headers -- http-outgoing-2 << Nel: {"report_to":"heroku-nel","max_age":3600,"success_fraction":0.005,"failure_fraction":0.05,"response_headers":["Via"]}
15:37:47.663 [main] DEBUG org.apache.http.headers -- http-outgoing-2 << X-Powered-By: Express
15:37:47.663 [main] DEBUG org.apache.http.headers -- http-outgoing-2 << Access-Control-Allow-Origin: *
15:37:47.663 [main] DEBUG org.apache.http.headers -- http-outgoing-2 << Etag: W/"2c1-N6Rqerxquq2kgQhL51EiSg4x0R8"
15:37:47.663 [main] DEBUG org.apache.http.headers -- http-outgoing-2 << Via: 1.1 vegur
15:37:47.663 [main] DEBUG org.apache.http.headers -- http-outgoing-2 << Cache-Control: max-age=14400
15:37:47.664 [main] DEBUG org.apache.http.headers -- http-outgoing-2 << CF-Cache-Status: HIT
15:37:47.664 [main] DEBUG org.apache.http.headers -- http-outgoing-2 << Age: 581
15:37:47.664 [main] DEBUG org.apache.http.headers -- http-outgoing-2 << Vary: Accept-Encoding
15:37:47.664 [main] DEBUG org.apache.http.headers -- http-outgoing-2 << Server: cloudflare
15:37:47.664 [main] DEBUG org.apache.http.headers -- http-outgoing-2 << CF-RAY: 856946f398487b36-DEN
15:37:47.664 [main] DEBUG org.apache.http.headers -- http-outgoing-2 << Content-Encoding: gzip
15:37:47.664 [main] DEBUG org.apache.http.impl.execchain.MainClientExec -- Connection can be kept alive indefinitely
15:37:47.664 [main] DEBUG org.apache.http.impl.conn.DefaultManagedHttpClientConnection -- http-outgoing-2: Close connection
15:37:47.665 [main] DEBUG org.apache.http.impl.execchain.MainClientExec -- Connection discarded
15:37:47.666 [main] DEBUG org.apache.http.impl.conn.PoolingHttpClientConnectionManager -- Connection released: [id: 2][route: {s}->https://reqres.in:443][total available: 0; route allocated: 0 of 5; total allocated: 0 of 10]
15:37:47.666 [main] DEBUG org.apache.http.impl.conn.PoolingHttpClientConnectionManager -- Connection manager is shutting down
15:37:47.666 [main] DEBUG org.apache.http.impl.conn.PoolingHttpClientConnectionManager -- Connection manager shut down
15:37:47.666 [main] DEBUG com.intuit.karate -- response time in milliseconds: 100
1 < 200
1 < Date: Fri, 16 Feb 2024 22:37:47 GMT
1 < Content-Type: application/json; charset=utf-8
1 < Transfer-Encoding: chunked
1 < Connection: keep-alive
1 < Report-To: {"group":"heroku-nel","max_age":3600,"endpoints":[{"url":"https://nel.heroku.com/reports?ts=1708033594&sid=c4c9725f-1ab0-44d8-820f-430df2718e11&s=JbT5k2lmx8%2FIGjX0wENJFeLFIlMMMVy0askVx4nKd64%3D"}]}
1 < Reporting-Endpoints: heroku-nel=https://nel.heroku.com/reports?ts=1708033594&sid=c4c9725f-1ab0-44d8-820f-430df2718e11&s=JbT5k2lmx8%2FIGjX0wENJFeLFIlMMMVy0askVx4nKd64%3D
1 < Nel: {"report_to":"heroku-nel","max_age":3600,"success_fraction":0.005,"failure_fraction":0.05,"response_headers":["Via"]}
1 < X-Powered-By: Express
1 < Access-Control-Allow-Origin: *
1 < Etag: W/"2c1-N6Rqerxquq2kgQhL51EiSg4x0R8"
1 < Via: 1.1 vegur
1 < Cache-Control: max-age=14400
1 < CF-Cache-Status: HIT
1 < Age: 581
1 < Vary: Accept-Encoding
1 < Server: cloudflare
1 < CF-RAY: 856946f398487b36-DEN
{"page":1,"per_page":6,"total":12,"total_pages":2,"data":[{"id":1,"name":"cerulean","year":2000,"color":"#98B2D1","pantone_value":"15-4020"},{"id":2,"name":"fuchsia rose","year":2001,"color":"#C74375","pantone_value":"17-2031"},{"id":3,"name":"true red","year":2002,"color":"#BF1932","pantone_value":"19-1664"},{"id":4,"name":"aqua sky","year":2003,"color":"#7BC4C4","pantone_value":"14-4811"},{"id":5,"name":"tigerlily","year":2004,"color":"#E2583E","pantone_value":"17-1456"},{"id":6,"name":"blue turquoise","year":2005,"color":"#53B0AE","pantone_value":"15-5217"}],"support":{"url":"https://reqres.in/#support-heading","text":"To keep ReqRes free, contributions towards server costs are appreciated!"}}

15:37:47.669 [main] INFO com.intuit.karate -- [print] {
  "page": 1,
  "per_page": 6,
  "total": 12,
  "total_pages": 2,
  "data": [
    {
      "id": 1,
      "name": "cerulean",
      "year": 2000,
      "color": "#98B2D1",
      "pantone_value": "15-4020"
    },
    {
      "id": 2,
      "name": "fuchsia rose",
      "year": 2001,
      "color": "#C74375",
      "pantone_value": "17-2031"
    },
    {
      "id": 3,
      "name": "true red",
      "year": 2002,
      "color": "#BF1932",
      "pantone_value": "19-1664"
    },
    {
      "id": 4,
      "name": "aqua sky",
      "year": 2003,
      "color": "#7BC4C4",
      "pantone_value": "14-4811"
    },
    {
      "id": 5,
      "name": "tigerlily",
      "year": 2004,
      "color": "#E2583E",
      "pantone_value": "17-1456"
    },
    {
      "id": 6,
      "name": "blue turquoise",
      "year": 2005,
      "color": "#53B0AE",
      "pantone_value": "15-5217"
    }
  ],
  "support": {
    "url": "https://reqres.in/#support-heading",
    "text": "To keep ReqRes free, contributions towards server costs are appreciated!"
  }
}
 
]]></system-out>
  </testcase>
  <testcase name="[3:22] Verify Third Get Request" classname="[Tests/get] Get request test" time="0.127">
    <system-out><![CDATA[15:37:47.695 [main] DEBUG org.apache.http.client.protocol.RequestAddCookies -- CookieSpec selected: karate
15:37:47.696 [main] DEBUG org.apache.http.client.protocol.RequestAuthCache -- Auth cache not set in the context
15:37:47.696 [main] DEBUG com.intuit.karate -- request:
1 > GET https://reqres.in/api/users%3F?page=2
1 > Accept: application/json
1 > Host: reqres.in
1 > Connection: Keep-Alive
1 > User-Agent: Apache-HttpClient/4.5.14 (Java/21.0.1)
1 > Accept-Encoding: gzip,deflate


15:37:47.697 [main] DEBUG org.apache.http.impl.conn.PoolingHttpClientConnectionManager -- Connection request: [route: {s}->https://reqres.in:443][total available: 0; route allocated: 0 of 5; total allocated: 0 of 10]
15:37:47.697 [main] DEBUG org.apache.http.impl.conn.PoolingHttpClientConnectionManager -- Connection leased: [id: 3][route: {s}->https://reqres.in:443][total available: 0; route allocated: 1 of 5; total allocated: 1 of 10]
15:37:47.697 [main] DEBUG org.apache.http.impl.execchain.MainClientExec -- Opening connection {s}->https://reqres.in:443
15:37:47.698 [main] DEBUG org.apache.http.impl.conn.DefaultHttpClientConnectionOperator -- Connecting to reqres.in/172.67.73.173:443
15:37:47.698 [main] DEBUG org.apache.http.conn.ssl.SSLConnectionSocketFactory -- Connecting socket to reqres.in/172.67.73.173:443 with timeout 30000
15:37:47.723 [main] DEBUG org.apache.http.conn.ssl.SSLConnectionSocketFactory -- Enabled protocols: [TLSv1.3, TLSv1.2]
15:37:47.723 [main] DEBUG org.apache.http.conn.ssl.SSLConnectionSocketFactory -- Enabled cipher suites:[TLS_AES_256_GCM_SHA384, TLS_AES_128_GCM_SHA256, TLS_CHACHA20_POLY1305_SHA256, TLS_ECDHE_ECDSA_WITH_AES_256_GCM_SHA384, TLS_ECDHE_ECDSA_WITH_AES_128_GCM_SHA256, TLS_ECDHE_ECDSA_WITH_CHACHA20_POLY1305_SHA256, TLS_ECDHE_RSA_WITH_AES_256_GCM_SHA384, TLS_ECDHE_RSA_WITH_CHACHA20_POLY1305_SHA256, TLS_ECDHE_RSA_WITH_AES_128_GCM_SHA256, TLS_DHE_RSA_WITH_AES_256_GCM_SHA384, TLS_DHE_RSA_WITH_CHACHA20_POLY1305_SHA256, TLS_DHE_DSS_WITH_AES_256_GCM_SHA384, TLS_DHE_RSA_WITH_AES_128_GCM_SHA256, TLS_DHE_DSS_WITH_AES_128_GCM_SHA256, TLS_ECDHE_ECDSA_WITH_AES_256_CBC_SHA384, TLS_ECDHE_RSA_WITH_AES_256_CBC_SHA384, TLS_ECDHE_ECDSA_WITH_AES_128_CBC_SHA256, TLS_ECDHE_RSA_WITH_AES_128_CBC_SHA256, TLS_DHE_RSA_WITH_AES_256_CBC_SHA256, TLS_DHE_DSS_WITH_AES_256_CBC_SHA256, TLS_DHE_RSA_WITH_AES_128_CBC_SHA256, TLS_DHE_DSS_WITH_AES_128_CBC_SHA256, TLS_ECDHE_ECDSA_WITH_AES_256_CBC_SHA, TLS_ECDHE_RSA_WITH_AES_256_CBC_SHA, TLS_ECDHE_ECDSA_WITH_AES_128_CBC_SHA, TLS_ECDHE_RSA_WITH_AES_128_CBC_SHA, TLS_DHE_RSA_WITH_AES_256_CBC_SHA, TLS_DHE_DSS_WITH_AES_256_CBC_SHA, TLS_DHE_RSA_WITH_AES_128_CBC_SHA, TLS_DHE_DSS_WITH_AES_128_CBC_SHA, TLS_RSA_WITH_AES_256_GCM_SHA384, TLS_RSA_WITH_AES_128_GCM_SHA256, TLS_RSA_WITH_AES_256_CBC_SHA256, TLS_RSA_WITH_AES_128_CBC_SHA256, TLS_RSA_WITH_AES_256_CBC_SHA, TLS_RSA_WITH_AES_128_CBC_SHA, TLS_EMPTY_RENEGOTIATION_INFO_SCSV]
15:37:47.723 [main] DEBUG org.apache.http.conn.ssl.SSLConnectionSocketFactory -- Starting handshake
15:37:47.757 [main] DEBUG org.apache.http.conn.ssl.SSLConnectionSocketFactory -- Secure session established
15:37:47.758 [main] DEBUG org.apache.http.conn.ssl.SSLConnectionSocketFactory --  negotiated protocol: TLSv1.3
15:37:47.758 [main] DEBUG org.apache.http.conn.ssl.SSLConnectionSocketFactory --  negotiated cipher suite: TLS_AES_256_GCM_SHA384
15:37:47.758 [main] DEBUG org.apache.http.conn.ssl.SSLConnectionSocketFactory --  peer principal: CN=sni.cloudflaressl.com, O="Cloudflare, Inc.", L=San Francisco, ST=California, C=US
15:37:47.758 [main] DEBUG org.apache.http.conn.ssl.SSLConnectionSocketFactory --  peer alternative names: [reqres.in, *.reqres.in, sni.cloudflaressl.com]
15:37:47.758 [main] DEBUG org.apache.http.conn.ssl.SSLConnectionSocketFactory --  issuer principal: CN=Cloudflare Inc ECC CA-3, O="Cloudflare, Inc.", C=US
15:37:47.758 [main] DEBUG org.apache.http.impl.conn.DefaultHttpClientConnectionOperator -- Connection established 192.168.68.104:55152<->172.67.73.173:443
15:37:47.758 [main] DEBUG org.apache.http.impl.conn.DefaultManagedHttpClientConnection -- http-outgoing-3: set socket timeout to 30000
15:37:47.758 [main] DEBUG org.apache.http.impl.execchain.MainClientExec -- Executing request GET /api/users%3F?page=2 HTTP/1.1
15:37:47.758 [main] DEBUG org.apache.http.impl.execchain.MainClientExec -- Target auth state: UNCHALLENGED
15:37:47.758 [main] DEBUG org.apache.http.impl.execchain.MainClientExec -- Proxy auth state: UNCHALLENGED
15:37:47.759 [main] DEBUG org.apache.http.headers -- http-outgoing-3 >> GET /api/users%3F?page=2 HTTP/1.1
15:37:47.759 [main] DEBUG org.apache.http.headers -- http-outgoing-3 >> Accept: application/json
15:37:47.759 [main] DEBUG org.apache.http.headers -- http-outgoing-3 >> Host: reqres.in
15:37:47.759 [main] DEBUG org.apache.http.headers -- http-outgoing-3 >> Connection: Keep-Alive
15:37:47.759 [main] DEBUG org.apache.http.headers -- http-outgoing-3 >> User-Agent: Apache-HttpClient/4.5.14 (Java/21.0.1)
15:37:47.759 [main] DEBUG org.apache.http.headers -- http-outgoing-3 >> Accept-Encoding: gzip,deflate
15:37:47.759 [main] DEBUG org.apache.http.wire -- http-outgoing-3 >> "GET /api/users%3F?page=2 HTTP/1.1[\r][\n]"
15:37:47.759 [main] DEBUG org.apache.http.wire -- http-outgoing-3 >> "Accept: application/json[\r][\n]"
15:37:47.759 [main] DEBUG org.apache.http.wire -- http-outgoing-3 >> "Host: reqres.in[\r][\n]"
15:37:47.759 [main] DEBUG org.apache.http.wire -- http-outgoing-3 >> "Connection: Keep-Alive[\r][\n]"
15:37:47.759 [main] DEBUG org.apache.http.wire -- http-outgoing-3 >> "User-Agent: Apache-HttpClient/4.5.14 (Java/21.0.1)[\r][\n]"
15:37:47.760 [main] DEBUG org.apache.http.wire -- http-outgoing-3 >> "Accept-Encoding: gzip,deflate[\r][\n]"
15:37:47.760 [main] DEBUG org.apache.http.wire -- http-outgoing-3 >> "[\r][\n]"
15:37:47.790 [main] DEBUG org.apache.http.wire -- http-outgoing-3 << "HTTP/1.1 200 OK[\r][\n]"
15:37:47.791 [main] DEBUG org.apache.http.wire -- http-outgoing-3 << "Date: Fri, 16 Feb 2024 22:37:47 GMT[\r][\n]"
15:37:47.791 [main] DEBUG org.apache.http.wire -- http-outgoing-3 << "Content-Type: application/json; charset=utf-8[\r][\n]"
15:37:47.791 [main] DEBUG org.apache.http.wire -- http-outgoing-3 << "Transfer-Encoding: chunked[\r][\n]"
15:37:47.791 [main] DEBUG org.apache.http.wire -- http-outgoing-3 << "Connection: keep-alive[\r][\n]"
15:37:47.791 [main] DEBUG org.apache.http.wire -- http-outgoing-3 << "Report-To: {"group":"heroku-nel","max_age":3600,"endpoints":[{"url":"https://nel.heroku.com/reports?ts=1708033918&sid=c4c9725f-1ab0-44d8-820f-430df2718e11&s=itscEA2qhEivBsZEACzg73lXH066NH701MhVqMoH7sY%3D"}]}[\r][\n]"
15:37:47.791 [main] DEBUG org.apache.http.wire -- http-outgoing-3 << "Reporting-Endpoints: heroku-nel=https://nel.heroku.com/reports?ts=1708033918&sid=c4c9725f-1ab0-44d8-820f-430df2718e11&s=itscEA2qhEivBsZEACzg73lXH066NH701MhVqMoH7sY%3D[\r][\n]"
15:37:47.792 [main] DEBUG org.apache.http.wire -- http-outgoing-3 << "Nel: {"report_to":"heroku-nel","max_age":3600,"success_fraction":0.005,"failure_fraction":0.05,"response_headers":["Via"]}[\r][\n]"
15:37:47.792 [main] DEBUG org.apache.http.wire -- http-outgoing-3 << "X-Powered-By: Express[\r][\n]"
15:37:47.792 [main] DEBUG org.apache.http.wire -- http-outgoing-3 << "Access-Control-Allow-Origin: *[\r][\n]"
15:37:47.792 [main] DEBUG org.apache.http.wire -- http-outgoing-3 << "Etag: W/"2c3-xEr0SjJUDYJR0qVFNJByQ5ZcdPc"[\r][\n]"
15:37:47.792 [main] DEBUG org.apache.http.wire -- http-outgoing-3 << "Via: 1.1 vegur[\r][\n]"
15:37:47.792 [main] DEBUG org.apache.http.wire -- http-outgoing-3 << "Cache-Control: max-age=14400[\r][\n]"
15:37:47.792 [main] DEBUG org.apache.http.wire -- http-outgoing-3 << "CF-Cache-Status: HIT[\r][\n]"
15:37:47.792 [main] DEBUG org.apache.http.wire -- http-outgoing-3 << "Age: 581[\r][\n]"
15:37:47.792 [main] DEBUG org.apache.http.wire -- http-outgoing-3 << "Vary: Accept-Encoding[\r][\n]"
15:37:47.793 [main] DEBUG org.apache.http.wire -- http-outgoing-3 << "Server: cloudflare[\r][\n]"
15:37:47.793 [main] DEBUG org.apache.http.wire -- http-outgoing-3 << "CF-RAY: 856946f46d5b538a-DEN[\r][\n]"
15:37:47.793 [main] DEBUG org.apache.http.wire -- http-outgoing-3 << "Content-Encoding: gzip[\r][\n]"
15:37:47.793 [main] DEBUG org.apache.http.wire -- http-outgoing-3 << "[\r][\n]"
15:37:47.793 [main] DEBUG org.apache.http.wire -- http-outgoing-3 << "170[\r][\n]"
15:37:47.793 [main] DEBUG org.apache.http.wire -- http-outgoing-3 << "[0x1f][0x8b][0x8][0x0][0x0][0x0][0x0][0x0][0x0][0x3]m[0xd1][0xdd]N[0xeb]0[0xc][0x0][0xe0]W[0x9][0xe6]6=K[0xba]fks[0xb7][0x2]{[0x0][0xc4][0x1d]:B[0xa1]5,"K2'[0xe5]G[0xd3][0xde][0x1d][\r]P)R[0xef]l[0xd9][0xfe],[0xcb]G[0x88][0xe6][0x19]A[0x97][0x1c]"[0xd2][0xc3]w[0xb2][0xe2][0x90]C6[0xe][0xb4],[0xc2][0xaf]J[0xfa][0xea][0xeb]M6[0xa0][0xef][0x8f]`{[0xd0]k[0xe][0xde][0xec][0x11]4$[0xe3]{[0xd6][0x7][0xe7][0xc][0x1][0x87][0xf]4[0x4][0xba][0x14]b[0xc5][0xa1][0xb].[0x10]h[0xb8][0xbc][0xbe][0xb9][0xba]no[0x80]C4>[0x7][0x8f][0xf][0xaf][0xc6][\r][0xe7]Y[0xb9],[0xa4][0x14]+8[0xf1]o[0xb5][0x1e][0xd5]ng[0x9d]e[0x11]c[0xc4]?[0xec]z[0xc2]6[0xad]l[0x97]b[0x8e]m[\n]"
15:37:47.793 [main] DEBUG org.apache.http.wire -- http-outgoing-3 << "[0xa9][0xd4]zd[0x9b][0x91]}t[0x3]2K6M[0xcd]zb[0xaa][0x8d]j[0x9b][0xed][0x9c]Y[0x17][0xcb][0xa6]Z[0x8e][0xa6][0x14]#[0xba][0xb7][0xfb][0x90][0xcc]Tl&[0xe2]V\[0x9][0xb5][0x99][0x13][0xab]B[0xd4]U[0xfd]+[0xca]Q[0xcc][0x3][0x1d][0x86]`[0x13]N[0xd0][0xf3][0xc2][0x11][0xad]T[0xab]6[0xb3][0xa8]*[0x94][0x92][0xcd]/Z[0x8e][0xe8].x[0xfc]HC[0xf7][0xe2][0xfe][0xb0]r[0xfa][0xa8][0xa6][0xda][0xae][0xc5][0xfc][0xf5][0xa5],[0x5][0x9c][0xfe]sHC[0x8c][0x81]2[0xe8]#[0xc][0xe4][0xce]p[0xce]1[0xe9][0xc5][0x82][0xf0]@[0x98][0xfe]Y[0xbf][0xb8][0xfc][0xe9])vhz[0xeb][0x9f][0x81]C[0xc6][0xf7][0xc][0x1a][0xee][0x2]{A[0x8c][0xec][0x16][0xf][0xb7][0x98][0xd8][0x13]!r[0xd6][0x5][0x9f][0xc9]>[0xe][0xd9][0x6][0x9f]X[0xe]o[0x86][0xfa][0xc4][0x12][0xd2]+[0x12][0xeb]B[0xca][0x89][0x19]Bfb$[0xec][0xac][0xc9][0xd8]_[0xc0][0xe9][0xf4][0x9]d[0xd4][0xbd][0x9a][0xc3][0x2][0x0][0x0][\r][\n]"
15:37:47.794 [main] DEBUG org.apache.http.headers -- http-outgoing-3 << HTTP/1.1 200 OK
15:37:47.794 [main] DEBUG org.apache.http.headers -- http-outgoing-3 << Date: Fri, 16 Feb 2024 22:37:47 GMT
15:37:47.794 [main] DEBUG org.apache.http.headers -- http-outgoing-3 << Content-Type: application/json; charset=utf-8
15:37:47.794 [main] DEBUG org.apache.http.headers -- http-outgoing-3 << Transfer-Encoding: chunked
15:37:47.794 [main] DEBUG org.apache.http.headers -- http-outgoing-3 << Connection: keep-alive
15:37:47.794 [main] DEBUG org.apache.http.headers -- http-outgoing-3 << Report-To: {"group":"heroku-nel","max_age":3600,"endpoints":[{"url":"https://nel.heroku.com/reports?ts=1708033918&sid=c4c9725f-1ab0-44d8-820f-430df2718e11&s=itscEA2qhEivBsZEACzg73lXH066NH701MhVqMoH7sY%3D"}]}
15:37:47.795 [main] DEBUG org.apache.http.headers -- http-outgoing-3 << Reporting-Endpoints: heroku-nel=https://nel.heroku.com/reports?ts=1708033918&sid=c4c9725f-1ab0-44d8-820f-430df2718e11&s=itscEA2qhEivBsZEACzg73lXH066NH701MhVqMoH7sY%3D
15:37:47.795 [main] DEBUG org.apache.http.headers -- http-outgoing-3 << Nel: {"report_to":"heroku-nel","max_age":3600,"success_fraction":0.005,"failure_fraction":0.05,"response_headers":["Via"]}
15:37:47.795 [main] DEBUG org.apache.http.headers -- http-outgoing-3 << X-Powered-By: Express
15:37:47.795 [main] DEBUG org.apache.http.headers -- http-outgoing-3 << Access-Control-Allow-Origin: *
15:37:47.795 [main] DEBUG org.apache.http.headers -- http-outgoing-3 << Etag: W/"2c3-xEr0SjJUDYJR0qVFNJByQ5ZcdPc"
15:37:47.795 [main] DEBUG org.apache.http.headers -- http-outgoing-3 << Via: 1.1 vegur
15:37:47.795 [main] DEBUG org.apache.http.headers -- http-outgoing-3 << Cache-Control: max-age=14400
15:37:47.795 [main] DEBUG org.apache.http.headers -- http-outgoing-3 << CF-Cache-Status: HIT
15:37:47.795 [main] DEBUG org.apache.http.headers -- http-outgoing-3 << Age: 581
15:37:47.795 [main] DEBUG org.apache.http.headers -- http-outgoing-3 << Vary: Accept-Encoding
15:37:47.795 [main] DEBUG org.apache.http.headers -- http-outgoing-3 << Server: cloudflare
15:37:47.796 [main] DEBUG org.apache.http.headers -- http-outgoing-3 << CF-RAY: 856946f46d5b538a-DEN
15:37:47.796 [main] DEBUG org.apache.http.headers -- http-outgoing-3 << Content-Encoding: gzip
15:37:47.796 [main] DEBUG org.apache.http.impl.execchain.MainClientExec -- Connection can be kept alive indefinitely
15:37:47.796 [main] DEBUG org.apache.http.impl.conn.DefaultManagedHttpClientConnection -- http-outgoing-3: Close connection
15:37:47.797 [main] DEBUG org.apache.http.impl.execchain.MainClientExec -- Connection discarded
15:37:47.798 [main] DEBUG org.apache.http.impl.conn.PoolingHttpClientConnectionManager -- Connection released: [id: 3][route: {s}->https://reqres.in:443][total available: 0; route allocated: 0 of 5; total allocated: 0 of 10]
15:37:47.798 [main] DEBUG org.apache.http.impl.conn.PoolingHttpClientConnectionManager -- Connection manager is shutting down
15:37:47.798 [main] DEBUG org.apache.http.impl.conn.PoolingHttpClientConnectionManager -- Connection manager shut down
15:37:47.798 [main] DEBUG com.intuit.karate -- response time in milliseconds: 100
1 < 200
1 < Date: Fri, 16 Feb 2024 22:37:47 GMT
1 < Content-Type: application/json; charset=utf-8
1 < Transfer-Encoding: chunked
1 < Connection: keep-alive
1 < Report-To: {"group":"heroku-nel","max_age":3600,"endpoints":[{"url":"https://nel.heroku.com/reports?ts=1708033918&sid=c4c9725f-1ab0-44d8-820f-430df2718e11&s=itscEA2qhEivBsZEACzg73lXH066NH701MhVqMoH7sY%3D"}]}
1 < Reporting-Endpoints: heroku-nel=https://nel.heroku.com/reports?ts=1708033918&sid=c4c9725f-1ab0-44d8-820f-430df2718e11&s=itscEA2qhEivBsZEACzg73lXH066NH701MhVqMoH7sY%3D
1 < Nel: {"report_to":"heroku-nel","max_age":3600,"success_fraction":0.005,"failure_fraction":0.05,"response_headers":["Via"]}
1 < X-Powered-By: Express
1 < Access-Control-Allow-Origin: *
1 < Etag: W/"2c3-xEr0SjJUDYJR0qVFNJByQ5ZcdPc"
1 < Via: 1.1 vegur
1 < Cache-Control: max-age=14400
1 < CF-Cache-Status: HIT
1 < Age: 581
1 < Vary: Accept-Encoding
1 < Server: cloudflare
1 < CF-RAY: 856946f46d5b538a-DEN
{"page":2,"per_page":6,"total":12,"total_pages":2,"data":[{"id":7,"name":"sand dollar","year":2006,"color":"#DECDBE","pantone_value":"13-1106"},{"id":8,"name":"chili pepper","year":2007,"color":"#9B1B30","pantone_value":"19-1557"},{"id":9,"name":"blue iris","year":2008,"color":"#5A5B9F","pantone_value":"18-3943"},{"id":10,"name":"mimosa","year":2009,"color":"#F0C05A","pantone_value":"14-0848"},{"id":11,"name":"turquoise","year":2010,"color":"#45B5AA","pantone_value":"15-5519"},{"id":12,"name":"honeysuckle","year":2011,"color":"#D94F70","pantone_value":"18-2120"}],"support":{"url":"https://reqres.in/#support-heading","text":"To keep ReqRes free, contributions towards server costs are appreciated!"}}

15:37:47.802 [main] INFO com.intuit.karate -- [print] {
  "page": 2,
  "per_page": 6,
  "total": 12,
  "total_pages": 2,
  "data": [
    {
      "id": 7,
      "name": "sand dollar",
      "year": 2006,
      "color": "#DECDBE",
      "pantone_value": "13-1106"
    },
    {
      "id": 8,
      "name": "chili pepper",
      "year": 2007,
      "color": "#9B1B30",
      "pantone_value": "19-1557"
    },
    {
      "id": 9,
      "name": "blue iris",
      "year": 2008,
      "color": "#5A5B9F",
      "pantone_value": "18-3943"
    },
    {
      "id": 10,
      "name": "mimosa",
      "year": 2009,
      "color": "#F0C05A",
      "pantone_value": "14-0848"
    },
    {
      "id": 11,
      "name": "turquoise",
      "year": 2010,
      "color": "#45B5AA",
      "pantone_value": "15-5519"
    },
    {
      "id": 12,
      "name": "honeysuckle",
      "year": 2011,
      "color": "#D94F70",
      "pantone_value": "18-2120"
    }
  ],
  "support": {
    "url": "https://reqres.in/#support-heading",
    "text": "To keep ReqRes free, contributions towards server costs are appreciated!"
  }
}
 
]]></system-out>
  </testcase>
  <testcase name="[4:29] Verify Fourth Get Request" classname="[Tests/get] Get request test" time="0.172">
    <system-out><![CDATA[15:37:47.822 [main] DEBUG org.apache.http.client.protocol.RequestAddCookies -- CookieSpec selected: karate
15:37:47.822 [main] DEBUG org.apache.http.client.protocol.RequestAuthCache -- Auth cache not set in the context
15:37:47.822 [main] DEBUG com.intuit.karate -- request:
1 > GET https://reqres.in/api/users%3F?page=2
1 > Accept: application/json
1 > Host: reqres.in
1 > Connection: Keep-Alive
1 > User-Agent: Apache-HttpClient/4.5.14 (Java/21.0.1)
1 > Accept-Encoding: gzip,deflate


15:37:47.823 [main] DEBUG org.apache.http.impl.conn.PoolingHttpClientConnectionManager -- Connection request: [route: {s}->https://reqres.in:443][total available: 0; route allocated: 0 of 5; total allocated: 0 of 10]
15:37:47.823 [main] DEBUG org.apache.http.impl.conn.PoolingHttpClientConnectionManager -- Connection leased: [id: 4][route: {s}->https://reqres.in:443][total available: 0; route allocated: 1 of 5; total allocated: 1 of 10]
15:37:47.823 [main] DEBUG org.apache.http.impl.execchain.MainClientExec -- Opening connection {s}->https://reqres.in:443
15:37:47.823 [main] DEBUG org.apache.http.impl.conn.DefaultHttpClientConnectionOperator -- Connecting to reqres.in/172.67.73.173:443
15:37:47.825 [main] DEBUG org.apache.http.conn.ssl.SSLConnectionSocketFactory -- Connecting socket to reqres.in/172.67.73.173:443 with timeout 30000
15:37:47.843 [main] DEBUG org.apache.http.conn.ssl.SSLConnectionSocketFactory -- Enabled protocols: [TLSv1.3, TLSv1.2]
15:37:47.844 [main] DEBUG org.apache.http.conn.ssl.SSLConnectionSocketFactory -- Enabled cipher suites:[TLS_AES_256_GCM_SHA384, TLS_AES_128_GCM_SHA256, TLS_CHACHA20_POLY1305_SHA256, TLS_ECDHE_ECDSA_WITH_AES_256_GCM_SHA384, TLS_ECDHE_ECDSA_WITH_AES_128_GCM_SHA256, TLS_ECDHE_ECDSA_WITH_CHACHA20_POLY1305_SHA256, TLS_ECDHE_RSA_WITH_AES_256_GCM_SHA384, TLS_ECDHE_RSA_WITH_CHACHA20_POLY1305_SHA256, TLS_ECDHE_RSA_WITH_AES_128_GCM_SHA256, TLS_DHE_RSA_WITH_AES_256_GCM_SHA384, TLS_DHE_RSA_WITH_CHACHA20_POLY1305_SHA256, TLS_DHE_DSS_WITH_AES_256_GCM_SHA384, TLS_DHE_RSA_WITH_AES_128_GCM_SHA256, TLS_DHE_DSS_WITH_AES_128_GCM_SHA256, TLS_ECDHE_ECDSA_WITH_AES_256_CBC_SHA384, TLS_ECDHE_RSA_WITH_AES_256_CBC_SHA384, TLS_ECDHE_ECDSA_WITH_AES_128_CBC_SHA256, TLS_ECDHE_RSA_WITH_AES_128_CBC_SHA256, TLS_DHE_RSA_WITH_AES_256_CBC_SHA256, TLS_DHE_DSS_WITH_AES_256_CBC_SHA256, TLS_DHE_RSA_WITH_AES_128_CBC_SHA256, TLS_DHE_DSS_WITH_AES_128_CBC_SHA256, TLS_ECDHE_ECDSA_WITH_AES_256_CBC_SHA, TLS_ECDHE_RSA_WITH_AES_256_CBC_SHA, TLS_ECDHE_ECDSA_WITH_AES_128_CBC_SHA, TLS_ECDHE_RSA_WITH_AES_128_CBC_SHA, TLS_DHE_RSA_WITH_AES_256_CBC_SHA, TLS_DHE_DSS_WITH_AES_256_CBC_SHA, TLS_DHE_RSA_WITH_AES_128_CBC_SHA, TLS_DHE_DSS_WITH_AES_128_CBC_SHA, TLS_RSA_WITH_AES_256_GCM_SHA384, TLS_RSA_WITH_AES_128_GCM_SHA256, TLS_RSA_WITH_AES_256_CBC_SHA256, TLS_RSA_WITH_AES_128_CBC_SHA256, TLS_RSA_WITH_AES_256_CBC_SHA, TLS_RSA_WITH_AES_128_CBC_SHA, TLS_EMPTY_RENEGOTIATION_INFO_SCSV]
15:37:47.844 [main] DEBUG org.apache.http.conn.ssl.SSLConnectionSocketFactory -- Starting handshake
15:37:47.879 [main] DEBUG org.apache.http.conn.ssl.SSLConnectionSocketFactory -- Secure session established
15:37:47.880 [main] DEBUG org.apache.http.conn.ssl.SSLConnectionSocketFactory --  negotiated protocol: TLSv1.3
15:37:47.880 [main] DEBUG org.apache.http.conn.ssl.SSLConnectionSocketFactory --  negotiated cipher suite: TLS_AES_256_GCM_SHA384
15:37:47.880 [main] DEBUG org.apache.http.conn.ssl.SSLConnectionSocketFactory --  peer principal: CN=sni.cloudflaressl.com, O="Cloudflare, Inc.", L=San Francisco, ST=California, C=US
15:37:47.880 [main] DEBUG org.apache.http.conn.ssl.SSLConnectionSocketFactory --  peer alternative names: [reqres.in, *.reqres.in, sni.cloudflaressl.com]
15:37:47.880 [main] DEBUG org.apache.http.conn.ssl.SSLConnectionSocketFactory --  issuer principal: CN=Cloudflare Inc ECC CA-3, O="Cloudflare, Inc.", C=US
15:37:47.881 [main] DEBUG org.apache.http.impl.conn.DefaultHttpClientConnectionOperator -- Connection established 192.168.68.104:55153<->172.67.73.173:443
15:37:47.881 [main] DEBUG org.apache.http.impl.conn.DefaultManagedHttpClientConnection -- http-outgoing-4: set socket timeout to 30000
15:37:47.881 [main] DEBUG org.apache.http.impl.execchain.MainClientExec -- Executing request GET /api/users%3F?page=2 HTTP/1.1
15:37:47.881 [main] DEBUG org.apache.http.impl.execchain.MainClientExec -- Target auth state: UNCHALLENGED
15:37:47.881 [main] DEBUG org.apache.http.impl.execchain.MainClientExec -- Proxy auth state: UNCHALLENGED
15:37:47.882 [main] DEBUG org.apache.http.headers -- http-outgoing-4 >> GET /api/users%3F?page=2 HTTP/1.1
15:37:47.882 [main] DEBUG org.apache.http.headers -- http-outgoing-4 >> Accept: application/json
15:37:47.882 [main] DEBUG org.apache.http.headers -- http-outgoing-4 >> Host: reqres.in
15:37:47.882 [main] DEBUG org.apache.http.headers -- http-outgoing-4 >> Connection: Keep-Alive
15:37:47.882 [main] DEBUG org.apache.http.headers -- http-outgoing-4 >> User-Agent: Apache-HttpClient/4.5.14 (Java/21.0.1)
15:37:47.882 [main] DEBUG org.apache.http.headers -- http-outgoing-4 >> Accept-Encoding: gzip,deflate
15:37:47.882 [main] DEBUG org.apache.http.wire -- http-outgoing-4 >> "GET /api/users%3F?page=2 HTTP/1.1[\r][\n]"
15:37:47.882 [main] DEBUG org.apache.http.wire -- http-outgoing-4 >> "Accept: application/json[\r][\n]"
15:37:47.884 [main] DEBUG org.apache.http.wire -- http-outgoing-4 >> "Host: reqres.in[\r][\n]"
15:37:47.884 [main] DEBUG org.apache.http.wire -- http-outgoing-4 >> "Connection: Keep-Alive[\r][\n]"
15:37:47.884 [main] DEBUG org.apache.http.wire -- http-outgoing-4 >> "User-Agent: Apache-HttpClient/4.5.14 (Java/21.0.1)[\r][\n]"
15:37:47.884 [main] DEBUG org.apache.http.wire -- http-outgoing-4 >> "Accept-Encoding: gzip,deflate[\r][\n]"
15:37:47.884 [main] DEBUG org.apache.http.wire -- http-outgoing-4 >> "[\r][\n]"
15:37:47.927 [main] DEBUG org.apache.http.wire -- http-outgoing-4 << "HTTP/1.1 200 OK[\r][\n]"
15:37:47.927 [main] DEBUG org.apache.http.wire -- http-outgoing-4 << "Date: Fri, 16 Feb 2024 22:37:47 GMT[\r][\n]"
15:37:47.927 [main] DEBUG org.apache.http.wire -- http-outgoing-4 << "Content-Type: application/json; charset=utf-8[\r][\n]"
15:37:47.928 [main] DEBUG org.apache.http.wire -- http-outgoing-4 << "Transfer-Encoding: chunked[\r][\n]"
15:37:47.928 [main] DEBUG org.apache.http.wire -- http-outgoing-4 << "Connection: keep-alive[\r][\n]"
15:37:47.928 [main] DEBUG org.apache.http.wire -- http-outgoing-4 << "Report-To: {"group":"heroku-nel","max_age":3600,"endpoints":[{"url":"https://nel.heroku.com/reports?ts=1708033918&sid=c4c9725f-1ab0-44d8-820f-430df2718e11&s=itscEA2qhEivBsZEACzg73lXH066NH701MhVqMoH7sY%3D"}]}[\r][\n]"
15:37:47.928 [main] DEBUG org.apache.http.wire -- http-outgoing-4 << "Reporting-Endpoints: heroku-nel=https://nel.heroku.com/reports?ts=1708033918&sid=c4c9725f-1ab0-44d8-820f-430df2718e11&s=itscEA2qhEivBsZEACzg73lXH066NH701MhVqMoH7sY%3D[\r][\n]"
15:37:47.928 [main] DEBUG org.apache.http.wire -- http-outgoing-4 << "Nel: {"report_to":"heroku-nel","max_age":3600,"success_fraction":0.005,"failure_fraction":0.05,"response_headers":["Via"]}[\r][\n]"
15:37:47.928 [main] DEBUG org.apache.http.wire -- http-outgoing-4 << "X-Powered-By: Express[\r][\n]"
15:37:47.928 [main] DEBUG org.apache.http.wire -- http-outgoing-4 << "Access-Control-Allow-Origin: *[\r][\n]"
15:37:47.928 [main] DEBUG org.apache.http.wire -- http-outgoing-4 << "Etag: W/"2c3-xEr0SjJUDYJR0qVFNJByQ5ZcdPc"[\r][\n]"
15:37:47.928 [main] DEBUG org.apache.http.wire -- http-outgoing-4 << "Via: 1.1 vegur[\r][\n]"
15:37:47.928 [main] DEBUG org.apache.http.wire -- http-outgoing-4 << "Cache-Control: max-age=14400[\r][\n]"
15:37:47.928 [main] DEBUG org.apache.http.wire -- http-outgoing-4 << "CF-Cache-Status: HIT[\r][\n]"
15:37:47.928 [main] DEBUG org.apache.http.wire -- http-outgoing-4 << "Age: 581[\r][\n]"
15:37:47.928 [main] DEBUG org.apache.http.wire -- http-outgoing-4 << "Vary: Accept-Encoding[\r][\n]"
15:37:47.928 [main] DEBUG org.apache.http.wire -- http-outgoing-4 << "Server: cloudflare[\r][\n]"
15:37:47.928 [main] DEBUG org.apache.http.wire -- http-outgoing-4 << "CF-RAY: 856946f54a875200-DEN[\r][\n]"
15:37:47.928 [main] DEBUG org.apache.http.wire -- http-outgoing-4 << "Content-Encoding: gzip[\r][\n]"
15:37:47.928 [main] DEBUG org.apache.http.wire -- http-outgoing-4 << "[\r][\n]"
15:37:47.928 [main] DEBUG org.apache.http.wire -- http-outgoing-4 << "170[\r][\n]"
15:37:47.929 [main] DEBUG org.apache.http.wire -- http-outgoing-4 << "[0x1f][0x8b][0x8][0x0][0x0][0x0][0x0][0x0][0x0][0x3]m[0xd1][0xdd]N[0xeb]0[0xc][0x0][0xe0]W[0x9][0xe6]6=K[0xba]fks[0xb7][0x2]{[0x0][0xc4][0x1d]:B[0xa1]5,"K2'[0xe5]G[0xd3][0xde][0x1d][\r]P)R[0xef]l[0xd9][0xfe],[0xcb]G[0x88][0xe6][0x19]A[0x97][0x1c]"[0xd2][0xc3]w[0xb2][0xe2][0x90]C6[0xe][0xb4],[0xc2][0xaf]J[0xfa][0xea][0xeb]M6[0xa0][0xef][0x8f]`{[0xd0]k[0xe][0xde][0xec][0x11]4$[0xe3]{[0xd6][0x7][0xe7][0xc][0x1][0x87][0xf]4[0x4][0xba][0x14]b[0xc5][0xa1][0xb].[0x10]h[0xb8][0xbc][0xbe][0xb9][0xba]no[0x80]C4>[0x7][0x8f][0xf][0xaf][0xc6][\r][0xe7]Y[0xb9],[0xa4][0x14]+8[0xf1]o[0xb5][0x1e][0xd5]ng[0x9d]e[0x11]c[0xc4]?[0xec]z[0xc2]6[0xad]l[0x97]b[0x8e]m[\n]"
15:37:47.929 [main] DEBUG org.apache.http.wire -- http-outgoing-4 << "[0xa9][0xd4]zd[0x9b][0x91]}t[0x3]2K6M[0xcd]zb[0xaa][0x8d]j[0x9b][0xed][0x9c]Y[0x17][0xcb][0xa6]Z[0x8e][0xa6][0x14]#[0xba][0xb7][0xfb][0x90][0xcc]Tl&[0xe2]V\[0x9][0xb5][0x99][0x13][0xab]B[0xd4]U[0xfd]+[0xca]Q[0xcc][0x3][0x1d][0x86]`[0x13]N[0xd0][0xf3][0xc2][0x11][0xad]T[0xab]6[0xb3][0xa8]*[0x94][0x92][0xcd]/Z[0x8e][0xe8].x[0xfc]HC[0xf7][0xe2][0xfe][0xb0]r[0xfa][0xa8][0xa6][0xda][0xae][0xc5][0xfc][0xf5][0xa5],[0x5][0x9c][0xfe]sHC[0x8c][0x81]2[0xe8]#[0xc][0xe4][0xce]p[0xce]1[0xe9][0xc5][0x82][0xf0]@[0x98][0xfe]Y[0xbf][0xb8][0xfc][0xe9])vhz[0xeb][0x9f][0x81]C[0xc6][0xf7][0xc][0x1a][0xee][0x2]{A[0x8c][0xec][0x16][0xf][0xb7][0x98][0xd8][0x13]!r[0xd6][0x5][0x9f][0xc9]>[0xe][0xd9][0x6][0x9f]X[0xe]o[0x86][0xfa][0xc4][0x12][0xd2]+[0x12][0xeb]B[0xca][0x89][0x19]Bfb$[0xec][0xac][0xc9][0xd8]_[0xc0][0xe9][0xf4][0x9]d[0xd4][0xbd][0x9a][0xc3][0x2][0x0][0x0][\r][\n]"
15:37:47.929 [main] DEBUG org.apache.http.headers -- http-outgoing-4 << HTTP/1.1 200 OK
15:37:47.929 [main] DEBUG org.apache.http.headers -- http-outgoing-4 << Date: Fri, 16 Feb 2024 22:37:47 GMT
15:37:47.929 [main] DEBUG org.apache.http.headers -- http-outgoing-4 << Content-Type: application/json; charset=utf-8
15:37:47.929 [main] DEBUG org.apache.http.headers -- http-outgoing-4 << Transfer-Encoding: chunked
15:37:47.929 [main] DEBUG org.apache.http.headers -- http-outgoing-4 << Connection: keep-alive
15:37:47.930 [main] DEBUG org.apache.http.headers -- http-outgoing-4 << Report-To: {"group":"heroku-nel","max_age":3600,"endpoints":[{"url":"https://nel.heroku.com/reports?ts=1708033918&sid=c4c9725f-1ab0-44d8-820f-430df2718e11&s=itscEA2qhEivBsZEACzg73lXH066NH701MhVqMoH7sY%3D"}]}
15:37:47.930 [main] DEBUG org.apache.http.headers -- http-outgoing-4 << Reporting-Endpoints: heroku-nel=https://nel.heroku.com/reports?ts=1708033918&sid=c4c9725f-1ab0-44d8-820f-430df2718e11&s=itscEA2qhEivBsZEACzg73lXH066NH701MhVqMoH7sY%3D
15:37:47.930 [main] DEBUG org.apache.http.headers -- http-outgoing-4 << Nel: {"report_to":"heroku-nel","max_age":3600,"success_fraction":0.005,"failure_fraction":0.05,"response_headers":["Via"]}
15:37:47.930 [main] DEBUG org.apache.http.headers -- http-outgoing-4 << X-Powered-By: Express
15:37:47.930 [main] DEBUG org.apache.http.headers -- http-outgoing-4 << Access-Control-Allow-Origin: *
15:37:47.930 [main] DEBUG org.apache.http.headers -- http-outgoing-4 << Etag: W/"2c3-xEr0SjJUDYJR0qVFNJByQ5ZcdPc"
15:37:47.930 [main] DEBUG org.apache.http.headers -- http-outgoing-4 << Via: 1.1 vegur
15:37:47.930 [main] DEBUG org.apache.http.headers -- http-outgoing-4 << Cache-Control: max-age=14400
15:37:47.930 [main] DEBUG org.apache.http.headers -- http-outgoing-4 << CF-Cache-Status: HIT
15:37:47.930 [main] DEBUG org.apache.http.headers -- http-outgoing-4 << Age: 581
15:37:47.930 [main] DEBUG org.apache.http.headers -- http-outgoing-4 << Vary: Accept-Encoding
15:37:47.930 [main] DEBUG org.apache.http.headers -- http-outgoing-4 << Server: cloudflare
15:37:47.930 [main] DEBUG org.apache.http.headers -- http-outgoing-4 << CF-RAY: 856946f54a875200-DEN
15:37:47.930 [main] DEBUG org.apache.http.headers -- http-outgoing-4 << Content-Encoding: gzip
15:37:47.930 [main] DEBUG org.apache.http.impl.execchain.MainClientExec -- Connection can be kept alive indefinitely
15:37:47.931 [main] DEBUG org.apache.http.impl.conn.DefaultManagedHttpClientConnection -- http-outgoing-4: Close connection
15:37:47.932 [main] DEBUG org.apache.http.impl.execchain.MainClientExec -- Connection discarded
15:37:47.932 [main] DEBUG org.apache.http.impl.conn.PoolingHttpClientConnectionManager -- Connection released: [id: 4][route: {s}->https://reqres.in:443][total available: 0; route allocated: 0 of 5; total allocated: 0 of 10]
15:37:47.932 [main] DEBUG org.apache.http.impl.conn.PoolingHttpClientConnectionManager -- Connection manager is shutting down
15:37:47.932 [main] DEBUG org.apache.http.impl.conn.PoolingHttpClientConnectionManager -- Connection manager shut down
15:37:47.932 [main] DEBUG com.intuit.karate -- response time in milliseconds: 108
1 < 200
1 < Date: Fri, 16 Feb 2024 22:37:47 GMT
1 < Content-Type: application/json; charset=utf-8
1 < Transfer-Encoding: chunked
1 < Connection: keep-alive
1 < Report-To: {"group":"heroku-nel","max_age":3600,"endpoints":[{"url":"https://nel.heroku.com/reports?ts=1708033918&sid=c4c9725f-1ab0-44d8-820f-430df2718e11&s=itscEA2qhEivBsZEACzg73lXH066NH701MhVqMoH7sY%3D"}]}
1 < Reporting-Endpoints: heroku-nel=https://nel.heroku.com/reports?ts=1708033918&sid=c4c9725f-1ab0-44d8-820f-430df2718e11&s=itscEA2qhEivBsZEACzg73lXH066NH701MhVqMoH7sY%3D
1 < Nel: {"report_to":"heroku-nel","max_age":3600,"success_fraction":0.005,"failure_fraction":0.05,"response_headers":["Via"]}
1 < X-Powered-By: Express
1 < Access-Control-Allow-Origin: *
1 < Etag: W/"2c3-xEr0SjJUDYJR0qVFNJByQ5ZcdPc"
1 < Via: 1.1 vegur
1 < Cache-Control: max-age=14400
1 < CF-Cache-Status: HIT
1 < Age: 581
1 < Vary: Accept-Encoding
1 < Server: cloudflare
1 < CF-RAY: 856946f54a875200-DEN
{"page":2,"per_page":6,"total":12,"total_pages":2,"data":[{"id":7,"name":"sand dollar","year":2006,"color":"#DECDBE","pantone_value":"13-1106"},{"id":8,"name":"chili pepper","year":2007,"color":"#9B1B30","pantone_value":"19-1557"},{"id":9,"name":"blue iris","year":2008,"color":"#5A5B9F","pantone_value":"18-3943"},{"id":10,"name":"mimosa","year":2009,"color":"#F0C05A","pantone_value":"14-0848"},{"id":11,"name":"turquoise","year":2010,"color":"#45B5AA","pantone_value":"15-5519"},{"id":12,"name":"honeysuckle","year":2011,"color":"#D94F70","pantone_value":"18-2120"}],"support":{"url":"https://reqres.in/#support-heading","text":"To keep ReqRes free, contributions towards server costs are appreciated!"}}

15:37:47.935 [main] INFO com.intuit.karate -- [print] {
  "page": 2,
  "per_page": 6,
  "total": 12,
  "total_pages": 2,
  "data": [
    {
      "id": 7,
      "name": "sand dollar",
      "year": 2006,
      "color": "#DECDBE",
      "pantone_value": "13-1106"
    },
    {
      "id": 8,
      "name": "chili pepper",
      "year": 2007,
      "color": "#9B1B30",
      "pantone_value": "19-1557"
    },
    {
      "id": 9,
      "name": "blue iris",
      "year": 2008,
      "color": "#5A5B9F",
      "pantone_value": "18-3943"
    },
    {
      "id": 10,
      "name": "mimosa",
      "year": 2009,
      "color": "#F0C05A",
      "pantone_value": "14-0848"
    },
    {
      "id": 11,
      "name": "turquoise",
      "year": 2010,
      "color": "#45B5AA",
      "pantone_value": "15-5519"
    },
    {
      "id": 12,
      "name": "honeysuckle",
      "year": 2011,
      "color": "#D94F70",
      "pantone_value": "18-2120"
    }
  ],
  "support": {
    "url": "https://reqres.in/#support-heading",
    "text": "To keep ReqRes free, contributions towards server costs are appreciated!"
  }
}
 
15:37:47.967 [main] DEBUG com.jayway.jsonpath.internal.path.CompiledPath -- Evaluating path: $['data'][3]['name']
15:37:47.977 [main] DEBUG com.jayway.jsonpath.internal.path.CompiledPath -- Evaluating path: $['data'][2]['color']
15:37:47.978 [main] DEBUG com.jayway.jsonpath.internal.path.CompiledPath -- Evaluating path: $['total_pages']
]]></system-out>
  </testcase>
  <testcase name="[1:10] sample post request one" classname="[Tests/post] POST request" time="0.438">
    <system-out><![CDATA[15:37:47.991 [main] DEBUG org.thymeleaf.TemplateEngine -- [THYMELEAF] INITIALIZING TEMPLATE ENGINE
15:37:48.017 [main] DEBUG org.thymeleaf.TemplateEngine.CONFIG -- Initializing Thymeleaf Template engine configuration...
[THYMELEAF] TEMPLATE ENGINE CONFIGURATION:
[THYMELEAF] * Thymeleaf version: 3.1.2.RELEASE (built 2023-07-30T19:25:50+0000)
[THYMELEAF] * Cache Manager implementation: org.thymeleaf.cache.StandardCacheManager
[THYMELEAF] * Template resolvers:
[THYMELEAF]     * [1] com.intuit.karate.template.ResourceHtmlTemplateResolver
[THYMELEAF] * Message resolvers:
[THYMELEAF]     * org.thymeleaf.messageresolver.StandardMessageResolver
[THYMELEAF] * Link builders:
[THYMELEAF]     * org.thymeleaf.linkbuilder.StandardLinkBuilder
[THYMELEAF] * Dialect [1 of 2]: Standard (com.intuit.karate.template.KarateStandardDialect)
[THYMELEAF]     * Prefix: "th"
[THYMELEAF]     * Processors for Template Mode: HTML
[THYMELEAF]         * Element Tag Processors by [matching element and attribute name] [precedence]:
[THYMELEAF]             * [* {th:include,data-th-include}] [100]: org.thymeleaf.standard.processor.StandardIncludeTagProcessor
[THYMELEAF]             * [* {th:insert,data-th-insert}] [100]: org.thymeleaf.standard.processor.StandardInsertTagProcessor
[THYMELEAF]             * [* {th:replace,data-th-replace}] [100]: org.thymeleaf.standard.processor.StandardReplaceTagProcessor
[THYMELEAF]             * [* {th:each,data-th-each}] [200]: com.intuit.karate.template.KarateEachTagProcessor
[THYMELEAF]             * [* {th:switch,data-th-switch}] [250]: org.thymeleaf.standard.processor.StandardSwitchTagProcessor
[THYMELEAF]             * [* {th:case,data-th-case}] [275]: org.thymeleaf.standard.processor.StandardCaseTagProcessor
[THYMELEAF]             * [* {th:if,data-th-if}] [300]: org.thymeleaf.standard.processor.StandardIfTagProcessor
[THYMELEAF]             * [* {th:unless,data-th-unless}] [400]: org.thymeleaf.standard.processor.StandardUnlessTagProcessor
[THYMELEAF]             * [* {th:object,data-th-object}] [500]: org.thymeleaf.standard.processor.StandardObjectTagProcessor
[THYMELEAF]             * [* {th:with,data-th-with}] [600]: com.intuit.karate.template.KarateWithTagProcessor
[THYMELEAF]             * [* {th:attr,data-th-attr}] [700]: com.intuit.karate.template.KarateAttributeTagProcessor.KarateAttrTagProcessor
[THYMELEAF]             * [* {th:attrappend,data-th-attrappend}] [900]: com.intuit.karate.template.KarateAttributeTagProcessor.KarateAttrappendTagProcessor
[THYMELEAF]             * [* {th:attrprepend,data-th-attrprepend}] [900]: com.intuit.karate.template.KarateAttributeTagProcessor.KarateAttrprependTagProcessor
[THYMELEAF]             * [* {th:alt-title,data-th-alt-title}] [990]: org.thymeleaf.standard.processor.StandardAltTitleTagProcessor
[THYMELEAF]             * [* {th:lang-xmllang,data-th-lang-xmllang}] [990]: org.thymeleaf.standard.processor.StandardLangXmlLangTagProcessor
[THYMELEAF]             * [* {th:action,data-th-action}] [1000]: org.thymeleaf.standard.processor.StandardActionTagProcessor
[THYMELEAF]             * [* {th:async,data-th-async}] [1000]: org.thymeleaf.standard.processor.StandardConditionalFixedValueTagProcessor
[THYMELEAF]             * [* {th:hidden,data-th-hidden}] [1000]: org.thymeleaf.standard.processor.StandardConditionalFixedValueTagProcessor
[THYMELEAF]             * [* {th:autoplay,data-th-autoplay}] [1000]: org.thymeleaf.standard.processor.StandardConditionalFixedValueTagProcessor
[THYMELEAF]             * [* {th:seamless,data-th-seamless}] [1000]: org.thymeleaf.standard.processor.StandardConditionalFixedValueTagProcessor
[THYMELEAF]             * [* {th:scoped,data-th-scoped}] [1000]: org.thymeleaf.standard.processor.StandardConditionalFixedValueTagProcessor
[THYMELEAF]             * [* {th:default,data-th-default}] [1000]: org.thymeleaf.standard.processor.StandardConditionalFixedValueTagProcessor
[THYMELEAF]             * [* {th:open,data-th-open}] [1000]: org.thymeleaf.standard.processor.StandardConditionalFixedValueTagProcessor
[THYMELEAF]             * [* {th:checked,data-th-checked}] [1000]: org.thymeleaf.standard.processor.StandardConditionalFixedValueTagProcessor
[THYMELEAF]             * [* {th:nowrap,data-th-nowrap}] [1000]: org.thymeleaf.standard.processor.StandardConditionalFixedValueTagProcessor
[THYMELEAF]             * [* {th:controls,data-th-controls}] [1000]: org.thymeleaf.standard.processor.StandardConditionalFixedValueTagProcessor
[THYMELEAF]             * [* {th:disabled,data-th-disabled}] [1000]: org.thymeleaf.standard.processor.StandardConditionalFixedValueTagProcessor
[THYMELEAF]             * [* {th:readonly,data-th-readonly}] [1000]: org.thymeleaf.standard.processor.StandardConditionalFixedValueTagProcessor
[THYMELEAF]             * [* {th:formnovalidate,data-th-formnovalidate}] [1000]: org.thymeleaf.standard.processor.StandardConditionalFixedValueTagProcessor
[THYMELEAF]             * [* {th:pubdate,data-th-pubdate}] [1000]: org.thymeleaf.standard.processor.StandardConditionalFixedValueTagProcessor
[THYMELEAF]             * [* {th:ismap,data-th-ismap}] [1000]: org.thymeleaf.standard.processor.StandardConditionalFixedValueTagProcessor
[THYMELEAF]             * [* {th:required,data-th-required}] [1000]: org.thymeleaf.standard.processor.StandardConditionalFixedValueTagProcessor
[THYMELEAF]             * [* {th:loop,data-th-loop}] [1000]: org.thymeleaf.standard.processor.StandardConditionalFixedValueTagProcessor
[THYMELEAF]             * [* {th:autofocus,data-th-autofocus}] [1000]: org.thymeleaf.standard.processor.StandardConditionalFixedValueTagProcessor
[THYMELEAF]             * [* {th:novalidate,data-th-novalidate}] [1000]: org.thymeleaf.standard.processor.StandardConditionalFixedValueTagProcessor
[THYMELEAF]             * [* {th:reversed,data-th-reversed}] [1000]: org.thymeleaf.standard.processor.StandardConditionalFixedValueTagProcessor
[THYMELEAF]             * [* {th:declare,data-th-declare}] [1000]: org.thymeleaf.standard.processor.StandardConditionalFixedValueTagProcessor
[THYMELEAF]             * [* {th:multiple,data-th-multiple}] [1000]: org.thymeleaf.standard.processor.StandardConditionalFixedValueTagProcessor
[THYMELEAF]             * [* {th:defer,data-th-defer}] [1000]: org.thymeleaf.standard.processor.StandardConditionalFixedValueTagProcessor
[THYMELEAF]             * [* {th:selected,data-th-selected}] [1000]: org.thymeleaf.standard.processor.StandardConditionalFixedValueTagProcessor
[THYMELEAF]             * [* {th:onemptied,data-th-onemptied}] [1000]: org.thymeleaf.standard.processor.StandardDOMEventAttributeTagProcessor
[THYMELEAF]             * [* {th:onloadedmetadata,data-th-onloadedmetadata}] [1000]: org.thymeleaf.standard.processor.StandardDOMEventAttributeTagProcessor
[THYMELEAF]             * [* {th:onformchange,data-th-onformchange}] [1000]: org.thymeleaf.standard.processor.StandardDOMEventAttributeTagProcessor
[THYMELEAF]             * [* {th:onoffline,data-th-onoffline}] [1000]: org.thymeleaf.standard.processor.StandardDOMEventAttributeTagProcessor
[THYMELEAF]             * [* {th:ondurationchange,data-th-ondurationchange}] [1000]: org.thymeleaf.standard.processor.StandardDOMEventAttributeTagProcessor
[THYMELEAF]             * [* {th:onafterprint,data-th-onafterprint}] [1000]: org.thymeleaf.standard.processor.StandardDOMEventAttributeTagProcessor
[THYMELEAF]             * [* {th:onload,data-th-onload}] [1000]: org.thymeleaf.standard.processor.StandardDOMEventAttributeTagProcessor
[THYMELEAF]             * [* {th:onpause,data-th-onpause}] [1000]: org.thymeleaf.standard.processor.StandardDOMEventAttributeTagProcessor
[THYMELEAF]             * [* {th:ondrag,data-th-ondrag}] [1000]: org.thymeleaf.standard.processor.StandardDOMEventAttributeTagProcessor
[THYMELEAF]             * [* {th:onerror,data-th-onerror}] [1000]: org.thymeleaf.standard.processor.StandardDOMEventAttributeTagProcessor
[THYMELEAF]             * [* {th:onvolumechange,data-th-onvolumechange}] [1000]: org.thymeleaf.standard.processor.StandardDOMEventAttributeTagProcessor
[THYMELEAF]             * [* {th:onmouseup,data-th-onmouseup}] [1000]: org.thymeleaf.standard.processor.StandardDOMEventAttributeTagProcessor
[THYMELEAF]             * [* {th:onplay,data-th-onplay}] [1000]: org.thymeleaf.standard.processor.StandardDOMEventAttributeTagProcessor
[THYMELEAF]             * [* {th:onsuspend,data-th-onsuspend}] [1000]: org.thymeleaf.standard.processor.StandardDOMEventAttributeTagProcessor
[THYMELEAF]             * [* {th:ondblclick,data-th-ondblclick}] [1000]: org.thymeleaf.standard.processor.StandardDOMEventAttributeTagProcessor
[THYMELEAF]             * [* {th:ononline,data-th-ononline}] [1000]: org.thymeleaf.standard.processor.StandardDOMEventAttributeTagProcessor
[THYMELEAF]             * [* {th:onhashchange,data-th-onhashchange}] [1000]: org.thymeleaf.standard.processor.StandardDOMEventAttributeTagProcessor
[THYMELEAF]             * [* {th:onmousemove,data-th-onmousemove}] [1000]: org.thymeleaf.standard.processor.StandardDOMEventAttributeTagProcessor
[THYMELEAF]             * [* {th:onplaying,data-th-onplaying}] [1000]: org.thymeleaf.standard.processor.StandardDOMEventAttributeTagProcessor
[THYMELEAF]             * [* {th:onredo,data-th-onredo}] [1000]: org.thymeleaf.standard.processor.StandardDOMEventAttributeTagProcessor
[THYMELEAF]             * [* {th:onstorage,data-th-onstorage}] [1000]: org.thymeleaf.standard.processor.StandardDOMEventAttributeTagProcessor
[THYMELEAF]             * [* {th:onabort,data-th-onabort}] [1000]: org.thymeleaf.standard.processor.StandardDOMEventAttributeTagProcessor
[THYMELEAF]             * [* {th:onmousedown,data-th-onmousedown}] [1000]: org.thymeleaf.standard.processor.StandardDOMEventAttributeTagProcessor
[THYMELEAF]             * [* {th:ondragover,data-th-ondragover}] [1000]: org.thymeleaf.standard.processor.StandardDOMEventAttributeTagProcessor
[THYMELEAF]             * [* {th:onshow,data-th-onshow}] [1000]: org.thymeleaf.standard.processor.StandardDOMEventAttributeTagProcessor
[THYMELEAF]             * [* {th:ondragstart,data-th-ondragstart}] [1000]: org.thymeleaf.standard.processor.StandardDOMEventAttributeTagProcessor
[THYMELEAF]             * [* {th:ontimeupdate,data-th-ontimeupdate}] [1000]: org.thymeleaf.standard.processor.StandardDOMEventAttributeTagProcessor
[THYMELEAF]             * [* {th:onreset,data-th-onreset}] [1000]: org.thymeleaf.standard.processor.StandardDOMEventAttributeTagProcessor
[THYMELEAF]             * [* {th:onresize,data-th-onresize}] [1000]: org.thymeleaf.standard.processor.StandardDOMEventAttributeTagProcessor
[THYMELEAF]             * [* {th:onmousewheel,data-th-onmousewheel}] [1000]: org.thymeleaf.standard.processor.StandardDOMEventAttributeTagProcessor
[THYMELEAF]             * [* {th:onloadeddata,data-th-onloadeddata}] [1000]: org.thymeleaf.standard.processor.StandardDOMEventAttributeTagProcessor
[THYMELEAF]             * [* {th:onundo,data-th-onundo}] [1000]: org.thymeleaf.standard.processor.StandardDOMEventAttributeTagProcessor
[THYMELEAF]             * [* {th:onseeking,data-th-onseeking}] [1000]: org.thymeleaf.standard.processor.StandardDOMEventAttributeTagProcessor
[THYMELEAF]             * [* {th:onfocus,data-th-onfocus}] [1000]: org.thymeleaf.standard.processor.StandardDOMEventAttributeTagProcessor
[THYMELEAF]             * [* {th:onunload,data-th-onunload}] [1000]: org.thymeleaf.standard.processor.StandardDOMEventAttributeTagProcessor
[THYMELEAF]             * [* {th:onreadystatechange,data-th-onreadystatechange}] [1000]: org.thymeleaf.standard.processor.StandardDOMEventAttributeTagProcessor
[THYMELEAF]             * [* {th:onsubmit,data-th-onsubmit}] [1000]: org.thymeleaf.standard.processor.StandardDOMEventAttributeTagProcessor
[THYMELEAF]             * [* {th:onkeypress,data-th-onkeypress}] [1000]: org.thymeleaf.standard.processor.StandardDOMEventAttributeTagProcessor
[THYMELEAF]             * [* {th:ondragenter,data-th-ondragenter}] [1000]: org.thymeleaf.standard.processor.StandardDOMEventAttributeTagProcessor
[THYMELEAF]             * [* {th:oncontextmenu,data-th-oncontextmenu}] [1000]: org.thymeleaf.standard.processor.StandardDOMEventAttributeTagProcessor
[THYMELEAF]             * [* {th:ondragend,data-th-ondragend}] [1000]: org.thymeleaf.standard.processor.StandardDOMEventAttributeTagProcessor
[THYMELEAF]             * [* {th:onkeyup,data-th-onkeyup}] [1000]: org.thymeleaf.standard.processor.StandardDOMEventAttributeTagProcessor
[THYMELEAF]             * [* {th:onforminput,data-th-onforminput}] [1000]: org.thymeleaf.standard.processor.StandardDOMEventAttributeTagProcessor
[THYMELEAF]             * [* {th:onmouseover,data-th-onmouseover}] [1000]: org.thymeleaf.standard.processor.StandardDOMEventAttributeTagProcessor
[THYMELEAF]             * [* {th:onloadstart,data-th-onloadstart}] [1000]: org.thymeleaf.standard.processor.StandardDOMEventAttributeTagProcessor
[THYMELEAF]             * [* {th:onratechange,data-th-onratechange}] [1000]: org.thymeleaf.standard.processor.StandardDOMEventAttributeTagProcessor
[THYMELEAF]             * [* {th:onseeked,data-th-onseeked}] [1000]: org.thymeleaf.standard.processor.StandardDOMEventAttributeTagProcessor
[THYMELEAF]             * [* {th:onstalled,data-th-onstalled}] [1000]: org.thymeleaf.standard.processor.StandardDOMEventAttributeTagProcessor
[THYMELEAF]             * [* {th:onpopstate,data-th-onpopstate}] [1000]: org.thymeleaf.standard.processor.StandardDOMEventAttributeTagProcessor
[THYMELEAF]             * [* {th:onbeforeunload,data-th-onbeforeunload}] [1000]: org.thymeleaf.standard.processor.StandardDOMEventAttributeTagProcessor
[THYMELEAF]             * [* {th:oncanplay,data-th-oncanplay}] [1000]: org.thymeleaf.standard.processor.StandardDOMEventAttributeTagProcessor
[THYMELEAF]             * [* {th:onscroll,data-th-onscroll}] [1000]: org.thymeleaf.standard.processor.StandardDOMEventAttributeTagProcessor
[THYMELEAF]             * [* {th:onclick,data-th-onclick}] [1000]: org.thymeleaf.standard.processor.StandardDOMEventAttributeTagProcessor
[THYMELEAF]             * [* {th:onselect,data-th-onselect}] [1000]: org.thymeleaf.standard.processor.StandardDOMEventAttributeTagProcessor
[THYMELEAF]             * [* {th:onblur,data-th-onblur}] [1000]: org.thymeleaf.standard.processor.StandardDOMEventAttributeTagProcessor
[THYMELEAF]             * [* {th:onchange,data-th-onchange}] [1000]: org.thymeleaf.standard.processor.StandardDOMEventAttributeTagProcessor
[THYMELEAF]             * [* {th:oncanplaythrough,data-th-oncanplaythrough}] [1000]: org.thymeleaf.standard.processor.StandardDOMEventAttributeTagProcessor
[THYMELEAF]             * [* {th:oninput,data-th-oninput}] [1000]: org.thymeleaf.standard.processor.StandardDOMEventAttributeTagProcessor
[THYMELEAF]             * [* {th:onmouseout,data-th-onmouseout}] [1000]: org.thymeleaf.standard.processor.StandardDOMEventAttributeTagProcessor
[THYMELEAF]             * [* {th:ondrop,data-th-ondrop}] [1000]: org.thymeleaf.standard.processor.StandardDOMEventAttributeTagProcessor
[THYMELEAF]             * [* {th:onmessage,data-th-onmessage}] [1000]: org.thymeleaf.standard.processor.StandardDOMEventAttributeTagProcessor
[THYMELEAF]             * [* {th:onended,data-th-onended}] [1000]: org.thymeleaf.standard.processor.StandardDOMEventAttributeTagProcessor
[THYMELEAF]             * [* {th:onwaiting,data-th-onwaiting}] [1000]: org.thymeleaf.standard.processor.StandardDOMEventAttributeTagProcessor
[THYMELEAF]             * [* {th:onkeydown,data-th-onkeydown}] [1000]: org.thymeleaf.standard.processor.StandardDOMEventAttributeTagProcessor
[THYMELEAF]             * [* {th:oninvalid,data-th-oninvalid}] [1000]: org.thymeleaf.standard.processor.StandardDOMEventAttributeTagProcessor
[THYMELEAF]             * [* {th:onprogress,data-th-onprogress}] [1000]: org.thymeleaf.standard.processor.StandardDOMEventAttributeTagProcessor
[THYMELEAF]             * [* {th:ondragleave,data-th-ondragleave}] [1000]: org.thymeleaf.standard.processor.StandardDOMEventAttributeTagProcessor
[THYMELEAF]             * [* {th:onbeforeprint,data-th-onbeforeprint}] [1000]: org.thymeleaf.standard.processor.StandardDOMEventAttributeTagProcessor
[THYMELEAF]             * [* {th:href,data-th-href}] [1000]: org.thymeleaf.standard.processor.StandardHrefTagProcessor
[THYMELEAF]             * [* {th:inline,data-th-inline}] [1000]: org.thymeleaf.standard.processor.StandardInlineHTMLTagProcessor
[THYMELEAF]             * [* {th:method,data-th-method}] [1000]: org.thymeleaf.standard.processor.StandardMethodTagProcessor
[THYMELEAF]             * [* {th:name,data-th-name}] [1000]: org.thymeleaf.standard.processor.StandardNonRemovableAttributeTagProcessor
[THYMELEAF]             * [* {th:type,data-th-type}] [1000]: org.thymeleaf.standard.processor.StandardNonRemovableAttributeTagProcessor
[THYMELEAF]             * [* {th:accept-charset,data-th-accept-charset}] [1000]: org.thymeleaf.standard.processor.StandardRemovableAttributeTagProcessor
[THYMELEAF]             * [* {th:alt,data-th-alt}] [1000]: org.thymeleaf.standard.processor.StandardRemovableAttributeTagProcessor
[THYMELEAF]             * [* {th:codetype,data-th-codetype}] [1000]: org.thymeleaf.standard.processor.StandardRemovableAttributeTagProcessor
[THYMELEAF]             * [* {th:headers,data-th-headers}] [1000]: org.thymeleaf.standard.processor.StandardRemovableAttributeTagProcessor
[THYMELEAF]             * [* {th:srclang,data-th-srclang}] [1000]: org.thymeleaf.standard.processor.StandardRemovableAttributeTagProcessor
[THYMELEAF]             * [* {th:marginwidth,data-th-marginwidth}] [1000]: org.thymeleaf.standard.processor.StandardRemovableAttributeTagProcessor
[THYMELEAF]             * [* {th:audio,data-th-audio}] [1000]: org.thymeleaf.standard.processor.StandardRemovableAttributeTagProcessor
[THYMELEAF]             * [* {th:rows,data-th-rows}] [1000]: org.thymeleaf.standard.processor.StandardRemovableAttributeTagProcessor
[THYMELEAF]             * [* {th:id,data-th-id}] [1000]: org.thymeleaf.standard.processor.StandardRemovableAttributeTagProcessor
[THYMELEAF]             * [* {th:summary,data-th-summary}] [1000]: org.thymeleaf.standard.processor.StandardRemovableAttributeTagProcessor
[THYMELEAF]             * [* {th:scheme,data-th-scheme}] [1000]: org.thymeleaf.standard.processor.StandardRemovableAttributeTagProcessor
[THYMELEAF]             * [* {th:rev,data-th-rev}] [1000]: org.thymeleaf.standard.processor.StandardRemovableAttributeTagProcessor
[THYMELEAF]             * [* {th:manifest,data-th-manifest}] [1000]: org.thymeleaf.standard.processor.StandardRemovableAttributeTagProcessor
[THYMELEAF]             * [* {th:contenteditable,data-th-contenteditable}] [1000]: org.thymeleaf.standard.processor.StandardRemovableAttributeTagProcessor
[THYMELEAF]             * [* {th:hreflang,data-th-hreflang}] [1000]: org.thymeleaf.standard.processor.StandardRemovableAttributeTagProcessor
[THYMELEAF]             * [* {th:sandbox,data-th-sandbox}] [1000]: org.thymeleaf.standard.processor.StandardRemovableAttributeTagProcessor
[THYMELEAF]             * [* {th:dir,data-th-dir}] [1000]: org.thymeleaf.standard.processor.StandardRemovableAttributeTagProcessor
[THYMELEAF]             * [* {th:autocomplete,data-th-autocomplete}] [1000]: org.thymeleaf.standard.processor.StandardRemovableAttributeTagProcessor
[THYMELEAF]             * [* {th:high,data-th-high}] [1000]: org.thymeleaf.standard.processor.StandardRemovableAttributeTagProcessor
[THYMELEAF]             * [* {th:align,data-th-align}] [1000]: org.thymeleaf.standard.processor.StandardRemovableAttributeTagProcessor
[THYMELEAF]             * [* {th:min,data-th-min}] [1000]: org.thymeleaf.standard.processor.StandardRemovableAttributeTagProcessor
[THYMELEAF]             * [* {th:draggable,data-th-draggable}] [1000]: org.thymeleaf.standard.processor.StandardRemovableAttributeTagProcessor
[THYMELEAF]             * [* {th:pattern,data-th-pattern}] [1000]: org.thymeleaf.standard.processor.StandardRemovableAttributeTagProcessor
[THYMELEAF]             * [* {th:scrolling,data-th-scrolling}] [1000]: org.thymeleaf.standard.processor.StandardRemovableAttributeTagProcessor
[THYMELEAF]             * [* {th:cols,data-th-cols}] [1000]: org.thymeleaf.standard.processor.StandardRemovableAttributeTagProcessor
[THYMELEAF]             * [* {th:lang,data-th-lang}] [1000]: org.thymeleaf.standard.processor.StandardRemovableAttributeTagProcessor
[THYMELEAF]             * [* {th:kind,data-th-kind}] [1000]: org.thymeleaf.standard.processor.StandardRemovableAttributeTagProcessor
[THYMELEAF]             * [* {th:poster,data-th-poster}] [1000]: org.thymeleaf.standard.processor.StandardRemovableAttributeTagProcessor
[THYMELEAF]             * [* {th:vspace,data-th-vspace}] [1000]: org.thymeleaf.standard.processor.StandardRemovableAttributeTagProcessor
[THYMELEAF]             * [* {th:radiogroup,data-th-radiogroup}] [1000]: org.thymeleaf.standard.processor.StandardRemovableAttributeTagProcessor
[THYMELEAF]             * [* {th:axis,data-th-axis}] [1000]: org.thymeleaf.standard.processor.StandardRemovableAttributeTagProcessor
[THYMELEAF]             * [* {th:max,data-th-max}] [1000]: org.thymeleaf.standard.processor.StandardRemovableAttributeTagProcessor
[THYMELEAF]             * [* {th:frameborder,data-th-frameborder}] [1000]: org.thymeleaf.standard.processor.StandardRemovableAttributeTagProcessor
[THYMELEAF]             * [* {th:rowspan,data-th-rowspan}] [1000]: org.thymeleaf.standard.processor.StandardRemovableAttributeTagProcessor
[THYMELEAF]             * [* {th:enctype,data-th-enctype}] [1000]: org.thymeleaf.standard.processor.StandardRemovableAttributeTagProcessor
[THYMELEAF]             * [* {th:contextmenu,data-th-contextmenu}] [1000]: org.thymeleaf.standard.processor.StandardRemovableAttributeTagProcessor
[THYMELEAF]             * [* {th:wrap,data-th-wrap}] [1000]: org.thymeleaf.standard.processor.StandardRemovableAttributeTagProcessor
[THYMELEAF]             * [* {th:placeholder,data-th-placeholder}] [1000]: org.thymeleaf.standard.processor.StandardRemovableAttributeTagProcessor
[THYMELEAF]             * [* {th:valuetype,data-th-valuetype}] [1000]: org.thymeleaf.standard.processor.StandardRemovableAttributeTagProcessor
[THYMELEAF]             * [* {th:cellpadding,data-th-cellpadding}] [1000]: org.thymeleaf.standard.processor.StandardRemovableAttributeTagProcessor
[THYMELEAF]             * [* {th:formtarget,data-th-formtarget}] [1000]: org.thymeleaf.standard.processor.StandardRemovableAttributeTagProcessor
[THYMELEAF]             * [* {th:bgcolor,data-th-bgcolor}] [1000]: org.thymeleaf.standard.processor.StandardRemovableAttributeTagProcessor
[THYMELEAF]             * [* {th:for,data-th-for}] [1000]: org.thymeleaf.standard.processor.StandardRemovableAttributeTagProcessor
[THYMELEAF]             * [* {th:border,data-th-border}] [1000]: org.thymeleaf.standard.processor.StandardRemovableAttributeTagProcessor
[THYMELEAF]             * [* {th:classid,data-th-classid}] [1000]: org.thymeleaf.standard.processor.StandardRemovableAttributeTagProcessor
[THYMELEAF]             * [* {th:media,data-th-media}] [1000]: org.thymeleaf.standard.processor.StandardRemovableAttributeTagProcessor
[THYMELEAF]             * [* {th:compact,data-th-compact}] [1000]: org.thymeleaf.standard.processor.StandardRemovableAttributeTagProcessor
[THYMELEAF]             * [* {th:dropzone,data-th-dropzone}] [1000]: org.thymeleaf.standard.processor.StandardRemovableAttributeTagProcessor
[THYMELEAF]             * [* {th:background,data-th-background}] [1000]: org.thymeleaf.standard.processor.StandardRemovableAttributeTagProcessor
[THYMELEAF]             * [* {th:accept,data-th-accept}] [1000]: org.thymeleaf.standard.processor.StandardRemovableAttributeTagProcessor
[THYMELEAF]             * [* {th:style,data-th-style}] [1000]: org.thymeleaf.standard.processor.StandardRemovableAttributeTagProcessor
[THYMELEAF]             * [* {th:archive,data-th-archive}] [1000]: org.thymeleaf.standard.processor.StandardRemovableAttributeTagProcessor
[THYMELEAF]             * [* {th:colspan,data-th-colspan}] [1000]: org.thymeleaf.standard.processor.StandardRemovableAttributeTagProcessor
[THYMELEAF]             * [* {th:size,data-th-size}] [1000]: org.thymeleaf.standard.processor.StandardRemovableAttributeTagProcessor
[THYMELEAF]             * [* {th:hspace,data-th-hspace}] [1000]: org.thymeleaf.standard.processor.StandardRemovableAttributeTagProcessor
[THYMELEAF]             * [* {th:usemap,data-th-usemap}] [1000]: org.thymeleaf.standard.processor.StandardRemovableAttributeTagProcessor
[THYMELEAF]             * [* {th:label,data-th-label}] [1000]: org.thymeleaf.standard.processor.StandardRemovableAttributeTagProcessor
[THYMELEAF]             * [* {th:icon,data-th-icon}] [1000]: org.thymeleaf.standard.processor.StandardRemovableAttributeTagProcessor
[THYMELEAF]             * [* {th:frame,data-th-frame}] [1000]: org.thymeleaf.standard.processor.StandardRemovableAttributeTagProcessor
[THYMELEAF]             * [* {th:formenctype,data-th-formenctype}] [1000]: org.thymeleaf.standard.processor.StandardRemovableAttributeTagProcessor
[THYMELEAF]             * [* {th:cellspacing,data-th-cellspacing}] [1000]: org.thymeleaf.standard.processor.StandardRemovableAttributeTagProcessor
[THYMELEAF]             * [* {th:standby,data-th-standby}] [1000]: org.thymeleaf.standard.processor.StandardRemovableAttributeTagProcessor
[THYMELEAF]             * [* {th:accesskey,data-th-accesskey}] [1000]: org.thymeleaf.standard.processor.StandardRemovableAttributeTagProcessor
[THYMELEAF]             * [* {th:challenge,data-th-challenge}] [1000]: org.thymeleaf.standard.processor.StandardRemovableAttributeTagProcessor
[THYMELEAF]             * [* {th:span,data-th-span}] [1000]: org.thymeleaf.standard.processor.StandardRemovableAttributeTagProcessor
[THYMELEAF]             * [* {th:http-equiv,data-th-http-equiv}] [1000]: org.thymeleaf.standard.processor.StandardRemovableAttributeTagProcessor
[THYMELEAF]             * [* {th:keytype,data-th-keytype}] [1000]: org.thymeleaf.standard.processor.StandardRemovableAttributeTagProcessor
[THYMELEAF]             * [* {th:rel,data-th-rel}] [1000]: org.thymeleaf.standard.processor.StandardRemovableAttributeTagProcessor
[THYMELEAF]             * [* {th:width,data-th-width}] [1000]: org.thymeleaf.standard.processor.StandardRemovableAttributeTagProcessor
[THYMELEAF]             * [* {th:scope,data-th-scope}] [1000]: org.thymeleaf.standard.processor.StandardRemovableAttributeTagProcessor
[THYMELEAF]             * [* {th:longdesc,data-th-longdesc}] [1000]: org.thymeleaf.standard.processor.StandardRemovableAttributeTagProcessor
[THYMELEAF]             * [* {th:sizes,data-th-sizes}] [1000]: org.thymeleaf.standard.processor.StandardRemovableAttributeTagProcessor
[THYMELEAF]             * [* {th:start,data-th-start}] [1000]: org.thymeleaf.standard.processor.StandardRemovableAttributeTagProcessor
[THYMELEAF]             * [* {th:cite,data-th-cite}] [1000]: org.thymeleaf.standard.processor.StandardRemovableAttributeTagProcessor
[THYMELEAF]             * [* {th:datetime,data-th-datetime}] [1000]: org.thymeleaf.standard.processor.StandardRemovableAttributeTagProcessor
[THYMELEAF]             * [* {th:codebase,data-th-codebase}] [1000]: org.thymeleaf.standard.processor.StandardRemovableAttributeTagProcessor
[THYMELEAF]             * [* {th:tabindex,data-th-tabindex}] [1000]: org.thymeleaf.standard.processor.StandardRemovableAttributeTagProcessor
[THYMELEAF]             * [* {th:rules,data-th-rules}] [1000]: org.thymeleaf.standard.processor.StandardRemovableAttributeTagProcessor
[THYMELEAF]             * [* {th:maxlength,data-th-maxlength}] [1000]: org.thymeleaf.standard.processor.StandardRemovableAttributeTagProcessor
[THYMELEAF]             * [* {th:title,data-th-title}] [1000]: org.thymeleaf.standard.processor.StandardRemovableAttributeTagProcessor
[THYMELEAF]             * [* {th:list,data-th-list}] [1000]: org.thymeleaf.standard.processor.StandardRemovableAttributeTagProcessor
[THYMELEAF]             * [* {th:form,data-th-form}] [1000]: org.thymeleaf.standard.processor.StandardRemovableAttributeTagProcessor
[THYMELEAF]             * [* {th:height,data-th-height}] [1000]: org.thymeleaf.standard.processor.StandardRemovableAttributeTagProcessor
[THYMELEAF]             * [* {th:preload,data-th-preload}] [1000]: org.thymeleaf.standard.processor.StandardRemovableAttributeTagProcessor
[THYMELEAF]             * [* {th:formaction,data-th-formaction}] [1000]: org.thymeleaf.standard.processor.StandardRemovableAttributeTagProcessor
[THYMELEAF]             * [* {th:optimum,data-th-optimum}] [1000]: org.thymeleaf.standard.processor.StandardRemovableAttributeTagProcessor
[THYMELEAF]             * [* {th:spellcheck,data-th-spellcheck}] [1000]: org.thymeleaf.standard.processor.StandardRemovableAttributeTagProcessor
[THYMELEAF]             * [* {th:target,data-th-target}] [1000]: org.thymeleaf.standard.processor.StandardRemovableAttributeTagProcessor
[THYMELEAF]             * [* {th:marginheight,data-th-marginheight}] [1000]: org.thymeleaf.standard.processor.StandardRemovableAttributeTagProcessor
[THYMELEAF]             * [* {th:charset,data-th-charset}] [1000]: org.thymeleaf.standard.processor.StandardRemovableAttributeTagProcessor
[THYMELEAF]             * [* {th:low,data-th-low}] [1000]: org.thymeleaf.standard.processor.StandardRemovableAttributeTagProcessor
[THYMELEAF]             * [* {th:step,data-th-step}] [1000]: org.thymeleaf.standard.processor.StandardRemovableAttributeTagProcessor
[THYMELEAF]             * [* {th:formmethod,data-th-formmethod}] [1000]: org.thymeleaf.standard.processor.StandardRemovableAttributeTagProcessor
[THYMELEAF]             * [* {th:class,data-th-class}] [1000]: org.thymeleaf.standard.processor.StandardRemovableAttributeTagProcessor
[THYMELEAF]             * [* {th:content,data-th-content}] [1000]: org.thymeleaf.standard.processor.StandardRemovableAttributeTagProcessor
[THYMELEAF]             * [* {th:data,data-th-data}] [1000]: org.thymeleaf.standard.processor.StandardRemovableAttributeTagProcessor
[THYMELEAF]             * [* {th:abbr,data-th-abbr}] [1000]: org.thymeleaf.standard.processor.StandardRemovableAttributeTagProcessor
[THYMELEAF]             * [* {th:src,data-th-src}] [1000]: org.thymeleaf.standard.processor.StandardSrcTagProcessor
[THYMELEAF]             * [* {th:value,data-th-value}] [1000]: org.thymeleaf.standard.processor.StandardValueTagProcessor
[THYMELEAF]             * [* {th:xmlbase,data-th-xmlbase}] [1000]: org.thymeleaf.standard.processor.StandardXmlBaseTagProcessor
[THYMELEAF]             * [* {th:xmllang,data-th-xmllang}] [1000]: org.thymeleaf.standard.processor.StandardXmlLangTagProcessor
[THYMELEAF]             * [* {xmlns:th}] [1000]: org.thymeleaf.standard.processor.StandardXmlNsTagProcessor
[THYMELEAF]             * [* {th:xmlspace,data-th-xmlspace}] [1000]: org.thymeleaf.standard.processor.StandardXmlSpaceTagProcessor
[THYMELEAF]             * [* {th:classappend,data-th-classappend}] [1100]: org.thymeleaf.standard.processor.StandardClassappendTagProcessor
[THYMELEAF]             * [* {th:styleappend,data-th-styleappend}] [1100]: org.thymeleaf.standard.processor.StandardStyleappendTagProcessor
[THYMELEAF]             * [* {th:text,data-th-text}] [1300]: org.thymeleaf.standard.processor.StandardTextTagProcessor
[THYMELEAF]             * [* {th:utext,data-th-utext}] [1400]: org.thymeleaf.standard.processor.StandardUtextTagProcessor
[THYMELEAF]             * [* {th:fragment,data-th-fragment}] [1500]: org.thymeleaf.standard.processor.StandardFragmentTagProcessor
[THYMELEAF]             * [* {th:assert,data-th-assert}] [1550]: org.thymeleaf.standard.processor.StandardAssertTagProcessor
[THYMELEAF]             * [* {th:remove,data-th-remove}] [1600]: org.thymeleaf.standard.processor.StandardRemoveTagProcessor
[THYMELEAF]             * [* {th:ref,data-th-ref}] [10000]: org.thymeleaf.standard.processor.StandardRefAttributeTagProcessor
[THYMELEAF]             * [{th:block,th-block} *] [100000]: org.thymeleaf.standard.processor.StandardBlockTagProcessor
[THYMELEAF]             * [* th:*] [2147483647]: org.thymeleaf.standard.processor.StandardDefaultAttributesTagProcessor
[THYMELEAF]         * Text Processors by [precedence]:
[THYMELEAF]             * [1000]: org.thymeleaf.standard.processor.StandardInliningTextProcessor
[THYMELEAF]         * DOCTYPE Processors by [precedence]:
[THYMELEAF]             * [1000]: org.thymeleaf.standard.processor.StandardTranslationDocTypeProcessor
[THYMELEAF]         * CDATA Section Processors by [precedence]:
[THYMELEAF]             * [1000]: org.thymeleaf.standard.processor.StandardInliningCDATASectionProcessor
[THYMELEAF]         * Comment Processors by [precedence]:
[THYMELEAF]             * [1000]: org.thymeleaf.standard.processor.StandardInliningCommentProcessor
[THYMELEAF]             * [1100]: org.thymeleaf.standard.processor.StandardConditionalCommentProcessor
[THYMELEAF]     * Processors for Template Mode: XML
[THYMELEAF]         * Element Tag Processors by [matching element and attribute name] [precedence]:
[THYMELEAF]             * [* {th:include}] [100]: org.thymeleaf.standard.processor.StandardIncludeTagProcessor
[THYMELEAF]             * [* {th:insert}] [100]: org.thymeleaf.standard.processor.StandardInsertTagProcessor
[THYMELEAF]             * [* {th:replace}] [100]: org.thymeleaf.standard.processor.StandardReplaceTagProcessor
[THYMELEAF]             * [* {th:each}] [200]: com.intuit.karate.template.KarateEachTagProcessor
[THYMELEAF]             * [* {th:switch}] [250]: org.thymeleaf.standard.processor.StandardSwitchTagProcessor
[THYMELEAF]             * [* {th:case}] [275]: org.thymeleaf.standard.processor.StandardCaseTagProcessor
[THYMELEAF]             * [* {th:if}] [300]: org.thymeleaf.standard.processor.StandardIfTagProcessor
[THYMELEAF]             * [* {th:unless}] [400]: org.thymeleaf.standard.processor.StandardUnlessTagProcessor
[THYMELEAF]             * [* {th:object}] [500]: org.thymeleaf.standard.processor.StandardObjectTagProcessor
[THYMELEAF]             * [* {th:with}] [600]: com.intuit.karate.template.KarateWithTagProcessor
[THYMELEAF]             * [* {th:attr}] [700]: com.intuit.karate.template.KarateAttributeTagProcessor.KarateAttrTagProcessor
[THYMELEAF]             * [* {th:attrappend}] [900]: com.intuit.karate.template.KarateAttributeTagProcessor.KarateAttrappendTagProcessor
[THYMELEAF]             * [* {th:attrprepend}] [900]: com.intuit.karate.template.KarateAttributeTagProcessor.KarateAttrprependTagProcessor
[THYMELEAF]             * [* {th:inline}] [1000]: org.thymeleaf.standard.processor.StandardInlineXMLTagProcessor
[THYMELEAF]             * [* {xmlns:th}] [1000]: org.thymeleaf.standard.processor.StandardXmlNsTagProcessor
[THYMELEAF]             * [* {th:text}] [1300]: org.thymeleaf.standard.processor.StandardTextTagProcessor
[THYMELEAF]             * [* {th:utext}] [1400]: org.thymeleaf.standard.processor.StandardUtextTagProcessor
[THYMELEAF]             * [* {th:fragment}] [1500]: org.thymeleaf.standard.processor.StandardFragmentTagProcessor
[THYMELEAF]             * [* {th:assert}] [1550]: org.thymeleaf.standard.processor.StandardAssertTagProcessor
[THYMELEAF]             * [* {th:remove}] [1600]: org.thymeleaf.standard.processor.StandardRemoveTagProcessor
[THYMELEAF]             * [* {th:ref}] [10000]: org.thymeleaf.standard.processor.StandardRefAttributeTagProcessor
[THYMELEAF]             * [{th:block} *] [100000]: org.thymeleaf.standard.processor.StandardBlockTagProcessor
[THYMELEAF]             * [* th:*] [2147483647]: org.thymeleaf.standard.processor.StandardDefaultAttributesTagProcessor
[THYMELEAF]         * Text Processors by [precedence]:
[THYMELEAF]             * [1000]: org.thymeleaf.standard.processor.StandardInliningTextProcessor
[THYMELEAF]         * CDATA Section Processors by [precedence]:
[THYMELEAF]             * [1000]: org.thymeleaf.standard.processor.StandardInliningCDATASectionProcessor
[THYMELEAF]         * Comment Processors by [precedence]:
[THYMELEAF]             * [1000]: org.thymeleaf.standard.processor.StandardInliningCommentProcessor
[THYMELEAF]     * Processors for Template Mode: TEXT
[THYMELEAF]         * Element Tag Processors by [matching element and attribute name] [precedence]:
[THYMELEAF]             * [* {th:insert}] [100]: org.thymeleaf.standard.processor.StandardInsertTagProcessor
[THYMELEAF]             * [* {th:replace}] [100]: org.thymeleaf.standard.processor.StandardReplaceTagProcessor
[THYMELEAF]             * [* {th:each}] [200]: com.intuit.karate.template.KarateEachTagProcessor
[THYMELEAF]             * [* {th:switch}] [250]: org.thymeleaf.standard.processor.StandardSwitchTagProcessor
[THYMELEAF]             * [* {th:case}] [275]: org.thymeleaf.standard.processor.StandardCaseTagProcessor
[THYMELEAF]             * [* {th:if}] [300]: org.thymeleaf.standard.processor.StandardIfTagProcessor
[THYMELEAF]             * [* {th:unless}] [400]: org.thymeleaf.standard.processor.StandardUnlessTagProcessor
[THYMELEAF]             * [* {th:object}] [500]: org.thymeleaf.standard.processor.StandardObjectTagProcessor
[THYMELEAF]             * [* {th:with}] [600]: com.intuit.karate.template.KarateWithTagProcessor
[THYMELEAF]             * [* {th:inline}] [1000]: org.thymeleaf.standard.processor.StandardInlineTextualTagProcessor
[THYMELEAF]             * [* {th:text}] [1300]: org.thymeleaf.standard.processor.StandardTextTagProcessor
[THYMELEAF]             * [* {th:utext}] [1400]: org.thymeleaf.standard.processor.StandardUtextTagProcessor
[THYMELEAF]             * [* {th:assert}] [1550]: org.thymeleaf.standard.processor.StandardAssertTagProcessor
[THYMELEAF]             * [* {th:remove}] [1600]: org.thymeleaf.standard.processor.StandardRemoveTagProcessor
[THYMELEAF]             * [* 100000] [org.thymeleaf.standard.processor.StandardBlockTagProcessor]: {}
[THYMELEAF]             * [{th:block} *] [100000]: org.thymeleaf.standard.processor.StandardBlockTagProcessor
[THYMELEAF]         * Text Processors by [precedence]:
[THYMELEAF]             * [1000]: org.thymeleaf.standard.processor.StandardInliningTextProcessor
[THYMELEAF]     * Processors for Template Mode: JAVASCRIPT
[THYMELEAF]         * Element Tag Processors by [matching element and attribute name] [precedence]:
[THYMELEAF]             * [* {th:insert}] [100]: org.thymeleaf.standard.processor.StandardInsertTagProcessor
[THYMELEAF]             * [* {th:replace}] [100]: org.thymeleaf.standard.processor.StandardReplaceTagProcessor
[THYMELEAF]             * [* {th:each}] [200]: com.intuit.karate.template.KarateEachTagProcessor
[THYMELEAF]             * [* {th:switch}] [250]: org.thymeleaf.standard.processor.StandardSwitchTagProcessor
[THYMELEAF]             * [* {th:case}] [275]: org.thymeleaf.standard.processor.StandardCaseTagProcessor
[THYMELEAF]             * [* {th:if}] [300]: org.thymeleaf.standard.processor.StandardIfTagProcessor
[THYMELEAF]             * [* {th:unless}] [400]: org.thymeleaf.standard.processor.StandardUnlessTagProcessor
[THYMELEAF]             * [* {th:object}] [500]: org.thymeleaf.standard.processor.StandardObjectTagProcessor
[THYMELEAF]             * [* {th:with}] [600]: com.intuit.karate.template.KarateWithTagProcessor
[THYMELEAF]             * [* {th:inline}] [1000]: org.thymeleaf.standard.processor.StandardInlineTextualTagProcessor
[THYMELEAF]             * [* {th:text}] [1300]: org.thymeleaf.standard.processor.StandardTextTagProcessor
[THYMELEAF]             * [* {th:utext}] [1400]: org.thymeleaf.standard.processor.StandardUtextTagProcessor
[THYMELEAF]             * [* {th:assert}] [1550]: org.thymeleaf.standard.processor.StandardAssertTagProcessor
[THYMELEAF]             * [* {th:remove}] [1600]: org.thymeleaf.standard.processor.StandardRemoveTagProcessor
[THYMELEAF]             * [* 100000] [org.thymeleaf.standard.processor.StandardBlockTagProcessor]: {}
[THYMELEAF]             * [{th:block} *] [100000]: org.thymeleaf.standard.processor.StandardBlockTagProcessor
[THYMELEAF]         * Text Processors by [precedence]:
[THYMELEAF]             * [1000]: org.thymeleaf.standard.processor.StandardInliningTextProcessor
[THYMELEAF]     * Processors for Template Mode: CSS
[THYMELEAF]         * Element Tag Processors by [matching element and attribute name] [precedence]:
[THYMELEAF]             * [* {th:insert}] [100]: org.thymeleaf.standard.processor.StandardInsertTagProcessor
[THYMELEAF]             * [* {th:replace}] [100]: org.thymeleaf.standard.processor.StandardReplaceTagProcessor
[THYMELEAF]             * [* {th:each}] [200]: com.intuit.karate.template.KarateEachTagProcessor
[THYMELEAF]             * [* {th:switch}] [250]: org.thymeleaf.standard.processor.StandardSwitchTagProcessor
[THYMELEAF]             * [* {th:case}] [275]: org.thymeleaf.standard.processor.StandardCaseTagProcessor
[THYMELEAF]             * [* {th:if}] [300]: org.thymeleaf.standard.processor.StandardIfTagProcessor
[THYMELEAF]             * [* {th:unless}] [400]: org.thymeleaf.standard.processor.StandardUnlessTagProcessor
[THYMELEAF]             * [* {th:object}] [500]: org.thymeleaf.standard.processor.StandardObjectTagProcessor
[THYMELEAF]             * [* {th:with}] [600]: com.intuit.karate.template.KarateWithTagProcessor
[THYMELEAF]             * [* {th:inline}] [1000]: org.thymeleaf.standard.processor.StandardInlineTextualTagProcessor
[THYMELEAF]             * [* {th:text}] [1300]: org.thymeleaf.standard.processor.StandardTextTagProcessor
[THYMELEAF]             * [* {th:utext}] [1400]: org.thymeleaf.standard.processor.StandardUtextTagProcessor
[THYMELEAF]             * [* {th:assert}] [1550]: org.thymeleaf.standard.processor.StandardAssertTagProcessor
[THYMELEAF]             * [* {th:remove}] [1600]: org.thymeleaf.standard.processor.StandardRemoveTagProcessor
[THYMELEAF]             * [* 100000] [org.thymeleaf.standard.processor.StandardBlockTagProcessor]: {}
[THYMELEAF]             * [{th:block} *] [100000]: org.thymeleaf.standard.processor.StandardBlockTagProcessor
[THYMELEAF]         * Text Processors by [precedence]:
[THYMELEAF]             * [1000]: org.thymeleaf.standard.processor.StandardInliningTextProcessor
[THYMELEAF]     * Expression Objects:
[THYMELEAF]         * #ctx
[THYMELEAF]         * #root
[THYMELEAF]         * #vars
[THYMELEAF]         * #object
[THYMELEAF]         * #locale
[THYMELEAF]         * #conversions
[THYMELEAF]         * #uris
[THYMELEAF]         * #temporals
[THYMELEAF]         * #calendars
[THYMELEAF]         * #dates
[THYMELEAF]         * #bools
[THYMELEAF]         * #numbers
[THYMELEAF]         * #objects
[THYMELEAF]         * #strings
[THYMELEAF]         * #arrays
[THYMELEAF]         * #lists
[THYMELEAF]         * #sets
[THYMELEAF]         * #maps
[THYMELEAF]         * #aggregates
[THYMELEAF]         * #messages
[THYMELEAF]         * #ids
[THYMELEAF]         * #execInfo
[THYMELEAF]         * #request
[THYMELEAF]         * #response
[THYMELEAF]         * #session
[THYMELEAF]         * #servletContext
[THYMELEAF]     * Execution Attributes:
[THYMELEAF]         * "StandardExpressionParser": com.intuit.karate.template.KarateStandardDialect@3079c26a
[THYMELEAF]         * "StandardJavaScriptSerializer": org.thymeleaf.standard.serializer.StandardJavaScriptSerializer@4e974b9e
[THYMELEAF]         * "StandardCSSSerializer": org.thymeleaf.standard.serializer.StandardCSSSerializer@370c7cc5
[THYMELEAF]         * "StandardVariableExpressionEvaluator": com.intuit.karate.template.KarateStandardDialect@3079c26a
[THYMELEAF]         * "StandardConversionService": org.thymeleaf.standard.expression.StandardConversionService@61b838f2
[THYMELEAF] * Dialect [2 of 2]: karate (com.intuit.karate.template.KarateScriptDialect)
[THYMELEAF]     * Prefix: "ka"
[THYMELEAF]     * Processors for Template Mode: HTML
[THYMELEAF]         * Element Tag Processors by [matching element and attribute name] [precedence]:
[THYMELEAF]             * [* {src}] [1000]: com.intuit.karate.template.KaScriptAttrProcessor
[THYMELEAF]         * Element Model Processors by [matching element and attribute name] [precedence]:
[THYMELEAF]             * [{script} {ka:scope,data-ka-scope}] [1000]: com.intuit.karate.template.KaScriptElemProcessor
[THYMELEAF]             * [* {ka:set,data-ka-set}] [1000]: com.intuit.karate.template.KaSetElemProcessor
[THYMELEAF] TEMPLATE ENGINE CONFIGURED OK
15:37:48.018 [main] DEBUG org.thymeleaf.TemplateEngine -- [THYMELEAF] TEMPLATE ENGINE INITIALIZED
---------------------------------------------------------
feature: classpath:Tests/get.feature
scenarios:  4 | passed:  4 | failed:  0 | time: 0.5214
---------------------------------------------------------

15:37:48.296 [main] DEBUG com.jayway.jsonpath.internal.path.CompiledPath -- Evaluating path: $
15:37:48.300 [main] DEBUG com.jayway.jsonpath.internal.path.CompiledPath -- Evaluating path: $
15:37:48.302 [main] DEBUG com.jayway.jsonpath.internal.path.CompiledPath -- Evaluating path: $
15:37:48.304 [main] DEBUG com.jayway.jsonpath.internal.path.CompiledPath -- Evaluating path: $
15:37:48.333 [main] DEBUG io.netty.util.internal.logging.InternalLoggerFactory -- Using SLF4J as the default logging framework
15:37:48.335 [main] DEBUG io.netty.util.internal.PlatformDependent0 -- -Dio.netty.noUnsafe: false
15:37:48.335 [main] DEBUG io.netty.util.internal.PlatformDependent0 -- Java version: 21
15:37:48.337 [main] DEBUG io.netty.util.internal.PlatformDependent0 -- sun.misc.Unsafe.theUnsafe: available
15:37:48.338 [main] DEBUG io.netty.util.internal.PlatformDependent0 -- sun.misc.Unsafe.copyMemory: available
15:37:48.338 [main] DEBUG io.netty.util.internal.PlatformDependent0 -- sun.misc.Unsafe.storeFence: available
15:37:48.339 [main] DEBUG io.netty.util.internal.PlatformDependent0 -- java.nio.Buffer.address: available
15:37:48.355 [main] DEBUG io.netty.util.internal.PlatformDependent0 -- direct buffer constructor: unavailable: Reflective setAccessible(true) disabled
15:37:48.356 [main] DEBUG io.netty.util.internal.PlatformDependent0 -- java.nio.Bits.unaligned: available, true
15:37:48.358 [main] DEBUG io.netty.util.internal.PlatformDependent0 -- jdk.internal.misc.Unsafe.allocateUninitializedArray(int): unavailable: class io.netty.util.internal.PlatformDependent0$7 cannot access class jdk.internal.misc.Unsafe (in module java.base) because module java.base does not export jdk.internal.misc to unnamed module @7823a2f9
15:37:48.359 [main] DEBUG io.netty.util.internal.PlatformDependent0 -- java.nio.DirectByteBuffer.<init>(long, {int,long}): unavailable
15:37:48.359 [main] DEBUG io.netty.util.internal.PlatformDependent -- sun.misc.Unsafe: available
15:37:48.361 [main] DEBUG io.netty.util.internal.PlatformDependent -- maxDirectMemory: 2048917504 bytes (maybe)
15:37:48.361 [main] DEBUG io.netty.util.internal.PlatformDependent -- -Dio.netty.tmpdir: C:\Users\User\AppData\Local\Temp (java.io.tmpdir)
15:37:48.361 [main] DEBUG io.netty.util.internal.PlatformDependent -- -Dio.netty.bitMode: 64 (sun.arch.data.model)
15:37:48.361 [main] DEBUG io.netty.util.internal.PlatformDependent -- Platform: Windows
15:37:48.363 [main] DEBUG io.netty.util.internal.PlatformDependent -- -Dio.netty.maxDirectMemory: -1 bytes
15:37:48.363 [main] DEBUG io.netty.util.internal.PlatformDependent -- -Dio.netty.uninitializedArrayAllocationThreshold: -1
15:37:48.364 [main] DEBUG io.netty.util.internal.CleanerJava9 -- java.nio.ByteBuffer.cleaner(): available
15:37:48.365 [main] DEBUG io.netty.util.internal.PlatformDependent -- -Dio.netty.noPreferDirect: false
15:37:48.372 [main] DEBUG org.apache.http.client.protocol.RequestAddCookies -- CookieSpec selected: karate
15:37:48.372 [main] DEBUG org.apache.http.client.protocol.RequestAuthCache -- Auth cache not set in the context
15:37:48.372 [main] DEBUG com.intuit.karate -- request:
1 > POST https://reqres.in/api/users
1 > Accept: application/json
1 > Content-Type: application/json; charset=UTF-8
1 > Content-Length: 34
1 > Host: reqres.in
1 > Connection: Keep-Alive
1 > User-Agent: Apache-HttpClient/4.5.14 (Java/21.0.1)
1 > Accept-Encoding: gzip,deflate
{"name":"morpheus","job":"leader"}

15:37:48.373 [main] DEBUG org.apache.http.impl.conn.PoolingHttpClientConnectionManager -- Connection request: [route: {s}->https://reqres.in:443][total available: 0; route allocated: 0 of 5; total allocated: 0 of 10]
15:37:48.373 [main] DEBUG org.apache.http.impl.conn.PoolingHttpClientConnectionManager -- Connection leased: [id: 5][route: {s}->https://reqres.in:443][total available: 0; route allocated: 1 of 5; total allocated: 1 of 10]
15:37:48.373 [main] DEBUG org.apache.http.impl.execchain.MainClientExec -- Opening connection {s}->https://reqres.in:443
15:37:48.373 [main] DEBUG org.apache.http.impl.conn.DefaultHttpClientConnectionOperator -- Connecting to reqres.in/172.67.73.173:443
15:37:48.373 [main] DEBUG org.apache.http.conn.ssl.SSLConnectionSocketFactory -- Connecting socket to reqres.in/172.67.73.173:443 with timeout 30000
15:37:48.397 [main] DEBUG org.apache.http.conn.ssl.SSLConnectionSocketFactory -- Enabled protocols: [TLSv1.3, TLSv1.2]
15:37:48.397 [main] DEBUG org.apache.http.conn.ssl.SSLConnectionSocketFactory -- Enabled cipher suites:[TLS_AES_256_GCM_SHA384, TLS_AES_128_GCM_SHA256, TLS_CHACHA20_POLY1305_SHA256, TLS_ECDHE_ECDSA_WITH_AES_256_GCM_SHA384, TLS_ECDHE_ECDSA_WITH_AES_128_GCM_SHA256, TLS_ECDHE_ECDSA_WITH_CHACHA20_POLY1305_SHA256, TLS_ECDHE_RSA_WITH_AES_256_GCM_SHA384, TLS_ECDHE_RSA_WITH_CHACHA20_POLY1305_SHA256, TLS_ECDHE_RSA_WITH_AES_128_GCM_SHA256, TLS_DHE_RSA_WITH_AES_256_GCM_SHA384, TLS_DHE_RSA_WITH_CHACHA20_POLY1305_SHA256, TLS_DHE_DSS_WITH_AES_256_GCM_SHA384, TLS_DHE_RSA_WITH_AES_128_GCM_SHA256, TLS_DHE_DSS_WITH_AES_128_GCM_SHA256, TLS_ECDHE_ECDSA_WITH_AES_256_CBC_SHA384, TLS_ECDHE_RSA_WITH_AES_256_CBC_SHA384, TLS_ECDHE_ECDSA_WITH_AES_128_CBC_SHA256, TLS_ECDHE_RSA_WITH_AES_128_CBC_SHA256, TLS_DHE_RSA_WITH_AES_256_CBC_SHA256, TLS_DHE_DSS_WITH_AES_256_CBC_SHA256, TLS_DHE_RSA_WITH_AES_128_CBC_SHA256, TLS_DHE_DSS_WITH_AES_128_CBC_SHA256, TLS_ECDHE_ECDSA_WITH_AES_256_CBC_SHA, TLS_ECDHE_RSA_WITH_AES_256_CBC_SHA, TLS_ECDHE_ECDSA_WITH_AES_128_CBC_SHA, TLS_ECDHE_RSA_WITH_AES_128_CBC_SHA, TLS_DHE_RSA_WITH_AES_256_CBC_SHA, TLS_DHE_DSS_WITH_AES_256_CBC_SHA, TLS_DHE_RSA_WITH_AES_128_CBC_SHA, TLS_DHE_DSS_WITH_AES_128_CBC_SHA, TLS_RSA_WITH_AES_256_GCM_SHA384, TLS_RSA_WITH_AES_128_GCM_SHA256, TLS_RSA_WITH_AES_256_CBC_SHA256, TLS_RSA_WITH_AES_128_CBC_SHA256, TLS_RSA_WITH_AES_256_CBC_SHA, TLS_RSA_WITH_AES_128_CBC_SHA, TLS_EMPTY_RENEGOTIATION_INFO_SCSV]
15:37:48.397 [main] DEBUG org.apache.http.conn.ssl.SSLConnectionSocketFactory -- Starting handshake
15:37:48.429 [main] DEBUG org.apache.http.conn.ssl.SSLConnectionSocketFactory -- Secure session established
15:37:48.429 [main] DEBUG org.apache.http.conn.ssl.SSLConnectionSocketFactory --  negotiated protocol: TLSv1.3
15:37:48.429 [main] DEBUG org.apache.http.conn.ssl.SSLConnectionSocketFactory --  negotiated cipher suite: TLS_AES_256_GCM_SHA384
15:37:48.429 [main] DEBUG org.apache.http.conn.ssl.SSLConnectionSocketFactory --  peer principal: CN=sni.cloudflaressl.com, O="Cloudflare, Inc.", L=San Francisco, ST=California, C=US
15:37:48.429 [main] DEBUG org.apache.http.conn.ssl.SSLConnectionSocketFactory --  peer alternative names: [reqres.in, *.reqres.in, sni.cloudflaressl.com]
15:37:48.429 [main] DEBUG org.apache.http.conn.ssl.SSLConnectionSocketFactory --  issuer principal: CN=Cloudflare Inc ECC CA-3, O="Cloudflare, Inc.", C=US
15:37:48.430 [main] DEBUG org.apache.http.impl.conn.DefaultHttpClientConnectionOperator -- Connection established 192.168.68.104:55156<->172.67.73.173:443
15:37:48.430 [main] DEBUG org.apache.http.impl.conn.DefaultManagedHttpClientConnection -- http-outgoing-5: set socket timeout to 30000
15:37:48.430 [main] DEBUG org.apache.http.impl.execchain.MainClientExec -- Executing request POST /api/users HTTP/1.1
15:37:48.430 [main] DEBUG org.apache.http.impl.execchain.MainClientExec -- Target auth state: UNCHALLENGED
15:37:48.430 [main] DEBUG org.apache.http.impl.execchain.MainClientExec -- Proxy auth state: UNCHALLENGED
15:37:48.430 [main] DEBUG org.apache.http.headers -- http-outgoing-5 >> POST /api/users HTTP/1.1
15:37:48.430 [main] DEBUG org.apache.http.headers -- http-outgoing-5 >> Accept: application/json
15:37:48.430 [main] DEBUG org.apache.http.headers -- http-outgoing-5 >> Content-Type: application/json; charset=UTF-8
15:37:48.430 [main] DEBUG org.apache.http.headers -- http-outgoing-5 >> Content-Length: 34
15:37:48.430 [main] DEBUG org.apache.http.headers -- http-outgoing-5 >> Host: reqres.in
15:37:48.430 [main] DEBUG org.apache.http.headers -- http-outgoing-5 >> Connection: Keep-Alive
15:37:48.430 [main] DEBUG org.apache.http.headers -- http-outgoing-5 >> User-Agent: Apache-HttpClient/4.5.14 (Java/21.0.1)
15:37:48.430 [main] DEBUG org.apache.http.headers -- http-outgoing-5 >> Accept-Encoding: gzip,deflate
15:37:48.431 [main] DEBUG org.apache.http.wire -- http-outgoing-5 >> "POST /api/users HTTP/1.1[\r][\n]"
15:37:48.431 [main] DEBUG org.apache.http.wire -- http-outgoing-5 >> "Accept: application/json[\r][\n]"
15:37:48.431 [main] DEBUG org.apache.http.wire -- http-outgoing-5 >> "Content-Type: application/json; charset=UTF-8[\r][\n]"
15:37:48.431 [main] DEBUG org.apache.http.wire -- http-outgoing-5 >> "Content-Length: 34[\r][\n]"
15:37:48.431 [main] DEBUG org.apache.http.wire -- http-outgoing-5 >> "Host: reqres.in[\r][\n]"
15:37:48.431 [main] DEBUG org.apache.http.wire -- http-outgoing-5 >> "Connection: Keep-Alive[\r][\n]"
15:37:48.431 [main] DEBUG org.apache.http.wire -- http-outgoing-5 >> "User-Agent: Apache-HttpClient/4.5.14 (Java/21.0.1)[\r][\n]"
15:37:48.431 [main] DEBUG org.apache.http.wire -- http-outgoing-5 >> "Accept-Encoding: gzip,deflate[\r][\n]"
15:37:48.431 [main] DEBUG org.apache.http.wire -- http-outgoing-5 >> "[\r][\n]"
15:37:48.431 [main] DEBUG org.apache.http.wire -- http-outgoing-5 >> "{"name":"morpheus","job":"leader"}"
15:37:48.710 [main] DEBUG org.apache.http.wire -- http-outgoing-5 << "HTTP/1.1 201 Created[\r][\n]"
15:37:48.710 [main] DEBUG org.apache.http.wire -- http-outgoing-5 << "Date: Fri, 16 Feb 2024 22:37:48 GMT[\r][\n]"
15:37:48.710 [main] DEBUG org.apache.http.wire -- http-outgoing-5 << "Content-Type: application/json; charset=utf-8[\r][\n]"
15:37:48.710 [main] DEBUG org.apache.http.wire -- http-outgoing-5 << "Content-Length: 84[\r][\n]"
15:37:48.710 [main] DEBUG org.apache.http.wire -- http-outgoing-5 << "Connection: keep-alive[\r][\n]"
15:37:48.710 [main] DEBUG org.apache.http.wire -- http-outgoing-5 << "Report-To: {"group":"heroku-nel","max_age":3600,"endpoints":[{"url":"https://nel.heroku.com/reports?ts=1708123068&sid=c4c9725f-1ab0-44d8-820f-430df2718e11&s=Ey6Ln6u%2F7hiQ6YzBSvKqnTGZ5BnEDjg2rb4bGeLOBo0%3D"}]}[\r][\n]"
15:37:48.710 [main] DEBUG org.apache.http.wire -- http-outgoing-5 << "Reporting-Endpoints: heroku-nel=https://nel.heroku.com/reports?ts=1708123068&sid=c4c9725f-1ab0-44d8-820f-430df2718e11&s=Ey6Ln6u%2F7hiQ6YzBSvKqnTGZ5BnEDjg2rb4bGeLOBo0%3D[\r][\n]"
15:37:48.711 [main] DEBUG org.apache.http.wire -- http-outgoing-5 << "Nel: {"report_to":"heroku-nel","max_age":3600,"success_fraction":0.005,"failure_fraction":0.05,"response_headers":["Via"]}[\r][\n]"
15:37:48.711 [main] DEBUG org.apache.http.wire -- http-outgoing-5 << "X-Powered-By: Express[\r][\n]"
15:37:48.711 [main] DEBUG org.apache.http.wire -- http-outgoing-5 << "Access-Control-Allow-Origin: *[\r][\n]"
15:37:48.711 [main] DEBUG org.apache.http.wire -- http-outgoing-5 << "Etag: W/"54-dS0PgA6xvLR2EyoBfP//tJoXVPQ"[\r][\n]"
15:37:48.711 [main] DEBUG org.apache.http.wire -- http-outgoing-5 << "Via: 1.1 vegur[\r][\n]"
15:37:48.711 [main] DEBUG org.apache.http.wire -- http-outgoing-5 << "CF-Cache-Status: DYNAMIC[\r][\n]"
15:37:48.711 [main] DEBUG org.apache.http.wire -- http-outgoing-5 << "Server: cloudflare[\r][\n]"
15:37:48.711 [main] DEBUG org.apache.http.wire -- http-outgoing-5 << "CF-RAY: 856946f8a9911f39-DEN[\r][\n]"
15:37:48.711 [main] DEBUG org.apache.http.wire -- http-outgoing-5 << "[\r][\n]"
15:37:48.711 [main] DEBUG org.apache.http.wire -- http-outgoing-5 << "{"name":"morpheus","job":"leader","id":"536","createdAt":"2024-02-16T22:37:48.452Z"}"
15:37:48.711 [main] DEBUG org.apache.http.headers -- http-outgoing-5 << HTTP/1.1 201 Created
15:37:48.711 [main] DEBUG org.apache.http.headers -- http-outgoing-5 << Date: Fri, 16 Feb 2024 22:37:48 GMT
15:37:48.711 [main] DEBUG org.apache.http.headers -- http-outgoing-5 << Content-Type: application/json; charset=utf-8
15:37:48.711 [main] DEBUG org.apache.http.headers -- http-outgoing-5 << Content-Length: 84
15:37:48.712 [main] DEBUG org.apache.http.headers -- http-outgoing-5 << Connection: keep-alive
15:37:48.712 [main] DEBUG org.apache.http.headers -- http-outgoing-5 << Report-To: {"group":"heroku-nel","max_age":3600,"endpoints":[{"url":"https://nel.heroku.com/reports?ts=1708123068&sid=c4c9725f-1ab0-44d8-820f-430df2718e11&s=Ey6Ln6u%2F7hiQ6YzBSvKqnTGZ5BnEDjg2rb4bGeLOBo0%3D"}]}
15:37:48.712 [main] DEBUG org.apache.http.headers -- http-outgoing-5 << Reporting-Endpoints: heroku-nel=https://nel.heroku.com/reports?ts=1708123068&sid=c4c9725f-1ab0-44d8-820f-430df2718e11&s=Ey6Ln6u%2F7hiQ6YzBSvKqnTGZ5BnEDjg2rb4bGeLOBo0%3D
15:37:48.712 [main] DEBUG org.apache.http.headers -- http-outgoing-5 << Nel: {"report_to":"heroku-nel","max_age":3600,"success_fraction":0.005,"failure_fraction":0.05,"response_headers":["Via"]}
15:37:48.712 [main] DEBUG org.apache.http.headers -- http-outgoing-5 << X-Powered-By: Express
15:37:48.712 [main] DEBUG org.apache.http.headers -- http-outgoing-5 << Access-Control-Allow-Origin: *
15:37:48.712 [main] DEBUG org.apache.http.headers -- http-outgoing-5 << Etag: W/"54-dS0PgA6xvLR2EyoBfP//tJoXVPQ"
15:37:48.712 [main] DEBUG org.apache.http.headers -- http-outgoing-5 << Via: 1.1 vegur
15:37:48.712 [main] DEBUG org.apache.http.headers -- http-outgoing-5 << CF-Cache-Status: DYNAMIC
15:37:48.712 [main] DEBUG org.apache.http.headers -- http-outgoing-5 << Server: cloudflare
15:37:48.712 [main] DEBUG org.apache.http.headers -- http-outgoing-5 << CF-RAY: 856946f8a9911f39-DEN
15:37:48.712 [main] DEBUG org.apache.http.impl.execchain.MainClientExec -- Connection can be kept alive indefinitely
15:37:48.713 [main] DEBUG org.apache.http.impl.conn.PoolingHttpClientConnectionManager -- Connection [id: 5][route: {s}->https://reqres.in:443] can be kept alive indefinitely
15:37:48.713 [main] DEBUG org.apache.http.impl.conn.DefaultManagedHttpClientConnection -- http-outgoing-5: set socket timeout to 0
15:37:48.713 [main] DEBUG org.apache.http.impl.conn.PoolingHttpClientConnectionManager -- Connection released: [id: 5][route: {s}->https://reqres.in:443][total available: 1; route allocated: 1 of 5; total allocated: 1 of 10]
15:37:48.713 [main] DEBUG org.apache.http.impl.conn.PoolingHttpClientConnectionManager -- Connection manager is shutting down
15:37:48.713 [main] DEBUG org.apache.http.impl.conn.DefaultManagedHttpClientConnection -- http-outgoing-5: Close connection
15:37:48.714 [main] DEBUG org.apache.http.impl.conn.PoolingHttpClientConnectionManager -- Connection manager shut down
15:37:48.714 [main] DEBUG com.intuit.karate -- response time in milliseconds: 341
1 < 201
1 < Date: Fri, 16 Feb 2024 22:37:48 GMT
1 < Content-Type: application/json; charset=utf-8
1 < Content-Length: 84
1 < Connection: keep-alive
1 < Report-To: {"group":"heroku-nel","max_age":3600,"endpoints":[{"url":"https://nel.heroku.com/reports?ts=1708123068&sid=c4c9725f-1ab0-44d8-820f-430df2718e11&s=Ey6Ln6u%2F7hiQ6YzBSvKqnTGZ5BnEDjg2rb4bGeLOBo0%3D"}]}
1 < Reporting-Endpoints: heroku-nel=https://nel.heroku.com/reports?ts=1708123068&sid=c4c9725f-1ab0-44d8-820f-430df2718e11&s=Ey6Ln6u%2F7hiQ6YzBSvKqnTGZ5BnEDjg2rb4bGeLOBo0%3D
1 < Nel: {"report_to":"heroku-nel","max_age":3600,"success_fraction":0.005,"failure_fraction":0.05,"response_headers":["Via"]}
1 < X-Powered-By: Express
1 < Access-Control-Allow-Origin: *
1 < Etag: W/"54-dS0PgA6xvLR2EyoBfP//tJoXVPQ"
1 < Via: 1.1 vegur
1 < CF-Cache-Status: DYNAMIC
1 < Server: cloudflare
1 < CF-RAY: 856946f8a9911f39-DEN
{"name":"morpheus","job":"leader","id":"536","createdAt":"2024-02-16T22:37:48.452Z"}

]]></system-out>
  </testcase>
  <testcase name="[2:16] sample post request twp" classname="[Tests/post] POST request" time="0.424">
    <system-out><![CDATA[15:37:48.729 [main] DEBUG com.jayway.jsonpath.internal.path.CompiledPath -- Evaluating path: $
15:37:48.732 [main] DEBUG com.jayway.jsonpath.internal.path.CompiledPath -- Evaluating path: $
15:37:48.734 [main] DEBUG com.jayway.jsonpath.internal.path.CompiledPath -- Evaluating path: $
15:37:48.736 [main] DEBUG com.jayway.jsonpath.internal.path.CompiledPath -- Evaluating path: $
15:37:48.738 [main] DEBUG org.apache.http.client.protocol.RequestAddCookies -- CookieSpec selected: karate
15:37:48.738 [main] DEBUG org.apache.http.client.protocol.RequestAuthCache -- Auth cache not set in the context
15:37:48.738 [main] DEBUG com.intuit.karate -- request:
1 > POST https://reqres.in/api/users
1 > Accept: application/json
1 > Content-Type: application/json; charset=UTF-8
1 > Content-Length: 34
1 > Host: reqres.in
1 > Connection: Keep-Alive
1 > User-Agent: Apache-HttpClient/4.5.14 (Java/21.0.1)
1 > Accept-Encoding: gzip,deflate
{"name":"morpheus","job":"leader"}

15:37:48.738 [main] DEBUG org.apache.http.impl.conn.PoolingHttpClientConnectionManager -- Connection request: [route: {s}->https://reqres.in:443][total available: 0; route allocated: 0 of 5; total allocated: 0 of 10]
15:37:48.738 [main] DEBUG org.apache.http.impl.conn.PoolingHttpClientConnectionManager -- Connection leased: [id: 6][route: {s}->https://reqres.in:443][total available: 0; route allocated: 1 of 5; total allocated: 1 of 10]
15:37:48.738 [main] DEBUG org.apache.http.impl.execchain.MainClientExec -- Opening connection {s}->https://reqres.in:443
15:37:48.739 [main] DEBUG org.apache.http.impl.conn.DefaultHttpClientConnectionOperator -- Connecting to reqres.in/172.67.73.173:443
15:37:48.739 [main] DEBUG org.apache.http.conn.ssl.SSLConnectionSocketFactory -- Connecting socket to reqres.in/172.67.73.173:443 with timeout 30000
15:37:48.788 [main] DEBUG org.apache.http.conn.ssl.SSLConnectionSocketFactory -- Enabled protocols: [TLSv1.3, TLSv1.2]
15:37:48.788 [main] DEBUG org.apache.http.conn.ssl.SSLConnectionSocketFactory -- Enabled cipher suites:[TLS_AES_256_GCM_SHA384, TLS_AES_128_GCM_SHA256, TLS_CHACHA20_POLY1305_SHA256, TLS_ECDHE_ECDSA_WITH_AES_256_GCM_SHA384, TLS_ECDHE_ECDSA_WITH_AES_128_GCM_SHA256, TLS_ECDHE_ECDSA_WITH_CHACHA20_POLY1305_SHA256, TLS_ECDHE_RSA_WITH_AES_256_GCM_SHA384, TLS_ECDHE_RSA_WITH_CHACHA20_POLY1305_SHA256, TLS_ECDHE_RSA_WITH_AES_128_GCM_SHA256, TLS_DHE_RSA_WITH_AES_256_GCM_SHA384, TLS_DHE_RSA_WITH_CHACHA20_POLY1305_SHA256, TLS_DHE_DSS_WITH_AES_256_GCM_SHA384, TLS_DHE_RSA_WITH_AES_128_GCM_SHA256, TLS_DHE_DSS_WITH_AES_128_GCM_SHA256, TLS_ECDHE_ECDSA_WITH_AES_256_CBC_SHA384, TLS_ECDHE_RSA_WITH_AES_256_CBC_SHA384, TLS_ECDHE_ECDSA_WITH_AES_128_CBC_SHA256, TLS_ECDHE_RSA_WITH_AES_128_CBC_SHA256, TLS_DHE_RSA_WITH_AES_256_CBC_SHA256, TLS_DHE_DSS_WITH_AES_256_CBC_SHA256, TLS_DHE_RSA_WITH_AES_128_CBC_SHA256, TLS_DHE_DSS_WITH_AES_128_CBC_SHA256, TLS_ECDHE_ECDSA_WITH_AES_256_CBC_SHA, TLS_ECDHE_RSA_WITH_AES_256_CBC_SHA, TLS_ECDHE_ECDSA_WITH_AES_128_CBC_SHA, TLS_ECDHE_RSA_WITH_AES_128_CBC_SHA, TLS_DHE_RSA_WITH_AES_256_CBC_SHA, TLS_DHE_DSS_WITH_AES_256_CBC_SHA, TLS_DHE_RSA_WITH_AES_128_CBC_SHA, TLS_DHE_DSS_WITH_AES_128_CBC_SHA, TLS_RSA_WITH_AES_256_GCM_SHA384, TLS_RSA_WITH_AES_128_GCM_SHA256, TLS_RSA_WITH_AES_256_CBC_SHA256, TLS_RSA_WITH_AES_128_CBC_SHA256, TLS_RSA_WITH_AES_256_CBC_SHA, TLS_RSA_WITH_AES_128_CBC_SHA, TLS_EMPTY_RENEGOTIATION_INFO_SCSV]
15:37:48.788 [main] DEBUG org.apache.http.conn.ssl.SSLConnectionSocketFactory -- Starting handshake
15:37:48.821 [main] DEBUG org.apache.http.conn.ssl.SSLConnectionSocketFactory -- Secure session established
15:37:48.821 [main] DEBUG org.apache.http.conn.ssl.SSLConnectionSocketFactory --  negotiated protocol: TLSv1.3
15:37:48.822 [main] DEBUG org.apache.http.conn.ssl.SSLConnectionSocketFactory --  negotiated cipher suite: TLS_AES_256_GCM_SHA384
15:37:48.822 [main] DEBUG org.apache.http.conn.ssl.SSLConnectionSocketFactory --  peer principal: CN=sni.cloudflaressl.com, O="Cloudflare, Inc.", L=San Francisco, ST=California, C=US
15:37:48.822 [main] DEBUG org.apache.http.conn.ssl.SSLConnectionSocketFactory --  peer alternative names: [reqres.in, *.reqres.in, sni.cloudflaressl.com]
15:37:48.822 [main] DEBUG org.apache.http.conn.ssl.SSLConnectionSocketFactory --  issuer principal: CN=Cloudflare Inc ECC CA-3, O="Cloudflare, Inc.", C=US
15:37:48.822 [main] DEBUG org.apache.http.impl.conn.DefaultHttpClientConnectionOperator -- Connection established 192.168.68.104:55157<->172.67.73.173:443
15:37:48.822 [main] DEBUG org.apache.http.impl.conn.DefaultManagedHttpClientConnection -- http-outgoing-6: set socket timeout to 30000
15:37:48.822 [main] DEBUG org.apache.http.impl.execchain.MainClientExec -- Executing request POST /api/users HTTP/1.1
15:37:48.822 [main] DEBUG org.apache.http.impl.execchain.MainClientExec -- Target auth state: UNCHALLENGED
15:37:48.822 [main] DEBUG org.apache.http.impl.execchain.MainClientExec -- Proxy auth state: UNCHALLENGED
15:37:48.822 [main] DEBUG org.apache.http.headers -- http-outgoing-6 >> POST /api/users HTTP/1.1
15:37:48.822 [main] DEBUG org.apache.http.headers -- http-outgoing-6 >> Accept: application/json
15:37:48.822 [main] DEBUG org.apache.http.headers -- http-outgoing-6 >> Content-Type: application/json; charset=UTF-8
15:37:48.822 [main] DEBUG org.apache.http.headers -- http-outgoing-6 >> Content-Length: 34
15:37:48.822 [main] DEBUG org.apache.http.headers -- http-outgoing-6 >> Host: reqres.in
15:37:48.823 [main] DEBUG org.apache.http.headers -- http-outgoing-6 >> Connection: Keep-Alive
15:37:48.823 [main] DEBUG org.apache.http.headers -- http-outgoing-6 >> User-Agent: Apache-HttpClient/4.5.14 (Java/21.0.1)
15:37:48.823 [main] DEBUG org.apache.http.headers -- http-outgoing-6 >> Accept-Encoding: gzip,deflate
15:37:48.823 [main] DEBUG org.apache.http.wire -- http-outgoing-6 >> "POST /api/users HTTP/1.1[\r][\n]"
15:37:48.823 [main] DEBUG org.apache.http.wire -- http-outgoing-6 >> "Accept: application/json[\r][\n]"
15:37:48.823 [main] DEBUG org.apache.http.wire -- http-outgoing-6 >> "Content-Type: application/json; charset=UTF-8[\r][\n]"
15:37:48.823 [main] DEBUG org.apache.http.wire -- http-outgoing-6 >> "Content-Length: 34[\r][\n]"
15:37:48.823 [main] DEBUG org.apache.http.wire -- http-outgoing-6 >> "Host: reqres.in[\r][\n]"
15:37:48.823 [main] DEBUG org.apache.http.wire -- http-outgoing-6 >> "Connection: Keep-Alive[\r][\n]"
15:37:48.823 [main] DEBUG org.apache.http.wire -- http-outgoing-6 >> "User-Agent: Apache-HttpClient/4.5.14 (Java/21.0.1)[\r][\n]"
15:37:48.823 [main] DEBUG org.apache.http.wire -- http-outgoing-6 >> "Accept-Encoding: gzip,deflate[\r][\n]"
15:37:48.823 [main] DEBUG org.apache.http.wire -- http-outgoing-6 >> "[\r][\n]"
15:37:48.823 [main] DEBUG org.apache.http.wire -- http-outgoing-6 >> "{"name":"morpheus","job":"leader"}"
15:37:49.137 [main] DEBUG org.apache.http.wire -- http-outgoing-6 << "HTTP/1.1 201 Created[\r][\n]"
15:37:49.138 [main] DEBUG org.apache.http.wire -- http-outgoing-6 << "Date: Fri, 16 Feb 2024 22:37:48 GMT[\r][\n]"
15:37:49.138 [main] DEBUG org.apache.http.wire -- http-outgoing-6 << "Content-Type: application/json; charset=utf-8[\r][\n]"
15:37:49.138 [main] DEBUG org.apache.http.wire -- http-outgoing-6 << "Content-Length: 84[\r][\n]"
15:37:49.138 [main] DEBUG org.apache.http.wire -- http-outgoing-6 << "Connection: keep-alive[\r][\n]"
15:37:49.138 [main] DEBUG org.apache.http.wire -- http-outgoing-6 << "Report-To: {"group":"heroku-nel","max_age":3600,"endpoints":[{"url":"https://nel.heroku.com/reports?ts=1708123068&sid=c4c9725f-1ab0-44d8-820f-430df2718e11&s=Ey6Ln6u%2F7hiQ6YzBSvKqnTGZ5BnEDjg2rb4bGeLOBo0%3D"}]}[\r][\n]"
15:37:49.138 [main] DEBUG org.apache.http.wire -- http-outgoing-6 << "Reporting-Endpoints: heroku-nel=https://nel.heroku.com/reports?ts=1708123068&sid=c4c9725f-1ab0-44d8-820f-430df2718e11&s=Ey6Ln6u%2F7hiQ6YzBSvKqnTGZ5BnEDjg2rb4bGeLOBo0%3D[\r][\n]"
15:37:49.138 [main] DEBUG org.apache.http.wire -- http-outgoing-6 << "Nel: {"report_to":"heroku-nel","max_age":3600,"success_fraction":0.005,"failure_fraction":0.05,"response_headers":["Via"]}[\r][\n]"
15:37:49.138 [main] DEBUG org.apache.http.wire -- http-outgoing-6 << "X-Powered-By: Express[\r][\n]"
15:37:49.138 [main] DEBUG org.apache.http.wire -- http-outgoing-6 << "Access-Control-Allow-Origin: *[\r][\n]"
15:37:49.138 [main] DEBUG org.apache.http.wire -- http-outgoing-6 << "Etag: W/"54-eqqGItJEKKMdQk2B4Sf0C6HQV58"[\r][\n]"
15:37:49.138 [main] DEBUG org.apache.http.wire -- http-outgoing-6 << "Via: 1.1 vegur[\r][\n]"
15:37:49.138 [main] DEBUG org.apache.http.wire -- http-outgoing-6 << "CF-Cache-Status: DYNAMIC[\r][\n]"
15:37:49.138 [main] DEBUG org.apache.http.wire -- http-outgoing-6 << "Server: cloudflare[\r][\n]"
15:37:49.138 [main] DEBUG org.apache.http.wire -- http-outgoing-6 << "CF-RAY: 856946fb0d36798a-DEN[\r][\n]"
15:37:49.138 [main] DEBUG org.apache.http.wire -- http-outgoing-6 << "[\r][\n]"
15:37:49.138 [main] DEBUG org.apache.http.wire -- http-outgoing-6 << "{"name":"morpheus","job":"leader","id":"879","createdAt":"2024-02-16T22:37:48.878Z"}"
15:37:49.139 [main] DEBUG org.apache.http.headers -- http-outgoing-6 << HTTP/1.1 201 Created
15:37:49.139 [main] DEBUG org.apache.http.headers -- http-outgoing-6 << Date: Fri, 16 Feb 2024 22:37:48 GMT
15:37:49.139 [main] DEBUG org.apache.http.headers -- http-outgoing-6 << Content-Type: application/json; charset=utf-8
15:37:49.139 [main] DEBUG org.apache.http.headers -- http-outgoing-6 << Content-Length: 84
15:37:49.139 [main] DEBUG org.apache.http.headers -- http-outgoing-6 << Connection: keep-alive
15:37:49.139 [main] DEBUG org.apache.http.headers -- http-outgoing-6 << Report-To: {"group":"heroku-nel","max_age":3600,"endpoints":[{"url":"https://nel.heroku.com/reports?ts=1708123068&sid=c4c9725f-1ab0-44d8-820f-430df2718e11&s=Ey6Ln6u%2F7hiQ6YzBSvKqnTGZ5BnEDjg2rb4bGeLOBo0%3D"}]}
15:37:49.139 [main] DEBUG org.apache.http.headers -- http-outgoing-6 << Reporting-Endpoints: heroku-nel=https://nel.heroku.com/reports?ts=1708123068&sid=c4c9725f-1ab0-44d8-820f-430df2718e11&s=Ey6Ln6u%2F7hiQ6YzBSvKqnTGZ5BnEDjg2rb4bGeLOBo0%3D
15:37:49.139 [main] DEBUG org.apache.http.headers -- http-outgoing-6 << Nel: {"report_to":"heroku-nel","max_age":3600,"success_fraction":0.005,"failure_fraction":0.05,"response_headers":["Via"]}
15:37:49.139 [main] DEBUG org.apache.http.headers -- http-outgoing-6 << X-Powered-By: Express
15:37:49.139 [main] DEBUG org.apache.http.headers -- http-outgoing-6 << Access-Control-Allow-Origin: *
15:37:49.139 [main] DEBUG org.apache.http.headers -- http-outgoing-6 << Etag: W/"54-eqqGItJEKKMdQk2B4Sf0C6HQV58"
15:37:49.139 [main] DEBUG org.apache.http.headers -- http-outgoing-6 << Via: 1.1 vegur
15:37:49.139 [main] DEBUG org.apache.http.headers -- http-outgoing-6 << CF-Cache-Status: DYNAMIC
15:37:49.139 [main] DEBUG org.apache.http.headers -- http-outgoing-6 << Server: cloudflare
15:37:49.139 [main] DEBUG org.apache.http.headers -- http-outgoing-6 << CF-RAY: 856946fb0d36798a-DEN
15:37:49.139 [main] DEBUG org.apache.http.impl.execchain.MainClientExec -- Connection can be kept alive indefinitely
15:37:49.139 [main] DEBUG org.apache.http.impl.conn.PoolingHttpClientConnectionManager -- Connection [id: 6][route: {s}->https://reqres.in:443] can be kept alive indefinitely
15:37:49.139 [main] DEBUG org.apache.http.impl.conn.DefaultManagedHttpClientConnection -- http-outgoing-6: set socket timeout to 0
15:37:49.139 [main] DEBUG org.apache.http.impl.conn.PoolingHttpClientConnectionManager -- Connection released: [id: 6][route: {s}->https://reqres.in:443][total available: 1; route allocated: 1 of 5; total allocated: 1 of 10]
15:37:49.139 [main] DEBUG org.apache.http.impl.conn.PoolingHttpClientConnectionManager -- Connection manager is shutting down
15:37:49.139 [main] DEBUG org.apache.http.impl.conn.DefaultManagedHttpClientConnection -- http-outgoing-6: Close connection
15:37:49.140 [main] DEBUG org.apache.http.impl.conn.PoolingHttpClientConnectionManager -- Connection manager shut down
15:37:49.141 [main] DEBUG com.intuit.karate -- response time in milliseconds: 401
1 < 201
1 < Date: Fri, 16 Feb 2024 22:37:48 GMT
1 < Content-Type: application/json; charset=utf-8
1 < Content-Length: 84
1 < Connection: keep-alive
1 < Report-To: {"group":"heroku-nel","max_age":3600,"endpoints":[{"url":"https://nel.heroku.com/reports?ts=1708123068&sid=c4c9725f-1ab0-44d8-820f-430df2718e11&s=Ey6Ln6u%2F7hiQ6YzBSvKqnTGZ5BnEDjg2rb4bGeLOBo0%3D"}]}
1 < Reporting-Endpoints: heroku-nel=https://nel.heroku.com/reports?ts=1708123068&sid=c4c9725f-1ab0-44d8-820f-430df2718e11&s=Ey6Ln6u%2F7hiQ6YzBSvKqnTGZ5BnEDjg2rb4bGeLOBo0%3D
1 < Nel: {"report_to":"heroku-nel","max_age":3600,"success_fraction":0.005,"failure_fraction":0.05,"response_headers":["Via"]}
1 < X-Powered-By: Express
1 < Access-Control-Allow-Origin: *
1 < Etag: W/"54-eqqGItJEKKMdQk2B4Sf0C6HQV58"
1 < Via: 1.1 vegur
1 < CF-Cache-Status: DYNAMIC
1 < Server: cloudflare
1 < CF-RAY: 856946fb0d36798a-DEN
{"name":"morpheus","job":"leader","id":"879","createdAt":"2024-02-16T22:37:48.878Z"}

]]></system-out>
  </testcase>
  <testcase name="[3:22] sample post request three" classname="[Tests/post] POST request" time="0.36">
    <system-out><![CDATA[15:37:49.152 [main] DEBUG com.jayway.jsonpath.internal.path.CompiledPath -- Evaluating path: $
15:37:49.153 [main] DEBUG com.jayway.jsonpath.internal.path.CompiledPath -- Evaluating path: $
15:37:49.155 [main] DEBUG com.jayway.jsonpath.internal.path.CompiledPath -- Evaluating path: $
15:37:49.159 [main] DEBUG org.apache.http.client.protocol.RequestAddCookies -- CookieSpec selected: karate
15:37:49.159 [main] DEBUG org.apache.http.client.protocol.RequestAuthCache -- Auth cache not set in the context
15:37:49.159 [main] DEBUG com.intuit.karate -- request:
1 > POST https://reqres.in/api/users
1 > Accept: application/json
1 > Content-Type: application/json; charset=UTF-8
1 > Content-Length: 30
1 > Host: reqres.in
1 > Connection: Keep-Alive
1 > User-Agent: Apache-HttpClient/4.5.14 (Java/21.0.1)
1 > Accept-Encoding: gzip,deflate
{"name":"Deepak","job":"SDET"}

15:37:49.159 [main] DEBUG org.apache.http.impl.conn.PoolingHttpClientConnectionManager -- Connection request: [route: {s}->https://reqres.in:443][total available: 0; route allocated: 0 of 5; total allocated: 0 of 10]
15:37:49.159 [main] DEBUG org.apache.http.impl.conn.PoolingHttpClientConnectionManager -- Connection leased: [id: 7][route: {s}->https://reqres.in:443][total available: 0; route allocated: 1 of 5; total allocated: 1 of 10]
15:37:49.159 [main] DEBUG org.apache.http.impl.execchain.MainClientExec -- Opening connection {s}->https://reqres.in:443
15:37:49.160 [main] DEBUG org.apache.http.impl.conn.DefaultHttpClientConnectionOperator -- Connecting to reqres.in/172.67.73.173:443
15:37:49.160 [main] DEBUG org.apache.http.conn.ssl.SSLConnectionSocketFactory -- Connecting socket to reqres.in/172.67.73.173:443 with timeout 30000
15:37:49.184 [main] DEBUG org.apache.http.conn.ssl.SSLConnectionSocketFactory -- Enabled protocols: [TLSv1.3, TLSv1.2]
15:37:49.184 [main] DEBUG org.apache.http.conn.ssl.SSLConnectionSocketFactory -- Enabled cipher suites:[TLS_AES_256_GCM_SHA384, TLS_AES_128_GCM_SHA256, TLS_CHACHA20_POLY1305_SHA256, TLS_ECDHE_ECDSA_WITH_AES_256_GCM_SHA384, TLS_ECDHE_ECDSA_WITH_AES_128_GCM_SHA256, TLS_ECDHE_ECDSA_WITH_CHACHA20_POLY1305_SHA256, TLS_ECDHE_RSA_WITH_AES_256_GCM_SHA384, TLS_ECDHE_RSA_WITH_CHACHA20_POLY1305_SHA256, TLS_ECDHE_RSA_WITH_AES_128_GCM_SHA256, TLS_DHE_RSA_WITH_AES_256_GCM_SHA384, TLS_DHE_RSA_WITH_CHACHA20_POLY1305_SHA256, TLS_DHE_DSS_WITH_AES_256_GCM_SHA384, TLS_DHE_RSA_WITH_AES_128_GCM_SHA256, TLS_DHE_DSS_WITH_AES_128_GCM_SHA256, TLS_ECDHE_ECDSA_WITH_AES_256_CBC_SHA384, TLS_ECDHE_RSA_WITH_AES_256_CBC_SHA384, TLS_ECDHE_ECDSA_WITH_AES_128_CBC_SHA256, TLS_ECDHE_RSA_WITH_AES_128_CBC_SHA256, TLS_DHE_RSA_WITH_AES_256_CBC_SHA256, TLS_DHE_DSS_WITH_AES_256_CBC_SHA256, TLS_DHE_RSA_WITH_AES_128_CBC_SHA256, TLS_DHE_DSS_WITH_AES_128_CBC_SHA256, TLS_ECDHE_ECDSA_WITH_AES_256_CBC_SHA, TLS_ECDHE_RSA_WITH_AES_256_CBC_SHA, TLS_ECDHE_ECDSA_WITH_AES_128_CBC_SHA, TLS_ECDHE_RSA_WITH_AES_128_CBC_SHA, TLS_DHE_RSA_WITH_AES_256_CBC_SHA, TLS_DHE_DSS_WITH_AES_256_CBC_SHA, TLS_DHE_RSA_WITH_AES_128_CBC_SHA, TLS_DHE_DSS_WITH_AES_128_CBC_SHA, TLS_RSA_WITH_AES_256_GCM_SHA384, TLS_RSA_WITH_AES_128_GCM_SHA256, TLS_RSA_WITH_AES_256_CBC_SHA256, TLS_RSA_WITH_AES_128_CBC_SHA256, TLS_RSA_WITH_AES_256_CBC_SHA, TLS_RSA_WITH_AES_128_CBC_SHA, TLS_EMPTY_RENEGOTIATION_INFO_SCSV]
15:37:49.184 [main] DEBUG org.apache.http.conn.ssl.SSLConnectionSocketFactory -- Starting handshake
15:37:49.216 [main] DEBUG org.apache.http.conn.ssl.SSLConnectionSocketFactory -- Secure session established
15:37:49.216 [main] DEBUG org.apache.http.conn.ssl.SSLConnectionSocketFactory --  negotiated protocol: TLSv1.3
15:37:49.216 [main] DEBUG org.apache.http.conn.ssl.SSLConnectionSocketFactory --  negotiated cipher suite: TLS_AES_256_GCM_SHA384
15:37:49.216 [main] DEBUG org.apache.http.conn.ssl.SSLConnectionSocketFactory --  peer principal: CN=sni.cloudflaressl.com, O="Cloudflare, Inc.", L=San Francisco, ST=California, C=US
15:37:49.216 [main] DEBUG org.apache.http.conn.ssl.SSLConnectionSocketFactory --  peer alternative names: [reqres.in, *.reqres.in, sni.cloudflaressl.com]
15:37:49.216 [main] DEBUG org.apache.http.conn.ssl.SSLConnectionSocketFactory --  issuer principal: CN=Cloudflare Inc ECC CA-3, O="Cloudflare, Inc.", C=US
15:37:49.216 [main] DEBUG org.apache.http.impl.conn.DefaultHttpClientConnectionOperator -- Connection established 192.168.68.104:55158<->172.67.73.173:443
15:37:49.216 [main] DEBUG org.apache.http.impl.conn.DefaultManagedHttpClientConnection -- http-outgoing-7: set socket timeout to 30000
15:37:49.216 [main] DEBUG org.apache.http.impl.execchain.MainClientExec -- Executing request POST /api/users HTTP/1.1
15:37:49.216 [main] DEBUG org.apache.http.impl.execchain.MainClientExec -- Target auth state: UNCHALLENGED
15:37:49.216 [main] DEBUG org.apache.http.impl.execchain.MainClientExec -- Proxy auth state: UNCHALLENGED
15:37:49.217 [main] DEBUG org.apache.http.headers -- http-outgoing-7 >> POST /api/users HTTP/1.1
15:37:49.217 [main] DEBUG org.apache.http.headers -- http-outgoing-7 >> Accept: application/json
15:37:49.217 [main] DEBUG org.apache.http.headers -- http-outgoing-7 >> Content-Type: application/json; charset=UTF-8
15:37:49.217 [main] DEBUG org.apache.http.headers -- http-outgoing-7 >> Content-Length: 30
15:37:49.217 [main] DEBUG org.apache.http.headers -- http-outgoing-7 >> Host: reqres.in
15:37:49.217 [main] DEBUG org.apache.http.headers -- http-outgoing-7 >> Connection: Keep-Alive
15:37:49.217 [main] DEBUG org.apache.http.headers -- http-outgoing-7 >> User-Agent: Apache-HttpClient/4.5.14 (Java/21.0.1)
15:37:49.217 [main] DEBUG org.apache.http.headers -- http-outgoing-7 >> Accept-Encoding: gzip,deflate
15:37:49.217 [main] DEBUG org.apache.http.wire -- http-outgoing-7 >> "POST /api/users HTTP/1.1[\r][\n]"
15:37:49.217 [main] DEBUG org.apache.http.wire -- http-outgoing-7 >> "Accept: application/json[\r][\n]"
15:37:49.217 [main] DEBUG org.apache.http.wire -- http-outgoing-7 >> "Content-Type: application/json; charset=UTF-8[\r][\n]"
15:37:49.217 [main] DEBUG org.apache.http.wire -- http-outgoing-7 >> "Content-Length: 30[\r][\n]"
15:37:49.217 [main] DEBUG org.apache.http.wire -- http-outgoing-7 >> "Host: reqres.in[\r][\n]"
15:37:49.217 [main] DEBUG org.apache.http.wire -- http-outgoing-7 >> "Connection: Keep-Alive[\r][\n]"
15:37:49.217 [main] DEBUG org.apache.http.wire -- http-outgoing-7 >> "User-Agent: Apache-HttpClient/4.5.14 (Java/21.0.1)[\r][\n]"
15:37:49.217 [main] DEBUG org.apache.http.wire -- http-outgoing-7 >> "Accept-Encoding: gzip,deflate[\r][\n]"
15:37:49.217 [main] DEBUG org.apache.http.wire -- http-outgoing-7 >> "[\r][\n]"
15:37:49.217 [main] DEBUG org.apache.http.wire -- http-outgoing-7 >> "{"name":"Deepak","job":"SDET"}"
15:37:49.489 [main] DEBUG org.apache.http.wire -- http-outgoing-7 << "HTTP/1.1 201 Created[\r][\n]"
15:37:49.489 [main] DEBUG org.apache.http.wire -- http-outgoing-7 << "Date: Fri, 16 Feb 2024 22:37:49 GMT[\r][\n]"
15:37:49.489 [main] DEBUG org.apache.http.wire -- http-outgoing-7 << "Content-Type: application/json; charset=utf-8[\r][\n]"
15:37:49.489 [main] DEBUG org.apache.http.wire -- http-outgoing-7 << "Content-Length: 80[\r][\n]"
15:37:49.489 [main] DEBUG org.apache.http.wire -- http-outgoing-7 << "Connection: keep-alive[\r][\n]"
15:37:49.489 [main] DEBUG org.apache.http.wire -- http-outgoing-7 << "Report-To: {"group":"heroku-nel","max_age":3600,"endpoints":[{"url":"https://nel.heroku.com/reports?ts=1708123069&sid=c4c9725f-1ab0-44d8-820f-430df2718e11&s=4jKHU6JUR2DwWlr4C0krxVmX66ITWgPCt%2FCE5ys8iRg%3D"}]}[\r][\n]"
15:37:49.489 [main] DEBUG org.apache.http.wire -- http-outgoing-7 << "Reporting-Endpoints: heroku-nel=https://nel.heroku.com/reports?ts=1708123069&sid=c4c9725f-1ab0-44d8-820f-430df2718e11&s=4jKHU6JUR2DwWlr4C0krxVmX66ITWgPCt%2FCE5ys8iRg%3D[\r][\n]"
15:37:49.489 [main] DEBUG org.apache.http.wire -- http-outgoing-7 << "Nel: {"report_to":"heroku-nel","max_age":3600,"success_fraction":0.005,"failure_fraction":0.05,"response_headers":["Via"]}[\r][\n]"
15:37:49.489 [main] DEBUG org.apache.http.wire -- http-outgoing-7 << "X-Powered-By: Express[\r][\n]"
15:37:49.489 [main] DEBUG org.apache.http.wire -- http-outgoing-7 << "Access-Control-Allow-Origin: *[\r][\n]"
15:37:49.489 [main] DEBUG org.apache.http.wire -- http-outgoing-7 << "Etag: W/"50-wee862yC/DlG6TAGbhrVLnTSjnk"[\r][\n]"
15:37:49.489 [main] DEBUG org.apache.http.wire -- http-outgoing-7 << "Via: 1.1 vegur[\r][\n]"
15:37:49.489 [main] DEBUG org.apache.http.wire -- http-outgoing-7 << "CF-Cache-Status: DYNAMIC[\r][\n]"
15:37:49.489 [main] DEBUG org.apache.http.wire -- http-outgoing-7 << "Server: cloudflare[\r][\n]"
15:37:49.489 [main] DEBUG org.apache.http.wire -- http-outgoing-7 << "CF-RAY: 856946fd8d4c51fb-DEN[\r][\n]"
15:37:49.489 [main] DEBUG org.apache.http.wire -- http-outgoing-7 << "[\r][\n]"
15:37:49.489 [main] DEBUG org.apache.http.wire -- http-outgoing-7 << "{"name":"Deepak","job":"SDET","id":"733","createdAt":"2024-02-16T22:37:49.235Z"}"
15:37:49.490 [main] DEBUG org.apache.http.headers -- http-outgoing-7 << HTTP/1.1 201 Created
15:37:49.490 [main] DEBUG org.apache.http.headers -- http-outgoing-7 << Date: Fri, 16 Feb 2024 22:37:49 GMT
15:37:49.490 [main] DEBUG org.apache.http.headers -- http-outgoing-7 << Content-Type: application/json; charset=utf-8
15:37:49.490 [main] DEBUG org.apache.http.headers -- http-outgoing-7 << Content-Length: 80
15:37:49.490 [main] DEBUG org.apache.http.headers -- http-outgoing-7 << Connection: keep-alive
15:37:49.490 [main] DEBUG org.apache.http.headers -- http-outgoing-7 << Report-To: {"group":"heroku-nel","max_age":3600,"endpoints":[{"url":"https://nel.heroku.com/reports?ts=1708123069&sid=c4c9725f-1ab0-44d8-820f-430df2718e11&s=4jKHU6JUR2DwWlr4C0krxVmX66ITWgPCt%2FCE5ys8iRg%3D"}]}
15:37:49.490 [main] DEBUG org.apache.http.headers -- http-outgoing-7 << Reporting-Endpoints: heroku-nel=https://nel.heroku.com/reports?ts=1708123069&sid=c4c9725f-1ab0-44d8-820f-430df2718e11&s=4jKHU6JUR2DwWlr4C0krxVmX66ITWgPCt%2FCE5ys8iRg%3D
15:37:49.490 [main] DEBUG org.apache.http.headers -- http-outgoing-7 << Nel: {"report_to":"heroku-nel","max_age":3600,"success_fraction":0.005,"failure_fraction":0.05,"response_headers":["Via"]}
15:37:49.490 [main] DEBUG org.apache.http.headers -- http-outgoing-7 << X-Powered-By: Express
15:37:49.490 [main] DEBUG org.apache.http.headers -- http-outgoing-7 << Access-Control-Allow-Origin: *
15:37:49.490 [main] DEBUG org.apache.http.headers -- http-outgoing-7 << Etag: W/"50-wee862yC/DlG6TAGbhrVLnTSjnk"
15:37:49.490 [main] DEBUG org.apache.http.headers -- http-outgoing-7 << Via: 1.1 vegur
15:37:49.490 [main] DEBUG org.apache.http.headers -- http-outgoing-7 << CF-Cache-Status: DYNAMIC
15:37:49.490 [main] DEBUG org.apache.http.headers -- http-outgoing-7 << Server: cloudflare
15:37:49.490 [main] DEBUG org.apache.http.headers -- http-outgoing-7 << CF-RAY: 856946fd8d4c51fb-DEN
15:37:49.490 [main] DEBUG org.apache.http.impl.execchain.MainClientExec -- Connection can be kept alive indefinitely
15:37:49.490 [main] DEBUG org.apache.http.impl.conn.PoolingHttpClientConnectionManager -- Connection [id: 7][route: {s}->https://reqres.in:443] can be kept alive indefinitely
15:37:49.490 [main] DEBUG org.apache.http.impl.conn.DefaultManagedHttpClientConnection -- http-outgoing-7: set socket timeout to 0
15:37:49.490 [main] DEBUG org.apache.http.impl.conn.PoolingHttpClientConnectionManager -- Connection released: [id: 7][route: {s}->https://reqres.in:443][total available: 1; route allocated: 1 of 5; total allocated: 1 of 10]
15:37:49.490 [main] DEBUG org.apache.http.impl.conn.PoolingHttpClientConnectionManager -- Connection manager is shutting down
15:37:49.490 [main] DEBUG org.apache.http.impl.conn.DefaultManagedHttpClientConnection -- http-outgoing-7: Close connection
15:37:49.491 [main] DEBUG org.apache.http.impl.conn.PoolingHttpClientConnectionManager -- Connection manager shut down
15:37:49.491 [main] DEBUG com.intuit.karate -- response time in milliseconds: 331
1 < 201
1 < Date: Fri, 16 Feb 2024 22:37:49 GMT
1 < Content-Type: application/json; charset=utf-8
1 < Content-Length: 80
1 < Connection: keep-alive
1 < Report-To: {"group":"heroku-nel","max_age":3600,"endpoints":[{"url":"https://nel.heroku.com/reports?ts=1708123069&sid=c4c9725f-1ab0-44d8-820f-430df2718e11&s=4jKHU6JUR2DwWlr4C0krxVmX66ITWgPCt%2FCE5ys8iRg%3D"}]}
1 < Reporting-Endpoints: heroku-nel=https://nel.heroku.com/reports?ts=1708123069&sid=c4c9725f-1ab0-44d8-820f-430df2718e11&s=4jKHU6JUR2DwWlr4C0krxVmX66ITWgPCt%2FCE5ys8iRg%3D
1 < Nel: {"report_to":"heroku-nel","max_age":3600,"success_fraction":0.005,"failure_fraction":0.05,"response_headers":["Via"]}
1 < X-Powered-By: Express
1 < Access-Control-Allow-Origin: *
1 < Etag: W/"50-wee862yC/DlG6TAGbhrVLnTSjnk"
1 < Via: 1.1 vegur
1 < CF-Cache-Status: DYNAMIC
1 < Server: cloudflare
1 < CF-RAY: 856946fd8d4c51fb-DEN
{"name":"Deepak","job":"SDET","id":"733","createdAt":"2024-02-16T22:37:49.235Z"}

15:37:49.494 [main] INFO com.intuit.karate -- [print] {
  "name": "Deepak",
  "job": "SDET",
  "id": "733",
  "createdAt": "2024-02-16T22:37:49.235Z"
}
 
15:37:49.496 [main] INFO com.intuit.karate -- [print] {
  "Date": [
    "Fri, 16 Feb 2024 22:37:49 GMT"
  ],
  "Content-Type": [
    "application/json; charset=utf-8"
  ],
  "Content-Length": [
    "80"
  ],
  "Connection": [
    "keep-alive"
  ],
  "Report-To": [
    "{\"group\":\"heroku-nel\",\"max_age\":3600,\"endpoints\":[{\"url\":\"https://nel.heroku.com/reports?ts=1708123069&sid=c4c9725f-1ab0-44d8-820f-430df2718e11&s=4jKHU6JUR2DwWlr4C0krxVmX66ITWgPCt%2FCE5ys8iRg%3D\"}]}"
  ],
  "Reporting-Endpoints": [
    "heroku-nel=https://nel.heroku.com/reports?ts=1708123069&sid=c4c9725f-1ab0-44d8-820f-430df2718e11&s=4jKHU6JUR2DwWlr4C0krxVmX66ITWgPCt%2FCE5ys8iRg%3D"
  ],
  "Nel": [
    "{\"report_to\":\"heroku-nel\",\"max_age\":3600,\"success_fraction\":0.005,\"failure_fraction\":0.05,\"response_headers\":[\"Via\"]}"
  ],
  "X-Powered-By": [
    "Express"
  ],
  "Access-Control-Allow-Origin": [
    "*"
  ],
  "Etag": [
    "W/\"50-wee862yC/DlG6TAGbhrVLnTSjnk\""
  ],
  "Via": [
    "1.1 vegur"
  ],
  "CF-Cache-Status": [
    "DYNAMIC"
  ],
  "Server": [
    "cloudflare"
  ],
  "CF-RAY": [
    "856946fd8d4c51fb-DEN"
  ],
  "Set-Cookie": [
  ]
}
 
15:37:49.498 [main] INFO com.intuit.karate -- [print] {
}
 
15:37:49.499 [main] INFO com.intuit.karate -- [print] 331 
]]></system-out>
  </testcase>
  <testcase name="[4:32] sample post request four" classname="[Tests/post] POST request" time="0.362">
    <system-out><![CDATA[15:37:49.508 [main] DEBUG com.jayway.jsonpath.internal.path.CompiledPath -- Evaluating path: $
15:37:49.510 [main] DEBUG com.jayway.jsonpath.internal.path.CompiledPath -- Evaluating path: $
15:37:49.512 [main] DEBUG com.jayway.jsonpath.internal.path.CompiledPath -- Evaluating path: $
15:37:49.513 [main] DEBUG com.jayway.jsonpath.internal.path.CompiledPath -- Evaluating path: $
15:37:49.515 [main] DEBUG org.apache.http.client.protocol.RequestAddCookies -- CookieSpec selected: karate
15:37:49.515 [main] DEBUG org.apache.http.client.protocol.RequestAuthCache -- Auth cache not set in the context
15:37:49.515 [main] DEBUG com.intuit.karate -- request:
1 > POST https://reqres.in/api/users
1 > Accept: application/json
1 > Content-Type: application/json; charset=UTF-8
1 > Content-Length: 30
1 > Host: reqres.in
1 > Connection: Keep-Alive
1 > User-Agent: Apache-HttpClient/4.5.14 (Java/21.0.1)
1 > Accept-Encoding: gzip,deflate
{"name":"Deepak","job":"SDET"}

15:37:49.516 [main] DEBUG org.apache.http.impl.conn.PoolingHttpClientConnectionManager -- Connection request: [route: {s}->https://reqres.in:443][total available: 0; route allocated: 0 of 5; total allocated: 0 of 10]
15:37:49.516 [main] DEBUG org.apache.http.impl.conn.PoolingHttpClientConnectionManager -- Connection leased: [id: 8][route: {s}->https://reqres.in:443][total available: 0; route allocated: 1 of 5; total allocated: 1 of 10]
15:37:49.516 [main] DEBUG org.apache.http.impl.execchain.MainClientExec -- Opening connection {s}->https://reqres.in:443
15:37:49.516 [main] DEBUG org.apache.http.impl.conn.DefaultHttpClientConnectionOperator -- Connecting to reqres.in/172.67.73.173:443
15:37:49.516 [main] DEBUG org.apache.http.conn.ssl.SSLConnectionSocketFactory -- Connecting socket to reqres.in/172.67.73.173:443 with timeout 30000
15:37:49.536 [main] DEBUG org.apache.http.conn.ssl.SSLConnectionSocketFactory -- Enabled protocols: [TLSv1.3, TLSv1.2]
15:37:49.536 [main] DEBUG org.apache.http.conn.ssl.SSLConnectionSocketFactory -- Enabled cipher suites:[TLS_AES_256_GCM_SHA384, TLS_AES_128_GCM_SHA256, TLS_CHACHA20_POLY1305_SHA256, TLS_ECDHE_ECDSA_WITH_AES_256_GCM_SHA384, TLS_ECDHE_ECDSA_WITH_AES_128_GCM_SHA256, TLS_ECDHE_ECDSA_WITH_CHACHA20_POLY1305_SHA256, TLS_ECDHE_RSA_WITH_AES_256_GCM_SHA384, TLS_ECDHE_RSA_WITH_CHACHA20_POLY1305_SHA256, TLS_ECDHE_RSA_WITH_AES_128_GCM_SHA256, TLS_DHE_RSA_WITH_AES_256_GCM_SHA384, TLS_DHE_RSA_WITH_CHACHA20_POLY1305_SHA256, TLS_DHE_DSS_WITH_AES_256_GCM_SHA384, TLS_DHE_RSA_WITH_AES_128_GCM_SHA256, TLS_DHE_DSS_WITH_AES_128_GCM_SHA256, TLS_ECDHE_ECDSA_WITH_AES_256_CBC_SHA384, TLS_ECDHE_RSA_WITH_AES_256_CBC_SHA384, TLS_ECDHE_ECDSA_WITH_AES_128_CBC_SHA256, TLS_ECDHE_RSA_WITH_AES_128_CBC_SHA256, TLS_DHE_RSA_WITH_AES_256_CBC_SHA256, TLS_DHE_DSS_WITH_AES_256_CBC_SHA256, TLS_DHE_RSA_WITH_AES_128_CBC_SHA256, TLS_DHE_DSS_WITH_AES_128_CBC_SHA256, TLS_ECDHE_ECDSA_WITH_AES_256_CBC_SHA, TLS_ECDHE_RSA_WITH_AES_256_CBC_SHA, TLS_ECDHE_ECDSA_WITH_AES_128_CBC_SHA, TLS_ECDHE_RSA_WITH_AES_128_CBC_SHA, TLS_DHE_RSA_WITH_AES_256_CBC_SHA, TLS_DHE_DSS_WITH_AES_256_CBC_SHA, TLS_DHE_RSA_WITH_AES_128_CBC_SHA, TLS_DHE_DSS_WITH_AES_128_CBC_SHA, TLS_RSA_WITH_AES_256_GCM_SHA384, TLS_RSA_WITH_AES_128_GCM_SHA256, TLS_RSA_WITH_AES_256_CBC_SHA256, TLS_RSA_WITH_AES_128_CBC_SHA256, TLS_RSA_WITH_AES_256_CBC_SHA, TLS_RSA_WITH_AES_128_CBC_SHA, TLS_EMPTY_RENEGOTIATION_INFO_SCSV]
15:37:49.536 [main] DEBUG org.apache.http.conn.ssl.SSLConnectionSocketFactory -- Starting handshake
15:37:49.564 [main] DEBUG org.apache.http.conn.ssl.SSLConnectionSocketFactory -- Secure session established
15:37:49.564 [main] DEBUG org.apache.http.conn.ssl.SSLConnectionSocketFactory --  negotiated protocol: TLSv1.3
15:37:49.564 [main] DEBUG org.apache.http.conn.ssl.SSLConnectionSocketFactory --  negotiated cipher suite: TLS_AES_256_GCM_SHA384
15:37:49.564 [main] DEBUG org.apache.http.conn.ssl.SSLConnectionSocketFactory --  peer principal: CN=sni.cloudflaressl.com, O="Cloudflare, Inc.", L=San Francisco, ST=California, C=US
15:37:49.564 [main] DEBUG org.apache.http.conn.ssl.SSLConnectionSocketFactory --  peer alternative names: [reqres.in, *.reqres.in, sni.cloudflaressl.com]
15:37:49.564 [main] DEBUG org.apache.http.conn.ssl.SSLConnectionSocketFactory --  issuer principal: CN=Cloudflare Inc ECC CA-3, O="Cloudflare, Inc.", C=US
15:37:49.564 [main] DEBUG org.apache.http.impl.conn.DefaultHttpClientConnectionOperator -- Connection established 192.168.68.104:55159<->172.67.73.173:443
15:37:49.564 [main] DEBUG org.apache.http.impl.conn.DefaultManagedHttpClientConnection -- http-outgoing-8: set socket timeout to 30000
15:37:49.564 [main] DEBUG org.apache.http.impl.execchain.MainClientExec -- Executing request POST /api/users HTTP/1.1
15:37:49.564 [main] DEBUG org.apache.http.impl.execchain.MainClientExec -- Target auth state: UNCHALLENGED
15:37:49.564 [main] DEBUG org.apache.http.impl.execchain.MainClientExec -- Proxy auth state: UNCHALLENGED
15:37:49.564 [main] DEBUG org.apache.http.headers -- http-outgoing-8 >> POST /api/users HTTP/1.1
15:37:49.564 [main] DEBUG org.apache.http.headers -- http-outgoing-8 >> Accept: application/json
15:37:49.564 [main] DEBUG org.apache.http.headers -- http-outgoing-8 >> Content-Type: application/json; charset=UTF-8
15:37:49.564 [main] DEBUG org.apache.http.headers -- http-outgoing-8 >> Content-Length: 30
15:37:49.564 [main] DEBUG org.apache.http.headers -- http-outgoing-8 >> Host: reqres.in
15:37:49.564 [main] DEBUG org.apache.http.headers -- http-outgoing-8 >> Connection: Keep-Alive
15:37:49.564 [main] DEBUG org.apache.http.headers -- http-outgoing-8 >> User-Agent: Apache-HttpClient/4.5.14 (Java/21.0.1)
15:37:49.564 [main] DEBUG org.apache.http.headers -- http-outgoing-8 >> Accept-Encoding: gzip,deflate
15:37:49.564 [main] DEBUG org.apache.http.wire -- http-outgoing-8 >> "POST /api/users HTTP/1.1[\r][\n]"
15:37:49.564 [main] DEBUG org.apache.http.wire -- http-outgoing-8 >> "Accept: application/json[\r][\n]"
15:37:49.564 [main] DEBUG org.apache.http.wire -- http-outgoing-8 >> "Content-Type: application/json; charset=UTF-8[\r][\n]"
15:37:49.564 [main] DEBUG org.apache.http.wire -- http-outgoing-8 >> "Content-Length: 30[\r][\n]"
15:37:49.564 [main] DEBUG org.apache.http.wire -- http-outgoing-8 >> "Host: reqres.in[\r][\n]"
15:37:49.564 [main] DEBUG org.apache.http.wire -- http-outgoing-8 >> "Connection: Keep-Alive[\r][\n]"
15:37:49.564 [main] DEBUG org.apache.http.wire -- http-outgoing-8 >> "User-Agent: Apache-HttpClient/4.5.14 (Java/21.0.1)[\r][\n]"
15:37:49.564 [main] DEBUG org.apache.http.wire -- http-outgoing-8 >> "Accept-Encoding: gzip,deflate[\r][\n]"
15:37:49.564 [main] DEBUG org.apache.http.wire -- http-outgoing-8 >> "[\r][\n]"
15:37:49.564 [main] DEBUG org.apache.http.wire -- http-outgoing-8 >> "{"name":"Deepak","job":"SDET"}"
15:37:49.856 [main] DEBUG org.apache.http.wire -- http-outgoing-8 << "HTTP/1.1 201 Created[\r][\n]"
15:37:49.856 [main] DEBUG org.apache.http.wire -- http-outgoing-8 << "Date: Fri, 16 Feb 2024 22:37:49 GMT[\r][\n]"
15:37:49.857 [main] DEBUG org.apache.http.wire -- http-outgoing-8 << "Content-Type: application/json; charset=utf-8[\r][\n]"
15:37:49.857 [main] DEBUG org.apache.http.wire -- http-outgoing-8 << "Content-Length: 80[\r][\n]"
15:37:49.857 [main] DEBUG org.apache.http.wire -- http-outgoing-8 << "Connection: keep-alive[\r][\n]"
15:37:49.857 [main] DEBUG org.apache.http.wire -- http-outgoing-8 << "Report-To: {"group":"heroku-nel","max_age":3600,"endpoints":[{"url":"https://nel.heroku.com/reports?ts=1708123069&sid=c4c9725f-1ab0-44d8-820f-430df2718e11&s=4jKHU6JUR2DwWlr4C0krxVmX66ITWgPCt%2FCE5ys8iRg%3D"}]}[\r][\n]"
15:37:49.857 [main] DEBUG org.apache.http.wire -- http-outgoing-8 << "Reporting-Endpoints: heroku-nel=https://nel.heroku.com/reports?ts=1708123069&sid=c4c9725f-1ab0-44d8-820f-430df2718e11&s=4jKHU6JUR2DwWlr4C0krxVmX66ITWgPCt%2FCE5ys8iRg%3D[\r][\n]"
15:37:49.857 [main] DEBUG org.apache.http.wire -- http-outgoing-8 << "Nel: {"report_to":"heroku-nel","max_age":3600,"success_fraction":0.005,"failure_fraction":0.05,"response_headers":["Via"]}[\r][\n]"
15:37:49.857 [main] DEBUG org.apache.http.wire -- http-outgoing-8 << "X-Powered-By: Express[\r][\n]"
15:37:49.857 [main] DEBUG org.apache.http.wire -- http-outgoing-8 << "Access-Control-Allow-Origin: *[\r][\n]"
15:37:49.857 [main] DEBUG org.apache.http.wire -- http-outgoing-8 << "Etag: W/"50-pK1lzwNkkL4Fk44pgxy7sHJh6n0"[\r][\n]"
15:37:49.857 [main] DEBUG org.apache.http.wire -- http-outgoing-8 << "Via: 1.1 vegur[\r][\n]"
15:37:49.857 [main] DEBUG org.apache.http.wire -- http-outgoing-8 << "CF-Cache-Status: DYNAMIC[\r][\n]"
15:37:49.857 [main] DEBUG org.apache.http.wire -- http-outgoing-8 << "Server: cloudflare[\r][\n]"
15:37:49.857 [main] DEBUG org.apache.http.wire -- http-outgoing-8 << "CF-RAY: 856946ffbd921f49-DEN[\r][\n]"
15:37:49.857 [main] DEBUG org.apache.http.wire -- http-outgoing-8 << "[\r][\n]"
15:37:49.857 [main] DEBUG org.apache.http.wire -- http-outgoing-8 << "{"name":"Deepak","job":"SDET","id":"892","createdAt":"2024-02-16T22:37:49.597Z"}"
15:37:49.857 [main] DEBUG org.apache.http.headers -- http-outgoing-8 << HTTP/1.1 201 Created
15:37:49.857 [main] DEBUG org.apache.http.headers -- http-outgoing-8 << Date: Fri, 16 Feb 2024 22:37:49 GMT
15:37:49.857 [main] DEBUG org.apache.http.headers -- http-outgoing-8 << Content-Type: application/json; charset=utf-8
15:37:49.857 [main] DEBUG org.apache.http.headers -- http-outgoing-8 << Content-Length: 80
15:37:49.857 [main] DEBUG org.apache.http.headers -- http-outgoing-8 << Connection: keep-alive
15:37:49.857 [main] DEBUG org.apache.http.headers -- http-outgoing-8 << Report-To: {"group":"heroku-nel","max_age":3600,"endpoints":[{"url":"https://nel.heroku.com/reports?ts=1708123069&sid=c4c9725f-1ab0-44d8-820f-430df2718e11&s=4jKHU6JUR2DwWlr4C0krxVmX66ITWgPCt%2FCE5ys8iRg%3D"}]}
15:37:49.857 [main] DEBUG org.apache.http.headers -- http-outgoing-8 << Reporting-Endpoints: heroku-nel=https://nel.heroku.com/reports?ts=1708123069&sid=c4c9725f-1ab0-44d8-820f-430df2718e11&s=4jKHU6JUR2DwWlr4C0krxVmX66ITWgPCt%2FCE5ys8iRg%3D
15:37:49.857 [main] DEBUG org.apache.http.headers -- http-outgoing-8 << Nel: {"report_to":"heroku-nel","max_age":3600,"success_fraction":0.005,"failure_fraction":0.05,"response_headers":["Via"]}
15:37:49.858 [main] DEBUG org.apache.http.headers -- http-outgoing-8 << X-Powered-By: Express
15:37:49.858 [main] DEBUG org.apache.http.headers -- http-outgoing-8 << Access-Control-Allow-Origin: *
15:37:49.858 [main] DEBUG org.apache.http.headers -- http-outgoing-8 << Etag: W/"50-pK1lzwNkkL4Fk44pgxy7sHJh6n0"
15:37:49.858 [main] DEBUG org.apache.http.headers -- http-outgoing-8 << Via: 1.1 vegur
15:37:49.858 [main] DEBUG org.apache.http.headers -- http-outgoing-8 << CF-Cache-Status: DYNAMIC
15:37:49.858 [main] DEBUG org.apache.http.headers -- http-outgoing-8 << Server: cloudflare
15:37:49.858 [main] DEBUG org.apache.http.headers -- http-outgoing-8 << CF-RAY: 856946ffbd921f49-DEN
15:37:49.858 [main] DEBUG org.apache.http.impl.execchain.MainClientExec -- Connection can be kept alive indefinitely
15:37:49.858 [main] DEBUG org.apache.http.impl.conn.PoolingHttpClientConnectionManager -- Connection [id: 8][route: {s}->https://reqres.in:443] can be kept alive indefinitely
15:37:49.858 [main] DEBUG org.apache.http.impl.conn.DefaultManagedHttpClientConnection -- http-outgoing-8: set socket timeout to 0
15:37:49.858 [main] DEBUG org.apache.http.impl.conn.PoolingHttpClientConnectionManager -- Connection released: [id: 8][route: {s}->https://reqres.in:443][total available: 1; route allocated: 1 of 5; total allocated: 1 of 10]
15:37:49.858 [main] DEBUG org.apache.http.impl.conn.PoolingHttpClientConnectionManager -- Connection manager is shutting down
15:37:49.858 [main] DEBUG org.apache.http.impl.conn.DefaultManagedHttpClientConnection -- http-outgoing-8: Close connection
15:37:49.859 [main] DEBUG org.apache.http.impl.conn.PoolingHttpClientConnectionManager -- Connection manager shut down
15:37:49.859 [main] DEBUG com.intuit.karate -- response time in milliseconds: 343
1 < 201
1 < Date: Fri, 16 Feb 2024 22:37:49 GMT
1 < Content-Type: application/json; charset=utf-8
1 < Content-Length: 80
1 < Connection: keep-alive
1 < Report-To: {"group":"heroku-nel","max_age":3600,"endpoints":[{"url":"https://nel.heroku.com/reports?ts=1708123069&sid=c4c9725f-1ab0-44d8-820f-430df2718e11&s=4jKHU6JUR2DwWlr4C0krxVmX66ITWgPCt%2FCE5ys8iRg%3D"}]}
1 < Reporting-Endpoints: heroku-nel=https://nel.heroku.com/reports?ts=1708123069&sid=c4c9725f-1ab0-44d8-820f-430df2718e11&s=4jKHU6JUR2DwWlr4C0krxVmX66ITWgPCt%2FCE5ys8iRg%3D
1 < Nel: {"report_to":"heroku-nel","max_age":3600,"success_fraction":0.005,"failure_fraction":0.05,"response_headers":["Via"]}
1 < X-Powered-By: Express
1 < Access-Control-Allow-Origin: *
1 < Etag: W/"50-pK1lzwNkkL4Fk44pgxy7sHJh6n0"
1 < Via: 1.1 vegur
1 < CF-Cache-Status: DYNAMIC
1 < Server: cloudflare
1 < CF-RAY: 856946ffbd921f49-DEN
{"name":"Deepak","job":"SDET","id":"892","createdAt":"2024-02-16T22:37:49.597Z"}

15:37:49.861 [main] INFO com.intuit.karate -- [print] {
  "name": "Deepak",
  "job": "SDET",
  "id": "892",
  "createdAt": "2024-02-16T22:37:49.597Z"
}
 
15:37:49.863 [main] DEBUG com.jayway.jsonpath.internal.path.CompiledPath -- Evaluating path: $['name']
15:37:49.864 [main] DEBUG com.jayway.jsonpath.internal.path.CompiledPath -- Evaluating path: $['job']
15:37:49.866 [main] DEBUG com.jayway.jsonpath.internal.path.CompiledPath -- Evaluating path: $
]]></system-out>
  </testcase>
  <testcase name="[5:42] sample post request five" classname="[Tests/post] POST request" time="0.366">
    <system-out><![CDATA[15:37:49.877 [main] DEBUG com.jayway.jsonpath.internal.path.CompiledPath -- Evaluating path: $
15:37:49.880 [main] DEBUG com.jayway.jsonpath.internal.path.CompiledPath -- Evaluating path: $
15:37:49.882 [main] DEBUG com.jayway.jsonpath.internal.path.CompiledPath -- Evaluating path: $
15:37:49.885 [main] DEBUG org.apache.http.client.protocol.RequestAddCookies -- CookieSpec selected: karate
15:37:49.885 [main] DEBUG org.apache.http.client.protocol.RequestAuthCache -- Auth cache not set in the context
15:37:49.885 [main] DEBUG com.intuit.karate -- request:
1 > POST https://reqres.in/api/users
1 > Accept: application/json
1 > Content-Type: application/json; charset=UTF-8
1 > Content-Length: 30
1 > Host: reqres.in
1 > Connection: Keep-Alive
1 > User-Agent: Apache-HttpClient/4.5.14 (Java/21.0.1)
1 > Accept-Encoding: gzip,deflate
{"name":"Deepak","job":"SDET"}

15:37:49.886 [main] DEBUG org.apache.http.impl.conn.PoolingHttpClientConnectionManager -- Connection request: [route: {s}->https://reqres.in:443][total available: 0; route allocated: 0 of 5; total allocated: 0 of 10]
15:37:49.886 [main] DEBUG org.apache.http.impl.conn.PoolingHttpClientConnectionManager -- Connection leased: [id: 9][route: {s}->https://reqres.in:443][total available: 0; route allocated: 1 of 5; total allocated: 1 of 10]
15:37:49.886 [main] DEBUG org.apache.http.impl.execchain.MainClientExec -- Opening connection {s}->https://reqres.in:443
15:37:49.886 [main] DEBUG org.apache.http.impl.conn.DefaultHttpClientConnectionOperator -- Connecting to reqres.in/172.67.73.173:443
15:37:49.886 [main] DEBUG org.apache.http.conn.ssl.SSLConnectionSocketFactory -- Connecting socket to reqres.in/172.67.73.173:443 with timeout 30000
15:37:49.905 [main] DEBUG org.apache.http.conn.ssl.SSLConnectionSocketFactory -- Enabled protocols: [TLSv1.3, TLSv1.2]
15:37:49.905 [main] DEBUG org.apache.http.conn.ssl.SSLConnectionSocketFactory -- Enabled cipher suites:[TLS_AES_256_GCM_SHA384, TLS_AES_128_GCM_SHA256, TLS_CHACHA20_POLY1305_SHA256, TLS_ECDHE_ECDSA_WITH_AES_256_GCM_SHA384, TLS_ECDHE_ECDSA_WITH_AES_128_GCM_SHA256, TLS_ECDHE_ECDSA_WITH_CHACHA20_POLY1305_SHA256, TLS_ECDHE_RSA_WITH_AES_256_GCM_SHA384, TLS_ECDHE_RSA_WITH_CHACHA20_POLY1305_SHA256, TLS_ECDHE_RSA_WITH_AES_128_GCM_SHA256, TLS_DHE_RSA_WITH_AES_256_GCM_SHA384, TLS_DHE_RSA_WITH_CHACHA20_POLY1305_SHA256, TLS_DHE_DSS_WITH_AES_256_GCM_SHA384, TLS_DHE_RSA_WITH_AES_128_GCM_SHA256, TLS_DHE_DSS_WITH_AES_128_GCM_SHA256, TLS_ECDHE_ECDSA_WITH_AES_256_CBC_SHA384, TLS_ECDHE_RSA_WITH_AES_256_CBC_SHA384, TLS_ECDHE_ECDSA_WITH_AES_128_CBC_SHA256, TLS_ECDHE_RSA_WITH_AES_128_CBC_SHA256, TLS_DHE_RSA_WITH_AES_256_CBC_SHA256, TLS_DHE_DSS_WITH_AES_256_CBC_SHA256, TLS_DHE_RSA_WITH_AES_128_CBC_SHA256, TLS_DHE_DSS_WITH_AES_128_CBC_SHA256, TLS_ECDHE_ECDSA_WITH_AES_256_CBC_SHA, TLS_ECDHE_RSA_WITH_AES_256_CBC_SHA, TLS_ECDHE_ECDSA_WITH_AES_128_CBC_SHA, TLS_ECDHE_RSA_WITH_AES_128_CBC_SHA, TLS_DHE_RSA_WITH_AES_256_CBC_SHA, TLS_DHE_DSS_WITH_AES_256_CBC_SHA, TLS_DHE_RSA_WITH_AES_128_CBC_SHA, TLS_DHE_DSS_WITH_AES_128_CBC_SHA, TLS_RSA_WITH_AES_256_GCM_SHA384, TLS_RSA_WITH_AES_128_GCM_SHA256, TLS_RSA_WITH_AES_256_CBC_SHA256, TLS_RSA_WITH_AES_128_CBC_SHA256, TLS_RSA_WITH_AES_256_CBC_SHA, TLS_RSA_WITH_AES_128_CBC_SHA, TLS_EMPTY_RENEGOTIATION_INFO_SCSV]
15:37:49.905 [main] DEBUG org.apache.http.conn.ssl.SSLConnectionSocketFactory -- Starting handshake
15:37:49.935 [main] DEBUG org.apache.http.conn.ssl.SSLConnectionSocketFactory -- Secure session established
15:37:49.935 [main] DEBUG org.apache.http.conn.ssl.SSLConnectionSocketFactory --  negotiated protocol: TLSv1.3
15:37:49.935 [main] DEBUG org.apache.http.conn.ssl.SSLConnectionSocketFactory --  negotiated cipher suite: TLS_AES_256_GCM_SHA384
15:37:49.935 [main] DEBUG org.apache.http.conn.ssl.SSLConnectionSocketFactory --  peer principal: CN=sni.cloudflaressl.com, O="Cloudflare, Inc.", L=San Francisco, ST=California, C=US
15:37:49.935 [main] DEBUG org.apache.http.conn.ssl.SSLConnectionSocketFactory --  peer alternative names: [reqres.in, *.reqres.in, sni.cloudflaressl.com]
15:37:49.935 [main] DEBUG org.apache.http.conn.ssl.SSLConnectionSocketFactory --  issuer principal: CN=Cloudflare Inc ECC CA-3, O="Cloudflare, Inc.", C=US
15:37:49.935 [main] DEBUG org.apache.http.impl.conn.DefaultHttpClientConnectionOperator -- Connection established 192.168.68.104:55160<->172.67.73.173:443
15:37:49.935 [main] DEBUG org.apache.http.impl.conn.DefaultManagedHttpClientConnection -- http-outgoing-9: set socket timeout to 30000
15:37:49.935 [main] DEBUG org.apache.http.impl.execchain.MainClientExec -- Executing request POST /api/users HTTP/1.1
15:37:49.935 [main] DEBUG org.apache.http.impl.execchain.MainClientExec -- Target auth state: UNCHALLENGED
15:37:49.935 [main] DEBUG org.apache.http.impl.execchain.MainClientExec -- Proxy auth state: UNCHALLENGED
15:37:49.936 [main] DEBUG org.apache.http.headers -- http-outgoing-9 >> POST /api/users HTTP/1.1
15:37:49.936 [main] DEBUG org.apache.http.headers -- http-outgoing-9 >> Accept: application/json
15:37:49.936 [main] DEBUG org.apache.http.headers -- http-outgoing-9 >> Content-Type: application/json; charset=UTF-8
15:37:49.936 [main] DEBUG org.apache.http.headers -- http-outgoing-9 >> Content-Length: 30
15:37:49.936 [main] DEBUG org.apache.http.headers -- http-outgoing-9 >> Host: reqres.in
15:37:49.936 [main] DEBUG org.apache.http.headers -- http-outgoing-9 >> Connection: Keep-Alive
15:37:49.936 [main] DEBUG org.apache.http.headers -- http-outgoing-9 >> User-Agent: Apache-HttpClient/4.5.14 (Java/21.0.1)
15:37:49.936 [main] DEBUG org.apache.http.headers -- http-outgoing-9 >> Accept-Encoding: gzip,deflate
15:37:49.936 [main] DEBUG org.apache.http.wire -- http-outgoing-9 >> "POST /api/users HTTP/1.1[\r][\n]"
15:37:49.936 [main] DEBUG org.apache.http.wire -- http-outgoing-9 >> "Accept: application/json[\r][\n]"
15:37:49.936 [main] DEBUG org.apache.http.wire -- http-outgoing-9 >> "Content-Type: application/json; charset=UTF-8[\r][\n]"
15:37:49.936 [main] DEBUG org.apache.http.wire -- http-outgoing-9 >> "Content-Length: 30[\r][\n]"
15:37:49.936 [main] DEBUG org.apache.http.wire -- http-outgoing-9 >> "Host: reqres.in[\r][\n]"
15:37:49.936 [main] DEBUG org.apache.http.wire -- http-outgoing-9 >> "Connection: Keep-Alive[\r][\n]"
15:37:49.936 [main] DEBUG org.apache.http.wire -- http-outgoing-9 >> "User-Agent: Apache-HttpClient/4.5.14 (Java/21.0.1)[\r][\n]"
15:37:49.936 [main] DEBUG org.apache.http.wire -- http-outgoing-9 >> "Accept-Encoding: gzip,deflate[\r][\n]"
15:37:49.936 [main] DEBUG org.apache.http.wire -- http-outgoing-9 >> "[\r][\n]"
15:37:49.936 [main] DEBUG org.apache.http.wire -- http-outgoing-9 >> "{"name":"Deepak","job":"SDET"}"
15:37:50.224 [main] DEBUG org.apache.http.wire -- http-outgoing-9 << "HTTP/1.1 201 Created[\r][\n]"
15:37:50.224 [main] DEBUG org.apache.http.wire -- http-outgoing-9 << "Date: Fri, 16 Feb 2024 22:37:50 GMT[\r][\n]"
15:37:50.224 [main] DEBUG org.apache.http.wire -- http-outgoing-9 << "Content-Type: application/json; charset=utf-8[\r][\n]"
15:37:50.224 [main] DEBUG org.apache.http.wire -- http-outgoing-9 << "Content-Length: 80[\r][\n]"
15:37:50.224 [main] DEBUG org.apache.http.wire -- http-outgoing-9 << "Connection: keep-alive[\r][\n]"
15:37:50.224 [main] DEBUG org.apache.http.wire -- http-outgoing-9 << "Report-To: {"group":"heroku-nel","max_age":3600,"endpoints":[{"url":"https://nel.heroku.com/reports?ts=1708123069&sid=c4c9725f-1ab0-44d8-820f-430df2718e11&s=sk2u7LDlLNg0c0etdu09mjZVsNQwfM1ZstDle9wX0o4%3D"}]}[\r][\n]"
15:37:50.224 [main] DEBUG org.apache.http.wire -- http-outgoing-9 << "Reporting-Endpoints: heroku-nel=https://nel.heroku.com/reports?ts=1708123069&sid=c4c9725f-1ab0-44d8-820f-430df2718e11&s=sk2u7LDlLNg0c0etdu09mjZVsNQwfM1ZstDle9wX0o4%3D[\r][\n]"
15:37:50.224 [main] DEBUG org.apache.http.wire -- http-outgoing-9 << "Nel: {"report_to":"heroku-nel","max_age":3600,"success_fraction":0.005,"failure_fraction":0.05,"response_headers":["Via"]}[\r][\n]"
15:37:50.224 [main] DEBUG org.apache.http.wire -- http-outgoing-9 << "X-Powered-By: Express[\r][\n]"
15:37:50.224 [main] DEBUG org.apache.http.wire -- http-outgoing-9 << "Access-Control-Allow-Origin: *[\r][\n]"
15:37:50.224 [main] DEBUG org.apache.http.wire -- http-outgoing-9 << "Etag: W/"50-BksCSyCT2vEfK8eFurJ04hp3Rbs"[\r][\n]"
15:37:50.224 [main] DEBUG org.apache.http.wire -- http-outgoing-9 << "Via: 1.1 vegur[\r][\n]"
15:37:50.224 [main] DEBUG org.apache.http.wire -- http-outgoing-9 << "CF-Cache-Status: DYNAMIC[\r][\n]"
15:37:50.225 [main] DEBUG org.apache.http.wire -- http-outgoing-9 << "Server: cloudflare[\r][\n]"
15:37:50.225 [main] DEBUG org.apache.http.wire -- http-outgoing-9 << "CF-RAY: 856947020a4d7b30-DEN[\r][\n]"
15:37:50.225 [main] DEBUG org.apache.http.wire -- http-outgoing-9 << "[\r][\n]"
15:37:50.225 [main] DEBUG org.apache.http.wire -- http-outgoing-9 << "{"name":"Deepak","job":"SDET","id":"413","createdAt":"2024-02-16T22:37:49.966Z"}"
15:37:50.225 [main] DEBUG org.apache.http.headers -- http-outgoing-9 << HTTP/1.1 201 Created
15:37:50.225 [main] DEBUG org.apache.http.headers -- http-outgoing-9 << Date: Fri, 16 Feb 2024 22:37:50 GMT
15:37:50.225 [main] DEBUG org.apache.http.headers -- http-outgoing-9 << Content-Type: application/json; charset=utf-8
15:37:50.225 [main] DEBUG org.apache.http.headers -- http-outgoing-9 << Content-Length: 80
15:37:50.225 [main] DEBUG org.apache.http.headers -- http-outgoing-9 << Connection: keep-alive
15:37:50.225 [main] DEBUG org.apache.http.headers -- http-outgoing-9 << Report-To: {"group":"heroku-nel","max_age":3600,"endpoints":[{"url":"https://nel.heroku.com/reports?ts=1708123069&sid=c4c9725f-1ab0-44d8-820f-430df2718e11&s=sk2u7LDlLNg0c0etdu09mjZVsNQwfM1ZstDle9wX0o4%3D"}]}
15:37:50.225 [main] DEBUG org.apache.http.headers -- http-outgoing-9 << Reporting-Endpoints: heroku-nel=https://nel.heroku.com/reports?ts=1708123069&sid=c4c9725f-1ab0-44d8-820f-430df2718e11&s=sk2u7LDlLNg0c0etdu09mjZVsNQwfM1ZstDle9wX0o4%3D
15:37:50.225 [main] DEBUG org.apache.http.headers -- http-outgoing-9 << Nel: {"report_to":"heroku-nel","max_age":3600,"success_fraction":0.005,"failure_fraction":0.05,"response_headers":["Via"]}
15:37:50.225 [main] DEBUG org.apache.http.headers -- http-outgoing-9 << X-Powered-By: Express
15:37:50.225 [main] DEBUG org.apache.http.headers -- http-outgoing-9 << Access-Control-Allow-Origin: *
15:37:50.225 [main] DEBUG org.apache.http.headers -- http-outgoing-9 << Etag: W/"50-BksCSyCT2vEfK8eFurJ04hp3Rbs"
15:37:50.225 [main] DEBUG org.apache.http.headers -- http-outgoing-9 << Via: 1.1 vegur
15:37:50.225 [main] DEBUG org.apache.http.headers -- http-outgoing-9 << CF-Cache-Status: DYNAMIC
15:37:50.225 [main] DEBUG org.apache.http.headers -- http-outgoing-9 << Server: cloudflare
15:37:50.225 [main] DEBUG org.apache.http.headers -- http-outgoing-9 << CF-RAY: 856947020a4d7b30-DEN
15:37:50.225 [main] DEBUG org.apache.http.impl.execchain.MainClientExec -- Connection can be kept alive indefinitely
15:37:50.225 [main] DEBUG org.apache.http.impl.conn.PoolingHttpClientConnectionManager -- Connection [id: 9][route: {s}->https://reqres.in:443] can be kept alive indefinitely
15:37:50.225 [main] DEBUG org.apache.http.impl.conn.DefaultManagedHttpClientConnection -- http-outgoing-9: set socket timeout to 0
15:37:50.225 [main] DEBUG org.apache.http.impl.conn.PoolingHttpClientConnectionManager -- Connection released: [id: 9][route: {s}->https://reqres.in:443][total available: 1; route allocated: 1 of 5; total allocated: 1 of 10]
15:37:50.225 [main] DEBUG org.apache.http.impl.conn.PoolingHttpClientConnectionManager -- Connection manager is shutting down
15:37:50.225 [main] DEBUG org.apache.http.impl.conn.DefaultManagedHttpClientConnection -- http-outgoing-9: Close connection
15:37:50.226 [main] DEBUG org.apache.http.impl.conn.PoolingHttpClientConnectionManager -- Connection manager shut down
15:37:50.226 [main] DEBUG com.intuit.karate -- response time in milliseconds: 339
1 < 201
1 < Date: Fri, 16 Feb 2024 22:37:50 GMT
1 < Content-Type: application/json; charset=utf-8
1 < Content-Length: 80
1 < Connection: keep-alive
1 < Report-To: {"group":"heroku-nel","max_age":3600,"endpoints":[{"url":"https://nel.heroku.com/reports?ts=1708123069&sid=c4c9725f-1ab0-44d8-820f-430df2718e11&s=sk2u7LDlLNg0c0etdu09mjZVsNQwfM1ZstDle9wX0o4%3D"}]}
1 < Reporting-Endpoints: heroku-nel=https://nel.heroku.com/reports?ts=1708123069&sid=c4c9725f-1ab0-44d8-820f-430df2718e11&s=sk2u7LDlLNg0c0etdu09mjZVsNQwfM1ZstDle9wX0o4%3D
1 < Nel: {"report_to":"heroku-nel","max_age":3600,"success_fraction":0.005,"failure_fraction":0.05,"response_headers":["Via"]}
1 < X-Powered-By: Express
1 < Access-Control-Allow-Origin: *
1 < Etag: W/"50-BksCSyCT2vEfK8eFurJ04hp3Rbs"
1 < Via: 1.1 vegur
1 < CF-Cache-Status: DYNAMIC
1 < Server: cloudflare
1 < CF-RAY: 856947020a4d7b30-DEN
{"name":"Deepak","job":"SDET","id":"413","createdAt":"2024-02-16T22:37:49.966Z"}

15:37:50.229 [main] INFO com.intuit.karate -- [print] {
  "name": "Deepak",
  "job": "SDET"
}
 
15:37:50.230 [main] INFO com.intuit.karate -- [print] {
  "name": "Deepak",
  "job": "SDET",
  "id": "413",
  "createdAt": "2024-02-16T22:37:49.966Z"
}
 
15:37:50.231 [main] INFO com.intuit.karate -- [print] {
  "type": "object",
  "properties": {
    "name": {
      "type": "string"
    },
    "job": {
      "type": "string"
    },
    "id": {
      "type": "string"
    },
    "createdAt": {
      "type": "string"
    }
  },
  "required": [
    "name",
    "job",
    "id",
    "createdAt"
  ]
}
 
]]></system-out>
  </testcase>
  <testcase name="[1:9] PUT API test one" classname="[Tests/put] put api test" time="0.353">
    <system-out><![CDATA[15:37:50.246 [main] DEBUG org.thymeleaf.TemplateEngine -- [THYMELEAF] INITIALIZING TEMPLATE ENGINE
15:37:50.268 [main] DEBUG org.thymeleaf.TemplateEngine.CONFIG -- Initializing Thymeleaf Template engine configuration...
[THYMELEAF] TEMPLATE ENGINE CONFIGURATION:
[THYMELEAF] * Thymeleaf version: 3.1.2.RELEASE (built 2023-07-30T19:25:50+0000)
[THYMELEAF] * Cache Manager implementation: org.thymeleaf.cache.StandardCacheManager
[THYMELEAF] * Template resolvers:
[THYMELEAF]     * [1] com.intuit.karate.template.ResourceHtmlTemplateResolver
[THYMELEAF] * Message resolvers:
[THYMELEAF]     * org.thymeleaf.messageresolver.StandardMessageResolver
[THYMELEAF] * Link builders:
[THYMELEAF]     * org.thymeleaf.linkbuilder.StandardLinkBuilder
[THYMELEAF] * Dialect [1 of 2]: Standard (com.intuit.karate.template.KarateStandardDialect)
[THYMELEAF]     * Prefix: "th"
[THYMELEAF]     * Processors for Template Mode: HTML
[THYMELEAF]         * Element Tag Processors by [matching element and attribute name] [precedence]:
[THYMELEAF]             * [* {th:include,data-th-include}] [100]: org.thymeleaf.standard.processor.StandardIncludeTagProcessor
[THYMELEAF]             * [* {th:insert,data-th-insert}] [100]: org.thymeleaf.standard.processor.StandardInsertTagProcessor
[THYMELEAF]             * [* {th:replace,data-th-replace}] [100]: org.thymeleaf.standard.processor.StandardReplaceTagProcessor
[THYMELEAF]             * [* {th:each,data-th-each}] [200]: com.intuit.karate.template.KarateEachTagProcessor
[THYMELEAF]             * [* {th:switch,data-th-switch}] [250]: org.thymeleaf.standard.processor.StandardSwitchTagProcessor
[THYMELEAF]             * [* {th:case,data-th-case}] [275]: org.thymeleaf.standard.processor.StandardCaseTagProcessor
[THYMELEAF]             * [* {th:if,data-th-if}] [300]: org.thymeleaf.standard.processor.StandardIfTagProcessor
[THYMELEAF]             * [* {th:unless,data-th-unless}] [400]: org.thymeleaf.standard.processor.StandardUnlessTagProcessor
[THYMELEAF]             * [* {th:object,data-th-object}] [500]: org.thymeleaf.standard.processor.StandardObjectTagProcessor
[THYMELEAF]             * [* {th:with,data-th-with}] [600]: com.intuit.karate.template.KarateWithTagProcessor
[THYMELEAF]             * [* {th:attr,data-th-attr}] [700]: com.intuit.karate.template.KarateAttributeTagProcessor.KarateAttrTagProcessor
[THYMELEAF]             * [* {th:attrappend,data-th-attrappend}] [900]: com.intuit.karate.template.KarateAttributeTagProcessor.KarateAttrappendTagProcessor
[THYMELEAF]             * [* {th:attrprepend,data-th-attrprepend}] [900]: com.intuit.karate.template.KarateAttributeTagProcessor.KarateAttrprependTagProcessor
[THYMELEAF]             * [* {th:alt-title,data-th-alt-title}] [990]: org.thymeleaf.standard.processor.StandardAltTitleTagProcessor
[THYMELEAF]             * [* {th:lang-xmllang,data-th-lang-xmllang}] [990]: org.thymeleaf.standard.processor.StandardLangXmlLangTagProcessor
[THYMELEAF]             * [* {th:action,data-th-action}] [1000]: org.thymeleaf.standard.processor.StandardActionTagProcessor
[THYMELEAF]             * [* {th:defer,data-th-defer}] [1000]: org.thymeleaf.standard.processor.StandardConditionalFixedValueTagProcessor
[THYMELEAF]             * [* {th:async,data-th-async}] [1000]: org.thymeleaf.standard.processor.StandardConditionalFixedValueTagProcessor
[THYMELEAF]             * [* {th:declare,data-th-declare}] [1000]: org.thymeleaf.standard.processor.StandardConditionalFixedValueTagProcessor
[THYMELEAF]             * [* {th:reversed,data-th-reversed}] [1000]: org.thymeleaf.standard.processor.StandardConditionalFixedValueTagProcessor
[THYMELEAF]             * [* {th:autofocus,data-th-autofocus}] [1000]: org.thymeleaf.standard.processor.StandardConditionalFixedValueTagProcessor
[THYMELEAF]             * [* {th:selected,data-th-selected}] [1000]: org.thymeleaf.standard.processor.StandardConditionalFixedValueTagProcessor
[THYMELEAF]             * [* {th:hidden,data-th-hidden}] [1000]: org.thymeleaf.standard.processor.StandardConditionalFixedValueTagProcessor
[THYMELEAF]             * [* {th:loop,data-th-loop}] [1000]: org.thymeleaf.standard.processor.StandardConditionalFixedValueTagProcessor
[THYMELEAF]             * [* {th:formnovalidate,data-th-formnovalidate}] [1000]: org.thymeleaf.standard.processor.StandardConditionalFixedValueTagProcessor
[THYMELEAF]             * [* {th:multiple,data-th-multiple}] [1000]: org.thymeleaf.standard.processor.StandardConditionalFixedValueTagProcessor
[THYMELEAF]             * [* {th:seamless,data-th-seamless}] [1000]: org.thymeleaf.standard.processor.StandardConditionalFixedValueTagProcessor
[THYMELEAF]             * [* {th:readonly,data-th-readonly}] [1000]: org.thymeleaf.standard.processor.StandardConditionalFixedValueTagProcessor
[THYMELEAF]             * [* {th:pubdate,data-th-pubdate}] [1000]: org.thymeleaf.standard.processor.StandardConditionalFixedValueTagProcessor
[THYMELEAF]             * [* {th:novalidate,data-th-novalidate}] [1000]: org.thymeleaf.standard.processor.StandardConditionalFixedValueTagProcessor
[THYMELEAF]             * [* {th:controls,data-th-controls}] [1000]: org.thymeleaf.standard.processor.StandardConditionalFixedValueTagProcessor
[THYMELEAF]             * [* {th:open,data-th-open}] [1000]: org.thymeleaf.standard.processor.StandardConditionalFixedValueTagProcessor
[THYMELEAF]             * [* {th:nowrap,data-th-nowrap}] [1000]: org.thymeleaf.standard.processor.StandardConditionalFixedValueTagProcessor
[THYMELEAF]             * [* {th:checked,data-th-checked}] [1000]: org.thymeleaf.standard.processor.StandardConditionalFixedValueTagProcessor
[THYMELEAF]             * [* {th:scoped,data-th-scoped}] [1000]: org.thymeleaf.standard.processor.StandardConditionalFixedValueTagProcessor
[THYMELEAF]             * [* {th:default,data-th-default}] [1000]: org.thymeleaf.standard.processor.StandardConditionalFixedValueTagProcessor
[THYMELEAF]             * [* {th:required,data-th-required}] [1000]: org.thymeleaf.standard.processor.StandardConditionalFixedValueTagProcessor
[THYMELEAF]             * [* {th:ismap,data-th-ismap}] [1000]: org.thymeleaf.standard.processor.StandardConditionalFixedValueTagProcessor
[THYMELEAF]             * [* {th:disabled,data-th-disabled}] [1000]: org.thymeleaf.standard.processor.StandardConditionalFixedValueTagProcessor
[THYMELEAF]             * [* {th:autoplay,data-th-autoplay}] [1000]: org.thymeleaf.standard.processor.StandardConditionalFixedValueTagProcessor
[THYMELEAF]             * [* {th:onstorage,data-th-onstorage}] [1000]: org.thymeleaf.standard.processor.StandardDOMEventAttributeTagProcessor
[THYMELEAF]             * [* {th:onvolumechange,data-th-onvolumechange}] [1000]: org.thymeleaf.standard.processor.StandardDOMEventAttributeTagProcessor
[THYMELEAF]             * [* {th:onfocus,data-th-onfocus}] [1000]: org.thymeleaf.standard.processor.StandardDOMEventAttributeTagProcessor
[THYMELEAF]             * [* {th:oncanplay,data-th-oncanplay}] [1000]: org.thymeleaf.standard.processor.StandardDOMEventAttributeTagProcessor
[THYMELEAF]             * [* {th:onpopstate,data-th-onpopstate}] [1000]: org.thymeleaf.standard.processor.StandardDOMEventAttributeTagProcessor
[THYMELEAF]             * [* {th:onmousewheel,data-th-onmousewheel}] [1000]: org.thymeleaf.standard.processor.StandardDOMEventAttributeTagProcessor
[THYMELEAF]             * [* {th:onloadeddata,data-th-onloadeddata}] [1000]: org.thymeleaf.standard.processor.StandardDOMEventAttributeTagProcessor
[THYMELEAF]             * [* {th:onundo,data-th-onundo}] [1000]: org.thymeleaf.standard.processor.StandardDOMEventAttributeTagProcessor
[THYMELEAF]             * [* {th:ontimeupdate,data-th-ontimeupdate}] [1000]: org.thymeleaf.standard.processor.StandardDOMEventAttributeTagProcessor
[THYMELEAF]             * [* {th:onkeyup,data-th-onkeyup}] [1000]: org.thymeleaf.standard.processor.StandardDOMEventAttributeTagProcessor
[THYMELEAF]             * [* {th:onmessage,data-th-onmessage}] [1000]: org.thymeleaf.standard.processor.StandardDOMEventAttributeTagProcessor
[THYMELEAF]             * [* {th:ondrop,data-th-ondrop}] [1000]: org.thymeleaf.standard.processor.StandardDOMEventAttributeTagProcessor
[THYMELEAF]             * [* {th:onsuspend,data-th-onsuspend}] [1000]: org.thymeleaf.standard.processor.StandardDOMEventAttributeTagProcessor
[THYMELEAF]             * [* {th:onbeforeunload,data-th-onbeforeunload}] [1000]: org.thymeleaf.standard.processor.StandardDOMEventAttributeTagProcessor
[THYMELEAF]             * [* {th:onclick,data-th-onclick}] [1000]: org.thymeleaf.standard.processor.StandardDOMEventAttributeTagProcessor
[THYMELEAF]             * [* {th:onunload,data-th-onunload}] [1000]: org.thymeleaf.standard.processor.StandardDOMEventAttributeTagProcessor
[THYMELEAF]             * [* {th:onshow,data-th-onshow}] [1000]: org.thymeleaf.standard.processor.StandardDOMEventAttributeTagProcessor
[THYMELEAF]             * [* {th:onmousemove,data-th-onmousemove}] [1000]: org.thymeleaf.standard.processor.StandardDOMEventAttributeTagProcessor
[THYMELEAF]             * [* {th:onmouseout,data-th-onmouseout}] [1000]: org.thymeleaf.standard.processor.StandardDOMEventAttributeTagProcessor
[THYMELEAF]             * [* {th:oncanplaythrough,data-th-oncanplaythrough}] [1000]: org.thymeleaf.standard.processor.StandardDOMEventAttributeTagProcessor
[THYMELEAF]             * [* {th:ondragleave,data-th-ondragleave}] [1000]: org.thymeleaf.standard.processor.StandardDOMEventAttributeTagProcessor
[THYMELEAF]             * [* {th:onerror,data-th-onerror}] [1000]: org.thymeleaf.standard.processor.StandardDOMEventAttributeTagProcessor
[THYMELEAF]             * [* {th:onhashchange,data-th-onhashchange}] [1000]: org.thymeleaf.standard.processor.StandardDOMEventAttributeTagProcessor
[THYMELEAF]             * [* {th:onbeforeprint,data-th-onbeforeprint}] [1000]: org.thymeleaf.standard.processor.StandardDOMEventAttributeTagProcessor
[THYMELEAF]             * [* {th:onended,data-th-onended}] [1000]: org.thymeleaf.standard.processor.StandardDOMEventAttributeTagProcessor
[THYMELEAF]             * [* {th:ondragstart,data-th-ondragstart}] [1000]: org.thymeleaf.standard.processor.StandardDOMEventAttributeTagProcessor
[THYMELEAF]             * [* {th:onemptied,data-th-onemptied}] [1000]: org.thymeleaf.standard.processor.StandardDOMEventAttributeTagProcessor
[THYMELEAF]             * [* {th:onpause,data-th-onpause}] [1000]: org.thymeleaf.standard.processor.StandardDOMEventAttributeTagProcessor
[THYMELEAF]             * [* {th:onmouseup,data-th-onmouseup}] [1000]: org.thymeleaf.standard.processor.StandardDOMEventAttributeTagProcessor
[THYMELEAF]             * [* {th:onloadstart,data-th-onloadstart}] [1000]: org.thymeleaf.standard.processor.StandardDOMEventAttributeTagProcessor
[THYMELEAF]             * [* {th:onselect,data-th-onselect}] [1000]: org.thymeleaf.standard.processor.StandardDOMEventAttributeTagProcessor
[THYMELEAF]             * [* {th:onoffline,data-th-onoffline}] [1000]: org.thymeleaf.standard.processor.StandardDOMEventAttributeTagProcessor
[THYMELEAF]             * [* {th:ondragend,data-th-ondragend}] [1000]: org.thymeleaf.standard.processor.StandardDOMEventAttributeTagProcessor
[THYMELEAF]             * [* {th:onblur,data-th-onblur}] [1000]: org.thymeleaf.standard.processor.StandardDOMEventAttributeTagProcessor
[THYMELEAF]             * [* {th:onseeking,data-th-onseeking}] [1000]: org.thymeleaf.standard.processor.StandardDOMEventAttributeTagProcessor
[THYMELEAF]             * [* {th:oninput,data-th-oninput}] [1000]: org.thymeleaf.standard.processor.StandardDOMEventAttributeTagProcessor
[THYMELEAF]             * [* {th:oncontextmenu,data-th-oncontextmenu}] [1000]: org.thymeleaf.standard.processor.StandardDOMEventAttributeTagProcessor
[THYMELEAF]             * [* {th:onkeydown,data-th-onkeydown}] [1000]: org.thymeleaf.standard.processor.StandardDOMEventAttributeTagProcessor
[THYMELEAF]             * [* {th:ononline,data-th-ononline}] [1000]: org.thymeleaf.standard.processor.StandardDOMEventAttributeTagProcessor
[THYMELEAF]             * [* {th:onseeked,data-th-onseeked}] [1000]: org.thymeleaf.standard.processor.StandardDOMEventAttributeTagProcessor
[THYMELEAF]             * [* {th:onreset,data-th-onreset}] [1000]: org.thymeleaf.standard.processor.StandardDOMEventAttributeTagProcessor
[THYMELEAF]             * [* {th:onreadystatechange,data-th-onreadystatechange}] [1000]: org.thymeleaf.standard.processor.StandardDOMEventAttributeTagProcessor
[THYMELEAF]             * [* {th:oninvalid,data-th-oninvalid}] [1000]: org.thymeleaf.standard.processor.StandardDOMEventAttributeTagProcessor
[THYMELEAF]             * [* {th:onmouseover,data-th-onmouseover}] [1000]: org.thymeleaf.standard.processor.StandardDOMEventAttributeTagProcessor
[THYMELEAF]             * [* {th:ondurationchange,data-th-ondurationchange}] [1000]: org.thymeleaf.standard.processor.StandardDOMEventAttributeTagProcessor
[THYMELEAF]             * [* {th:onchange,data-th-onchange}] [1000]: org.thymeleaf.standard.processor.StandardDOMEventAttributeTagProcessor
[THYMELEAF]             * [* {th:onstalled,data-th-onstalled}] [1000]: org.thymeleaf.standard.processor.StandardDOMEventAttributeTagProcessor
[THYMELEAF]             * [* {th:ondragover,data-th-ondragover}] [1000]: org.thymeleaf.standard.processor.StandardDOMEventAttributeTagProcessor
[THYMELEAF]             * [* {th:onkeypress,data-th-onkeypress}] [1000]: org.thymeleaf.standard.processor.StandardDOMEventAttributeTagProcessor
[THYMELEAF]             * [* {th:onplaying,data-th-onplaying}] [1000]: org.thymeleaf.standard.processor.StandardDOMEventAttributeTagProcessor
[THYMELEAF]             * [* {th:onabort,data-th-onabort}] [1000]: org.thymeleaf.standard.processor.StandardDOMEventAttributeTagProcessor
[THYMELEAF]             * [* {th:onredo,data-th-onredo}] [1000]: org.thymeleaf.standard.processor.StandardDOMEventAttributeTagProcessor
[THYMELEAF]             * [* {th:onplay,data-th-onplay}] [1000]: org.thymeleaf.standard.processor.StandardDOMEventAttributeTagProcessor
[THYMELEAF]             * [* {th:onprogress,data-th-onprogress}] [1000]: org.thymeleaf.standard.processor.StandardDOMEventAttributeTagProcessor
[THYMELEAF]             * [* {th:onloadedmetadata,data-th-onloadedmetadata}] [1000]: org.thymeleaf.standard.processor.StandardDOMEventAttributeTagProcessor
[THYMELEAF]             * [* {th:onmousedown,data-th-onmousedown}] [1000]: org.thymeleaf.standard.processor.StandardDOMEventAttributeTagProcessor
[THYMELEAF]             * [* {th:onsubmit,data-th-onsubmit}] [1000]: org.thymeleaf.standard.processor.StandardDOMEventAttributeTagProcessor
[THYMELEAF]             * [* {th:onafterprint,data-th-onafterprint}] [1000]: org.thymeleaf.standard.processor.StandardDOMEventAttributeTagProcessor
[THYMELEAF]             * [* {th:ondblclick,data-th-ondblclick}] [1000]: org.thymeleaf.standard.processor.StandardDOMEventAttributeTagProcessor
[THYMELEAF]             * [* {th:ondragenter,data-th-ondragenter}] [1000]: org.thymeleaf.standard.processor.StandardDOMEventAttributeTagProcessor
[THYMELEAF]             * [* {th:onload,data-th-onload}] [1000]: org.thymeleaf.standard.processor.StandardDOMEventAttributeTagProcessor
[THYMELEAF]             * [* {th:ondrag,data-th-ondrag}] [1000]: org.thymeleaf.standard.processor.StandardDOMEventAttributeTagProcessor
[THYMELEAF]             * [* {th:onforminput,data-th-onforminput}] [1000]: org.thymeleaf.standard.processor.StandardDOMEventAttributeTagProcessor
[THYMELEAF]             * [* {th:onresize,data-th-onresize}] [1000]: org.thymeleaf.standard.processor.StandardDOMEventAttributeTagProcessor
[THYMELEAF]             * [* {th:onformchange,data-th-onformchange}] [1000]: org.thymeleaf.standard.processor.StandardDOMEventAttributeTagProcessor
[THYMELEAF]             * [* {th:onscroll,data-th-onscroll}] [1000]: org.thymeleaf.standard.processor.StandardDOMEventAttributeTagProcessor
[THYMELEAF]             * [* {th:onratechange,data-th-onratechange}] [1000]: org.thymeleaf.standard.processor.StandardDOMEventAttributeTagProcessor
[THYMELEAF]             * [* {th:onwaiting,data-th-onwaiting}] [1000]: org.thymeleaf.standard.processor.StandardDOMEventAttributeTagProcessor
[THYMELEAF]             * [* {th:href,data-th-href}] [1000]: org.thymeleaf.standard.processor.StandardHrefTagProcessor
[THYMELEAF]             * [* {th:inline,data-th-inline}] [1000]: org.thymeleaf.standard.processor.StandardInlineHTMLTagProcessor
[THYMELEAF]             * [* {th:method,data-th-method}] [1000]: org.thymeleaf.standard.processor.StandardMethodTagProcessor
[THYMELEAF]             * [* {th:name,data-th-name}] [1000]: org.thymeleaf.standard.processor.StandardNonRemovableAttributeTagProcessor
[THYMELEAF]             * [* {th:type,data-th-type}] [1000]: org.thymeleaf.standard.processor.StandardNonRemovableAttributeTagProcessor
[THYMELEAF]             * [* {th:formmethod,data-th-formmethod}] [1000]: org.thymeleaf.standard.processor.StandardRemovableAttributeTagProcessor
[THYMELEAF]             * [* {th:formtarget,data-th-formtarget}] [1000]: org.thymeleaf.standard.processor.StandardRemovableAttributeTagProcessor
[THYMELEAF]             * [* {th:datetime,data-th-datetime}] [1000]: org.thymeleaf.standard.processor.StandardRemovableAttributeTagProcessor
[THYMELEAF]             * [* {th:maxlength,data-th-maxlength}] [1000]: org.thymeleaf.standard.processor.StandardRemovableAttributeTagProcessor
[THYMELEAF]             * [* {th:classid,data-th-classid}] [1000]: org.thymeleaf.standard.processor.StandardRemovableAttributeTagProcessor
[THYMELEAF]             * [* {th:radiogroup,data-th-radiogroup}] [1000]: org.thymeleaf.standard.processor.StandardRemovableAttributeTagProcessor
[THYMELEAF]             * [* {th:content,data-th-content}] [1000]: org.thymeleaf.standard.processor.StandardRemovableAttributeTagProcessor
[THYMELEAF]             * [* {th:span,data-th-span}] [1000]: org.thymeleaf.standard.processor.StandardRemovableAttributeTagProcessor
[THYMELEAF]             * [* {th:usemap,data-th-usemap}] [1000]: org.thymeleaf.standard.processor.StandardRemovableAttributeTagProcessor
[THYMELEAF]             * [* {th:low,data-th-low}] [1000]: org.thymeleaf.standard.processor.StandardRemovableAttributeTagProcessor
[THYMELEAF]             * [* {th:rowspan,data-th-rowspan}] [1000]: org.thymeleaf.standard.processor.StandardRemovableAttributeTagProcessor
[THYMELEAF]             * [* {th:start,data-th-start}] [1000]: org.thymeleaf.standard.processor.StandardRemovableAttributeTagProcessor
[THYMELEAF]             * [* {th:for,data-th-for}] [1000]: org.thymeleaf.standard.processor.StandardRemovableAttributeTagProcessor
[THYMELEAF]             * [* {th:lang,data-th-lang}] [1000]: org.thymeleaf.standard.processor.StandardRemovableAttributeTagProcessor
[THYMELEAF]             * [* {th:colspan,data-th-colspan}] [1000]: org.thymeleaf.standard.processor.StandardRemovableAttributeTagProcessor
[THYMELEAF]             * [* {th:rev,data-th-rev}] [1000]: org.thymeleaf.standard.processor.StandardRemovableAttributeTagProcessor
[THYMELEAF]             * [* {th:sizes,data-th-sizes}] [1000]: org.thymeleaf.standard.processor.StandardRemovableAttributeTagProcessor
[THYMELEAF]             * [* {th:form,data-th-form}] [1000]: org.thymeleaf.standard.processor.StandardRemovableAttributeTagProcessor
[THYMELEAF]             * [* {th:challenge,data-th-challenge}] [1000]: org.thymeleaf.standard.processor.StandardRemovableAttributeTagProcessor
[THYMELEAF]             * [* {th:axis,data-th-axis}] [1000]: org.thymeleaf.standard.processor.StandardRemovableAttributeTagProcessor
[THYMELEAF]             * [* {th:width,data-th-width}] [1000]: org.thymeleaf.standard.processor.StandardRemovableAttributeTagProcessor
[THYMELEAF]             * [* {th:headers,data-th-headers}] [1000]: org.thymeleaf.standard.processor.StandardRemovableAttributeTagProcessor
[THYMELEAF]             * [* {th:srclang,data-th-srclang}] [1000]: org.thymeleaf.standard.processor.StandardRemovableAttributeTagProcessor
[THYMELEAF]             * [* {th:hreflang,data-th-hreflang}] [1000]: org.thymeleaf.standard.processor.StandardRemovableAttributeTagProcessor
[THYMELEAF]             * [* {th:class,data-th-class}] [1000]: org.thymeleaf.standard.processor.StandardRemovableAttributeTagProcessor
[THYMELEAF]             * [* {th:pattern,data-th-pattern}] [1000]: org.thymeleaf.standard.processor.StandardRemovableAttributeTagProcessor
[THYMELEAF]             * [* {th:rules,data-th-rules}] [1000]: org.thymeleaf.standard.processor.StandardRemovableAttributeTagProcessor
[THYMELEAF]             * [* {th:contextmenu,data-th-contextmenu}] [1000]: org.thymeleaf.standard.processor.StandardRemovableAttributeTagProcessor
[THYMELEAF]             * [* {th:http-equiv,data-th-http-equiv}] [1000]: org.thymeleaf.standard.processor.StandardRemovableAttributeTagProcessor
[THYMELEAF]             * [* {th:spellcheck,data-th-spellcheck}] [1000]: org.thymeleaf.standard.processor.StandardRemovableAttributeTagProcessor
[THYMELEAF]             * [* {th:longdesc,data-th-longdesc}] [1000]: org.thymeleaf.standard.processor.StandardRemovableAttributeTagProcessor
[THYMELEAF]             * [* {th:charset,data-th-charset}] [1000]: org.thymeleaf.standard.processor.StandardRemovableAttributeTagProcessor
[THYMELEAF]             * [* {th:rows,data-th-rows}] [1000]: org.thymeleaf.standard.processor.StandardRemovableAttributeTagProcessor
[THYMELEAF]             * [* {th:id,data-th-id}] [1000]: org.thymeleaf.standard.processor.StandardRemovableAttributeTagProcessor
[THYMELEAF]             * [* {th:alt,data-th-alt}] [1000]: org.thymeleaf.standard.processor.StandardRemovableAttributeTagProcessor
[THYMELEAF]             * [* {th:title,data-th-title}] [1000]: org.thymeleaf.standard.processor.StandardRemovableAttributeTagProcessor
[THYMELEAF]             * [* {th:dropzone,data-th-dropzone}] [1000]: org.thymeleaf.standard.processor.StandardRemovableAttributeTagProcessor
[THYMELEAF]             * [* {th:align,data-th-align}] [1000]: org.thymeleaf.standard.processor.StandardRemovableAttributeTagProcessor
[THYMELEAF]             * [* {th:hspace,data-th-hspace}] [1000]: org.thymeleaf.standard.processor.StandardRemovableAttributeTagProcessor
[THYMELEAF]             * [* {th:label,data-th-label}] [1000]: org.thymeleaf.standard.processor.StandardRemovableAttributeTagProcessor
[THYMELEAF]             * [* {th:vspace,data-th-vspace}] [1000]: org.thymeleaf.standard.processor.StandardRemovableAttributeTagProcessor
[THYMELEAF]             * [* {th:draggable,data-th-draggable}] [1000]: org.thymeleaf.standard.processor.StandardRemovableAttributeTagProcessor
[THYMELEAF]             * [* {th:manifest,data-th-manifest}] [1000]: org.thymeleaf.standard.processor.StandardRemovableAttributeTagProcessor
[THYMELEAF]             * [* {th:autocomplete,data-th-autocomplete}] [1000]: org.thymeleaf.standard.processor.StandardRemovableAttributeTagProcessor
[THYMELEAF]             * [* {th:background,data-th-background}] [1000]: org.thymeleaf.standard.processor.StandardRemovableAttributeTagProcessor
[THYMELEAF]             * [* {th:archive,data-th-archive}] [1000]: org.thymeleaf.standard.processor.StandardRemovableAttributeTagProcessor
[THYMELEAF]             * [* {th:accept-charset,data-th-accept-charset}] [1000]: org.thymeleaf.standard.processor.StandardRemovableAttributeTagProcessor
[THYMELEAF]             * [* {th:standby,data-th-standby}] [1000]: org.thymeleaf.standard.processor.StandardRemovableAttributeTagProcessor
[THYMELEAF]             * [* {th:list,data-th-list}] [1000]: org.thymeleaf.standard.processor.StandardRemovableAttributeTagProcessor
[THYMELEAF]             * [* {th:kind,data-th-kind}] [1000]: org.thymeleaf.standard.processor.StandardRemovableAttributeTagProcessor
[THYMELEAF]             * [* {th:data,data-th-data}] [1000]: org.thymeleaf.standard.processor.StandardRemovableAttributeTagProcessor
[THYMELEAF]             * [* {th:max,data-th-max}] [1000]: org.thymeleaf.standard.processor.StandardRemovableAttributeTagProcessor
[THYMELEAF]             * [* {th:abbr,data-th-abbr}] [1000]: org.thymeleaf.standard.processor.StandardRemovableAttributeTagProcessor
[THYMELEAF]             * [* {th:size,data-th-size}] [1000]: org.thymeleaf.standard.processor.StandardRemovableAttributeTagProcessor
[THYMELEAF]             * [* {th:high,data-th-high}] [1000]: org.thymeleaf.standard.processor.StandardRemovableAttributeTagProcessor
[THYMELEAF]             * [* {th:rel,data-th-rel}] [1000]: org.thymeleaf.standard.processor.StandardRemovableAttributeTagProcessor
[THYMELEAF]             * [* {th:scope,data-th-scope}] [1000]: org.thymeleaf.standard.processor.StandardRemovableAttributeTagProcessor
[THYMELEAF]             * [* {th:contenteditable,data-th-contenteditable}] [1000]: org.thymeleaf.standard.processor.StandardRemovableAttributeTagProcessor
[THYMELEAF]             * [* {th:codebase,data-th-codebase}] [1000]: org.thymeleaf.standard.processor.StandardRemovableAttributeTagProcessor
[THYMELEAF]             * [* {th:target,data-th-target}] [1000]: org.thymeleaf.standard.processor.StandardRemovableAttributeTagProcessor
[THYMELEAF]             * [* {th:accept,data-th-accept}] [1000]: org.thymeleaf.standard.processor.StandardRemovableAttributeTagProcessor
[THYMELEAF]             * [* {th:marginwidth,data-th-marginwidth}] [1000]: org.thymeleaf.standard.processor.StandardRemovableAttributeTagProcessor
[THYMELEAF]             * [* {th:scrolling,data-th-scrolling}] [1000]: org.thymeleaf.standard.processor.StandardRemovableAttributeTagProcessor
[THYMELEAF]             * [* {th:icon,data-th-icon}] [1000]: org.thymeleaf.standard.processor.StandardRemovableAttributeTagProcessor
[THYMELEAF]             * [* {th:media,data-th-media}] [1000]: org.thymeleaf.standard.processor.StandardRemovableAttributeTagProcessor
[THYMELEAF]             * [* {th:min,data-th-min}] [1000]: org.thymeleaf.standard.processor.StandardRemovableAttributeTagProcessor
[THYMELEAF]             * [* {th:border,data-th-border}] [1000]: org.thymeleaf.standard.processor.StandardRemovableAttributeTagProcessor
[THYMELEAF]             * [* {th:bgcolor,data-th-bgcolor}] [1000]: org.thymeleaf.standard.processor.StandardRemovableAttributeTagProcessor
[THYMELEAF]             * [* {th:preload,data-th-preload}] [1000]: org.thymeleaf.standard.processor.StandardRemovableAttributeTagProcessor
[THYMELEAF]             * [* {th:compact,data-th-compact}] [1000]: org.thymeleaf.standard.processor.StandardRemovableAttributeTagProcessor
[THYMELEAF]             * [* {th:marginheight,data-th-marginheight}] [1000]: org.thymeleaf.standard.processor.StandardRemovableAttributeTagProcessor
[THYMELEAF]             * [* {th:style,data-th-style}] [1000]: org.thymeleaf.standard.processor.StandardRemovableAttributeTagProcessor
[THYMELEAF]             * [* {th:cellspacing,data-th-cellspacing}] [1000]: org.thymeleaf.standard.processor.StandardRemovableAttributeTagProcessor
[THYMELEAF]             * [* {th:audio,data-th-audio}] [1000]: org.thymeleaf.standard.processor.StandardRemovableAttributeTagProcessor
[THYMELEAF]             * [* {th:placeholder,data-th-placeholder}] [1000]: org.thymeleaf.standard.processor.StandardRemovableAttributeTagProcessor
[THYMELEAF]             * [* {th:accesskey,data-th-accesskey}] [1000]: org.thymeleaf.standard.processor.StandardRemovableAttributeTagProcessor
[THYMELEAF]             * [* {th:sandbox,data-th-sandbox}] [1000]: org.thymeleaf.standard.processor.StandardRemovableAttributeTagProcessor
[THYMELEAF]             * [* {th:valuetype,data-th-valuetype}] [1000]: org.thymeleaf.standard.processor.StandardRemovableAttributeTagProcessor
[THYMELEAF]             * [* {th:tabindex,data-th-tabindex}] [1000]: org.thymeleaf.standard.processor.StandardRemovableAttributeTagProcessor
[THYMELEAF]             * [* {th:scheme,data-th-scheme}] [1000]: org.thymeleaf.standard.processor.StandardRemovableAttributeTagProcessor
[THYMELEAF]             * [* {th:dir,data-th-dir}] [1000]: org.thymeleaf.standard.processor.StandardRemovableAttributeTagProcessor
[THYMELEAF]             * [* {th:cite,data-th-cite}] [1000]: org.thymeleaf.standard.processor.StandardRemovableAttributeTagProcessor
[THYMELEAF]             * [* {th:keytype,data-th-keytype}] [1000]: org.thymeleaf.standard.processor.StandardRemovableAttributeTagProcessor
[THYMELEAF]             * [* {th:step,data-th-step}] [1000]: org.thymeleaf.standard.processor.StandardRemovableAttributeTagProcessor
[THYMELEAF]             * [* {th:frameborder,data-th-frameborder}] [1000]: org.thymeleaf.standard.processor.StandardRemovableAttributeTagProcessor
[THYMELEAF]             * [* {th:frame,data-th-frame}] [1000]: org.thymeleaf.standard.processor.StandardRemovableAttributeTagProcessor
[THYMELEAF]             * [* {th:codetype,data-th-codetype}] [1000]: org.thymeleaf.standard.processor.StandardRemovableAttributeTagProcessor
[THYMELEAF]             * [* {th:summary,data-th-summary}] [1000]: org.thymeleaf.standard.processor.StandardRemovableAttributeTagProcessor
[THYMELEAF]             * [* {th:enctype,data-th-enctype}] [1000]: org.thymeleaf.standard.processor.StandardRemovableAttributeTagProcessor
[THYMELEAF]             * [* {th:formenctype,data-th-formenctype}] [1000]: org.thymeleaf.standard.processor.StandardRemovableAttributeTagProcessor
[THYMELEAF]             * [* {th:formaction,data-th-formaction}] [1000]: org.thymeleaf.standard.processor.StandardRemovableAttributeTagProcessor
[THYMELEAF]             * [* {th:height,data-th-height}] [1000]: org.thymeleaf.standard.processor.StandardRemovableAttributeTagProcessor
[THYMELEAF]             * [* {th:optimum,data-th-optimum}] [1000]: org.thymeleaf.standard.processor.StandardRemovableAttributeTagProcessor
[THYMELEAF]             * [* {th:poster,data-th-poster}] [1000]: org.thymeleaf.standard.processor.StandardRemovableAttributeTagProcessor
[THYMELEAF]             * [* {th:wrap,data-th-wrap}] [1000]: org.thymeleaf.standard.processor.StandardRemovableAttributeTagProcessor
[THYMELEAF]             * [* {th:cellpadding,data-th-cellpadding}] [1000]: org.thymeleaf.standard.processor.StandardRemovableAttributeTagProcessor
[THYMELEAF]             * [* {th:cols,data-th-cols}] [1000]: org.thymeleaf.standard.processor.StandardRemovableAttributeTagProcessor
[THYMELEAF]             * [* {th:src,data-th-src}] [1000]: org.thymeleaf.standard.processor.StandardSrcTagProcessor
[THYMELEAF]             * [* {th:value,data-th-value}] [1000]: org.thymeleaf.standard.processor.StandardValueTagProcessor
[THYMELEAF]             * [* {th:xmlbase,data-th-xmlbase}] [1000]: org.thymeleaf.standard.processor.StandardXmlBaseTagProcessor
[THYMELEAF]             * [* {th:xmllang,data-th-xmllang}] [1000]: org.thymeleaf.standard.processor.StandardXmlLangTagProcessor
[THYMELEAF]             * [* {xmlns:th}] [1000]: org.thymeleaf.standard.processor.StandardXmlNsTagProcessor
[THYMELEAF]             * [* {th:xmlspace,data-th-xmlspace}] [1000]: org.thymeleaf.standard.processor.StandardXmlSpaceTagProcessor
[THYMELEAF]             * [* {th:classappend,data-th-classappend}] [1100]: org.thymeleaf.standard.processor.StandardClassappendTagProcessor
[THYMELEAF]             * [* {th:styleappend,data-th-styleappend}] [1100]: org.thymeleaf.standard.processor.StandardStyleappendTagProcessor
[THYMELEAF]             * [* {th:text,data-th-text}] [1300]: org.thymeleaf.standard.processor.StandardTextTagProcessor
[THYMELEAF]             * [* {th:utext,data-th-utext}] [1400]: org.thymeleaf.standard.processor.StandardUtextTagProcessor
[THYMELEAF]             * [* {th:fragment,data-th-fragment}] [1500]: org.thymeleaf.standard.processor.StandardFragmentTagProcessor
[THYMELEAF]             * [* {th:assert,data-th-assert}] [1550]: org.thymeleaf.standard.processor.StandardAssertTagProcessor
[THYMELEAF]             * [* {th:remove,data-th-remove}] [1600]: org.thymeleaf.standard.processor.StandardRemoveTagProcessor
[THYMELEAF]             * [* {th:ref,data-th-ref}] [10000]: org.thymeleaf.standard.processor.StandardRefAttributeTagProcessor
[THYMELEAF]             * [{th:block,th-block} *] [100000]: org.thymeleaf.standard.processor.StandardBlockTagProcessor
[THYMELEAF]             * [* th:*] [2147483647]: org.thymeleaf.standard.processor.StandardDefaultAttributesTagProcessor
[THYMELEAF]         * Text Processors by [precedence]:
[THYMELEAF]             * [1000]: org.thymeleaf.standard.processor.StandardInliningTextProcessor
[THYMELEAF]         * DOCTYPE Processors by [precedence]:
[THYMELEAF]             * [1000]: org.thymeleaf.standard.processor.StandardTranslationDocTypeProcessor
[THYMELEAF]         * CDATA Section Processors by [precedence]:
[THYMELEAF]             * [1000]: org.thymeleaf.standard.processor.StandardInliningCDATASectionProcessor
[THYMELEAF]         * Comment Processors by [precedence]:
[THYMELEAF]             * [1000]: org.thymeleaf.standard.processor.StandardInliningCommentProcessor
[THYMELEAF]             * [1100]: org.thymeleaf.standard.processor.StandardConditionalCommentProcessor
[THYMELEAF]     * Processors for Template Mode: XML
[THYMELEAF]         * Element Tag Processors by [matching element and attribute name] [precedence]:
[THYMELEAF]             * [* {th:include}] [100]: org.thymeleaf.standard.processor.StandardIncludeTagProcessor
[THYMELEAF]             * [* {th:insert}] [100]: org.thymeleaf.standard.processor.StandardInsertTagProcessor
[THYMELEAF]             * [* {th:replace}] [100]: org.thymeleaf.standard.processor.StandardReplaceTagProcessor
[THYMELEAF]             * [* {th:each}] [200]: com.intuit.karate.template.KarateEachTagProcessor
[THYMELEAF]             * [* {th:switch}] [250]: org.thymeleaf.standard.processor.StandardSwitchTagProcessor
[THYMELEAF]             * [* {th:case}] [275]: org.thymeleaf.standard.processor.StandardCaseTagProcessor
[THYMELEAF]             * [* {th:if}] [300]: org.thymeleaf.standard.processor.StandardIfTagProcessor
[THYMELEAF]             * [* {th:unless}] [400]: org.thymeleaf.standard.processor.StandardUnlessTagProcessor
[THYMELEAF]             * [* {th:object}] [500]: org.thymeleaf.standard.processor.StandardObjectTagProcessor
[THYMELEAF]             * [* {th:with}] [600]: com.intuit.karate.template.KarateWithTagProcessor
[THYMELEAF]             * [* {th:attr}] [700]: com.intuit.karate.template.KarateAttributeTagProcessor.KarateAttrTagProcessor
[THYMELEAF]             * [* {th:attrappend}] [900]: com.intuit.karate.template.KarateAttributeTagProcessor.KarateAttrappendTagProcessor
[THYMELEAF]             * [* {th:attrprepend}] [900]: com.intuit.karate.template.KarateAttributeTagProcessor.KarateAttrprependTagProcessor
[THYMELEAF]             * [* {th:inline}] [1000]: org.thymeleaf.standard.processor.StandardInlineXMLTagProcessor
[THYMELEAF]             * [* {xmlns:th}] [1000]: org.thymeleaf.standard.processor.StandardXmlNsTagProcessor
[THYMELEAF]             * [* {th:text}] [1300]: org.thymeleaf.standard.processor.StandardTextTagProcessor
[THYMELEAF]             * [* {th:utext}] [1400]: org.thymeleaf.standard.processor.StandardUtextTagProcessor
[THYMELEAF]             * [* {th:fragment}] [1500]: org.thymeleaf.standard.processor.StandardFragmentTagProcessor
[THYMELEAF]             * [* {th:assert}] [1550]: org.thymeleaf.standard.processor.StandardAssertTagProcessor
[THYMELEAF]             * [* {th:remove}] [1600]: org.thymeleaf.standard.processor.StandardRemoveTagProcessor
[THYMELEAF]             * [* {th:ref}] [10000]: org.thymeleaf.standard.processor.StandardRefAttributeTagProcessor
[THYMELEAF]             * [{th:block} *] [100000]: org.thymeleaf.standard.processor.StandardBlockTagProcessor
[THYMELEAF]             * [* th:*] [2147483647]: org.thymeleaf.standard.processor.StandardDefaultAttributesTagProcessor
[THYMELEAF]         * Text Processors by [precedence]:
[THYMELEAF]             * [1000]: org.thymeleaf.standard.processor.StandardInliningTextProcessor
[THYMELEAF]         * CDATA Section Processors by [precedence]:
[THYMELEAF]             * [1000]: org.thymeleaf.standard.processor.StandardInliningCDATASectionProcessor
[THYMELEAF]         * Comment Processors by [precedence]:
[THYMELEAF]             * [1000]: org.thymeleaf.standard.processor.StandardInliningCommentProcessor
[THYMELEAF]     * Processors for Template Mode: TEXT
[THYMELEAF]         * Element Tag Processors by [matching element and attribute name] [precedence]:
[THYMELEAF]             * [* {th:insert}] [100]: org.thymeleaf.standard.processor.StandardInsertTagProcessor
[THYMELEAF]             * [* {th:replace}] [100]: org.thymeleaf.standard.processor.StandardReplaceTagProcessor
[THYMELEAF]             * [* {th:each}] [200]: com.intuit.karate.template.KarateEachTagProcessor
[THYMELEAF]             * [* {th:switch}] [250]: org.thymeleaf.standard.processor.StandardSwitchTagProcessor
[THYMELEAF]             * [* {th:case}] [275]: org.thymeleaf.standard.processor.StandardCaseTagProcessor
[THYMELEAF]             * [* {th:if}] [300]: org.thymeleaf.standard.processor.StandardIfTagProcessor
[THYMELEAF]             * [* {th:unless}] [400]: org.thymeleaf.standard.processor.StandardUnlessTagProcessor
[THYMELEAF]             * [* {th:object}] [500]: org.thymeleaf.standard.processor.StandardObjectTagProcessor
[THYMELEAF]             * [* {th:with}] [600]: com.intuit.karate.template.KarateWithTagProcessor
[THYMELEAF]             * [* {th:inline}] [1000]: org.thymeleaf.standard.processor.StandardInlineTextualTagProcessor
[THYMELEAF]             * [* {th:text}] [1300]: org.thymeleaf.standard.processor.StandardTextTagProcessor
[THYMELEAF]             * [* {th:utext}] [1400]: org.thymeleaf.standard.processor.StandardUtextTagProcessor
[THYMELEAF]             * [* {th:assert}] [1550]: org.thymeleaf.standard.processor.StandardAssertTagProcessor
[THYMELEAF]             * [* {th:remove}] [1600]: org.thymeleaf.standard.processor.StandardRemoveTagProcessor
[THYMELEAF]             * [* 100000] [org.thymeleaf.standard.processor.StandardBlockTagProcessor]: {}
[THYMELEAF]             * [{th:block} *] [100000]: org.thymeleaf.standard.processor.StandardBlockTagProcessor
[THYMELEAF]         * Text Processors by [precedence]:
[THYMELEAF]             * [1000]: org.thymeleaf.standard.processor.StandardInliningTextProcessor
[THYMELEAF]     * Processors for Template Mode: JAVASCRIPT
[THYMELEAF]         * Element Tag Processors by [matching element and attribute name] [precedence]:
[THYMELEAF]             * [* {th:insert}] [100]: org.thymeleaf.standard.processor.StandardInsertTagProcessor
[THYMELEAF]             * [* {th:replace}] [100]: org.thymeleaf.standard.processor.StandardReplaceTagProcessor
[THYMELEAF]             * [* {th:each}] [200]: com.intuit.karate.template.KarateEachTagProcessor
[THYMELEAF]             * [* {th:switch}] [250]: org.thymeleaf.standard.processor.StandardSwitchTagProcessor
[THYMELEAF]             * [* {th:case}] [275]: org.thymeleaf.standard.processor.StandardCaseTagProcessor
[THYMELEAF]             * [* {th:if}] [300]: org.thymeleaf.standard.processor.StandardIfTagProcessor
[THYMELEAF]             * [* {th:unless}] [400]: org.thymeleaf.standard.processor.StandardUnlessTagProcessor
[THYMELEAF]             * [* {th:object}] [500]: org.thymeleaf.standard.processor.StandardObjectTagProcessor
[THYMELEAF]             * [* {th:with}] [600]: com.intuit.karate.template.KarateWithTagProcessor
[THYMELEAF]             * [* {th:inline}] [1000]: org.thymeleaf.standard.processor.StandardInlineTextualTagProcessor
[THYMELEAF]             * [* {th:text}] [1300]: org.thymeleaf.standard.processor.StandardTextTagProcessor
[THYMELEAF]             * [* {th:utext}] [1400]: org.thymeleaf.standard.processor.StandardUtextTagProcessor
[THYMELEAF]             * [* {th:assert}] [1550]: org.thymeleaf.standard.processor.StandardAssertTagProcessor
[THYMELEAF]             * [* {th:remove}] [1600]: org.thymeleaf.standard.processor.StandardRemoveTagProcessor
[THYMELEAF]             * [{th:block} *] [100000]: org.thymeleaf.standard.processor.StandardBlockTagProcessor
[THYMELEAF]             * [* 100000] [org.thymeleaf.standard.processor.StandardBlockTagProcessor]: {}
[THYMELEAF]         * Text Processors by [precedence]:
[THYMELEAF]             * [1000]: org.thymeleaf.standard.processor.StandardInliningTextProcessor
[THYMELEAF]     * Processors for Template Mode: CSS
[THYMELEAF]         * Element Tag Processors by [matching element and attribute name] [precedence]:
[THYMELEAF]             * [* {th:insert}] [100]: org.thymeleaf.standard.processor.StandardInsertTagProcessor
[THYMELEAF]             * [* {th:replace}] [100]: org.thymeleaf.standard.processor.StandardReplaceTagProcessor
[THYMELEAF]             * [* {th:each}] [200]: com.intuit.karate.template.KarateEachTagProcessor
[THYMELEAF]             * [* {th:switch}] [250]: org.thymeleaf.standard.processor.StandardSwitchTagProcessor
[THYMELEAF]             * [* {th:case}] [275]: org.thymeleaf.standard.processor.StandardCaseTagProcessor
[THYMELEAF]             * [* {th:if}] [300]: org.thymeleaf.standard.processor.StandardIfTagProcessor
[THYMELEAF]             * [* {th:unless}] [400]: org.thymeleaf.standard.processor.StandardUnlessTagProcessor
[THYMELEAF]             * [* {th:object}] [500]: org.thymeleaf.standard.processor.StandardObjectTagProcessor
[THYMELEAF]             * [* {th:with}] [600]: com.intuit.karate.template.KarateWithTagProcessor
[THYMELEAF]             * [* {th:inline}] [1000]: org.thymeleaf.standard.processor.StandardInlineTextualTagProcessor
[THYMELEAF]             * [* {th:text}] [1300]: org.thymeleaf.standard.processor.StandardTextTagProcessor
[THYMELEAF]             * [* {th:utext}] [1400]: org.thymeleaf.standard.processor.StandardUtextTagProcessor
[THYMELEAF]             * [* {th:assert}] [1550]: org.thymeleaf.standard.processor.StandardAssertTagProcessor
[THYMELEAF]             * [* {th:remove}] [1600]: org.thymeleaf.standard.processor.StandardRemoveTagProcessor
[THYMELEAF]             * [{th:block} *] [100000]: org.thymeleaf.standard.processor.StandardBlockTagProcessor
[THYMELEAF]             * [* 100000] [org.thymeleaf.standard.processor.StandardBlockTagProcessor]: {}
[THYMELEAF]         * Text Processors by [precedence]:
[THYMELEAF]             * [1000]: org.thymeleaf.standard.processor.StandardInliningTextProcessor
[THYMELEAF]     * Expression Objects:
[THYMELEAF]         * #ctx
[THYMELEAF]         * #root
[THYMELEAF]         * #vars
[THYMELEAF]         * #object
[THYMELEAF]         * #locale
[THYMELEAF]         * #conversions
[THYMELEAF]         * #uris
[THYMELEAF]         * #temporals
[THYMELEAF]         * #calendars
[THYMELEAF]         * #dates
[THYMELEAF]         * #bools
[THYMELEAF]         * #numbers
[THYMELEAF]         * #objects
[THYMELEAF]         * #strings
[THYMELEAF]         * #arrays
[THYMELEAF]         * #lists
[THYMELEAF]         * #sets
[THYMELEAF]         * #maps
[THYMELEAF]         * #aggregates
[THYMELEAF]         * #messages
[THYMELEAF]         * #ids
[THYMELEAF]         * #execInfo
[THYMELEAF]         * #request
[THYMELEAF]         * #response
[THYMELEAF]         * #session
[THYMELEAF]         * #servletContext
[THYMELEAF]     * Execution Attributes:
[THYMELEAF]         * "StandardExpressionParser": com.intuit.karate.template.KarateStandardDialect@59a09be
[THYMELEAF]         * "StandardJavaScriptSerializer": org.thymeleaf.standard.serializer.StandardJavaScriptSerializer@79ad1774
[THYMELEAF]         * "StandardCSSSerializer": org.thymeleaf.standard.serializer.StandardCSSSerializer@64f3ca6
[THYMELEAF]         * "StandardVariableExpressionEvaluator": com.intuit.karate.template.KarateStandardDialect@59a09be
[THYMELEAF]         * "StandardConversionService": org.thymeleaf.standard.expression.StandardConversionService@3df77dfa
[THYMELEAF] * Dialect [2 of 2]: karate (com.intuit.karate.template.KarateScriptDialect)
[THYMELEAF]     * Prefix: "ka"
[THYMELEAF]     * Processors for Template Mode: HTML
[THYMELEAF]         * Element Tag Processors by [matching element and attribute name] [precedence]:
[THYMELEAF]             * [* {src}] [1000]: com.intuit.karate.template.KaScriptAttrProcessor
[THYMELEAF]         * Element Model Processors by [matching element and attribute name] [precedence]:
[THYMELEAF]             * [{script} {ka:scope,data-ka-scope}] [1000]: com.intuit.karate.template.KaScriptElemProcessor
[THYMELEAF]             * [* {ka:set,data-ka-set}] [1000]: com.intuit.karate.template.KaSetElemProcessor
[THYMELEAF] TEMPLATE ENGINE CONFIGURED OK
15:37:50.268 [main] DEBUG org.thymeleaf.TemplateEngine -- [THYMELEAF] TEMPLATE ENGINE INITIALIZED
---------------------------------------------------------
feature: classpath:Tests/post.feature
scenarios:  5 | passed:  5 | failed:  0 | time: 1.9101
---------------------------------------------------------

15:37:50.485 [main] DEBUG com.jayway.jsonpath.internal.path.CompiledPath -- Evaluating path: $
15:37:50.487 [main] DEBUG org.apache.http.client.protocol.RequestAddCookies -- CookieSpec selected: karate
15:37:50.487 [main] DEBUG org.apache.http.client.protocol.RequestAuthCache -- Auth cache not set in the context
15:37:50.487 [main] DEBUG com.intuit.karate -- request:
1 > PUT https://reqres.in/api/users/2
1 > Accept: application/json
1 > Content-Type: text/plain; charset=UTF-8
1 > Content-Length: 15
1 > Host: reqres.in
1 > Connection: Keep-Alive
1 > User-Agent: Apache-HttpClient/4.5.14 (Java/21.0.1)
1 > Accept-Encoding: gzip,deflate
putRequest.json

15:37:50.487 [main] DEBUG org.apache.http.impl.conn.PoolingHttpClientConnectionManager -- Connection request: [route: {s}->https://reqres.in:443][total available: 0; route allocated: 0 of 5; total allocated: 0 of 10]
15:37:50.487 [main] DEBUG org.apache.http.impl.conn.PoolingHttpClientConnectionManager -- Connection leased: [id: 10][route: {s}->https://reqres.in:443][total available: 0; route allocated: 1 of 5; total allocated: 1 of 10]
15:37:50.487 [main] DEBUG org.apache.http.impl.execchain.MainClientExec -- Opening connection {s}->https://reqres.in:443
15:37:50.488 [main] DEBUG org.apache.http.impl.conn.DefaultHttpClientConnectionOperator -- Connecting to reqres.in/172.67.73.173:443
15:37:50.488 [main] DEBUG org.apache.http.conn.ssl.SSLConnectionSocketFactory -- Connecting socket to reqres.in/172.67.73.173:443 with timeout 30000
15:37:50.509 [main] DEBUG org.apache.http.conn.ssl.SSLConnectionSocketFactory -- Enabled protocols: [TLSv1.3, TLSv1.2]
15:37:50.509 [main] DEBUG org.apache.http.conn.ssl.SSLConnectionSocketFactory -- Enabled cipher suites:[TLS_AES_256_GCM_SHA384, TLS_AES_128_GCM_SHA256, TLS_CHACHA20_POLY1305_SHA256, TLS_ECDHE_ECDSA_WITH_AES_256_GCM_SHA384, TLS_ECDHE_ECDSA_WITH_AES_128_GCM_SHA256, TLS_ECDHE_ECDSA_WITH_CHACHA20_POLY1305_SHA256, TLS_ECDHE_RSA_WITH_AES_256_GCM_SHA384, TLS_ECDHE_RSA_WITH_CHACHA20_POLY1305_SHA256, TLS_ECDHE_RSA_WITH_AES_128_GCM_SHA256, TLS_DHE_RSA_WITH_AES_256_GCM_SHA384, TLS_DHE_RSA_WITH_CHACHA20_POLY1305_SHA256, TLS_DHE_DSS_WITH_AES_256_GCM_SHA384, TLS_DHE_RSA_WITH_AES_128_GCM_SHA256, TLS_DHE_DSS_WITH_AES_128_GCM_SHA256, TLS_ECDHE_ECDSA_WITH_AES_256_CBC_SHA384, TLS_ECDHE_RSA_WITH_AES_256_CBC_SHA384, TLS_ECDHE_ECDSA_WITH_AES_128_CBC_SHA256, TLS_ECDHE_RSA_WITH_AES_128_CBC_SHA256, TLS_DHE_RSA_WITH_AES_256_CBC_SHA256, TLS_DHE_DSS_WITH_AES_256_CBC_SHA256, TLS_DHE_RSA_WITH_AES_128_CBC_SHA256, TLS_DHE_DSS_WITH_AES_128_CBC_SHA256, TLS_ECDHE_ECDSA_WITH_AES_256_CBC_SHA, TLS_ECDHE_RSA_WITH_AES_256_CBC_SHA, TLS_ECDHE_ECDSA_WITH_AES_128_CBC_SHA, TLS_ECDHE_RSA_WITH_AES_128_CBC_SHA, TLS_DHE_RSA_WITH_AES_256_CBC_SHA, TLS_DHE_DSS_WITH_AES_256_CBC_SHA, TLS_DHE_RSA_WITH_AES_128_CBC_SHA, TLS_DHE_DSS_WITH_AES_128_CBC_SHA, TLS_RSA_WITH_AES_256_GCM_SHA384, TLS_RSA_WITH_AES_128_GCM_SHA256, TLS_RSA_WITH_AES_256_CBC_SHA256, TLS_RSA_WITH_AES_128_CBC_SHA256, TLS_RSA_WITH_AES_256_CBC_SHA, TLS_RSA_WITH_AES_128_CBC_SHA, TLS_EMPTY_RENEGOTIATION_INFO_SCSV]
15:37:50.509 [main] DEBUG org.apache.http.conn.ssl.SSLConnectionSocketFactory -- Starting handshake
15:37:50.537 [main] DEBUG org.apache.http.conn.ssl.SSLConnectionSocketFactory -- Secure session established
15:37:50.537 [main] DEBUG org.apache.http.conn.ssl.SSLConnectionSocketFactory --  negotiated protocol: TLSv1.3
15:37:50.537 [main] DEBUG org.apache.http.conn.ssl.SSLConnectionSocketFactory --  negotiated cipher suite: TLS_AES_256_GCM_SHA384
15:37:50.537 [main] DEBUG org.apache.http.conn.ssl.SSLConnectionSocketFactory --  peer principal: CN=sni.cloudflaressl.com, O="Cloudflare, Inc.", L=San Francisco, ST=California, C=US
15:37:50.537 [main] DEBUG org.apache.http.conn.ssl.SSLConnectionSocketFactory --  peer alternative names: [reqres.in, *.reqres.in, sni.cloudflaressl.com]
15:37:50.537 [main] DEBUG org.apache.http.conn.ssl.SSLConnectionSocketFactory --  issuer principal: CN=Cloudflare Inc ECC CA-3, O="Cloudflare, Inc.", C=US
15:37:50.537 [main] DEBUG org.apache.http.impl.conn.DefaultHttpClientConnectionOperator -- Connection established 192.168.68.104:55161<->172.67.73.173:443
15:37:50.537 [main] DEBUG org.apache.http.impl.conn.DefaultManagedHttpClientConnection -- http-outgoing-10: set socket timeout to 30000
15:37:50.537 [main] DEBUG org.apache.http.impl.execchain.MainClientExec -- Executing request PUT /api/users/2 HTTP/1.1
15:37:50.537 [main] DEBUG org.apache.http.impl.execchain.MainClientExec -- Target auth state: UNCHALLENGED
15:37:50.537 [main] DEBUG org.apache.http.impl.execchain.MainClientExec -- Proxy auth state: UNCHALLENGED
15:37:50.538 [main] DEBUG org.apache.http.headers -- http-outgoing-10 >> PUT /api/users/2 HTTP/1.1
15:37:50.538 [main] DEBUG org.apache.http.headers -- http-outgoing-10 >> Accept: application/json
15:37:50.538 [main] DEBUG org.apache.http.headers -- http-outgoing-10 >> Content-Type: text/plain; charset=UTF-8
15:37:50.538 [main] DEBUG org.apache.http.headers -- http-outgoing-10 >> Content-Length: 15
15:37:50.538 [main] DEBUG org.apache.http.headers -- http-outgoing-10 >> Host: reqres.in
15:37:50.538 [main] DEBUG org.apache.http.headers -- http-outgoing-10 >> Connection: Keep-Alive
15:37:50.538 [main] DEBUG org.apache.http.headers -- http-outgoing-10 >> User-Agent: Apache-HttpClient/4.5.14 (Java/21.0.1)
15:37:50.538 [main] DEBUG org.apache.http.headers -- http-outgoing-10 >> Accept-Encoding: gzip,deflate
15:37:50.538 [main] DEBUG org.apache.http.wire -- http-outgoing-10 >> "PUT /api/users/2 HTTP/1.1[\r][\n]"
15:37:50.538 [main] DEBUG org.apache.http.wire -- http-outgoing-10 >> "Accept: application/json[\r][\n]"
15:37:50.538 [main] DEBUG org.apache.http.wire -- http-outgoing-10 >> "Content-Type: text/plain; charset=UTF-8[\r][\n]"
15:37:50.538 [main] DEBUG org.apache.http.wire -- http-outgoing-10 >> "Content-Length: 15[\r][\n]"
15:37:50.538 [main] DEBUG org.apache.http.wire -- http-outgoing-10 >> "Host: reqres.in[\r][\n]"
15:37:50.538 [main] DEBUG org.apache.http.wire -- http-outgoing-10 >> "Connection: Keep-Alive[\r][\n]"
15:37:50.538 [main] DEBUG org.apache.http.wire -- http-outgoing-10 >> "User-Agent: Apache-HttpClient/4.5.14 (Java/21.0.1)[\r][\n]"
15:37:50.538 [main] DEBUG org.apache.http.wire -- http-outgoing-10 >> "Accept-Encoding: gzip,deflate[\r][\n]"
15:37:50.538 [main] DEBUG org.apache.http.wire -- http-outgoing-10 >> "[\r][\n]"
15:37:50.538 [main] DEBUG org.apache.http.wire -- http-outgoing-10 >> "putRequest.json"
15:37:50.824 [main] DEBUG org.apache.http.wire -- http-outgoing-10 << "HTTP/1.1 200 OK[\r][\n]"
15:37:50.824 [main] DEBUG org.apache.http.wire -- http-outgoing-10 << "Date: Fri, 16 Feb 2024 22:37:50 GMT[\r][\n]"
15:37:50.824 [main] DEBUG org.apache.http.wire -- http-outgoing-10 << "Content-Type: application/json; charset=utf-8[\r][\n]"
15:37:50.824 [main] DEBUG org.apache.http.wire -- http-outgoing-10 << "Content-Length: 40[\r][\n]"
15:37:50.824 [main] DEBUG org.apache.http.wire -- http-outgoing-10 << "Connection: keep-alive[\r][\n]"
15:37:50.824 [main] DEBUG org.apache.http.wire -- http-outgoing-10 << "Report-To: {"group":"heroku-nel","max_age":3600,"endpoints":[{"url":"https://nel.heroku.com/reports?ts=1708123070&sid=c4c9725f-1ab0-44d8-820f-430df2718e11&s=HsoTZOql9Cpsvbhud79mGxq2wHULHoCx7oXeCyLUEEE%3D"}]}[\r][\n]"
15:37:50.824 [main] DEBUG org.apache.http.wire -- http-outgoing-10 << "Reporting-Endpoints: heroku-nel=https://nel.heroku.com/reports?ts=1708123070&sid=c4c9725f-1ab0-44d8-820f-430df2718e11&s=HsoTZOql9Cpsvbhud79mGxq2wHULHoCx7oXeCyLUEEE%3D[\r][\n]"
15:37:50.825 [main] DEBUG org.apache.http.wire -- http-outgoing-10 << "Nel: {"report_to":"heroku-nel","max_age":3600,"success_fraction":0.005,"failure_fraction":0.05,"response_headers":["Via"]}[\r][\n]"
15:37:50.825 [main] DEBUG org.apache.http.wire -- http-outgoing-10 << "X-Powered-By: Express[\r][\n]"
15:37:50.825 [main] DEBUG org.apache.http.wire -- http-outgoing-10 << "Access-Control-Allow-Origin: *[\r][\n]"
15:37:50.825 [main] DEBUG org.apache.http.wire -- http-outgoing-10 << "Etag: W/"28-p7+EFnoNsr+cD9n0d1ndeobIj3s"[\r][\n]"
15:37:50.825 [main] DEBUG org.apache.http.wire -- http-outgoing-10 << "Via: 1.1 vegur[\r][\n]"
15:37:50.825 [main] DEBUG org.apache.http.wire -- http-outgoing-10 << "CF-Cache-Status: DYNAMIC[\r][\n]"
15:37:50.825 [main] DEBUG org.apache.http.wire -- http-outgoing-10 << "Vary: Accept-Encoding[\r][\n]"
15:37:50.825 [main] DEBUG org.apache.http.wire -- http-outgoing-10 << "Server: cloudflare[\r][\n]"
15:37:50.825 [main] DEBUG org.apache.http.wire -- http-outgoing-10 << "CF-RAY: 85694705c8941f38-DEN[\r][\n]"
15:37:50.825 [main] DEBUG org.apache.http.wire -- http-outgoing-10 << "[\r][\n]"
15:37:50.825 [main] DEBUG org.apache.http.wire -- http-outgoing-10 << "{"updatedAt":"2024-02-16T22:37:50.557Z"}"
15:37:50.825 [main] DEBUG org.apache.http.headers -- http-outgoing-10 << HTTP/1.1 200 OK
15:37:50.825 [main] DEBUG org.apache.http.headers -- http-outgoing-10 << Date: Fri, 16 Feb 2024 22:37:50 GMT
15:37:50.825 [main] DEBUG org.apache.http.headers -- http-outgoing-10 << Content-Type: application/json; charset=utf-8
15:37:50.825 [main] DEBUG org.apache.http.headers -- http-outgoing-10 << Content-Length: 40
15:37:50.825 [main] DEBUG org.apache.http.headers -- http-outgoing-10 << Connection: keep-alive
15:37:50.825 [main] DEBUG org.apache.http.headers -- http-outgoing-10 << Report-To: {"group":"heroku-nel","max_age":3600,"endpoints":[{"url":"https://nel.heroku.com/reports?ts=1708123070&sid=c4c9725f-1ab0-44d8-820f-430df2718e11&s=HsoTZOql9Cpsvbhud79mGxq2wHULHoCx7oXeCyLUEEE%3D"}]}
15:37:50.825 [main] DEBUG org.apache.http.headers -- http-outgoing-10 << Reporting-Endpoints: heroku-nel=https://nel.heroku.com/reports?ts=1708123070&sid=c4c9725f-1ab0-44d8-820f-430df2718e11&s=HsoTZOql9Cpsvbhud79mGxq2wHULHoCx7oXeCyLUEEE%3D
15:37:50.825 [main] DEBUG org.apache.http.headers -- http-outgoing-10 << Nel: {"report_to":"heroku-nel","max_age":3600,"success_fraction":0.005,"failure_fraction":0.05,"response_headers":["Via"]}
15:37:50.825 [main] DEBUG org.apache.http.headers -- http-outgoing-10 << X-Powered-By: Express
15:37:50.825 [main] DEBUG org.apache.http.headers -- http-outgoing-10 << Access-Control-Allow-Origin: *
15:37:50.825 [main] DEBUG org.apache.http.headers -- http-outgoing-10 << Etag: W/"28-p7+EFnoNsr+cD9n0d1ndeobIj3s"
15:37:50.825 [main] DEBUG org.apache.http.headers -- http-outgoing-10 << Via: 1.1 vegur
15:37:50.825 [main] DEBUG org.apache.http.headers -- http-outgoing-10 << CF-Cache-Status: DYNAMIC
15:37:50.825 [main] DEBUG org.apache.http.headers -- http-outgoing-10 << Vary: Accept-Encoding
15:37:50.825 [main] DEBUG org.apache.http.headers -- http-outgoing-10 << Server: cloudflare
15:37:50.825 [main] DEBUG org.apache.http.headers -- http-outgoing-10 << CF-RAY: 85694705c8941f38-DEN
15:37:50.825 [main] DEBUG org.apache.http.impl.execchain.MainClientExec -- Connection can be kept alive indefinitely
15:37:50.825 [main] DEBUG org.apache.http.impl.conn.PoolingHttpClientConnectionManager -- Connection [id: 10][route: {s}->https://reqres.in:443] can be kept alive indefinitely
15:37:50.825 [main] DEBUG org.apache.http.impl.conn.DefaultManagedHttpClientConnection -- http-outgoing-10: set socket timeout to 0
15:37:50.826 [main] DEBUG org.apache.http.impl.conn.PoolingHttpClientConnectionManager -- Connection released: [id: 10][route: {s}->https://reqres.in:443][total available: 1; route allocated: 1 of 5; total allocated: 1 of 10]
15:37:50.826 [main] DEBUG org.apache.http.impl.conn.PoolingHttpClientConnectionManager -- Connection manager is shutting down
15:37:50.826 [main] DEBUG org.apache.http.impl.conn.DefaultManagedHttpClientConnection -- http-outgoing-10: Close connection
15:37:50.826 [main] DEBUG org.apache.http.impl.conn.PoolingHttpClientConnectionManager -- Connection manager shut down
15:37:50.826 [main] DEBUG com.intuit.karate -- response time in milliseconds: 339
1 < 200
1 < Date: Fri, 16 Feb 2024 22:37:50 GMT
1 < Content-Type: application/json; charset=utf-8
1 < Content-Length: 40
1 < Connection: keep-alive
1 < Report-To: {"group":"heroku-nel","max_age":3600,"endpoints":[{"url":"https://nel.heroku.com/reports?ts=1708123070&sid=c4c9725f-1ab0-44d8-820f-430df2718e11&s=HsoTZOql9Cpsvbhud79mGxq2wHULHoCx7oXeCyLUEEE%3D"}]}
1 < Reporting-Endpoints: heroku-nel=https://nel.heroku.com/reports?ts=1708123070&sid=c4c9725f-1ab0-44d8-820f-430df2718e11&s=HsoTZOql9Cpsvbhud79mGxq2wHULHoCx7oXeCyLUEEE%3D
1 < Nel: {"report_to":"heroku-nel","max_age":3600,"success_fraction":0.005,"failure_fraction":0.05,"response_headers":["Via"]}
1 < X-Powered-By: Express
1 < Access-Control-Allow-Origin: *
1 < Etag: W/"28-p7+EFnoNsr+cD9n0d1ndeobIj3s"
1 < Via: 1.1 vegur
1 < CF-Cache-Status: DYNAMIC
1 < Vary: Accept-Encoding
1 < Server: cloudflare
1 < CF-RAY: 85694705c8941f38-DEN
{"updatedAt":"2024-02-16T22:37:50.557Z"}

15:37:50.828 [main] INFO com.intuit.karate -- [print] {
  "updatedAt": "2024-02-16T22:37:50.557Z"
}
 
]]></system-out>
  </testcase>
</testsuite>